entered training run...


============================================
Discrete Steps until Terminal State: 1000
Continuous Steps until Terminal State: 1000
3.7.2 | packaged by conda-forge | (default, Mar 20 2019, 01:46:52) 
[GCC 7.3.0]
/lustre/fs1/home/amckinney/Local_Neuro_Symbolic
Bounding Persist: <class 'bool'>, True
Bounding Distance: <class 'int'>, 3
Terminal Reward: <class 'int'>, 10
Sequence Level: <class 'int'>, 2
Dungeon Quest LTLF: F(dragon) & (!sword U key) & (!dragon U sword)
============================================


imported all dependencies, checking for cuda

==============
Cuda detected!
==============

Done with DFA conversion
[<discrete.lib.automaton.mine_aps.MineInventoryAP object at 0x2b3034dd3160>, <discrete.lib.automaton.mine_aps.MineInventoryAP object at 0x2b3034dd3198>, <discrete.lib.automaton.mine_aps.MineInfoAutAP object at 0x2b3034dd31d0>]


============================================
Training Teacher / Independent DDPG Agent
Max Training Steps: 400000
LTLF: F(dragon) & (!sword U key) & (!dragon U sword)
============================================


Starting training at: 2024-07-30 16:25:47
Env Config: EnvConfig(env_name='MineWorldEnv-v1', kwargs={'config': <discrete.lib.env.mineworldenv.MineWorldConfig object at 0x2b3034dd3080>}, wrapper_cls=<class 'discrete.lib.env.rew_every_step.RewEveryStep'>, wrapper_kwargs={'rew_per_step': -0.1})

Env Name: MineWorldEnv-v1
Observation Space: Box(16,)
Automaton Num States: 5
Action Space: Box(1,)
input shape: (16,)
Agent Name: DDPG Agent
NOT Loading from checkpoint
input shape: (16,)
input shape: (16,)
Actor Learning Rate: 0.0001
Critic Learning Rate: 0.001
Output Directory Already Exists
Completed Steps:     1000 || Avg Steps: 1000 || Avg Rew: -0.187
Completed Steps:     2000 || Avg Steps: 1000 || Avg Rew: -0.196
Completed Steps:     3000 || Avg Steps: 1000 || Avg Rew: -0.194
Completed Steps:     4000 || Avg Steps: 1000 || Avg Rew: -0.195
Completed Steps:     5000 || Avg Steps: 1000 || Avg Rew: -0.194
Completed Steps:     6000 || Avg Steps:  983 || Avg Rew: -0.195
Completed Steps:     7000 || Avg Steps:  985 || Avg Rew: -0.196
Completed Steps:     8000 || Avg Steps:  987 || Avg Rew: -0.196
Completed Steps:     9000 || Avg Steps:  988 || Avg Rew: -0.195
Completed Steps:    10000 || Avg Steps:  990 || Avg Rew: -0.195
Completed Steps:    11000 || Avg Steps:  980 || Avg Rew: -0.197
Completed Steps:    12000 || Avg Steps:  980 || Avg Rew: -0.196
Completed Steps:    13000 || Avg Steps:  980 || Avg Rew: -0.149
Completed Steps:    14000 || Avg Steps:  980 || Avg Rew: -0.195
Completed Steps:    15000 || Avg Steps:  980 || Avg Rew: -0.120
Completed Steps:    16000 || Avg Steps:  990 || Avg Rew: 0.366
Completed Steps:    17000 || Avg Steps:  958 || Avg Rew: -0.098
Completed Steps:    18000 || Avg Steps:  884 || Avg Rew: 0.040
Completed Steps:    19000 || Avg Steps:  821 || Avg Rew: -0.196
Completed Steps:    20000 || Avg Steps:  793 || Avg Rew: -0.004
Completed Steps:    21000 || Avg Steps:  760 || Avg Rew: 0.470
Completed Steps:    22000 || Avg Steps:  667 || Avg Rew: 0.009
Completed Steps:    23000 || Avg Steps:  584 || Avg Rew: -0.088
Completed Steps:    24000 || Avg Steps:  560 || Avg Rew: 0.598
Completed Steps:    25000 || Avg Steps:  466 || Avg Rew: 0.008
Completed Steps:    26000 || Avg Steps:  441 || Avg Rew: 0.204
Completed Steps:    27000 || Avg Steps:  437 || Avg Rew: -0.111
Completed Steps:    28000 || Avg Steps:  469 || Avg Rew: 0.038
Completed Steps:    29000 || Avg Steps:  500 || Avg Rew: 0.160
Completed Steps:    30000 || Avg Steps:  521 || Avg Rew: 0.041
Completed Steps:    31000 || Avg Steps:  523 || Avg Rew: -0.096
Completed Steps:    32000 || Avg Steps:  482 || Avg Rew: 0.052
Completed Steps:    33000 || Avg Steps:  430 || Avg Rew: 0.045
Completed Steps:    34000 || Avg Steps:  391 || Avg Rew: 0.772
Completed Steps:    35000 || Avg Steps:  194 || Avg Rew: 0.861
Completed Steps:    36000 || Avg Steps:  107 || Avg Rew: 0.525
Completed Steps:    37000 || Avg Steps:  146 || Avg Rew: 0.420
Completed Steps:    38000 || Avg Steps:  117 || Avg Rew: 1.246
Completed Steps:    39000 || Avg Steps:  106 || Avg Rew: 0.826
Completed Steps:    40000 || Avg Steps:  110 || Avg Rew: 0.492
Completed Steps:    41000 || Avg Steps:   99 || Avg Rew: 0.053
Completed Steps:    42000 || Avg Steps:  139 || Avg Rew: 0.168
Completed Steps:    43000 || Avg Steps:  215 || Avg Rew: 0.042
Completed Steps:    44000 || Avg Steps:  107 || Avg Rew: 2.196
Completed Steps:    45000 || Avg Steps:   34 || Avg Rew: 1.109
Completed Steps:    46000 || Avg Steps:   29 || Avg Rew: 1.796
Completed Steps:    47000 || Avg Steps:   22 || Avg Rew: 1.810
Completed Steps:    48000 || Avg Steps:   44 || Avg Rew: 0.889
Completed Steps:    49000 || Avg Steps:   24 || Avg Rew: 1.352
Completed Steps:    50000 || Avg Steps:   23 || Avg Rew: 1.765
Completed Steps:    51000 || Avg Steps:   20 || Avg Rew: 1.472
Completed Steps:    52000 || Avg Steps:   29 || Avg Rew: 1.267
Completed Steps:    53000 || Avg Steps:   10 || Avg Rew: 1.637
Completed Steps:    54000 || Avg Steps:   12 || Avg Rew: 3.708
Completed Steps:    55000 || Avg Steps:   14 || Avg Rew: 3.287
Completed Steps:    56000 || Avg Steps:   11 || Avg Rew: 4.015
Completed Steps:    57000 || Avg Steps:   10 || Avg Rew: 4.457
Completed Steps:    58000 || Avg Steps:   16 || Avg Rew: 2.748
Completed Steps:    59000 || Avg Steps:   13 || Avg Rew: 1.556
Completed Steps:    60000 || Avg Steps:   14 || Avg Rew: 3.212
Completed Steps:    61000 || Avg Steps:    9 || Avg Rew: 4.235
Completed Steps:    62000 || Avg Steps:   11 || Avg Rew: 3.670
Completed Steps:    63000 || Avg Steps:   20 || Avg Rew: 2.406
Completed Steps:    64000 || Avg Steps:   11 || Avg Rew: 2.884
Completed Steps:    65000 || Avg Steps:   15 || Avg Rew: 2.338
Completed Steps:    66000 || Avg Steps:   10 || Avg Rew: 1.687
Completed Steps:    67000 || Avg Steps:   14 || Avg Rew: 3.141
Completed Steps:    68000 || Avg Steps:   10 || Avg Rew: 4.139
Completed Steps:    69000 || Avg Steps:   13 || Avg Rew: 2.896
Completed Steps:    70000 || Avg Steps:   15 || Avg Rew: 1.954
Completed Steps:    71000 || Avg Steps:   14 || Avg Rew: 3.633
Completed Steps:    72000 || Avg Steps:   14 || Avg Rew: 3.144
Completed Steps:    73000 || Avg Steps:   12 || Avg Rew: 3.601
Completed Steps:    74000 || Avg Steps:   10 || Avg Rew: 3.237
Completed Steps:    75000 || Avg Steps:   11 || Avg Rew: 3.124
Completed Steps:    76000 || Avg Steps:   12 || Avg Rew: 2.893
Completed Steps:    77000 || Avg Steps:   12 || Avg Rew: 3.192
Completed Steps:    78000 || Avg Steps:   12 || Avg Rew: 3.327
Completed Steps:    79000 || Avg Steps:    9 || Avg Rew: 3.994
Completed Steps:    80000 || Avg Steps:   14 || Avg Rew: 2.377
Completed Steps:    81000 || Avg Steps:   12 || Avg Rew: 3.747
Completed Steps:    82000 || Avg Steps:   10 || Avg Rew: 3.488
Completed Steps:    83000 || Avg Steps:   12 || Avg Rew: 2.959
Completed Steps:    84000 || Avg Steps:   12 || Avg Rew: 2.381
Completed Steps:    85000 || Avg Steps:   19 || Avg Rew: 3.297
Completed Steps:    86000 || Avg Steps:   18 || Avg Rew: 3.106
Completed Steps:    87000 || Avg Steps:   19 || Avg Rew: 2.618
Completed Steps:    88000 || Avg Steps:   14 || Avg Rew: 2.509
Completed Steps:    89000 || Avg Steps:   17 || Avg Rew: 1.514
Completed Steps:    90000 || Avg Steps:   16 || Avg Rew: 2.559
Completed Steps:    91000 || Avg Steps:   14 || Avg Rew: 3.646
Completed Steps:    92000 || Avg Steps:   14 || Avg Rew: 3.061
Completed Steps:    93000 || Avg Steps:   13 || Avg Rew: 2.148
Completed Steps:    94000 || Avg Steps:    8 || Avg Rew: 4.596
Completed Steps:    95000 || Avg Steps:   21 || Avg Rew: 2.634
Completed Steps:    96000 || Avg Steps:   13 || Avg Rew: 2.345
Completed Steps:    97000 || Avg Steps:   17 || Avg Rew: 2.215
Completed Steps:    98000 || Avg Steps:   13 || Avg Rew: 2.645
Completed Steps:    99000 || Avg Steps:   13 || Avg Rew: 2.166
Completed Steps:   100000 || Avg Steps:   26 || Avg Rew: 2.202
Completed Steps:   101000 || Avg Steps:   14 || Avg Rew: 3.297
Completed Steps:   102000 || Avg Steps:   12 || Avg Rew: 2.544
Completed Steps:   103000 || Avg Steps:   12 || Avg Rew: 3.251
Completed Steps:   104000 || Avg Steps:   13 || Avg Rew: 3.622
Completed Steps:   105000 || Avg Steps:   15 || Avg Rew: 3.565
Completed Steps:   106000 || Avg Steps:   15 || Avg Rew: 3.449
Completed Steps:   107000 || Avg Steps:   14 || Avg Rew: 1.509
Completed Steps:   108000 || Avg Steps:   14 || Avg Rew: 2.228
Completed Steps:   109000 || Avg Steps:   28 || Avg Rew: 2.635
Completed Steps:   110000 || Avg Steps:   20 || Avg Rew: 3.225
Completed Steps:   111000 || Avg Steps:   25 || Avg Rew: 1.552
Completed Steps:   112000 || Avg Steps:   23 || Avg Rew: 1.824
Completed Steps:   113000 || Avg Steps:   15 || Avg Rew: 2.528
Completed Steps:   114000 || Avg Steps:   24 || Avg Rew: 2.127
Completed Steps:   115000 || Avg Steps:   27 || Avg Rew: 0.768
Completed Steps:   116000 || Avg Steps:   27 || Avg Rew: 0.978
Completed Steps:   117000 || Avg Steps:   28 || Avg Rew: 1.847
Completed Steps:   118000 || Avg Steps:   20 || Avg Rew: 2.052
Completed Steps:   119000 || Avg Steps:   16 || Avg Rew: 3.242
Completed Steps:   120000 || Avg Steps:   13 || Avg Rew: 3.195
Completed Steps:   121000 || Avg Steps:    9 || Avg Rew: 3.982
Completed Steps:   122000 || Avg Steps:   13 || Avg Rew: 2.724
Completed Steps:   123000 || Avg Steps:   15 || Avg Rew: 2.810
Completed Steps:   124000 || Avg Steps:   11 || Avg Rew: 3.703
Completed Steps:   125000 || Avg Steps:   10 || Avg Rew: 3.729
Completed Steps:   126000 || Avg Steps:   14 || Avg Rew: 2.731
Completed Steps:   127000 || Avg Steps:   10 || Avg Rew: 3.852
Completed Steps:   128000 || Avg Steps:   13 || Avg Rew: 3.103
Completed Steps:   129000 || Avg Steps:   17 || Avg Rew: 2.235
Completed Steps:   130000 || Avg Steps:   21 || Avg Rew: 2.864
Completed Steps:   131000 || Avg Steps:   16 || Avg Rew: 2.595
Completed Steps:   132000 || Avg Steps:   13 || Avg Rew: 3.132
Completed Steps:   133000 || Avg Steps:   17 || Avg Rew: 1.488
Completed Steps:   134000 || Avg Steps:   22 || Avg Rew: 1.298
Completed Steps:   135000 || Avg Steps:   23 || Avg Rew: 1.548
Completed Steps:   136000 || Avg Steps:   18 || Avg Rew: 1.564
Completed Steps:   137000 || Avg Steps:   12 || Avg Rew: 2.491
Completed Steps:   138000 || Avg Steps:   22 || Avg Rew: 3.018
Completed Steps:   139000 || Avg Steps:   13 || Avg Rew: 2.336
Completed Steps:   140000 || Avg Steps:   12 || Avg Rew: 3.320
Completed Steps:   141000 || Avg Steps:   17 || Avg Rew: 2.116
Completed Steps:   142000 || Avg Steps:   24 || Avg Rew: 2.448
Completed Steps:   143000 || Avg Steps:   15 || Avg Rew: 3.110
Completed Steps:   144000 || Avg Steps:   14 || Avg Rew: 2.840
Completed Steps:   145000 || Avg Steps:   40 || Avg Rew: 2.253
Completed Steps:   146000 || Avg Steps:   22 || Avg Rew: 2.196
Completed Steps:   147000 || Avg Steps:   28 || Avg Rew: 1.336
Completed Steps:   148000 || Avg Steps:   13 || Avg Rew: 1.701
Completed Steps:   149000 || Avg Steps:   31 || Avg Rew: 1.925
Completed Steps:   150000 || Avg Steps:   22 || Avg Rew: 1.138
Completed Steps:   151000 || Avg Steps:   10 || Avg Rew: 2.699
Completed Steps:   152000 || Avg Steps:   12 || Avg Rew: 1.958
Completed Steps:   153000 || Avg Steps:   10 || Avg Rew: 2.515
Completed Steps:   154000 || Avg Steps:   18 || Avg Rew: 3.171
Completed Steps:   155000 || Avg Steps:   14 || Avg Rew: 2.903
Completed Steps:   156000 || Avg Steps:   27 || Avg Rew: 1.918
Completed Steps:   157000 || Avg Steps:   28 || Avg Rew: 1.399
Completed Steps:   158000 || Avg Steps:   31 || Avg Rew: 2.878
Completed Steps:   159000 || Avg Steps:   12 || Avg Rew: 3.092
Completed Steps:   160000 || Avg Steps:   30 || Avg Rew: 1.953
Completed Steps:   161000 || Avg Steps:   19 || Avg Rew: 0.671
Completed Steps:   162000 || Avg Steps:   51 || Avg Rew: 1.617
Completed Steps:   163000 || Avg Steps:   27 || Avg Rew: 2.183
Completed Steps:   164000 || Avg Steps:   37 || Avg Rew: 1.418
Completed Steps:   165000 || Avg Steps:   17 || Avg Rew: 1.468
Completed Steps:   166000 || Avg Steps:   35 || Avg Rew: 1.041
Completed Steps:   167000 || Avg Steps:   38 || Avg Rew: 0.834
Completed Steps:   168000 || Avg Steps:   16 || Avg Rew: 1.589
Completed Steps:   169000 || Avg Steps:   35 || Avg Rew: 1.700
Completed Steps:   170000 || Avg Steps:   27 || Avg Rew: 1.589
Completed Steps:   171000 || Avg Steps:   13 || Avg Rew: 1.905
Completed Steps:   172000 || Avg Steps:   17 || Avg Rew: 2.391
Completed Steps:   173000 || Avg Steps:   16 || Avg Rew: 1.999
Completed Steps:   174000 || Avg Steps:   16 || Avg Rew: 1.262
Completed Steps:   175000 || Avg Steps:   11 || Avg Rew: 2.678
Completed Steps:   176000 || Avg Steps:   14 || Avg Rew: 1.730
Completed Steps:   177000 || Avg Steps:   25 || Avg Rew: 2.251
Completed Steps:   178000 || Avg Steps:   11 || Avg Rew: 1.933
Completed Steps:   179000 || Avg Steps:   25 || Avg Rew: 2.994
Completed Steps:   180000 || Avg Steps:   15 || Avg Rew: 0.549
Completed Steps:   181000 || Avg Steps:   15 || Avg Rew: 2.446
Completed Steps:   182000 || Avg Steps:   26 || Avg Rew: 0.803
Completed Steps:   183000 || Avg Steps:   28 || Avg Rew: 1.788
Completed Steps:   184000 || Avg Steps:   38 || Avg Rew: 1.842
Completed Steps:   185000 || Avg Steps:   38 || Avg Rew: 0.368
Completed Steps:   186000 || Avg Steps:   21 || Avg Rew: 0.730
Completed Steps:   187000 || Avg Steps:   46 || Avg Rew: 0.726
Completed Steps:   188000 || Avg Steps:   31 || Avg Rew: 1.433
Completed Steps:   189000 || Avg Steps:   44 || Avg Rew: 0.517
Completed Steps:   190000 || Avg Steps:   47 || Avg Rew: 0.377
Completed Steps:   191000 || Avg Steps:   57 || Avg Rew: 1.436
Completed Steps:   192000 || Avg Steps:   34 || Avg Rew: 0.765
Completed Steps:   193000 || Avg Steps:   51 || Avg Rew: 1.513
Completed Steps:   194000 || Avg Steps:   62 || Avg Rew: 1.074
Completed Steps:   195000 || Avg Steps:   29 || Avg Rew: 0.632
Completed Steps:   196000 || Avg Steps:   75 || Avg Rew: 1.226
Completed Steps:   197000 || Avg Steps:   35 || Avg Rew: 1.143
Completed Steps:   198000 || Avg Steps:   53 || Avg Rew: 1.177
Completed Steps:   199000 || Avg Steps:   60 || Avg Rew: 1.323
Completed Steps:   200000 || Avg Steps:   35 || Avg Rew: 0.211
Completed Steps:   201000 || Avg Steps:   17 || Avg Rew: 0.871
Completed Steps:   202000 || Avg Steps:   32 || Avg Rew: 0.855
Completed Steps:   203000 || Avg Steps:   14 || Avg Rew: 1.718
Completed Steps:   204000 || Avg Steps:   47 || Avg Rew: 0.405
Completed Steps:   205000 || Avg Steps:   48 || Avg Rew: 2.181
Completed Steps:   206000 || Avg Steps:   19 || Avg Rew: 1.131
Completed Steps:   207000 || Avg Steps:   74 || Avg Rew: 0.297
Completed Steps:   208000 || Avg Steps:   88 || Avg Rew: 0.695
Completed Steps:   209000 || Avg Steps:   76 || Avg Rew: 0.618
Completed Steps:   210000 || Avg Steps:   87 || Avg Rew: 1.520
Completed Steps:   211000 || Avg Steps:   74 || Avg Rew: 0.063
Completed Steps:   212000 || Avg Steps:  110 || Avg Rew: 0.526
Completed Steps:   213000 || Avg Steps:   70 || Avg Rew: 0.041
Completed Steps:   214000 || Avg Steps:  136 || Avg Rew: 0.056
Completed Steps:   215000 || Avg Steps:  202 || Avg Rew: 0.521
Completed Steps:   216000 || Avg Steps:  158 || Avg Rew: 0.185
Completed Steps:   217000 || Avg Steps:  188 || Avg Rew: 0.246
Completed Steps:   218000 || Avg Steps:  273 || Avg Rew: 0.191
Completed Steps:   219000 || Avg Steps:  290 || Avg Rew: 0.484
Completed Steps:   220000 || Avg Steps:  243 || Avg Rew: 0.319
Completed Steps:   221000 || Avg Steps:  251 || Avg Rew: 0.186
Completed Steps:   222000 || Avg Steps:  291 || Avg Rew: -0.021
Completed Steps:   223000 || Avg Steps:  379 || Avg Rew: -0.034
Completed Steps:   224000 || Avg Steps:  421 || Avg Rew: 0.319
Completed Steps:   225000 || Avg Steps:  472 || Avg Rew: 0.300
Completed Steps:   226000 || Avg Steps:  460 || Avg Rew: 0.230
Completed Steps:   227000 || Avg Steps:  317 || Avg Rew: 0.375
Completed Steps:   228000 || Avg Steps:  256 || Avg Rew: 0.525
Completed Steps:   229000 || Avg Steps:  264 || Avg Rew: 0.248
Completed Steps:   230000 || Avg Steps:  167 || Avg Rew: 0.557
Completed Steps:   231000 || Avg Steps:  121 || Avg Rew: 0.619
Completed Steps:   232000 || Avg Steps:  145 || Avg Rew: 0.081
Completed Steps:   233000 || Avg Steps:  216 || Avg Rew: 0.085
Completed Steps:   234000 || Avg Steps:  217 || Avg Rew: -0.131
Completed Steps:   235000 || Avg Steps:  240 || Avg Rew: -0.064
Completed Steps:   236000 || Avg Steps:  261 || Avg Rew: 0.224
Completed Steps:   237000 || Avg Steps:  275 || Avg Rew: 0.163
Completed Steps:   238000 || Avg Steps:  274 || Avg Rew: 0.445
Completed Steps:   239000 || Avg Steps:  176 || Avg Rew: 0.296
Completed Steps:   240000 || Avg Steps:  159 || Avg Rew: 0.332
Completed Steps:   241000 || Avg Steps:  208 || Avg Rew: 0.676
Completed Steps:   242000 || Avg Steps:  226 || Avg Rew: 0.013
Completed Steps:   243000 || Avg Steps:  195 || Avg Rew: -0.040
Completed Steps:   244000 || Avg Steps:  216 || Avg Rew: 0.090
Completed Steps:   245000 || Avg Steps:  241 || Avg Rew: 0.383
Completed Steps:   246000 || Avg Steps:  152 || Avg Rew: 0.125
Completed Steps:   247000 || Avg Steps:  124 || Avg Rew: 0.126
Completed Steps:   248000 || Avg Steps:  134 || Avg Rew: 0.283
Completed Steps:   249000 || Avg Steps:  124 || Avg Rew: 0.818
Completed Steps:   250000 || Avg Steps:  117 || Avg Rew: 0.555
Completed Steps:   251000 || Avg Steps:   71 || Avg Rew: 0.909
Completed Steps:   252000 || Avg Steps:   90 || Avg Rew: 1.078
Completed Steps:   253000 || Avg Steps:   45 || Avg Rew: 0.773
Completed Steps:   254000 || Avg Steps:   81 || Avg Rew: 0.878
Completed Steps:   255000 || Avg Steps:   53 || Avg Rew: 0.798
Completed Steps:   256000 || Avg Steps:   72 || Avg Rew: 0.699
Completed Steps:   257000 || Avg Steps:   44 || Avg Rew: 0.316
Completed Steps:   258000 || Avg Steps:   73 || Avg Rew: 0.643
Completed Steps:   259000 || Avg Steps:   31 || Avg Rew: 0.730
Completed Steps:   260000 || Avg Steps:   18 || Avg Rew: 1.350
Completed Steps:   261000 || Avg Steps:   81 || Avg Rew: 0.571
Completed Steps:   262000 || Avg Steps:   54 || Avg Rew: 2.046
Completed Steps:   263000 || Avg Steps:   30 || Avg Rew: 1.641
Completed Steps:   264000 || Avg Steps:   37 || Avg Rew: 0.603
Completed Steps:   265000 || Avg Steps:   20 || Avg Rew: 1.063
Completed Steps:   266000 || Avg Steps:   36 || Avg Rew: 1.054
Completed Steps:   267000 || Avg Steps:   16 || Avg Rew: 0.909
Completed Steps:   268000 || Avg Steps:   28 || Avg Rew: 1.876
Completed Steps:   269000 || Avg Steps:   27 || Avg Rew: 2.061
Completed Steps:   270000 || Avg Steps:    9 || Avg Rew: 2.247
Completed Steps:   271000 || Avg Steps:   31 || Avg Rew: 1.791
Completed Steps:   272000 || Avg Steps:   15 || Avg Rew: 0.849
Completed Steps:   273000 || Avg Steps:   19 || Avg Rew: 2.608
Completed Steps:   274000 || Avg Steps:   44 || Avg Rew: 1.082
Completed Steps:   275000 || Avg Steps:   36 || Avg Rew: 1.300
Completed Steps:   276000 || Avg Steps:   52 || Avg Rew: 0.988
Completed Steps:   277000 || Avg Steps:   54 || Avg Rew: 0.742
Completed Steps:   278000 || Avg Steps:   61 || Avg Rew: 0.911
Completed Steps:   279000 || Avg Steps:   74 || Avg Rew: 0.977
Completed Steps:   280000 || Avg Steps:   53 || Avg Rew: 2.103
Completed Steps:   281000 || Avg Steps:   54 || Avg Rew: 1.096
Completed Steps:   282000 || Avg Steps:   39 || Avg Rew: 0.940
Completed Steps:   283000 || Avg Steps:   47 || Avg Rew: 1.206
Completed Steps:   284000 || Avg Steps:   25 || Avg Rew: 1.771
Completed Steps:   285000 || Avg Steps:   13 || Avg Rew: 1.883
Completed Steps:   286000 || Avg Steps:   33 || Avg Rew: 1.435
Completed Steps:   287000 || Avg Steps:   51 || Avg Rew: 1.847
Completed Steps:   288000 || Avg Steps:   41 || Avg Rew: 1.417
Completed Steps:   289000 || Avg Steps:   33 || Avg Rew: 1.208
Completed Steps:   290000 || Avg Steps:   22 || Avg Rew: 3.233
Completed Steps:   291000 || Avg Steps:   32 || Avg Rew: 2.323
Completed Steps:   292000 || Avg Steps:   31 || Avg Rew: 1.968
Completed Steps:   293000 || Avg Steps:   42 || Avg Rew: 2.056
Completed Steps:   294000 || Avg Steps:   11 || Avg Rew: 3.930
Completed Steps:   295000 || Avg Steps:   18 || Avg Rew: 1.807
Completed Steps:   296000 || Avg Steps:    9 || Avg Rew: 3.324
Completed Steps:   297000 || Avg Steps:   25 || Avg Rew: 2.440
Completed Steps:   298000 || Avg Steps:   16 || Avg Rew: 2.262
Completed Steps:   299000 || Avg Steps:   43 || Avg Rew: 2.594
Completed Steps:   300000 || Avg Steps:   15 || Avg Rew: 2.643
Completed Steps:   301000 || Avg Steps:   21 || Avg Rew: 1.691
Completed Steps:   302000 || Avg Steps:   40 || Avg Rew: 1.424
Completed Steps:   303000 || Avg Steps:   29 || Avg Rew: 1.301
Completed Steps:   304000 || Avg Steps:   59 || Avg Rew: 2.117
Completed Steps:   305000 || Avg Steps:   12 || Avg Rew: 1.776
Completed Steps:   306000 || Avg Steps:   28 || Avg Rew: 2.640
Completed Steps:   307000 || Avg Steps:   32 || Avg Rew: 2.182
Completed Steps:   308000 || Avg Steps:   24 || Avg Rew: 2.022
Completed Steps:   309000 || Avg Steps:   19 || Avg Rew: 0.666
Completed Steps:   310000 || Avg Steps:   26 || Avg Rew: 1.493
Completed Steps:   311000 || Avg Steps:   23 || Avg Rew: 1.680
Completed Steps:   312000 || Avg Steps:   46 || Avg Rew: 1.554
Completed Steps:   313000 || Avg Steps:   15 || Avg Rew: 1.610
Completed Steps:   314000 || Avg Steps:   33 || Avg Rew: 1.856
Completed Steps:   315000 || Avg Steps:   18 || Avg Rew: 1.659
Completed Steps:   316000 || Avg Steps:   31 || Avg Rew: 1.486
Completed Steps:   317000 || Avg Steps:   45 || Avg Rew: 2.807
Completed Steps:   318000 || Avg Steps:   43 || Avg Rew: 1.916
Completed Steps:   319000 || Avg Steps:   33 || Avg Rew: 1.216
Completed Steps:   320000 || Avg Steps:   45 || Avg Rew: 1.526
Completed Steps:   321000 || Avg Steps:   52 || Avg Rew: 1.149
Completed Steps:   322000 || Avg Steps:   46 || Avg Rew: 1.260
Completed Steps:   323000 || Avg Steps:   37 || Avg Rew: 1.003
Completed Steps:   324000 || Avg Steps:   70 || Avg Rew: 1.212
Completed Steps:   325000 || Avg Steps:   46 || Avg Rew: 0.656
Completed Steps:   326000 || Avg Steps:   38 || Avg Rew: 1.310
Completed Steps:   327000 || Avg Steps:   69 || Avg Rew: 1.306
Completed Steps:   328000 || Avg Steps:   71 || Avg Rew: 0.546
Completed Steps:   329000 || Avg Steps:   23 || Avg Rew: 1.608
Completed Steps:   330000 || Avg Steps:   34 || Avg Rew: 1.434
Completed Steps:   331000 || Avg Steps:   29 || Avg Rew: 0.967
Completed Steps:   332000 || Avg Steps:   12 || Avg Rew: 1.583
Completed Steps:   333000 || Avg Steps:   15 || Avg Rew: 2.108
Completed Steps:   334000 || Avg Steps:   29 || Avg Rew: 0.908
Completed Steps:   335000 || Avg Steps:   23 || Avg Rew: 1.328
Completed Steps:   336000 || Avg Steps:   82 || Avg Rew: 1.269
Completed Steps:   337000 || Avg Steps:   31 || Avg Rew: 1.535
Completed Steps:   338000 || Avg Steps:   69 || Avg Rew: 1.523
Completed Steps:   339000 || Avg Steps:   58 || Avg Rew: 0.638
Completed Steps:   340000 || Avg Steps:   40 || Avg Rew: 2.184
Completed Steps:   341000 || Avg Steps:   35 || Avg Rew: 1.016
Completed Steps:   342000 || Avg Steps:   21 || Avg Rew: 1.773
Completed Steps:   343000 || Avg Steps:   30 || Avg Rew: 1.563
Completed Steps:   344000 || Avg Steps:   23 || Avg Rew: 0.757
Completed Steps:   345000 || Avg Steps:   48 || Avg Rew: 1.040
Completed Steps:   346000 || Avg Steps:   40 || Avg Rew: 0.612
Completed Steps:   347000 || Avg Steps:   47 || Avg Rew: 0.487
Completed Steps:   348000 || Avg Steps:   26 || Avg Rew: 2.140
Completed Steps:   349000 || Avg Steps:   21 || Avg Rew: 1.792
Completed Steps:   350000 || Avg Steps:   54 || Avg Rew: 0.764
Completed Steps:   351000 || Avg Steps:   51 || Avg Rew: 0.417
Completed Steps:   352000 || Avg Steps:  115 || Avg Rew: 0.804
Completed Steps:   353000 || Avg Steps:   98 || Avg Rew: 0.728
Completed Steps:   354000 || Avg Steps:  117 || Avg Rew: 0.668
Completed Steps:   355000 || Avg Steps:   65 || Avg Rew: 0.720
Completed Steps:   356000 || Avg Steps:   69 || Avg Rew: 0.498
Completed Steps:   357000 || Avg Steps:   77 || Avg Rew: 0.901
Completed Steps:   358000 || Avg Steps:   71 || Avg Rew: 1.038
Completed Steps:   359000 || Avg Steps:   68 || Avg Rew: 0.707
Completed Steps:   360000 || Avg Steps:   49 || Avg Rew: 0.814
Completed Steps:   361000 || Avg Steps:   41 || Avg Rew: 0.956
Completed Steps:   362000 || Avg Steps:   36 || Avg Rew: 1.526
Completed Steps:   363000 || Avg Steps:   63 || Avg Rew: 0.283
Completed Steps:   364000 || Avg Steps:  110 || Avg Rew: 1.289
Completed Steps:   365000 || Avg Steps:   82 || Avg Rew: 0.686
Completed Steps:   366000 || Avg Steps:   76 || Avg Rew: 1.349
Completed Steps:   367000 || Avg Steps:   80 || Avg Rew: 0.288
Completed Steps:   368000 || Avg Steps:   76 || Avg Rew: 0.995
Completed Steps:   369000 || Avg Steps:   92 || Avg Rew: 0.948
Completed Steps:   370000 || Avg Steps:   53 || Avg Rew: 0.682
Completed Steps:   371000 || Avg Steps:   42 || Avg Rew: 1.002
Completed Steps:   372000 || Avg Steps:   38 || Avg Rew: 0.878
Completed Steps:   373000 || Avg Steps:   47 || Avg Rew: 1.125
Completed Steps:   374000 || Avg Steps:   98 || Avg Rew: 0.903
Completed Steps:   375000 || Avg Steps:   97 || Avg Rew: 0.689
Completed Steps:   376000 || Avg Steps:   71 || Avg Rew: 0.600
Completed Steps:   377000 || Avg Steps:  114 || Avg Rew: 0.468
Completed Steps:   378000 || Avg Steps:  118 || Avg Rew: 0.321
Completed Steps:   379000 || Avg Steps:  114 || Avg Rew: 0.190
Completed Steps:   380000 || Avg Steps:   87 || Avg Rew: 1.027
Completed Steps:   381000 || Avg Steps:   48 || Avg Rew: 1.231
Completed Steps:   382000 || Avg Steps:   75 || Avg Rew: 0.249
Completed Steps:   383000 || Avg Steps:  120 || Avg Rew: 0.653
Completed Steps:   384000 || Avg Steps:   37 || Avg Rew: 0.334
Completed Steps:   385000 || Avg Steps:   30 || Avg Rew: 1.029
Completed Steps:   386000 || Avg Steps:   83 || Avg Rew: 1.199
Completed Steps:   387000 || Avg Steps:   63 || Avg Rew: 1.358
Completed Steps:   388000 || Avg Steps:   34 || Avg Rew: 0.978
Completed Steps:   389000 || Avg Steps:   94 || Avg Rew: 0.295
Completed Steps:   390000 || Avg Steps:  149 || Avg Rew: 0.742
Completed Steps:   391000 || Avg Steps:   56 || Avg Rew: 0.631
Completed Steps:   392000 || Avg Steps:  100 || Avg Rew: 0.656
Completed Steps:   393000 || Avg Steps:   64 || Avg Rew: 0.374
Completed Steps:   394000 || Avg Steps:   37 || Avg Rew: 2.247
Completed Steps:   395000 || Avg Steps:   67 || Avg Rew: 0.428
Completed Steps:   396000 || Avg Steps:   28 || Avg Rew: 1.897
Completed Steps:   397000 || Avg Steps:   66 || Avg Rew: 0.613
Completed Steps:   398000 || Avg Steps:   91 || Avg Rew: 0.437
Completed Steps:   399000 || Avg Steps:  118 || Avg Rew: 0.580
