entered training run...


============================================
Discrete Steps until Terminal State: 1000
Continuous Steps until Terminal State: 1000
3.7.2 | packaged by conda-forge | (default, Mar 20 2019, 01:46:52) 
[GCC 7.3.0]
/lustre/fs1/home/amckinney/Local_Neuro_Symbolic
Bounding Persist: <class 'bool'>, True
Bounding Distance: <class 'int'>, 3
Terminal Reward: <class 'int'>, 10
Sequence Level: <class 'int'>, 2
Dungeon Quest LTLF: F(dragon) & (!sword U key) & (!dragon U sword)
============================================


imported all dependencies, checking for cuda

==============
Cuda detected!
==============

Done with DFA conversion
[<discrete.lib.automaton.mine_aps.MineInventoryAP object at 0x2aefd48dd2b0>, <discrete.lib.automaton.mine_aps.MineInventoryAP object at 0x2aefd48dd2e8>, <discrete.lib.automaton.mine_aps.MineInfoAutAP object at 0x2aefd48dd320>]


============================================
Training Teacher / Independent DDPG Agent
Max Training Steps: 400000
LTLF: F(dragon) & (!sword U key) & (!dragon U sword)
============================================


Starting training at: 2024-07-30 16:25:47
Env Config: EnvConfig(env_name='MineWorldEnv-v1', kwargs={'config': <discrete.lib.env.mineworldenv.MineWorldConfig object at 0x2aefd48dd1d0>}, wrapper_cls=<class 'discrete.lib.env.rew_every_step.RewEveryStep'>, wrapper_kwargs={'rew_per_step': -0.1})

Env Name: MineWorldEnv-v1
Observation Space: Box(16,)
Automaton Num States: 5
Action Space: Box(1,)
input shape: (16,)
Agent Name: DDPG Agent
NOT Loading from checkpoint
input shape: (16,)
input shape: (16,)
Actor Learning Rate: 0.0001
Critic Learning Rate: 0.001
Output Directory Already Exists
Completed Steps:     1000 || Avg Steps: 1000 || Avg Rew: -0.196
Completed Steps:     2000 || Avg Steps:  987 || Avg Rew: -0.197
Completed Steps:     3000 || Avg Steps:  991 || Avg Rew: -0.194
Completed Steps:     4000 || Avg Steps:  993 || Avg Rew: -0.197
Completed Steps:     5000 || Avg Steps:  975 || Avg Rew: -0.196
Completed Steps:     6000 || Avg Steps:  979 || Avg Rew: -0.197
Completed Steps:     7000 || Avg Steps:  982 || Avg Rew: -0.196
Completed Steps:     8000 || Avg Steps:  972 || Avg Rew: -0.196
Completed Steps:     9000 || Avg Steps:  975 || Avg Rew: -0.195
Completed Steps:    10000 || Avg Steps:  977 || Avg Rew: -0.193
Completed Steps:    11000 || Avg Steps:  980 || Avg Rew: -0.197
Completed Steps:    12000 || Avg Steps:  980 || Avg Rew: -0.196
Completed Steps:    13000 || Avg Steps:  980 || Avg Rew: -0.197
Completed Steps:    14000 || Avg Steps:  980 || Avg Rew: -0.196
Completed Steps:    15000 || Avg Steps:  990 || Avg Rew: -0.196
Completed Steps:    16000 || Avg Steps:  990 || Avg Rew: -0.194
Completed Steps:    17000 || Avg Steps:  990 || Avg Rew: -0.196
Completed Steps:    18000 || Avg Steps:  990 || Avg Rew: -0.196
Completed Steps:    19000 || Avg Steps:  990 || Avg Rew: -0.197
Completed Steps:    20000 || Avg Steps:  990 || Avg Rew: -0.194
Completed Steps:    21000 || Avg Steps:  980 || Avg Rew: -0.196
Completed Steps:    22000 || Avg Steps:  980 || Avg Rew: -0.197
Completed Steps:    23000 || Avg Steps:  980 || Avg Rew: -0.198
Completed Steps:    24000 || Avg Steps:  980 || Avg Rew: -0.199
Completed Steps:    25000 || Avg Steps:  980 || Avg Rew: -0.197
Completed Steps:    26000 || Avg Steps:  980 || Avg Rew: -0.198
Completed Steps:    27000 || Avg Steps:  980 || Avg Rew: -0.198
Completed Steps:    28000 || Avg Steps:  990 || Avg Rew: -0.199
Completed Steps:    29000 || Avg Steps:  990 || Avg Rew: -0.196
Completed Steps:    30000 || Avg Steps:  990 || Avg Rew: -0.198
Completed Steps:    31000 || Avg Steps: 1000 || Avg Rew: -0.196
Completed Steps:    32000 || Avg Steps: 1000 || Avg Rew: -0.197
Completed Steps:    33000 || Avg Steps:  990 || Avg Rew: -0.196
Completed Steps:    34000 || Avg Steps:  990 || Avg Rew: -0.197
Completed Steps:    35000 || Avg Steps:  990 || Avg Rew: -0.198
Completed Steps:    36000 || Avg Steps:  990 || Avg Rew: -0.198
Completed Steps:    37000 || Avg Steps:  990 || Avg Rew: -0.198
Completed Steps:    38000 || Avg Steps:  990 || Avg Rew: -0.198
Completed Steps:    39000 || Avg Steps:  990 || Avg Rew: -0.198
Completed Steps:    40000 || Avg Steps:  990 || Avg Rew: -0.199
Completed Steps:    41000 || Avg Steps:  990 || Avg Rew: -0.198
Completed Steps:    42000 || Avg Steps:  990 || Avg Rew: -0.195
Completed Steps:    43000 || Avg Steps: 1000 || Avg Rew: -0.199
Completed Steps:    44000 || Avg Steps: 1000 || Avg Rew: -0.197
Completed Steps:    45000 || Avg Steps: 1000 || Avg Rew: -0.199
Completed Steps:    46000 || Avg Steps: 1000 || Avg Rew: -0.197
Completed Steps:    47000 || Avg Steps: 1000 || Avg Rew: -0.196
Completed Steps:    48000 || Avg Steps:  990 || Avg Rew: -0.197
Completed Steps:    49000 || Avg Steps:  990 || Avg Rew: -0.199
Completed Steps:    50000 || Avg Steps:  970 || Avg Rew: -0.199
Completed Steps:    51000 || Avg Steps:  970 || Avg Rew: -0.197
Completed Steps:    52000 || Avg Steps:  970 || Avg Rew: -0.197
Completed Steps:    53000 || Avg Steps:  970 || Avg Rew: -0.198
Completed Steps:    54000 || Avg Steps:  970 || Avg Rew: -0.197
Completed Steps:    55000 || Avg Steps:  970 || Avg Rew: -0.198
Completed Steps:    56000 || Avg Steps:  960 || Avg Rew: -0.198
Completed Steps:    57000 || Avg Steps:  960 || Avg Rew: -0.199
Completed Steps:    58000 || Avg Steps:  970 || Avg Rew: -0.197
Completed Steps:    59000 || Avg Steps:  970 || Avg Rew: -0.198
Completed Steps:    60000 || Avg Steps:  990 || Avg Rew: -0.200
Completed Steps:    61000 || Avg Steps:  990 || Avg Rew: -0.199
Completed Steps:    62000 || Avg Steps:  980 || Avg Rew: -0.199
Completed Steps:    63000 || Avg Steps:  980 || Avg Rew: -0.200
Completed Steps:    64000 || Avg Steps:  980 || Avg Rew: -0.199
Completed Steps:    65000 || Avg Steps:  980 || Avg Rew: -0.198
Completed Steps:    66000 || Avg Steps:  990 || Avg Rew: -0.199
Completed Steps:    67000 || Avg Steps:  990 || Avg Rew: -0.199
Completed Steps:    68000 || Avg Steps:  990 || Avg Rew: -0.199
Completed Steps:    69000 || Avg Steps:  980 || Avg Rew: -0.199
Completed Steps:    70000 || Avg Steps:  980 || Avg Rew: -0.198
Completed Steps:    71000 || Avg Steps:  980 || Avg Rew: -0.198
Completed Steps:    72000 || Avg Steps:  990 || Avg Rew: -0.198
Completed Steps:    73000 || Avg Steps:  990 || Avg Rew: -0.199
Completed Steps:    74000 || Avg Steps:  990 || Avg Rew: -0.200
Completed Steps:    75000 || Avg Steps:  990 || Avg Rew: -0.198
Completed Steps:    76000 || Avg Steps:  990 || Avg Rew: -0.197
Completed Steps:    77000 || Avg Steps:  990 || Avg Rew: -0.199
Completed Steps:    78000 || Avg Steps:  990 || Avg Rew: -0.198
Completed Steps:    79000 || Avg Steps: 1000 || Avg Rew: -0.198
Completed Steps:    80000 || Avg Steps: 1000 || Avg Rew: -0.200
Completed Steps:    81000 || Avg Steps:  990 || Avg Rew: -0.200
Completed Steps:    82000 || Avg Steps:  990 || Avg Rew: -0.198
Completed Steps:    83000 || Avg Steps:  990 || Avg Rew: -0.198
Completed Steps:    84000 || Avg Steps:  980 || Avg Rew: -0.198
Completed Steps:    85000 || Avg Steps:  980 || Avg Rew: -0.199
Completed Steps:    86000 || Avg Steps:  980 || Avg Rew: -0.199
Completed Steps:    87000 || Avg Steps:  980 || Avg Rew: -0.198
Completed Steps:    88000 || Avg Steps:  980 || Avg Rew: -0.199
Completed Steps:    89000 || Avg Steps:  980 || Avg Rew: -0.198
Completed Steps:    90000 || Avg Steps:  980 || Avg Rew: -0.198
Completed Steps:    91000 || Avg Steps:  990 || Avg Rew: -0.198
Completed Steps:    92000 || Avg Steps:  970 || Avg Rew: -0.199
Completed Steps:    93000 || Avg Steps:  970 || Avg Rew: -0.197
Completed Steps:    94000 || Avg Steps:  980 || Avg Rew: -0.199
Completed Steps:    95000 || Avg Steps:  970 || Avg Rew: -0.198
Completed Steps:    96000 || Avg Steps:  970 || Avg Rew: -0.200
Completed Steps:    97000 || Avg Steps:  970 || Avg Rew: -0.200
Completed Steps:    98000 || Avg Steps:  970 || Avg Rew: -0.199
Completed Steps:    99000 || Avg Steps:  970 || Avg Rew: -0.200
Completed Steps:   100000 || Avg Steps:  970 || Avg Rew: -0.200
Completed Steps:   101000 || Avg Steps:  980 || Avg Rew: -0.200
Completed Steps:   102000 || Avg Steps:  990 || Avg Rew: -0.199
Completed Steps:   103000 || Avg Steps:  990 || Avg Rew: -0.200
Completed Steps:   104000 || Avg Steps:  990 || Avg Rew: -0.199
Completed Steps:   105000 || Avg Steps: 1000 || Avg Rew: -0.199
Completed Steps:   106000 || Avg Steps: 1000 || Avg Rew: -0.200
Completed Steps:   107000 || Avg Steps:  990 || Avg Rew: -0.200
Completed Steps:   108000 || Avg Steps:  990 || Avg Rew: -0.200
Completed Steps:   109000 || Avg Steps:  980 || Avg Rew: -0.199
Completed Steps:   110000 || Avg Steps:  980 || Avg Rew: -0.200
Completed Steps:   111000 || Avg Steps:  980 || Avg Rew: -0.200
Completed Steps:   112000 || Avg Steps:  980 || Avg Rew: -0.200
Completed Steps:   113000 || Avg Steps:  980 || Avg Rew: -0.200
Completed Steps:   114000 || Avg Steps:  980 || Avg Rew: -0.199
Completed Steps:   115000 || Avg Steps:  980 || Avg Rew: -0.199
Completed Steps:   116000 || Avg Steps:  980 || Avg Rew: -0.197
Completed Steps:   117000 || Avg Steps:  990 || Avg Rew: -0.200
Completed Steps:   118000 || Avg Steps:  980 || Avg Rew: -0.200
Completed Steps:   119000 || Avg Steps:  990 || Avg Rew: -0.199
Completed Steps:   120000 || Avg Steps:  990 || Avg Rew: -0.200
Completed Steps:   121000 || Avg Steps:  990 || Avg Rew: -0.199
Completed Steps:   122000 || Avg Steps:  990 || Avg Rew: -0.199
Completed Steps:   123000 || Avg Steps:  980 || Avg Rew: -0.200
Completed Steps:   124000 || Avg Steps:  980 || Avg Rew: -0.200
Completed Steps:   125000 || Avg Steps:  980 || Avg Rew: -0.200
Completed Steps:   126000 || Avg Steps:  980 || Avg Rew: -0.200
Completed Steps:   127000 || Avg Steps:  980 || Avg Rew: -0.200
Completed Steps:   128000 || Avg Steps:  990 || Avg Rew: -0.200
Completed Steps:   129000 || Avg Steps:  990 || Avg Rew: -0.200
Completed Steps:   130000 || Avg Steps:  990 || Avg Rew: -0.200
Completed Steps:   131000 || Avg Steps:  990 || Avg Rew: -0.200
Completed Steps:   132000 || Avg Steps:  990 || Avg Rew: -0.200
Completed Steps:   133000 || Avg Steps: 1000 || Avg Rew: -0.199
Completed Steps:   134000 || Avg Steps: 1000 || Avg Rew: -0.200
Completed Steps:   135000 || Avg Steps: 1000 || Avg Rew: -0.200
Completed Steps:   136000 || Avg Steps: 1000 || Avg Rew: -0.200
Completed Steps:   137000 || Avg Steps: 1000 || Avg Rew: -0.200
Completed Steps:   138000 || Avg Steps: 1000 || Avg Rew: -0.200
Completed Steps:   139000 || Avg Steps: 1000 || Avg Rew: -0.200
Completed Steps:   140000 || Avg Steps: 1000 || Avg Rew: -0.200
Completed Steps:   141000 || Avg Steps: 1000 || Avg Rew: -0.200
Completed Steps:   142000 || Avg Steps:  990 || Avg Rew: -0.200
Completed Steps:   143000 || Avg Steps:  990 || Avg Rew: -0.200
Completed Steps:   144000 || Avg Steps:  990 || Avg Rew: -0.200
Completed Steps:   145000 || Avg Steps:  990 || Avg Rew: -0.200
Completed Steps:   146000 || Avg Steps:  990 || Avg Rew: -0.200
Completed Steps:   147000 || Avg Steps:  990 || Avg Rew: -0.200
Completed Steps:   148000 || Avg Steps:  990 || Avg Rew: -0.200
Completed Steps:   149000 || Avg Steps:  990 || Avg Rew: -0.200
Completed Steps:   150000 || Avg Steps:  990 || Avg Rew: -0.200
Completed Steps:   151000 || Avg Steps:  990 || Avg Rew: -0.200
Completed Steps:   152000 || Avg Steps: 1000 || Avg Rew: -0.200
Completed Steps:   153000 || Avg Steps: 1000 || Avg Rew: -0.200
Completed Steps:   154000 || Avg Steps: 1000 || Avg Rew: -0.200
Completed Steps:   155000 || Avg Steps: 1000 || Avg Rew: -0.200
Completed Steps:   156000 || Avg Steps: 1000 || Avg Rew: -0.200
Completed Steps:   157000 || Avg Steps: 1000 || Avg Rew: -0.200
Completed Steps:   158000 || Avg Steps: 1000 || Avg Rew: -0.200
Completed Steps:   159000 || Avg Steps: 1000 || Avg Rew: -0.200
Completed Steps:   160000 || Avg Steps: 1000 || Avg Rew: -0.200
Completed Steps:   161000 || Avg Steps: 1000 || Avg Rew: -0.200
Completed Steps:   162000 || Avg Steps: 1000 || Avg Rew: -0.200
Completed Steps:   163000 || Avg Steps: 1000 || Avg Rew: -0.200
Completed Steps:   164000 || Avg Steps: 1000 || Avg Rew: -0.200
Completed Steps:   165000 || Avg Steps: 1000 || Avg Rew: -0.200
Completed Steps:   166000 || Avg Steps: 1000 || Avg Rew: -0.200
Completed Steps:   167000 || Avg Steps:  990 || Avg Rew: -0.200
Completed Steps:   168000 || Avg Steps:  990 || Avg Rew: -0.200
Completed Steps:   169000 || Avg Steps:  990 || Avg Rew: -0.200
Completed Steps:   170000 || Avg Steps:  990 || Avg Rew: -0.200
Completed Steps:   171000 || Avg Steps:  990 || Avg Rew: -0.200
Completed Steps:   172000 || Avg Steps:  990 || Avg Rew: -0.200
Completed Steps:   173000 || Avg Steps:  990 || Avg Rew: -0.200
Completed Steps:   174000 || Avg Steps:  990 || Avg Rew: -0.200
Completed Steps:   175000 || Avg Steps:  990 || Avg Rew: -0.200
Completed Steps:   176000 || Avg Steps:  980 || Avg Rew: -0.200
Completed Steps:   177000 || Avg Steps:  990 || Avg Rew: -0.200
Completed Steps:   178000 || Avg Steps:  990 || Avg Rew: -0.200
Completed Steps:   179000 || Avg Steps:  990 || Avg Rew: -0.200
Completed Steps:   180000 || Avg Steps:  990 || Avg Rew: -0.200
Completed Steps:   181000 || Avg Steps:  990 || Avg Rew: -0.200
Completed Steps:   182000 || Avg Steps:  990 || Avg Rew: -0.200
Completed Steps:   183000 || Avg Steps:  980 || Avg Rew: -0.200
Completed Steps:   184000 || Avg Steps:  980 || Avg Rew: -0.200
Completed Steps:   185000 || Avg Steps:  980 || Avg Rew: -0.200
Completed Steps:   186000 || Avg Steps:  990 || Avg Rew: -0.200
Completed Steps:   187000 || Avg Steps:  980 || Avg Rew: -0.200
Completed Steps:   188000 || Avg Steps:  980 || Avg Rew: -0.200
Completed Steps:   189000 || Avg Steps:  980 || Avg Rew: -0.200
Completed Steps:   190000 || Avg Steps:  980 || Avg Rew: -0.200
Completed Steps:   191000 || Avg Steps:  980 || Avg Rew: -0.200
Completed Steps:   192000 || Avg Steps:  980 || Avg Rew: -0.200
Completed Steps:   193000 || Avg Steps:  990 || Avg Rew: -0.200
Completed Steps:   194000 || Avg Steps:  990 || Avg Rew: -0.200
Completed Steps:   195000 || Avg Steps:  980 || Avg Rew: -0.200
Completed Steps:   196000 || Avg Steps:  980 || Avg Rew: -0.200
Completed Steps:   197000 || Avg Steps:  990 || Avg Rew: -0.200
Completed Steps:   198000 || Avg Steps:  990 || Avg Rew: -0.200
Completed Steps:   199000 || Avg Steps:  990 || Avg Rew: -0.200
Completed Steps:   200000 || Avg Steps:  990 || Avg Rew: -0.200
Completed Steps:   201000 || Avg Steps:  980 || Avg Rew: -0.200
Completed Steps:   202000 || Avg Steps:  980 || Avg Rew: -0.200
Completed Steps:   203000 || Avg Steps:  980 || Avg Rew: -0.200
Completed Steps:   204000 || Avg Steps:  980 || Avg Rew: -0.200
Completed Steps:   205000 || Avg Steps:  990 || Avg Rew: -0.200
Completed Steps:   206000 || Avg Steps:  990 || Avg Rew: -0.200
Completed Steps:   207000 || Avg Steps:  990 || Avg Rew: -0.200
Completed Steps:   208000 || Avg Steps:  990 || Avg Rew: -0.200
Completed Steps:   209000 || Avg Steps:  990 || Avg Rew: -0.200
Completed Steps:   210000 || Avg Steps:  990 || Avg Rew: -0.200
Completed Steps:   211000 || Avg Steps: 1000 || Avg Rew: -0.200
Completed Steps:   212000 || Avg Steps: 1000 || Avg Rew: -0.200
Completed Steps:   213000 || Avg Steps: 1000 || Avg Rew: -0.200
Completed Steps:   214000 || Avg Steps: 1000 || Avg Rew: -0.200
Completed Steps:   215000 || Avg Steps: 1000 || Avg Rew: -0.200
Completed Steps:   216000 || Avg Steps: 1000 || Avg Rew: -0.200
Completed Steps:   217000 || Avg Steps: 1000 || Avg Rew: -0.200
Completed Steps:   218000 || Avg Steps: 1000 || Avg Rew: -0.200
Completed Steps:   219000 || Avg Steps: 1000 || Avg Rew: -0.200
Completed Steps:   220000 || Avg Steps: 1000 || Avg Rew: -0.200
Completed Steps:   221000 || Avg Steps: 1000 || Avg Rew: -0.200
Completed Steps:   222000 || Avg Steps: 1000 || Avg Rew: -0.200
Completed Steps:   223000 || Avg Steps: 1000 || Avg Rew: -0.200
Completed Steps:   224000 || Avg Steps: 1000 || Avg Rew: -0.200
Completed Steps:   225000 || Avg Steps: 1000 || Avg Rew: -0.200
Completed Steps:   226000 || Avg Steps: 1000 || Avg Rew: -0.200
Completed Steps:   227000 || Avg Steps:  990 || Avg Rew: -0.200
Completed Steps:   228000 || Avg Steps:  990 || Avg Rew: -0.200
Completed Steps:   229000 || Avg Steps:  990 || Avg Rew: -0.200
Completed Steps:   230000 || Avg Steps:  990 || Avg Rew: -0.200
Completed Steps:   231000 || Avg Steps:  990 || Avg Rew: -0.200
Completed Steps:   232000 || Avg Steps:  990 || Avg Rew: -0.200
Completed Steps:   233000 || Avg Steps:  990 || Avg Rew: -0.200
Completed Steps:   234000 || Avg Steps:  990 || Avg Rew: -0.200
Completed Steps:   235000 || Avg Steps:  990 || Avg Rew: -0.200
Completed Steps:   236000 || Avg Steps:  990 || Avg Rew: -0.200
Completed Steps:   237000 || Avg Steps: 1000 || Avg Rew: -0.200
Completed Steps:   238000 || Avg Steps: 1000 || Avg Rew: -0.200
Completed Steps:   239000 || Avg Steps: 1000 || Avg Rew: -0.200
Completed Steps:   240000 || Avg Steps: 1000 || Avg Rew: -0.200
Completed Steps:   241000 || Avg Steps: 1000 || Avg Rew: -0.200
Completed Steps:   242000 || Avg Steps: 1000 || Avg Rew: -0.200
Completed Steps:   243000 || Avg Steps: 1000 || Avg Rew: -0.200
Completed Steps:   244000 || Avg Steps: 1000 || Avg Rew: -0.200
Completed Steps:   245000 || Avg Steps: 1000 || Avg Rew: -0.200
Completed Steps:   246000 || Avg Steps: 1000 || Avg Rew: -0.200
Completed Steps:   247000 || Avg Steps: 1000 || Avg Rew: -0.200
Completed Steps:   248000 || Avg Steps: 1000 || Avg Rew: -0.200
Completed Steps:   249000 || Avg Steps: 1000 || Avg Rew: -0.200
Completed Steps:   250000 || Avg Steps: 1000 || Avg Rew: -0.200
Completed Steps:   251000 || Avg Steps: 1000 || Avg Rew: -0.200
Completed Steps:   252000 || Avg Steps: 1000 || Avg Rew: -0.200
Completed Steps:   253000 || Avg Steps: 1000 || Avg Rew: -0.200
Completed Steps:   254000 || Avg Steps: 1000 || Avg Rew: -0.200
Completed Steps:   255000 || Avg Steps: 1000 || Avg Rew: -0.200
Completed Steps:   256000 || Avg Steps: 1000 || Avg Rew: -0.200
Completed Steps:   257000 || Avg Steps: 1000 || Avg Rew: -0.200
Completed Steps:   258000 || Avg Steps: 1000 || Avg Rew: -0.200
Completed Steps:   259000 || Avg Steps: 1000 || Avg Rew: -0.200
Completed Steps:   260000 || Avg Steps: 1000 || Avg Rew: -0.200
Completed Steps:   261000 || Avg Steps: 1000 || Avg Rew: -0.200
Completed Steps:   262000 || Avg Steps:  990 || Avg Rew: -0.200
Completed Steps:   263000 || Avg Steps:  990 || Avg Rew: -0.200
Completed Steps:   264000 || Avg Steps:  990 || Avg Rew: -0.200
Completed Steps:   265000 || Avg Steps:  990 || Avg Rew: -0.200
Completed Steps:   266000 || Avg Steps:  990 || Avg Rew: -0.200
Completed Steps:   267000 || Avg Steps:  990 || Avg Rew: -0.200
Completed Steps:   268000 || Avg Steps:  990 || Avg Rew: -0.200
Completed Steps:   269000 || Avg Steps:  990 || Avg Rew: -0.200
Completed Steps:   270000 || Avg Steps:  990 || Avg Rew: -0.200
Completed Steps:   271000 || Avg Steps:  980 || Avg Rew: -0.200
Completed Steps:   272000 || Avg Steps:  990 || Avg Rew: -0.200
Completed Steps:   273000 || Avg Steps:  990 || Avg Rew: -0.200
Completed Steps:   274000 || Avg Steps:  990 || Avg Rew: -0.200
Completed Steps:   275000 || Avg Steps:  990 || Avg Rew: -0.200
Completed Steps:   276000 || Avg Steps:  990 || Avg Rew: -0.200
Completed Steps:   277000 || Avg Steps:  990 || Avg Rew: -0.200
Completed Steps:   278000 || Avg Steps:  990 || Avg Rew: -0.200
Completed Steps:   279000 || Avg Steps:  990 || Avg Rew: -0.199
Completed Steps:   280000 || Avg Steps:  990 || Avg Rew: -0.200
Completed Steps:   281000 || Avg Steps: 1000 || Avg Rew: -0.199
Completed Steps:   282000 || Avg Steps: 1000 || Avg Rew: -0.200
Completed Steps:   283000 || Avg Steps: 1000 || Avg Rew: -0.200
Completed Steps:   284000 || Avg Steps: 1000 || Avg Rew: -0.200
Completed Steps:   285000 || Avg Steps: 1000 || Avg Rew: -0.200
Completed Steps:   286000 || Avg Steps: 1000 || Avg Rew: -0.200
Completed Steps:   287000 || Avg Steps: 1000 || Avg Rew: -0.200
Completed Steps:   288000 || Avg Steps:  990 || Avg Rew: -0.200
Completed Steps:   289000 || Avg Steps:  990 || Avg Rew: -0.200
Completed Steps:   290000 || Avg Steps:  990 || Avg Rew: -0.200
Completed Steps:   291000 || Avg Steps:  990 || Avg Rew: -0.200
Completed Steps:   292000 || Avg Steps:  990 || Avg Rew: -0.200
Completed Steps:   293000 || Avg Steps:  990 || Avg Rew: -0.200
Completed Steps:   294000 || Avg Steps:  980 || Avg Rew: -0.200
Completed Steps:   295000 || Avg Steps:  980 || Avg Rew: -0.200
Completed Steps:   296000 || Avg Steps:  980 || Avg Rew: -0.200
Completed Steps:   297000 || Avg Steps:  980 || Avg Rew: -0.200
Completed Steps:   298000 || Avg Steps:  990 || Avg Rew: -0.200
Completed Steps:   299000 || Avg Steps:  990 || Avg Rew: -0.200
Completed Steps:   300000 || Avg Steps:  990 || Avg Rew: -0.200
Completed Steps:   301000 || Avg Steps:  990 || Avg Rew: -0.200
Completed Steps:   302000 || Avg Steps:  990 || Avg Rew: -0.200
Completed Steps:   303000 || Avg Steps:  990 || Avg Rew: -0.200
Completed Steps:   304000 || Avg Steps: 1000 || Avg Rew: -0.200
Completed Steps:   305000 || Avg Steps:  990 || Avg Rew: -0.200
Completed Steps:   306000 || Avg Steps:  980 || Avg Rew: -0.200
Completed Steps:   307000 || Avg Steps:  980 || Avg Rew: -0.200
Completed Steps:   308000 || Avg Steps:  980 || Avg Rew: -0.200
Completed Steps:   309000 || Avg Steps:  980 || Avg Rew: -0.200
Completed Steps:   310000 || Avg Steps:  980 || Avg Rew: -0.200
Completed Steps:   311000 || Avg Steps:  980 || Avg Rew: -0.200
Completed Steps:   312000 || Avg Steps:  980 || Avg Rew: -0.200
Completed Steps:   313000 || Avg Steps:  980 || Avg Rew: -0.200
Completed Steps:   314000 || Avg Steps:  980 || Avg Rew: -0.200
Completed Steps:   315000 || Avg Steps:  990 || Avg Rew: -0.200
Completed Steps:   316000 || Avg Steps: 1000 || Avg Rew: -0.200
Completed Steps:   317000 || Avg Steps:  990 || Avg Rew: -0.200
Completed Steps:   318000 || Avg Steps:  980 || Avg Rew: -0.200
Completed Steps:   319000 || Avg Steps:  980 || Avg Rew: -0.200
Completed Steps:   320000 || Avg Steps:  980 || Avg Rew: -0.200
Completed Steps:   321000 || Avg Steps:  980 || Avg Rew: -0.200
Completed Steps:   322000 || Avg Steps:  980 || Avg Rew: -0.200
Completed Steps:   323000 || Avg Steps:  980 || Avg Rew: -0.200
Completed Steps:   324000 || Avg Steps:  980 || Avg Rew: -0.200
Completed Steps:   325000 || Avg Steps:  980 || Avg Rew: -0.200
Completed Steps:   326000 || Avg Steps:  980 || Avg Rew: -0.200
Completed Steps:   327000 || Avg Steps:  990 || Avg Rew: -0.200
Completed Steps:   328000 || Avg Steps: 1000 || Avg Rew: -0.200
Completed Steps:   329000 || Avg Steps: 1000 || Avg Rew: -0.200
Completed Steps:   330000 || Avg Steps: 1000 || Avg Rew: -0.200
Completed Steps:   331000 || Avg Steps: 1000 || Avg Rew: -0.200
Completed Steps:   332000 || Avg Steps: 1000 || Avg Rew: -0.200
Completed Steps:   333000 || Avg Steps: 1000 || Avg Rew: -0.200
Completed Steps:   334000 || Avg Steps: 1000 || Avg Rew: -0.200
Completed Steps:   335000 || Avg Steps:  990 || Avg Rew: -0.200
Completed Steps:   336000 || Avg Steps:  990 || Avg Rew: -0.200
Completed Steps:   337000 || Avg Steps:  980 || Avg Rew: -0.200
Completed Steps:   338000 || Avg Steps:  980 || Avg Rew: -0.200
Completed Steps:   339000 || Avg Steps:  980 || Avg Rew: -0.200
Completed Steps:   340000 || Avg Steps:  980 || Avg Rew: -0.200
Completed Steps:   341000 || Avg Steps:  980 || Avg Rew: -0.200
Completed Steps:   342000 || Avg Steps:  980 || Avg Rew: -0.200
Completed Steps:   343000 || Avg Steps:  980 || Avg Rew: -0.200
Completed Steps:   344000 || Avg Steps:  980 || Avg Rew: -0.200
Completed Steps:   345000 || Avg Steps:  990 || Avg Rew: -0.200
Completed Steps:   346000 || Avg Steps:  990 || Avg Rew: -0.200
Completed Steps:   347000 || Avg Steps: 1000 || Avg Rew: -0.200
Completed Steps:   348000 || Avg Steps: 1000 || Avg Rew: -0.200
Completed Steps:   349000 || Avg Steps: 1000 || Avg Rew: -0.200
Completed Steps:   350000 || Avg Steps: 1000 || Avg Rew: -0.200
Completed Steps:   351000 || Avg Steps: 1000 || Avg Rew: -0.200
Completed Steps:   352000 || Avg Steps: 1000 || Avg Rew: -0.200
Completed Steps:   353000 || Avg Steps: 1000 || Avg Rew: -0.200
Completed Steps:   354000 || Avg Steps: 1000 || Avg Rew: -0.200
Completed Steps:   355000 || Avg Steps: 1000 || Avg Rew: -0.200
Completed Steps:   356000 || Avg Steps: 1000 || Avg Rew: -0.200
Completed Steps:   357000 || Avg Steps: 1000 || Avg Rew: -0.200
Completed Steps:   358000 || Avg Steps: 1000 || Avg Rew: -0.200
Completed Steps:   359000 || Avg Steps: 1000 || Avg Rew: -0.200
Completed Steps:   360000 || Avg Steps: 1000 || Avg Rew: -0.200
Completed Steps:   361000 || Avg Steps: 1000 || Avg Rew: -0.200
Completed Steps:   362000 || Avg Steps: 1000 || Avg Rew: -0.200
Completed Steps:   363000 || Avg Steps:  990 || Avg Rew: -0.200
Completed Steps:   364000 || Avg Steps:  990 || Avg Rew: -0.200
Completed Steps:   365000 || Avg Steps:  990 || Avg Rew: -0.200
Completed Steps:   366000 || Avg Steps:  990 || Avg Rew: -0.200
Completed Steps:   367000 || Avg Steps:  980 || Avg Rew: -0.200
Completed Steps:   368000 || Avg Steps:  980 || Avg Rew: -0.200
Completed Steps:   369000 || Avg Steps:  980 || Avg Rew: -0.200
Completed Steps:   370000 || Avg Steps:  980 || Avg Rew: -0.200
Completed Steps:   371000 || Avg Steps:  980 || Avg Rew: -0.200
Completed Steps:   372000 || Avg Steps:  980 || Avg Rew: -0.200
Completed Steps:   373000 || Avg Steps:  990 || Avg Rew: -0.200
Completed Steps:   374000 || Avg Steps:  990 || Avg Rew: -0.200
Completed Steps:   375000 || Avg Steps:  990 || Avg Rew: -0.200
Completed Steps:   376000 || Avg Steps:  990 || Avg Rew: -0.200
Completed Steps:   377000 || Avg Steps: 1000 || Avg Rew: -0.200
Completed Steps:   378000 || Avg Steps: 1000 || Avg Rew: -0.200
Completed Steps:   379000 || Avg Steps: 1000 || Avg Rew: -0.200
Completed Steps:   380000 || Avg Steps:  990 || Avg Rew: -0.200
Completed Steps:   381000 || Avg Steps:  990 || Avg Rew: -0.200
Completed Steps:   382000 || Avg Steps:  980 || Avg Rew: -0.200
Completed Steps:   383000 || Avg Steps:  980 || Avg Rew: -0.200
Completed Steps:   384000 || Avg Steps:  980 || Avg Rew: -0.200
Completed Steps:   385000 || Avg Steps:  980 || Avg Rew: -0.200
Completed Steps:   386000 || Avg Steps:  980 || Avg Rew: -0.200
Completed Steps:   387000 || Avg Steps:  980 || Avg Rew: -0.200
Completed Steps:   388000 || Avg Steps:  980 || Avg Rew: -0.200
Completed Steps:   389000 || Avg Steps:  980 || Avg Rew: -0.200
Completed Steps:   390000 || Avg Steps:  990 || Avg Rew: -0.200
Completed Steps:   391000 || Avg Steps:  990 || Avg Rew: -0.200
Completed Steps:   392000 || Avg Steps:  990 || Avg Rew: -0.200
Completed Steps:   393000 || Avg Steps:  990 || Avg Rew: -0.199
Completed Steps:   394000 || Avg Steps:  990 || Avg Rew: -0.200
Completed Steps:   395000 || Avg Steps:  990 || Avg Rew: -0.200
Completed Steps:   396000 || Avg Steps:  990 || Avg Rew: -0.200
Completed Steps:   397000 || Avg Steps:  990 || Avg Rew: -0.200
Completed Steps:   398000 || Avg Steps:  990 || Avg Rew: -0.200
Completed Steps:   399000 || Avg Steps:  990 || Avg Rew: -0.200
