Please run `conda env list` to see a list of all available environments. Use
`source activate <env>` to activate the environment '<env>'. 
Please run `conda env list` to see a list of all available environments. Use
`source activate <env>` to activate the environment '<env>'. 

Currently Loaded Modules:
  1) anaconda/anaconda3   2) cuda/cuda-11.4

 

Traceback (most recent call last):
  File "./discrete/run/teacher/dungeon_quest_teacher_ddpg.py", line 4, in <module>
    from discrete.lib.main import run_training
  File "/lustre/fs1/home/amckinney/Local_Neuro_Symbolic/discrete/lib/main.py", line 6, in <module>
    from discrete.lib.construct_q_automaton import construct_q_automaton
  File "/lustre/fs1/home/amckinney/Local_Neuro_Symbolic/discrete/lib/construct_q_automaton.py", line 9, in <module>
    from discrete.lib.create_training_state import create_training_state
  File "/lustre/fs1/home/amckinney/Local_Neuro_Symbolic/discrete/lib/create_training_state.py", line 11, in <module>
    from discrete.lib.env.util import make_env
  File "/lustre/fs1/home/amckinney/Local_Neuro_Symbolic/discrete/lib/env/util.py", line 2, in <module>
    from stable_baselines3.common.env_util import make_vec_env as sb3_make_vec_env
ModuleNotFoundError: No module named 'stable_baselines3'

real	0m1.273s
user	0m1.052s
sys	0m0.686s
