entered training run...


============================================
Discrete Steps until Terminal State: 1000
Continuous Steps until Terminal State: 1000
3.7.2 | packaged by conda-forge | (default, Mar 20 2019, 01:46:52) 
[GCC 7.3.0]
/lustre/fs1/home/amckinney/Local_Neuro_Symbolic
Bounding Persist: <class 'bool'>, True
Bounding Distance: <class 'int'>, 3
Terminal Reward: <class 'int'>, 10
Sequence Level: <class 'int'>, 2
Dungeon Quest LTLF: F(dragon) & (!sword U key) & (!dragon U sword)
============================================


imported all dependencies, checking for cuda

==============
Cuda detected!
==============

Done with DFA conversion
[<discrete.lib.automaton.mine_aps.MineInventoryAP object at 0x2b87c7597a20>, <discrete.lib.automaton.mine_aps.MineInventoryAP object at 0x2b87c7597a58>, <discrete.lib.automaton.mine_aps.MineInfoAutAP object at 0x2b87c7597a90>]


============================================
Training Teacher / Independent DDPG Agent
Max Training Steps: 400000
LTLF: F(dragon) & (!sword U key) & (!dragon U sword)
============================================


Starting training at: 2024-07-30 16:25:47
Env Config: EnvConfig(env_name='MineWorldEnv-v1', kwargs={'config': <discrete.lib.env.mineworldenv.MineWorldConfig object at 0x2b87c7597940>}, wrapper_cls=<class 'discrete.lib.env.rew_every_step.RewEveryStep'>, wrapper_kwargs={'rew_per_step': -0.1})

Env Name: MineWorldEnv-v1
Observation Space: Box(16,)
Automaton Num States: 5
Action Space: Box(1,)
input shape: (16,)
Agent Name: DDPG Agent
NOT Loading from checkpoint
input shape: (16,)
input shape: (16,)
Actor Learning Rate: 0.0001
Critic Learning Rate: 0.001
Output Directory Already Exists
Completed Steps:     1000 || Avg Steps: 1000 || Avg Rew: -0.192
Completed Steps:     2000 || Avg Steps: 1000 || Avg Rew: -0.194
Completed Steps:     3000 || Avg Steps:  966 || Avg Rew: -0.196
Completed Steps:     4000 || Avg Steps:  975 || Avg Rew: -0.194
Completed Steps:     5000 || Avg Steps:  980 || Avg Rew: -0.197
Completed Steps:     6000 || Avg Steps:  966 || Avg Rew: -0.196
Completed Steps:     7000 || Avg Steps:  971 || Avg Rew: -0.195
Completed Steps:     8000 || Avg Steps:  975 || Avg Rew: -0.197
Completed Steps:     9000 || Avg Steps:  966 || Avg Rew: -0.197
Completed Steps:    10000 || Avg Steps:  970 || Avg Rew: -0.198
Completed Steps:    11000 || Avg Steps:  970 || Avg Rew: -0.197
Completed Steps:    12000 || Avg Steps:  970 || Avg Rew: -0.197
Completed Steps:    13000 || Avg Steps:  980 || Avg Rew: -0.195
Completed Steps:    14000 || Avg Steps:  980 || Avg Rew: -0.197
Completed Steps:    15000 || Avg Steps:  980 || Avg Rew: -0.197
Completed Steps:    16000 || Avg Steps:  990 || Avg Rew: -0.195
Completed Steps:    17000 || Avg Steps:  990 || Avg Rew: -0.198
Completed Steps:    18000 || Avg Steps:  990 || Avg Rew: -0.196
Completed Steps:    19000 || Avg Steps: 1000 || Avg Rew: -0.199
Completed Steps:    20000 || Avg Steps: 1000 || Avg Rew: -0.196
Completed Steps:    21000 || Avg Steps: 1000 || Avg Rew: -0.198
Completed Steps:    22000 || Avg Steps: 1000 || Avg Rew: -0.196
Completed Steps:    23000 || Avg Steps: 1000 || Avg Rew: -0.198
Completed Steps:    24000 || Avg Steps: 1000 || Avg Rew: -0.198
Completed Steps:    25000 || Avg Steps: 1000 || Avg Rew: -0.196
Completed Steps:    26000 || Avg Steps:  979 || Avg Rew: -0.198
Completed Steps:    27000 || Avg Steps:  979 || Avg Rew: -0.197
Completed Steps:    28000 || Avg Steps:  979 || Avg Rew: -0.198
Completed Steps:    29000 || Avg Steps:  979 || Avg Rew: -0.198
Completed Steps:    30000 || Avg Steps:  979 || Avg Rew: -0.199
Completed Steps:    31000 || Avg Steps:  979 || Avg Rew: -0.196
Completed Steps:    32000 || Avg Steps:  959 || Avg Rew: -0.193
Completed Steps:    33000 || Avg Steps:  959 || Avg Rew: -0.179
Completed Steps:    34000 || Avg Steps:  949 || Avg Rew: -0.117
Completed Steps:    35000 || Avg Steps:  955 || Avg Rew: 0.009
Completed Steps:    36000 || Avg Steps:  951 || Avg Rew: -0.171
Completed Steps:    37000 || Avg Steps:  903 || Avg Rew: 0.214
Completed Steps:    38000 || Avg Steps:  889 || Avg Rew: -0.146
Completed Steps:    39000 || Avg Steps:  842 || Avg Rew: 0.072
Completed Steps:    40000 || Avg Steps:  780 || Avg Rew: 0.056
Completed Steps:    41000 || Avg Steps:  756 || Avg Rew: -0.091
Completed Steps:    42000 || Avg Steps:  689 || Avg Rew: 0.180
Completed Steps:    43000 || Avg Steps:  682 || Avg Rew: 0.170
Completed Steps:    44000 || Avg Steps:  701 || Avg Rew: 0.210
Completed Steps:    45000 || Avg Steps:  645 || Avg Rew: 0.009
Completed Steps:    46000 || Avg Steps:  643 || Avg Rew: 0.437
Completed Steps:    47000 || Avg Steps:  615 || Avg Rew: 0.842
Completed Steps:    48000 || Avg Steps:  600 || Avg Rew: 0.102
Completed Steps:    49000 || Avg Steps:  450 || Avg Rew: 0.723
Completed Steps:    50000 || Avg Steps:  281 || Avg Rew: 0.212
Completed Steps:    51000 || Avg Steps:  187 || Avg Rew: 0.455
Completed Steps:    52000 || Avg Steps:  202 || Avg Rew: 0.601
Completed Steps:    53000 || Avg Steps:  217 || Avg Rew: 0.540
Completed Steps:    54000 || Avg Steps:  184 || Avg Rew: 0.200
Completed Steps:    55000 || Avg Steps:  147 || Avg Rew: 1.149
Completed Steps:    56000 || Avg Steps:   90 || Avg Rew: 0.645
Completed Steps:    57000 || Avg Steps:   53 || Avg Rew: 1.127
Completed Steps:    58000 || Avg Steps:   24 || Avg Rew: 0.662
Completed Steps:    59000 || Avg Steps:   22 || Avg Rew: 0.984
Completed Steps:    60000 || Avg Steps:   63 || Avg Rew: 0.520
Completed Steps:    61000 || Avg Steps:   35 || Avg Rew: 1.975
Completed Steps:    62000 || Avg Steps:   82 || Avg Rew: 1.130
Completed Steps:    63000 || Avg Steps:   45 || Avg Rew: 1.255
Completed Steps:    64000 || Avg Steps:   25 || Avg Rew: 0.936
Completed Steps:    65000 || Avg Steps:   45 || Avg Rew: 1.266
Completed Steps:    66000 || Avg Steps:   49 || Avg Rew: 0.559
Completed Steps:    67000 || Avg Steps:   39 || Avg Rew: 1.352
Completed Steps:    68000 || Avg Steps:   12 || Avg Rew: 1.297
Completed Steps:    69000 || Avg Steps:   25 || Avg Rew: 0.751
Completed Steps:    70000 || Avg Steps:   60 || Avg Rew: 1.864
Completed Steps:    71000 || Avg Steps:   27 || Avg Rew: 1.115
Completed Steps:    72000 || Avg Steps:   22 || Avg Rew: 1.699
Completed Steps:    73000 || Avg Steps:   28 || Avg Rew: 2.069
Completed Steps:    74000 || Avg Steps:   44 || Avg Rew: 0.485
Completed Steps:    75000 || Avg Steps:   27 || Avg Rew: 1.361
Completed Steps:    76000 || Avg Steps:   23 || Avg Rew: 2.093
Completed Steps:    77000 || Avg Steps:   30 || Avg Rew: 1.976
Completed Steps:    78000 || Avg Steps:   10 || Avg Rew: 2.791
Completed Steps:    79000 || Avg Steps:   16 || Avg Rew: 2.497
Completed Steps:    80000 || Avg Steps:   19 || Avg Rew: 1.683
Completed Steps:    81000 || Avg Steps:   30 || Avg Rew: 1.514
Completed Steps:    82000 || Avg Steps:   16 || Avg Rew: 1.719
Completed Steps:    83000 || Avg Steps:   18 || Avg Rew: 2.959
Completed Steps:    84000 || Avg Steps:   19 || Avg Rew: 2.684
Completed Steps:    85000 || Avg Steps:   17 || Avg Rew: 2.368
Completed Steps:    86000 || Avg Steps:   35 || Avg Rew: 2.111
Completed Steps:    87000 || Avg Steps:   15 || Avg Rew: 2.555
Completed Steps:    88000 || Avg Steps:   22 || Avg Rew: 1.854
Completed Steps:    89000 || Avg Steps:   16 || Avg Rew: 2.493
Completed Steps:    90000 || Avg Steps:   15 || Avg Rew: 2.160
Completed Steps:    91000 || Avg Steps:   19 || Avg Rew: 2.357
Completed Steps:    92000 || Avg Steps:   15 || Avg Rew: 1.627
Completed Steps:    93000 || Avg Steps:   15 || Avg Rew: 1.501
Completed Steps:    94000 || Avg Steps:   21 || Avg Rew: 2.675
Completed Steps:    95000 || Avg Steps:   31 || Avg Rew: 0.926
Completed Steps:    96000 || Avg Steps:   11 || Avg Rew: 3.029
Completed Steps:    97000 || Avg Steps:   18 || Avg Rew: 1.709
Completed Steps:    98000 || Avg Steps:   36 || Avg Rew: 1.502
Completed Steps:    99000 || Avg Steps:   24 || Avg Rew: 1.502
Completed Steps:   100000 || Avg Steps:   14 || Avg Rew: 2.607
Completed Steps:   101000 || Avg Steps:   16 || Avg Rew: 0.859
Completed Steps:   102000 || Avg Steps:   25 || Avg Rew: 1.062
Completed Steps:   103000 || Avg Steps:   58 || Avg Rew: 1.494
Completed Steps:   104000 || Avg Steps:   14 || Avg Rew: 1.996
Completed Steps:   105000 || Avg Steps:   16 || Avg Rew: 2.903
Completed Steps:   106000 || Avg Steps:   14 || Avg Rew: 2.800
Completed Steps:   107000 || Avg Steps:   24 || Avg Rew: 2.331
Completed Steps:   108000 || Avg Steps:   11 || Avg Rew: 3.353
Completed Steps:   109000 || Avg Steps:   12 || Avg Rew: 3.144
Completed Steps:   110000 || Avg Steps:   10 || Avg Rew: 3.416
Completed Steps:   111000 || Avg Steps:    9 || Avg Rew: 4.059
Completed Steps:   112000 || Avg Steps:   16 || Avg Rew: 3.593
Completed Steps:   113000 || Avg Steps:   10 || Avg Rew: 3.075
Completed Steps:   114000 || Avg Steps:   20 || Avg Rew: 1.959
Completed Steps:   115000 || Avg Steps:   40 || Avg Rew: 2.780
Completed Steps:   116000 || Avg Steps:   18 || Avg Rew: 2.327
Completed Steps:   117000 || Avg Steps:   22 || Avg Rew: 2.782
Completed Steps:   118000 || Avg Steps:   26 || Avg Rew: 2.578
Completed Steps:   119000 || Avg Steps:   11 || Avg Rew: 3.568
Completed Steps:   120000 || Avg Steps:   30 || Avg Rew: 2.162
Completed Steps:   121000 || Avg Steps:   28 || Avg Rew: 1.106
Completed Steps:   122000 || Avg Steps:   16 || Avg Rew: 2.098
Completed Steps:   123000 || Avg Steps:   16 || Avg Rew: 0.906
Completed Steps:   124000 || Avg Steps:   13 || Avg Rew: 2.331
Completed Steps:   125000 || Avg Steps:   16 || Avg Rew: 2.148
Completed Steps:   126000 || Avg Steps:   11 || Avg Rew: 3.652
Completed Steps:   127000 || Avg Steps:   19 || Avg Rew: 1.978
Completed Steps:   128000 || Avg Steps:   37 || Avg Rew: 2.897
Completed Steps:   129000 || Avg Steps:   22 || Avg Rew: 1.817
Completed Steps:   130000 || Avg Steps:   20 || Avg Rew: 1.062
Completed Steps:   131000 || Avg Steps:   24 || Avg Rew: 2.453
Completed Steps:   132000 || Avg Steps:   12 || Avg Rew: 3.996
Completed Steps:   133000 || Avg Steps:   15 || Avg Rew: 2.499
Completed Steps:   134000 || Avg Steps:   27 || Avg Rew: 1.483
Completed Steps:   135000 || Avg Steps:   20 || Avg Rew: 1.044
Completed Steps:   136000 || Avg Steps:   21 || Avg Rew: 3.075
Completed Steps:   137000 || Avg Steps:   15 || Avg Rew: 1.819
Completed Steps:   138000 || Avg Steps:   12 || Avg Rew: 2.970
Completed Steps:   139000 || Avg Steps:   18 || Avg Rew: 0.487
Completed Steps:   140000 || Avg Steps:   11 || Avg Rew: 2.409
Completed Steps:   141000 || Avg Steps:   21 || Avg Rew: 1.858
Completed Steps:   142000 || Avg Steps:   21 || Avg Rew: 2.637
Completed Steps:   143000 || Avg Steps:   12 || Avg Rew: 2.101
Completed Steps:   144000 || Avg Steps:   40 || Avg Rew: 2.412
Completed Steps:   145000 || Avg Steps:   23 || Avg Rew: 1.675
Completed Steps:   146000 || Avg Steps:   33 || Avg Rew: 1.309
Completed Steps:   147000 || Avg Steps:   10 || Avg Rew: 3.165
Completed Steps:   148000 || Avg Steps:   24 || Avg Rew: 1.584
Completed Steps:   149000 || Avg Steps:   42 || Avg Rew: 1.248
Completed Steps:   150000 || Avg Steps:   22 || Avg Rew: 1.945
Completed Steps:   151000 || Avg Steps:   33 || Avg Rew: 0.105
Completed Steps:   152000 || Avg Steps:   44 || Avg Rew: 1.401
Completed Steps:   153000 || Avg Steps:   16 || Avg Rew: 1.489
Completed Steps:   154000 || Avg Steps:   23 || Avg Rew: 1.429
Completed Steps:   155000 || Avg Steps:   28 || Avg Rew: 1.332
Completed Steps:   156000 || Avg Steps:   29 || Avg Rew: 0.436
Completed Steps:   157000 || Avg Steps:   57 || Avg Rew: 0.977
Completed Steps:   158000 || Avg Steps:   42 || Avg Rew: 0.234
Completed Steps:   159000 || Avg Steps:   55 || Avg Rew: 0.561
Completed Steps:   160000 || Avg Steps:   77 || Avg Rew: 0.448
Completed Steps:   161000 || Avg Steps:   19 || Avg Rew: 1.114
Completed Steps:   162000 || Avg Steps:   71 || Avg Rew: 1.250
Completed Steps:   163000 || Avg Steps:   35 || Avg Rew: 1.724
Completed Steps:   164000 || Avg Steps:   55 || Avg Rew: 1.150
Completed Steps:   165000 || Avg Steps:   23 || Avg Rew: 0.433
Completed Steps:   166000 || Avg Steps:   48 || Avg Rew: 0.968
Completed Steps:   167000 || Avg Steps:   57 || Avg Rew: 0.316
Completed Steps:   168000 || Avg Steps:   35 || Avg Rew: 0.634
Completed Steps:   169000 || Avg Steps:   73 || Avg Rew: 1.585
Completed Steps:   170000 || Avg Steps:   47 || Avg Rew: 0.638
Completed Steps:   171000 || Avg Steps:   48 || Avg Rew: 0.825
Completed Steps:   172000 || Avg Steps:   47 || Avg Rew: 1.086
Completed Steps:   173000 || Avg Steps:   87 || Avg Rew: 0.308
Completed Steps:   174000 || Avg Steps:  115 || Avg Rew: -0.097
Completed Steps:   175000 || Avg Steps:   66 || Avg Rew: 0.404
Completed Steps:   176000 || Avg Steps:   51 || Avg Rew: 0.314
Completed Steps:   177000 || Avg Steps:   54 || Avg Rew: 1.582
Completed Steps:   178000 || Avg Steps:   47 || Avg Rew: 0.782
Completed Steps:   179000 || Avg Steps:   54 || Avg Rew: 0.705
Completed Steps:   180000 || Avg Steps:   71 || Avg Rew: 0.289
Completed Steps:   181000 || Avg Steps:   64 || Avg Rew: 0.089
Completed Steps:   182000 || Avg Steps:   99 || Avg Rew: 0.033
Completed Steps:   183000 || Avg Steps:   89 || Avg Rew: 0.004
Completed Steps:   184000 || Avg Steps:   69 || Avg Rew: 0.521
Completed Steps:   185000 || Avg Steps:   77 || Avg Rew: 0.025
Completed Steps:   186000 || Avg Steps:   78 || Avg Rew: 0.182
Completed Steps:   187000 || Avg Steps:  100 || Avg Rew: 0.950
Completed Steps:   188000 || Avg Steps:   60 || Avg Rew: 0.334
Completed Steps:   189000 || Avg Steps:   68 || Avg Rew: 0.297
Completed Steps:   190000 || Avg Steps:   56 || Avg Rew: 0.428
Completed Steps:   191000 || Avg Steps:  114 || Avg Rew: 0.240
Completed Steps:   192000 || Avg Steps:  169 || Avg Rew: 0.057
Completed Steps:   193000 || Avg Steps:  128 || Avg Rew: 0.476
Completed Steps:   194000 || Avg Steps:  152 || Avg Rew: 0.234
Completed Steps:   195000 || Avg Steps:  163 || Avg Rew: 0.554
Completed Steps:   196000 || Avg Steps:  107 || Avg Rew: -0.024
Completed Steps:   197000 || Avg Steps:   64 || Avg Rew: 0.550
Completed Steps:   198000 || Avg Steps:   61 || Avg Rew: 0.432
Completed Steps:   199000 || Avg Steps:   90 || Avg Rew: -0.124
Completed Steps:   200000 || Avg Steps:  146 || Avg Rew: 0.652
Completed Steps:   201000 || Avg Steps:   57 || Avg Rew: 0.464
Completed Steps:   202000 || Avg Steps:   86 || Avg Rew: 1.221
Completed Steps:   203000 || Avg Steps:   76 || Avg Rew: 0.618
Completed Steps:   204000 || Avg Steps:  132 || Avg Rew: 0.246
Completed Steps:   205000 || Avg Steps:  133 || Avg Rew: 1.233
Completed Steps:   206000 || Avg Steps:  135 || Avg Rew: -0.043
Completed Steps:   207000 || Avg Steps:   94 || Avg Rew: 0.284
Completed Steps:   208000 || Avg Steps:  126 || Avg Rew: 0.501
Completed Steps:   209000 || Avg Steps:  202 || Avg Rew: 0.005
Completed Steps:   210000 || Avg Steps:  121 || Avg Rew: 1.038
Completed Steps:   211000 || Avg Steps:  103 || Avg Rew: 0.166
Completed Steps:   212000 || Avg Steps:  181 || Avg Rew: 0.424
Completed Steps:   213000 || Avg Steps:   91 || Avg Rew: 0.654
Completed Steps:   214000 || Avg Steps:   87 || Avg Rew: -0.017
Completed Steps:   215000 || Avg Steps:  139 || Avg Rew: 0.430
Completed Steps:   216000 || Avg Steps:   75 || Avg Rew: 0.296
Completed Steps:   217000 || Avg Steps:  127 || Avg Rew: 0.260
Completed Steps:   218000 || Avg Steps:   94 || Avg Rew: 0.081
Completed Steps:   219000 || Avg Steps:  109 || Avg Rew: 0.711
Completed Steps:   220000 || Avg Steps:   96 || Avg Rew: 1.259
Completed Steps:   221000 || Avg Steps:   90 || Avg Rew: 0.246
Completed Steps:   222000 || Avg Steps:   73 || Avg Rew: 0.911
Completed Steps:   223000 || Avg Steps:   43 || Avg Rew: 0.536
Completed Steps:   224000 || Avg Steps:   79 || Avg Rew: -0.161
Completed Steps:   225000 || Avg Steps:   81 || Avg Rew: 1.205
Completed Steps:   226000 || Avg Steps:   58 || Avg Rew: -0.043
Completed Steps:   227000 || Avg Steps:  107 || Avg Rew: 0.424
Completed Steps:   228000 || Avg Steps:   84 || Avg Rew: 0.327
Completed Steps:   229000 || Avg Steps:   86 || Avg Rew: 0.254
Completed Steps:   230000 || Avg Steps:  105 || Avg Rew: 0.461
Completed Steps:   231000 || Avg Steps:  144 || Avg Rew: 0.505
Completed Steps:   232000 || Avg Steps:  149 || Avg Rew: 0.006
Completed Steps:   233000 || Avg Steps:  164 || Avg Rew: 0.335
Completed Steps:   234000 || Avg Steps:  138 || Avg Rew: -0.030
Completed Steps:   235000 || Avg Steps:  149 || Avg Rew: 0.132
Completed Steps:   236000 || Avg Steps:  123 || Avg Rew: 0.297
Completed Steps:   237000 || Avg Steps:  185 || Avg Rew: 0.324
Completed Steps:   238000 || Avg Steps:  196 || Avg Rew: 0.047
Completed Steps:   239000 || Avg Steps:  206 || Avg Rew: 0.050
Completed Steps:   240000 || Avg Steps:  195 || Avg Rew: -0.082
Completed Steps:   241000 || Avg Steps:  222 || Avg Rew: -0.023
Completed Steps:   242000 || Avg Steps:  246 || Avg Rew: 0.248
Completed Steps:   243000 || Avg Steps:  279 || Avg Rew: 0.136
Completed Steps:   244000 || Avg Steps:  292 || Avg Rew: 0.231
Completed Steps:   245000 || Avg Steps:  279 || Avg Rew: 0.346
Completed Steps:   246000 || Avg Steps:  311 || Avg Rew: 0.038
Completed Steps:   247000 || Avg Steps:  331 || Avg Rew: 0.369
Completed Steps:   248000 || Avg Steps:  363 || Avg Rew: 0.185
Completed Steps:   249000 || Avg Steps:  377 || Avg Rew: 0.080
Completed Steps:   250000 || Avg Steps:  384 || Avg Rew: -0.100
Completed Steps:   251000 || Avg Steps:  385 || Avg Rew: -0.051
Completed Steps:   252000 || Avg Steps:  321 || Avg Rew: -0.075
Completed Steps:   253000 || Avg Steps:  282 || Avg Rew: -0.099
Completed Steps:   254000 || Avg Steps:  318 || Avg Rew: 0.053
Completed Steps:   255000 || Avg Steps:  335 || Avg Rew: -0.017
Completed Steps:   256000 || Avg Steps:  364 || Avg Rew: 0.109
Completed Steps:   257000 || Avg Steps:  351 || Avg Rew: 0.375
Completed Steps:   258000 || Avg Steps:  159 || Avg Rew: 0.200
Completed Steps:   259000 || Avg Steps:  180 || Avg Rew: 0.457
Completed Steps:   260000 || Avg Steps:  220 || Avg Rew: 0.127
Completed Steps:   261000 || Avg Steps:  251 || Avg Rew: 0.236
Completed Steps:   262000 || Avg Steps:  205 || Avg Rew: 0.201
Completed Steps:   263000 || Avg Steps:  252 || Avg Rew: -0.096
Completed Steps:   264000 || Avg Steps:  272 || Avg Rew: -0.101
Completed Steps:   265000 || Avg Steps:  326 || Avg Rew: 0.302
Completed Steps:   266000 || Avg Steps:  368 || Avg Rew: 0.248
Completed Steps:   267000 || Avg Steps:  399 || Avg Rew: 0.026
Completed Steps:   268000 || Avg Steps:  420 || Avg Rew: 0.272
Completed Steps:   269000 || Avg Steps:  427 || Avg Rew: 0.117
Completed Steps:   270000 || Avg Steps:  399 || Avg Rew: -0.063
Completed Steps:   271000 || Avg Steps:  424 || Avg Rew: -0.034
Completed Steps:   272000 || Avg Steps:  383 || Avg Rew: -0.071
Completed Steps:   273000 || Avg Steps:  371 || Avg Rew: -0.082
Completed Steps:   274000 || Avg Steps:  314 || Avg Rew: -0.066
Completed Steps:   275000 || Avg Steps:  271 || Avg Rew: 0.258
Completed Steps:   276000 || Avg Steps:  271 || Avg Rew: 0.181
Completed Steps:   277000 || Avg Steps:  304 || Avg Rew: 0.263
Completed Steps:   278000 || Avg Steps:  321 || Avg Rew: -0.059
Completed Steps:   279000 || Avg Steps:  386 || Avg Rew: -0.062
Completed Steps:   280000 || Avg Steps:  392 || Avg Rew: 0.079
Completed Steps:   281000 || Avg Steps:  392 || Avg Rew: -0.010
Completed Steps:   282000 || Avg Steps:  419 || Avg Rew: -0.049
Completed Steps:   283000 || Avg Steps:  437 || Avg Rew: -0.145
Completed Steps:   284000 || Avg Steps:  424 || Avg Rew: -0.049
Completed Steps:   285000 || Avg Steps:  467 || Avg Rew: -0.119
Completed Steps:   286000 || Avg Steps:  456 || Avg Rew: -0.086
Completed Steps:   287000 || Avg Steps:  456 || Avg Rew: -0.081
Completed Steps:   288000 || Avg Steps:  437 || Avg Rew: 0.032
Completed Steps:   289000 || Avg Steps:  438 || Avg Rew: -0.078
Completed Steps:   290000 || Avg Steps:  431 || Avg Rew: -0.169
Completed Steps:   291000 || Avg Steps:  443 || Avg Rew: -0.155
Completed Steps:   292000 || Avg Steps:  459 || Avg Rew: -0.173
Completed Steps:   293000 || Avg Steps:  500 || Avg Rew: -0.064
Completed Steps:   294000 || Avg Steps:  487 || Avg Rew: -0.052
Completed Steps:   295000 || Avg Steps:  448 || Avg Rew: -0.137
Completed Steps:   296000 || Avg Steps:  466 || Avg Rew: -0.103
Completed Steps:   297000 || Avg Steps:  483 || Avg Rew: -0.172
Completed Steps:   298000 || Avg Steps:  507 || Avg Rew: -0.168
Completed Steps:   299000 || Avg Steps:  548 || Avg Rew: -0.162
Completed Steps:   300000 || Avg Steps:  577 || Avg Rew: -0.078
Completed Steps:   301000 || Avg Steps:  635 || Avg Rew: -0.195
Completed Steps:   302000 || Avg Steps:  665 || Avg Rew: -0.061
Completed Steps:   303000 || Avg Steps:  605 || Avg Rew: -0.152
Completed Steps:   304000 || Avg Steps:  609 || Avg Rew: -0.196
Completed Steps:   305000 || Avg Steps:  569 || Avg Rew: -0.184
Completed Steps:   306000 || Avg Steps:  559 || Avg Rew: -0.108
Completed Steps:   307000 || Avg Steps:  475 || Avg Rew: -0.096
Completed Steps:   308000 || Avg Steps:  500 || Avg Rew: -0.184
Completed Steps:   309000 || Avg Steps:  519 || Avg Rew: -0.197
Completed Steps:   310000 || Avg Steps:  557 || Avg Rew: -0.199
Completed Steps:   311000 || Avg Steps:  578 || Avg Rew: -0.186
Completed Steps:   312000 || Avg Steps:  546 || Avg Rew: -0.045
Completed Steps:   313000 || Avg Steps:  560 || Avg Rew: -0.065
Completed Steps:   314000 || Avg Steps:  539 || Avg Rew: -0.073
Completed Steps:   315000 || Avg Steps:  489 || Avg Rew: -0.116
Completed Steps:   316000 || Avg Steps:  480 || Avg Rew: -0.119
Completed Steps:   317000 || Avg Steps:  473 || Avg Rew: 0.182
Completed Steps:   318000 || Avg Steps:  492 || Avg Rew: -0.152
Completed Steps:   319000 || Avg Steps:  487 || Avg Rew: -0.094
Completed Steps:   320000 || Avg Steps:  493 || Avg Rew: -0.058
Completed Steps:   321000 || Avg Steps:  493 || Avg Rew: 0.068
Completed Steps:   322000 || Avg Steps:  494 || Avg Rew: 0.047
Completed Steps:   323000 || Avg Steps:  496 || Avg Rew: 0.006
Completed Steps:   324000 || Avg Steps:  487 || Avg Rew: -0.112
Completed Steps:   325000 || Avg Steps:  490 || Avg Rew: -0.178
Completed Steps:   326000 || Avg Steps:  534 || Avg Rew: -0.165
Completed Steps:   327000 || Avg Steps:  583 || Avg Rew: -0.197
Completed Steps:   328000 || Avg Steps:  624 || Avg Rew: -0.197
Completed Steps:   329000 || Avg Steps:  695 || Avg Rew: -0.198
Completed Steps:   330000 || Avg Steps:  734 || Avg Rew: -0.198
Completed Steps:   331000 || Avg Steps:  786 || Avg Rew: -0.199
Completed Steps:   332000 || Avg Steps:  822 || Avg Rew: -0.200
Completed Steps:   333000 || Avg Steps:  849 || Avg Rew: -0.078
Completed Steps:   334000 || Avg Steps:  865 || Avg Rew: -0.194
Completed Steps:   335000 || Avg Steps:  875 || Avg Rew: -0.195
Completed Steps:   336000 || Avg Steps:  875 || Avg Rew: -0.199
Completed Steps:   337000 || Avg Steps:  875 || Avg Rew: -0.196
Completed Steps:   338000 || Avg Steps:  865 || Avg Rew: -0.154
Completed Steps:   339000 || Avg Steps:  885 || Avg Rew: -0.191
Completed Steps:   340000 || Avg Steps:  895 || Avg Rew: 0.091
Completed Steps:   341000 || Avg Steps:  886 || Avg Rew: -0.200
Completed Steps:   342000 || Avg Steps:  886 || Avg Rew: -0.199
Completed Steps:   343000 || Avg Steps:  889 || Avg Rew: -0.198
Completed Steps:   344000 || Avg Steps:  894 || Avg Rew: -0.198
Completed Steps:   345000 || Avg Steps:  875 || Avg Rew: -0.199
Completed Steps:   346000 || Avg Steps:  885 || Avg Rew: -0.199
Completed Steps:   347000 || Avg Steps:  897 || Avg Rew: -0.193
Completed Steps:   348000 || Avg Steps:  895 || Avg Rew: -0.148
Completed Steps:   349000 || Avg Steps:  895 || Avg Rew: -0.193
Completed Steps:   350000 || Avg Steps:  904 || Avg Rew: -0.196
Completed Steps:   351000 || Avg Steps:  934 || Avg Rew: -0.172
Completed Steps:   352000 || Avg Steps:  951 || Avg Rew: -0.199
Completed Steps:   353000 || Avg Steps:  942 || Avg Rew: -0.181
Completed Steps:   354000 || Avg Steps:  941 || Avg Rew: -0.184
Completed Steps:   355000 || Avg Steps:  941 || Avg Rew: -0.194
Completed Steps:   356000 || Avg Steps:  948 || Avg Rew: -0.185
Completed Steps:   357000 || Avg Steps:  948 || Avg Rew: -0.196
Completed Steps:   358000 || Avg Steps:  950 || Avg Rew: -0.198
Completed Steps:   359000 || Avg Steps:  960 || Avg Rew: -0.189
Completed Steps:   360000 || Avg Steps:  960 || Avg Rew: 0.028
Completed Steps:   361000 || Avg Steps:  960 || Avg Rew: -0.194
Completed Steps:   362000 || Avg Steps:  970 || Avg Rew: -0.197
Completed Steps:   363000 || Avg Steps:  980 || Avg Rew: -0.194
Completed Steps:   364000 || Avg Steps:  990 || Avg Rew: -0.197
Completed Steps:   365000 || Avg Steps: 1000 || Avg Rew: -0.198
Completed Steps:   366000 || Avg Steps: 1000 || Avg Rew: -0.199
Completed Steps:   367000 || Avg Steps:  990 || Avg Rew: -0.146
Completed Steps:   368000 || Avg Steps:  987 || Avg Rew: -0.194
Completed Steps:   369000 || Avg Steps:  987 || Avg Rew: -0.196
Completed Steps:   370000 || Avg Steps:  980 || Avg Rew: -0.175
Completed Steps:   371000 || Avg Steps:  980 || Avg Rew: -0.187
Completed Steps:   372000 || Avg Steps:  976 || Avg Rew: -0.199
Completed Steps:   373000 || Avg Steps:  966 || Avg Rew: -0.199
Completed Steps:   374000 || Avg Steps:  966 || Avg Rew: -0.126
Completed Steps:   375000 || Avg Steps:  966 || Avg Rew: -0.193
Completed Steps:   376000 || Avg Steps:  966 || Avg Rew: -0.180
Completed Steps:   377000 || Avg Steps:  977 || Avg Rew: -0.195
Completed Steps:   378000 || Avg Steps:  979 || Avg Rew: -0.200
Completed Steps:   379000 || Avg Steps:  979 || Avg Rew: -0.199
Completed Steps:   380000 || Avg Steps:  985 || Avg Rew: -0.195
Completed Steps:   381000 || Avg Steps:  985 || Avg Rew: -0.199
Completed Steps:   382000 || Avg Steps:  990 || Avg Rew: -0.192
Completed Steps:   383000 || Avg Steps: 1000 || Avg Rew: -0.199
Completed Steps:   384000 || Avg Steps: 1000 || Avg Rew: -0.199
Completed Steps:   385000 || Avg Steps:  990 || Avg Rew: -0.196
Completed Steps:   386000 || Avg Steps:  990 || Avg Rew: -0.195
Completed Steps:   387000 || Avg Steps:  990 || Avg Rew: -0.192
Completed Steps:   388000 || Avg Steps:  990 || Avg Rew: -0.197
Completed Steps:   389000 || Avg Steps:  990 || Avg Rew: -0.199
Completed Steps:   390000 || Avg Steps:  990 || Avg Rew: -0.200
Completed Steps:   391000 || Avg Steps:  990 || Avg Rew: -0.199
Completed Steps:   392000 || Avg Steps:  990 || Avg Rew: -0.198
Completed Steps:   393000 || Avg Steps:  990 || Avg Rew: -0.197
Completed Steps:   394000 || Avg Steps:  990 || Avg Rew: -0.199
Completed Steps:   395000 || Avg Steps: 1000 || Avg Rew: -0.199
Completed Steps:   396000 || Avg Steps: 1000 || Avg Rew: -0.196
Completed Steps:   397000 || Avg Steps: 1000 || Avg Rew: -0.199
Completed Steps:   398000 || Avg Steps: 1000 || Avg Rew: -0.198
Completed Steps:   399000 || Avg Steps: 1000 || Avg Rew: -0.193
