/lustre/fs1/home/pnwaorgu/Local_Neuro_Symbolic
	[4mGPU0	GPU1	NIC0	CPU Affinity	NUMA Affinity	GPU NUMA ID[0m
GPU0	 X 	SYS	SYS	0,2,4	0		N/A
GPU1	SYS	 X 	SYS	1,3,5	1		N/A
NIC0	SYS	SYS	 X 				

Legend:

  X    = Self
  SYS  = Connection traversing PCIe as well as the SMP interconnect between NUMA nodes (e.g., QPI/UPI)
  NODE = Connection traversing PCIe as well as the interconnect between PCIe Host Bridges within a NUMA node
  PHB  = Connection traversing PCIe as well as a PCIe Host Bridge (typically the CPU)
  PXB  = Connection traversing multiple PCIe bridges (without traversing the PCIe Host Bridge)
  PIX  = Connection traversing at most a single PCIe bridge
  NV#  = Connection traversing a bonded set of # NVLinks

NIC Legend:

  NIC0: mlx5_0




============================================
Discrete Steps until Terminal State: 150
Continuous Steps until Terminal State: 150
Dungeon Quest LTLF: F(sword) & (!sword U key)
============================================


/lustre/fs1/home/pnwaorgu/Local_Neuro_Symbolic
cuda detected
[<discrete.lib.automaton.mine_aps.MineInventoryAP object at 0x2b10bd190a20>, <discrete.lib.automaton.mine_aps.MineInventoryAP object at 0x2b10bd190a58>, <discrete.lib.automaton.mine_aps.MineInventoryAP object at 0x2b10bd190a90>, <discrete.lib.automaton.mine_aps.MineInfoAutAP object at 0x2b10bd190ac8>]


============================================
DDPG AGENT TRAINING
Steps Before Total Run Termination: 75000
============================================


Starting training at: 2024-06-09 19:51:08
Env Config: EnvConfig(env_name='MineWorldEnv-v1', kwargs={'config': <discrete.lib.env.mineworldenv.MineWorldConfig object at 0x2b10bd1903c8>}, wrapper_cls=<class 'discrete.lib.env.rew_every_step.RewEveryStep'>, wrapper_kwargs={'rew_per_step': -0.1})

Env Name: MineWorldEnv-v1
Observation Space: Box(8, 2)
Automaton Num States: 8
Action Space: Box(1,)
input shape: (8, 2)
Agent Name: DDPG Agent
NOT Loading from checkpoint
input shape: (8, 2)
Actor Learning Rate: 0.0001
Critic Learning Rate: 0.001
Updating Graphs at Step: 0
Updating Graphs at Step: 1000
Updating Graphs at Step: 2000
Updating Graphs at Step: 3000
Updating Graphs at Step: 4000
Updating Graphs at Step: 5000
Updating Graphs at Step: 6000
Updating Graphs at Step: 7000
Updating Graphs at Step: 8000
Updating Graphs at Step: 9000
Updating Graphs at Step: 10000
Updating Graphs at Step: 11000
Updating Graphs at Step: 12000
Updating Graphs at Step: 13000
Updating Graphs at Step: 14000
Updating Graphs at Step: 15000
Updating Graphs at Step: 16000
Updating Graphs at Step: 17000
Updating Graphs at Step: 18000
Updating Graphs at Step: 19000
Updating Graphs at Step: 20000
Updating Graphs at Step: 21000
Updating Graphs at Step: 22000
Updating Graphs at Step: 23000
Updating Graphs at Step: 24000
Updating Graphs at Step: 25000
Updating Graphs at Step: 26000
Updating Graphs at Step: 27000
Updating Graphs at Step: 28000
Updating Graphs at Step: 29000
Updating Graphs at Step: 30000
Updating Graphs at Step: 31000
Updating Graphs at Step: 32000
Updating Graphs at Step: 33000
Updating Graphs at Step: 34000
Updating Graphs at Step: 35000
Updating Graphs at Step: 36000
Updating Graphs at Step: 37000
Updating Graphs at Step: 38000
Updating Graphs at Step: 39000
Updating Graphs at Step: 40000
Updating Graphs at Step: 41000
Updating Graphs at Step: 42000
Updating Graphs at Step: 43000
Updating Graphs at Step: 44000
Updating Graphs at Step: 45000
Updating Graphs at Step: 46000
Updating Graphs at Step: 47000
Updating Graphs at Step: 48000
Updating Graphs at Step: 49000
Updating Graphs at Step: 50000
Updating Graphs at Step: 51000
Updating Graphs at Step: 52000
Updating Graphs at Step: 53000
Updating Graphs at Step: 54000
Updating Graphs at Step: 55000
Updating Graphs at Step: 56000
Updating Graphs at Step: 57000
Updating Graphs at Step: 58000
Updating Graphs at Step: 59000
Updating Graphs at Step: 60000
Updating Graphs at Step: 61000
Updating Graphs at Step: 62000
Updating Graphs at Step: 63000
Updating Graphs at Step: 64000
Updating Graphs at Step: 65000
Updating Graphs at Step: 66000
Updating Graphs at Step: 67000
Updating Graphs at Step: 68000
Updating Graphs at Step: 69000
Updating Graphs at Step: 70000
Updating Graphs at Step: 71000
Updating Graphs at Step: 72000
Updating Graphs at Step: 73000
Updating Graphs at Step: 74000
Finished training at: 2024-06-09 20:13:47

