entered training run...


============================================
Discrete Steps until Terminal State: 1000
Continuous Steps until Terminal State: 1000
3.7.2 | packaged by conda-forge | (default, Mar 20 2019, 01:46:52) 
[GCC 7.3.0]
/lustre/fs1/home/amckinney/Local_Neuro_Symbolic
Bounding Persist: <class 'bool'>, True
Bounding Distance: <class 'int'>, 3
Terminal Reward: <class 'int'>, 10
Sequence Level: <class 'int'>, 2
Dungeon Quest LTLF: F(dragon) & (!sword U key) & (!dragon U sword)
============================================


imported all dependencies, checking for cuda

==============
Cuda detected!
==============

Done with DFA conversion
[<discrete.lib.automaton.mine_aps.MineInventoryAP object at 0x2b8f18583438>, <discrete.lib.automaton.mine_aps.MineInventoryAP object at 0x2b8f18583470>, <discrete.lib.automaton.mine_aps.MineInfoAutAP object at 0x2b8f185834a8>]


============================================
Training Teacher / Independent DDPG Agent
Max Training Steps: 1000000
LTLF: F(dragon) & (!sword U key) & (!dragon U sword)
============================================


Starting training at: 2024-07-21 13:00:01
Env Config: EnvConfig(env_name='MineWorldEnv-v1', kwargs={'config': <discrete.lib.env.mineworldenv.MineWorldConfig object at 0x2b8f18583358>}, wrapper_cls=<class 'discrete.lib.env.rew_every_step.RewEveryStep'>, wrapper_kwargs={'rew_per_step': -0.1})

Env Name: MineWorldEnv-v1
Observation Space: Box(8, 2)
Automaton Num States: 5
Action Space: Box(1,)
input shape: (8, 2)
Agent Name: DDPG Agent
NOT Loading from checkpoint
input shape: (8, 2)
input shape: (8, 2)
Actor Learning Rate: 0.0001
Critic Learning Rate: 0.001
Completed Steps:     1000 || Avg Steps: 1000 || Avg Rew: -0.098
Completed Steps:     2000 || Avg Steps: 1000 || Avg Rew: -0.095
Completed Steps:     3000 || Avg Steps: 1000 || Avg Rew: -0.096
Completed Steps:     4000 || Avg Steps: 1000 || Avg Rew: -0.095
Completed Steps:     5000 || Avg Steps: 1000 || Avg Rew: -0.096
Completed Steps:     6000 || Avg Steps: 1000 || Avg Rew: -0.093
Completed Steps:     7000 || Avg Steps: 1000 || Avg Rew: -0.095
Completed Steps:     8000 || Avg Steps: 1000 || Avg Rew: -0.093
Completed Steps:     9000 || Avg Steps: 1000 || Avg Rew: -0.094
Completed Steps:    10000 || Avg Steps: 1000 || Avg Rew: -0.093
Completed Steps:    11000 || Avg Steps:  989 || Avg Rew: 0.283
Completed Steps:    12000 || Avg Steps:  977 || Avg Rew: -0.029
Completed Steps:    13000 || Avg Steps:  968 || Avg Rew: -0.011
Completed Steps:    14000 || Avg Steps:  955 || Avg Rew: -0.004
Completed Steps:    15000 || Avg Steps:  906 || Avg Rew: 0.882
Completed Steps:    16000 || Avg Steps:  900 || Avg Rew: 0.077
Completed Steps:    17000 || Avg Steps:  858 || Avg Rew: 0.149
Completed Steps:    18000 || Avg Steps:  780 || Avg Rew: 0.484
Completed Steps:    19000 || Avg Steps:  657 || Avg Rew: 1.204
Completed Steps:    20000 || Avg Steps:  623 || Avg Rew: 0.609
Completed Steps:    21000 || Avg Steps:  530 || Avg Rew: 0.689
Completed Steps:    22000 || Avg Steps:  507 || Avg Rew: 0.300
Completed Steps:    23000 || Avg Steps:  489 || Avg Rew: 0.549
Completed Steps:    24000 || Avg Steps:  421 || Avg Rew: 0.983
Completed Steps:    25000 || Avg Steps:  358 || Avg Rew: 0.940
Completed Steps:    26000 || Avg Steps:  323 || Avg Rew: 0.496
Completed Steps:    27000 || Avg Steps:  286 || Avg Rew: 0.345
Completed Steps:    28000 || Avg Steps:  268 || Avg Rew: 0.404
Completed Steps:    29000 || Avg Steps:  271 || Avg Rew: 0.299
Completed Steps:    30000 || Avg Steps:  193 || Avg Rew: 0.741
Completed Steps:    31000 || Avg Steps:  155 || Avg Rew: 0.480
Completed Steps:    32000 || Avg Steps:  119 || Avg Rew: 0.340
Completed Steps:    33000 || Avg Steps:   25 || Avg Rew: 1.140
Completed Steps:    34000 || Avg Steps:   57 || Avg Rew: 0.893
Completed Steps:    35000 || Avg Steps:   70 || Avg Rew: 1.169
Completed Steps:    36000 || Avg Steps:   51 || Avg Rew: 0.441
Completed Steps:    37000 || Avg Steps:   64 || Avg Rew: 0.378
Completed Steps:    38000 || Avg Steps:   56 || Avg Rew: 0.625
Completed Steps:    39000 || Avg Steps:   54 || Avg Rew: -0.094
Completed Steps:    40000 || Avg Steps:  133 || Avg Rew: -0.042
Completed Steps:    41000 || Avg Steps:  212 || Avg Rew: 1.718
Completed Steps:    42000 || Avg Steps:   21 || Avg Rew: 0.534
Completed Steps:    43000 || Avg Steps:   41 || Avg Rew: 0.682
Completed Steps:    44000 || Avg Steps:   15 || Avg Rew: 1.881
Completed Steps:    45000 || Avg Steps:   10 || Avg Rew: 2.180
Completed Steps:    46000 || Avg Steps:   17 || Avg Rew: 4.060
Completed Steps:    47000 || Avg Steps:   22 || Avg Rew: 1.725
Completed Steps:    48000 || Avg Steps:   10 || Avg Rew: 2.674
Completed Steps:    49000 || Avg Steps:   12 || Avg Rew: 1.703
Completed Steps:    50000 || Avg Steps:   13 || Avg Rew: 2.236
Completed Steps:    51000 || Avg Steps:   12 || Avg Rew: 2.725
Completed Steps:    52000 || Avg Steps:   13 || Avg Rew: 1.953
Completed Steps:    53000 || Avg Steps:   10 || Avg Rew: 2.953
Completed Steps:    54000 || Avg Steps:    9 || Avg Rew: 3.068
Completed Steps:    55000 || Avg Steps:    9 || Avg Rew: 2.833
Completed Steps:    56000 || Avg Steps:    8 || Avg Rew: 3.263
Completed Steps:    57000 || Avg Steps:    8 || Avg Rew: 2.831
Completed Steps:    58000 || Avg Steps:   10 || Avg Rew: 2.988
Completed Steps:    59000 || Avg Steps:    8 || Avg Rew: 3.133
Completed Steps:    60000 || Avg Steps:   10 || Avg Rew: 2.979
Completed Steps:    61000 || Avg Steps:    9 || Avg Rew: 2.937
Completed Steps:    62000 || Avg Steps:   11 || Avg Rew: 2.152
Completed Steps:    63000 || Avg Steps:    9 || Avg Rew: 3.156
Completed Steps:    64000 || Avg Steps:    9 || Avg Rew: 3.389
Completed Steps:    65000 || Avg Steps:    9 || Avg Rew: 2.617
Completed Steps:    66000 || Avg Steps:    8 || Avg Rew: 3.019
Completed Steps:    67000 || Avg Steps:   13 || Avg Rew: 2.361
Completed Steps:    68000 || Avg Steps:    8 || Avg Rew: 2.950
Completed Steps:    69000 || Avg Steps:   12 || Avg Rew: 0.493
Completed Steps:    70000 || Avg Steps:   35 || Avg Rew: 1.659
Completed Steps:    71000 || Avg Steps:    9 || Avg Rew: 3.075
Completed Steps:    72000 || Avg Steps:    9 || Avg Rew: 2.104
Completed Steps:    73000 || Avg Steps:   18 || Avg Rew: 2.708
Completed Steps:    74000 || Avg Steps:   19 || Avg Rew: 2.089
Completed Steps:    75000 || Avg Steps:    8 || Avg Rew: 1.952
Completed Steps:    76000 || Avg Steps:    7 || Avg Rew: 1.633
Completed Steps:    77000 || Avg Steps:    9 || Avg Rew: 2.750
Completed Steps:    78000 || Avg Steps:    7 || Avg Rew: 2.771
Completed Steps:    79000 || Avg Steps:   19 || Avg Rew: 2.302
Completed Steps:    80000 || Avg Steps:    8 || Avg Rew: 3.233
Completed Steps:    81000 || Avg Steps:    8 || Avg Rew: 3.202
Completed Steps:    82000 || Avg Steps:   18 || Avg Rew: 1.565
Completed Steps:    83000 || Avg Steps:    8 || Avg Rew: 2.890
Completed Steps:    84000 || Avg Steps:    8 || Avg Rew: 1.792
Completed Steps:    85000 || Avg Steps:   16 || Avg Rew: 2.337
Completed Steps:    86000 || Avg Steps:    8 || Avg Rew: 2.586
Completed Steps:    87000 || Avg Steps:    9 || Avg Rew: 2.764
Completed Steps:    88000 || Avg Steps:    9 || Avg Rew: 2.847
Completed Steps:    89000 || Avg Steps:    8 || Avg Rew: 3.277
Completed Steps:    90000 || Avg Steps:   10 || Avg Rew: 2.522
Completed Steps:    91000 || Avg Steps:    7 || Avg Rew: 3.219
Completed Steps:    92000 || Avg Steps:    8 || Avg Rew: 3.086
Completed Steps:    93000 || Avg Steps:    9 || Avg Rew: 2.874
Completed Steps:    94000 || Avg Steps:    8 || Avg Rew: 1.570
Completed Steps:    95000 || Avg Steps:   36 || Avg Rew: 1.635
Completed Steps:    96000 || Avg Steps:   18 || Avg Rew: 1.744
Completed Steps:    97000 || Avg Steps:   26 || Avg Rew: 1.583
Completed Steps:    98000 || Avg Steps:   40 || Avg Rew: 1.698
Completed Steps:    99000 || Avg Steps:    8 || Avg Rew: 2.961
Completed Steps:   100000 || Avg Steps:    8 || Avg Rew: 2.224
Completed Steps:   101000 || Avg Steps:    9 || Avg Rew: 2.897
Completed Steps:   102000 || Avg Steps:   10 || Avg Rew: 2.767
Completed Steps:   103000 || Avg Steps:    8 || Avg Rew: 2.523
Completed Steps:   104000 || Avg Steps:    8 || Avg Rew: 2.656
Completed Steps:   105000 || Avg Steps:    9 || Avg Rew: 2.841
Completed Steps:   106000 || Avg Steps:    9 || Avg Rew: 2.622
Completed Steps:   107000 || Avg Steps:    8 || Avg Rew: 2.880
Completed Steps:   108000 || Avg Steps:   10 || Avg Rew: 0.688
Completed Steps:   109000 || Avg Steps:    8 || Avg Rew: 2.997
Completed Steps:   110000 || Avg Steps:   26 || Avg Rew: 1.812
Completed Steps:   111000 || Avg Steps:   18 || Avg Rew: 1.376
Completed Steps:   112000 || Avg Steps:    8 || Avg Rew: 3.054
Completed Steps:   113000 || Avg Steps:    7 || Avg Rew: 3.097
Completed Steps:   114000 || Avg Steps:   10 || Avg Rew: 2.235
Completed Steps:   115000 || Avg Steps:    9 || Avg Rew: 1.761
Completed Steps:   116000 || Avg Steps:    9 || Avg Rew: 2.618
Completed Steps:   117000 || Avg Steps:   10 || Avg Rew: 2.049
Completed Steps:   118000 || Avg Steps:   13 || Avg Rew: 2.704
Completed Steps:   119000 || Avg Steps:   18 || Avg Rew: 1.272
Completed Steps:   120000 || Avg Steps:   82 || Avg Rew: 1.303
Completed Steps:   121000 || Avg Steps:   20 || Avg Rew: 2.163
Completed Steps:   122000 || Avg Steps:   11 || Avg Rew: 1.942
Completed Steps:   123000 || Avg Steps:   19 || Avg Rew: 1.318
Completed Steps:   124000 || Avg Steps:   12 || Avg Rew: 0.662
Completed Steps:   125000 || Avg Steps:   26 || Avg Rew: 2.134
Completed Steps:   126000 || Avg Steps:   15 || Avg Rew: 1.866
Completed Steps:   127000 || Avg Steps:   21 || Avg Rew: 1.818
Completed Steps:   128000 || Avg Steps:   22 || Avg Rew: 1.325
Completed Steps:   129000 || Avg Steps:   10 || Avg Rew: 2.059
Completed Steps:   130000 || Avg Steps:    9 || Avg Rew: 2.311
Completed Steps:   131000 || Avg Steps:   13 || Avg Rew: 1.773
Completed Steps:   132000 || Avg Steps:   21 || Avg Rew: 0.217
Completed Steps:   133000 || Avg Steps:   87 || Avg Rew: 0.381
Completed Steps:   134000 || Avg Steps:  109 || Avg Rew: 0.679
Completed Steps:   135000 || Avg Steps:   13 || Avg Rew: 0.941
Completed Steps:   136000 || Avg Steps:   14 || Avg Rew: 1.123
Completed Steps:   137000 || Avg Steps:    9 || Avg Rew: 1.804
Completed Steps:   138000 || Avg Steps:   18 || Avg Rew: 1.589
Completed Steps:   139000 || Avg Steps:   18 || Avg Rew: 1.532
Completed Steps:   140000 || Avg Steps:    9 || Avg Rew: 2.075
Completed Steps:   141000 || Avg Steps:   12 || Avg Rew: 2.247
Completed Steps:   142000 || Avg Steps:   13 || Avg Rew: 2.204
Completed Steps:   143000 || Avg Steps:   78 || Avg Rew: 1.729
Completed Steps:   144000 || Avg Steps:   15 || Avg Rew: 0.625
Completed Steps:   145000 || Avg Steps:   14 || Avg Rew: 1.018
Completed Steps:   146000 || Avg Steps:   60 || Avg Rew: 0.337
Completed Steps:   147000 || Avg Steps:  121 || Avg Rew: 1.123
Completed Steps:   148000 || Avg Steps:   18 || Avg Rew: 1.238
Completed Steps:   149000 || Avg Steps:   20 || Avg Rew: 0.575
Completed Steps:   150000 || Avg Steps:   18 || Avg Rew: 2.038
Completed Steps:   151000 || Avg Steps:   26 || Avg Rew: 1.798
Completed Steps:   152000 || Avg Steps:   13 || Avg Rew: 1.597
Completed Steps:   153000 || Avg Steps:   13 || Avg Rew: 2.270
Completed Steps:   154000 || Avg Steps:   21 || Avg Rew: 0.557
Completed Steps:   155000 || Avg Steps:   22 || Avg Rew: 1.794
Completed Steps:   156000 || Avg Steps:   14 || Avg Rew: 1.273
Completed Steps:   157000 || Avg Steps:   29 || Avg Rew: 0.850
Completed Steps:   158000 || Avg Steps:   16 || Avg Rew: 1.401
Completed Steps:   159000 || Avg Steps:   10 || Avg Rew: 2.144
Completed Steps:   160000 || Avg Steps:   11 || Avg Rew: 2.209
Completed Steps:   161000 || Avg Steps:   28 || Avg Rew: 0.619
Completed Steps:   162000 || Avg Steps:   37 || Avg Rew: 1.042
Completed Steps:   163000 || Avg Steps:   12 || Avg Rew: 2.469
Completed Steps:   164000 || Avg Steps:   22 || Avg Rew: 2.069
Completed Steps:   165000 || Avg Steps:   24 || Avg Rew: 0.141
Completed Steps:   166000 || Avg Steps:   18 || Avg Rew: 1.155
Completed Steps:   167000 || Avg Steps:   52 || Avg Rew: 1.671
Completed Steps:   168000 || Avg Steps:   10 || Avg Rew: 0.951
Completed Steps:   169000 || Avg Steps:   18 || Avg Rew: 1.856
Completed Steps:   170000 || Avg Steps:   23 || Avg Rew: -0.092
Completed Steps:   171000 || Avg Steps:   19 || Avg Rew: 0.761
Completed Steps:   172000 || Avg Steps:   35 || Avg Rew: 0.752
Completed Steps:   173000 || Avg Steps:   44 || Avg Rew: 0.316
Completed Steps:   174000 || Avg Steps:  108 || Avg Rew: 1.038
Completed Steps:   175000 || Avg Steps:   26 || Avg Rew: 0.542
Completed Steps:   176000 || Avg Steps:   63 || Avg Rew: 0.944
Completed Steps:   177000 || Avg Steps:   14 || Avg Rew: 1.445
Completed Steps:   178000 || Avg Steps:   34 || Avg Rew: 0.464
Completed Steps:   179000 || Avg Steps:   39 || Avg Rew: 1.364
Completed Steps:   180000 || Avg Steps:   43 || Avg Rew: 0.622
Completed Steps:   181000 || Avg Steps:   90 || Avg Rew: 0.091
Completed Steps:   182000 || Avg Steps:   18 || Avg Rew: 1.229
Completed Steps:   183000 || Avg Steps:   29 || Avg Rew: 0.411
Completed Steps:   184000 || Avg Steps:   12 || Avg Rew: 1.855
Completed Steps:   185000 || Avg Steps:   15 || Avg Rew: 1.484
Completed Steps:   186000 || Avg Steps:   32 || Avg Rew: 0.474
Completed Steps:   187000 || Avg Steps:   43 || Avg Rew: 0.352
Completed Steps:   188000 || Avg Steps:  115 || Avg Rew: -0.014
Completed Steps:   189000 || Avg Steps:  195 || Avg Rew: -0.060
Completed Steps:   190000 || Avg Steps:  272 || Avg Rew: -0.095
Completed Steps:   191000 || Avg Steps:  337 || Avg Rew: -0.060
Completed Steps:   192000 || Avg Steps:  417 || Avg Rew: -0.033
Completed Steps:   193000 || Avg Steps:  494 || Avg Rew: 0.028
Completed Steps:   194000 || Avg Steps:  565 || Avg Rew: 0.061
Completed Steps:   195000 || Avg Steps:  616 || Avg Rew: 0.035
Completed Steps:   196000 || Avg Steps:  562 || Avg Rew: 0.110
Completed Steps:   197000 || Avg Steps:  457 || Avg Rew: 0.205
Completed Steps:   198000 || Avg Steps:  383 || Avg Rew: 0.287
Completed Steps:   199000 || Avg Steps:  309 || Avg Rew: -0.039
Completed Steps:   200000 || Avg Steps:  363 || Avg Rew: -0.039
Completed Steps:   201000 || Avg Steps:  402 || Avg Rew: -0.086
Completed Steps:   202000 || Avg Steps:  418 || Avg Rew: 0.144
Completed Steps:   203000 || Avg Steps:  436 || Avg Rew: 0.142
Completed Steps:   204000 || Avg Steps:  477 || Avg Rew: 0.027
Completed Steps:   205000 || Avg Steps:  382 || Avg Rew: 0.244
Completed Steps:   206000 || Avg Steps:  374 || Avg Rew: 0.104
Completed Steps:   207000 || Avg Steps:  414 || Avg Rew: 0.064
Completed Steps:   208000 || Avg Steps:  469 || Avg Rew: 0.109
Completed Steps:   209000 || Avg Steps:  467 || Avg Rew: 0.020
Completed Steps:   210000 || Avg Steps:  457 || Avg Rew: 0.440
Completed Steps:   211000 || Avg Steps:  376 || Avg Rew: 0.279
Completed Steps:   212000 || Avg Steps:  304 || Avg Rew: 0.118
Completed Steps:   213000 || Avg Steps:  258 || Avg Rew: 0.068
Completed Steps:   214000 || Avg Steps:  275 || Avg Rew: 0.263
Completed Steps:   215000 || Avg Steps:  238 || Avg Rew: 0.592
Completed Steps:   216000 || Avg Steps:  223 || Avg Rew: 0.445
Completed Steps:   217000 || Avg Steps:  237 || Avg Rew: 0.323
Completed Steps:   218000 || Avg Steps:  226 || Avg Rew: 0.588
Completed Steps:   219000 || Avg Steps:  137 || Avg Rew: 0.314
Completed Steps:   220000 || Avg Steps:   96 || Avg Rew: 0.033
Completed Steps:   221000 || Avg Steps:  135 || Avg Rew: 0.101
Completed Steps:   222000 || Avg Steps:  160 || Avg Rew: 0.106
Completed Steps:   223000 || Avg Steps:  205 || Avg Rew: 0.248
Completed Steps:   224000 || Avg Steps:  182 || Avg Rew: 0.616
Completed Steps:   225000 || Avg Steps:  162 || Avg Rew: 0.143
Completed Steps:   226000 || Avg Steps:  189 || Avg Rew: 0.365
Completed Steps:   227000 || Avg Steps:  257 || Avg Rew: 0.050
Completed Steps:   228000 || Avg Steps:  312 || Avg Rew: 0.053
Completed Steps:   229000 || Avg Steps:  359 || Avg Rew: 0.132
Completed Steps:   230000 || Avg Steps:  403 || Avg Rew: 0.127
Completed Steps:   231000 || Avg Steps:  319 || Avg Rew: 0.597
Completed Steps:   232000 || Avg Steps:  279 || Avg Rew: 0.132
Completed Steps:   233000 || Avg Steps:  162 || Avg Rew: 0.170
Completed Steps:   234000 || Avg Steps:  135 || Avg Rew: 0.070
Completed Steps:   235000 || Avg Steps:  181 || Avg Rew: -0.015
Completed Steps:   236000 || Avg Steps:  194 || Avg Rew: 0.415
Completed Steps:   237000 || Avg Steps:  196 || Avg Rew: 0.512
Completed Steps:   238000 || Avg Steps:  227 || Avg Rew: 0.043
Completed Steps:   239000 || Avg Steps:  262 || Avg Rew: -0.048
Completed Steps:   240000 || Avg Steps:  260 || Avg Rew: 0.032
Completed Steps:   241000 || Avg Steps:  307 || Avg Rew: 0.126
Completed Steps:   242000 || Avg Steps:  373 || Avg Rew: 0.151
Completed Steps:   243000 || Avg Steps:  420 || Avg Rew: -0.100
Completed Steps:   244000 || Avg Steps:  469 || Avg Rew: 0.103
Completed Steps:   245000 || Avg Steps:  443 || Avg Rew: 0.623
Completed Steps:   246000 || Avg Steps:  387 || Avg Rew: 0.059
Completed Steps:   247000 || Avg Steps:  296 || Avg Rew: 0.012
Completed Steps:   248000 || Avg Steps:  229 || Avg Rew: 0.374
Completed Steps:   249000 || Avg Steps:  258 || Avg Rew: 0.132
Completed Steps:   250000 || Avg Steps:  313 || Avg Rew: -0.097
Completed Steps:   251000 || Avg Steps:  347 || Avg Rew: -0.096
Completed Steps:   252000 || Avg Steps:  405 || Avg Rew: 0.074
Completed Steps:   253000 || Avg Steps:  448 || Avg Rew: 0.006
Completed Steps:   254000 || Avg Steps:  513 || Avg Rew: -0.091
Completed Steps:   255000 || Avg Steps:  574 || Avg Rew: -0.095
Completed Steps:   256000 || Avg Steps:  618 || Avg Rew: 0.213
Completed Steps:   257000 || Avg Steps:  677 || Avg Rew: -0.063
Completed Steps:   258000 || Avg Steps:  638 || Avg Rew: -0.062
Completed Steps:   259000 || Avg Steps:  581 || Avg Rew: -0.060
Completed Steps:   260000 || Avg Steps:  596 || Avg Rew: 0.130
Completed Steps:   261000 || Avg Steps:  607 || Avg Rew: -0.088
Completed Steps:   262000 || Avg Steps:  615 || Avg Rew: -0.031
Completed Steps:   263000 || Avg Steps:  629 || Avg Rew: 0.401
Completed Steps:   264000 || Avg Steps:  641 || Avg Rew: -0.086
Completed Steps:   265000 || Avg Steps:  681 || Avg Rew: -0.083
Completed Steps:   266000 || Avg Steps:  671 || Avg Rew: -0.095
Completed Steps:   267000 || Avg Steps:  719 || Avg Rew: -0.100
Completed Steps:   268000 || Avg Steps:  746 || Avg Rew: -0.098
Completed Steps:   269000 || Avg Steps:  776 || Avg Rew: -0.100
Completed Steps:   270000 || Avg Steps:  771 || Avg Rew: -0.085
Completed Steps:   271000 || Avg Steps:  787 || Avg Rew: -0.100
Completed Steps:   272000 || Avg Steps:  814 || Avg Rew: -0.100
Completed Steps:   273000 || Avg Steps:  834 || Avg Rew: -0.100
Completed Steps:   274000 || Avg Steps:  834 || Avg Rew: -0.100
Completed Steps:   275000 || Avg Steps:  835 || Avg Rew: -0.100
Completed Steps:   276000 || Avg Steps:  853 || Avg Rew: -0.100
Completed Steps:   277000 || Avg Steps:  845 || Avg Rew: -0.100
Completed Steps:   278000 || Avg Steps:  844 || Avg Rew: -0.100
Completed Steps:   279000 || Avg Steps:  854 || Avg Rew: -0.100
Completed Steps:   280000 || Avg Steps:  854 || Avg Rew: -0.099
Completed Steps:   281000 || Avg Steps:  873 || Avg Rew: -0.100
Completed Steps:   282000 || Avg Steps:  872 || Avg Rew: -0.098
Completed Steps:   283000 || Avg Steps:  872 || Avg Rew: -0.100
Completed Steps:   284000 || Avg Steps:  882 || Avg Rew: -0.099
Completed Steps:   285000 || Avg Steps:  902 || Avg Rew: -0.099
Completed Steps:   286000 || Avg Steps:  902 || Avg Rew: -0.100
Completed Steps:   287000 || Avg Steps:  921 || Avg Rew: -0.100
Completed Steps:   288000 || Avg Steps:  929 || Avg Rew: -0.100
Completed Steps:   289000 || Avg Steps:  938 || Avg Rew: -0.100
Completed Steps:   290000 || Avg Steps:  958 || Avg Rew: -0.100
Completed Steps:   291000 || Avg Steps:  968 || Avg Rew: -0.098
Completed Steps:   292000 || Avg Steps:  978 || Avg Rew: -0.096
Completed Steps:   293000 || Avg Steps:  998 || Avg Rew: -0.100
Completed Steps:   294000 || Avg Steps:  998 || Avg Rew: -0.100
Completed Steps:   295000 || Avg Steps:  994 || Avg Rew: -0.100
Completed Steps:   296000 || Avg Steps:  994 || Avg Rew: -0.100
Completed Steps:   297000 || Avg Steps:  976 || Avg Rew: -0.100
Completed Steps:   298000 || Avg Steps:  976 || Avg Rew: -0.099
Completed Steps:   299000 || Avg Steps:  966 || Avg Rew: -0.100
Completed Steps:   300000 || Avg Steps:  967 || Avg Rew: -0.100
Completed Steps:   301000 || Avg Steps:  967 || Avg Rew: -0.100
Completed Steps:   302000 || Avg Steps:  967 || Avg Rew: -0.100
Completed Steps:   303000 || Avg Steps:  967 || Avg Rew: -0.100
Completed Steps:   304000 || Avg Steps:  967 || Avg Rew: -0.100
Completed Steps:   305000 || Avg Steps:  957 || Avg Rew: -0.100
Completed Steps:   306000 || Avg Steps:  957 || Avg Rew: -0.100
Completed Steps:   307000 || Avg Steps:  951 || Avg Rew: -0.100
Completed Steps:   308000 || Avg Steps:  951 || Avg Rew: -0.100
Completed Steps:   309000 || Avg Steps:  970 || Avg Rew: -0.100
Completed Steps:   310000 || Avg Steps:  970 || Avg Rew: -0.100
Completed Steps:   311000 || Avg Steps:  970 || Avg Rew: -0.020
Completed Steps:   312000 || Avg Steps:  970 || Avg Rew: -0.073
Completed Steps:   313000 || Avg Steps:  960 || Avg Rew: -0.096
Completed Steps:   314000 || Avg Steps:  960 || Avg Rew: 0.007
Completed Steps:   315000 || Avg Steps:  940 || Avg Rew: -0.029
Completed Steps:   316000 || Avg Steps:  930 || Avg Rew: -0.091
Completed Steps:   317000 || Avg Steps:  922 || Avg Rew: -0.098
Completed Steps:   318000 || Avg Steps:  873 || Avg Rew: -0.092
Completed Steps:   319000 || Avg Steps:  863 || Avg Rew: -0.065
Completed Steps:   320000 || Avg Steps:  846 || Avg Rew: -0.052
Completed Steps:   321000 || Avg Steps:  819 || Avg Rew: 0.365
Completed Steps:   322000 || Avg Steps:  819 || Avg Rew: -0.073
Completed Steps:   323000 || Avg Steps:  819 || Avg Rew: -0.094
Completed Steps:   324000 || Avg Steps:  819 || Avg Rew: -0.082
Completed Steps:   325000 || Avg Steps:  839 || Avg Rew: -0.091
Completed Steps:   326000 || Avg Steps:  839 || Avg Rew: -0.095
Completed Steps:   327000 || Avg Steps:  857 || Avg Rew: -0.092
Completed Steps:   328000 || Avg Steps:  866 || Avg Rew: 0.043
Completed Steps:   329000 || Avg Steps:  887 || Avg Rew: -0.047
Completed Steps:   330000 || Avg Steps:  896 || Avg Rew: -0.097
Completed Steps:   331000 || Avg Steps:  905 || Avg Rew: -0.092
Completed Steps:   332000 || Avg Steps:  905 || Avg Rew: -0.068
Completed Steps:   333000 || Avg Steps:  931 || Avg Rew: -0.097
Completed Steps:   334000 || Avg Steps:  921 || Avg Rew: -0.090
Completed Steps:   335000 || Avg Steps:  912 || Avg Rew: 0.305
Completed Steps:   336000 || Avg Steps:  912 || Avg Rew: -0.042
Completed Steps:   337000 || Avg Steps:  912 || Avg Rew: 0.142
Completed Steps:   338000 || Avg Steps:  921 || Avg Rew: -0.017
Completed Steps:   339000 || Avg Steps:  912 || Avg Rew: 0.298
Completed Steps:   340000 || Avg Steps:  921 || Avg Rew: -0.030
Completed Steps:   341000 || Avg Steps:  941 || Avg Rew: -0.072
Completed Steps:   342000 || Avg Steps:  941 || Avg Rew: -0.091
Completed Steps:   343000 || Avg Steps:  941 || Avg Rew: 0.099
Completed Steps:   344000 || Avg Steps:  943 || Avg Rew: -0.095
Completed Steps:   345000 || Avg Steps:  952 || Avg Rew: -0.097
Completed Steps:   346000 || Avg Steps:  962 || Avg Rew: -0.088
Completed Steps:   347000 || Avg Steps:  954 || Avg Rew: -0.098
Completed Steps:   348000 || Avg Steps:  964 || Avg Rew: -0.096
Completed Steps:   349000 || Avg Steps:  954 || Avg Rew: -0.079
Completed Steps:   350000 || Avg Steps:  936 || Avg Rew: 0.165
Completed Steps:   351000 || Avg Steps:  936 || Avg Rew: -0.097
Completed Steps:   352000 || Avg Steps:  926 || Avg Rew: 0.338
Completed Steps:   353000 || Avg Steps:  886 || Avg Rew: 0.043
Completed Steps:   354000 || Avg Steps:  886 || Avg Rew: -0.098
Completed Steps:   355000 || Avg Steps:  894 || Avg Rew: -0.099
Completed Steps:   356000 || Avg Steps:  884 || Avg Rew: -0.065
Completed Steps:   357000 || Avg Steps:  878 || Avg Rew: -0.038
Completed Steps:   358000 || Avg Steps:  895 || Avg Rew: -0.096
Completed Steps:   359000 || Avg Steps:  885 || Avg Rew: -0.096
Completed Steps:   360000 || Avg Steps:  895 || Avg Rew: -0.098
Completed Steps:   361000 || Avg Steps:  904 || Avg Rew: -0.097
Completed Steps:   362000 || Avg Steps:  913 || Avg Rew: -0.095
Completed Steps:   363000 || Avg Steps:  923 || Avg Rew: -0.000
Completed Steps:   364000 || Avg Steps:  927 || Avg Rew: 0.113
Completed Steps:   365000 || Avg Steps:  927 || Avg Rew: -0.095
Completed Steps:   366000 || Avg Steps:  920 || Avg Rew: -0.086
Completed Steps:   367000 || Avg Steps:  920 || Avg Rew: -0.097
Completed Steps:   368000 || Avg Steps:  937 || Avg Rew: -0.079
Completed Steps:   369000 || Avg Steps:  937 || Avg Rew: -0.080
Completed Steps:   370000 || Avg Steps:  937 || Avg Rew: -0.094
Completed Steps:   371000 || Avg Steps:  947 || Avg Rew: -0.097
Completed Steps:   372000 || Avg Steps:  947 || Avg Rew: -0.063
Completed Steps:   373000 || Avg Steps:  937 || Avg Rew: -0.095
Completed Steps:   374000 || Avg Steps:  937 || Avg Rew: -0.098
Completed Steps:   375000 || Avg Steps:  947 || Avg Rew: -0.095
Completed Steps:   376000 || Avg Steps:  963 || Avg Rew: -0.073
Completed Steps:   377000 || Avg Steps:  973 || Avg Rew: -0.093
Completed Steps:   378000 || Avg Steps:  970 || Avg Rew: -0.061
Completed Steps:   379000 || Avg Steps:  970 || Avg Rew: -0.090
Completed Steps:   380000 || Avg Steps:  960 || Avg Rew: -0.089
Completed Steps:   381000 || Avg Steps:  960 || Avg Rew: -0.090
Completed Steps:   382000 || Avg Steps:  950 || Avg Rew: -0.093
Completed Steps:   383000 || Avg Steps:  950 || Avg Rew: -0.093
Completed Steps:   384000 || Avg Steps:  950 || Avg Rew: -0.059
Completed Steps:   385000 || Avg Steps:  950 || Avg Rew: -0.088
Completed Steps:   386000 || Avg Steps:  950 || Avg Rew: -0.087
Completed Steps:   387000 || Avg Steps:  940 || Avg Rew: -0.073
Completed Steps:   388000 || Avg Steps:  940 || Avg Rew: -0.096
Completed Steps:   389000 || Avg Steps:  930 || Avg Rew: -0.099
Completed Steps:   390000 || Avg Steps:  940 || Avg Rew: -0.099
Completed Steps:   391000 || Avg Steps:  950 || Avg Rew: -0.098
Completed Steps:   392000 || Avg Steps:  950 || Avg Rew: -0.095
Completed Steps:   393000 || Avg Steps:  950 || Avg Rew: -0.093
Completed Steps:   394000 || Avg Steps:  950 || Avg Rew: -0.099
Completed Steps:   395000 || Avg Steps:  950 || Avg Rew: -0.094
Completed Steps:   396000 || Avg Steps:  950 || Avg Rew: -0.092
Completed Steps:   397000 || Avg Steps:  960 || Avg Rew: -0.096
Completed Steps:   398000 || Avg Steps:  960 || Avg Rew: -0.096
Completed Steps:   399000 || Avg Steps:  950 || Avg Rew: -0.096
Completed Steps:   400000 || Avg Steps:  940 || Avg Rew: -0.071
Completed Steps:   401000 || Avg Steps:  950 || Avg Rew: -0.073
Completed Steps:   402000 || Avg Steps:  947 || Avg Rew: -0.094
Completed Steps:   403000 || Avg Steps:  947 || Avg Rew: -0.084
Completed Steps:   404000 || Avg Steps:  947 || Avg Rew: -0.094
Completed Steps:   405000 || Avg Steps:  947 || Avg Rew: -0.095
Completed Steps:   406000 || Avg Steps:  957 || Avg Rew: -0.096
Completed Steps:   407000 || Avg Steps:  957 || Avg Rew: -0.093
Completed Steps:   408000 || Avg Steps:  967 || Avg Rew: -0.097
Completed Steps:   409000 || Avg Steps:  967 || Avg Rew: -0.066
Completed Steps:   410000 || Avg Steps:  967 || Avg Rew: -0.097
Completed Steps:   411000 || Avg Steps:  987 || Avg Rew: -0.096
Completed Steps:   412000 || Avg Steps:  987 || Avg Rew: -0.095
Completed Steps:   413000 || Avg Steps:  997 || Avg Rew: -0.096
Completed Steps:   414000 || Avg Steps:  960 || Avg Rew: -0.096
Completed Steps:   415000 || Avg Steps:  960 || Avg Rew: -0.096
Completed Steps:   416000 || Avg Steps:  960 || Avg Rew: -0.100
Completed Steps:   417000 || Avg Steps:  950 || Avg Rew: -0.098
Completed Steps:   418000 || Avg Steps:  950 || Avg Rew: -0.098
Completed Steps:   419000 || Avg Steps:  950 || Avg Rew: -0.100
Completed Steps:   420000 || Avg Steps:  950 || Avg Rew: -0.096
Completed Steps:   421000 || Avg Steps:  950 || Avg Rew: -0.097
Completed Steps:   422000 || Avg Steps:  950 || Avg Rew: -0.099
Completed Steps:   423000 || Avg Steps:  950 || Avg Rew: -0.100
Completed Steps:   424000 || Avg Steps:  950 || Avg Rew: -0.099
Completed Steps:   425000 || Avg Steps:  950 || Avg Rew: -0.098
Completed Steps:   426000 || Avg Steps:  980 || Avg Rew: -0.100
Completed Steps:   427000 || Avg Steps:  990 || Avg Rew: -0.100
Completed Steps:   428000 || Avg Steps:  990 || Avg Rew: -0.097
Completed Steps:   429000 || Avg Steps:  990 || Avg Rew: -0.099
Completed Steps:   430000 || Avg Steps: 1000 || Avg Rew: -0.099
Completed Steps:   431000 || Avg Steps:  993 || Avg Rew: -0.099
Completed Steps:   432000 || Avg Steps:  993 || Avg Rew: -0.098
Completed Steps:   433000 || Avg Steps:  993 || Avg Rew: -0.100
Completed Steps:   434000 || Avg Steps:  993 || Avg Rew: -0.100
Completed Steps:   435000 || Avg Steps:  993 || Avg Rew: -0.094
Completed Steps:   436000 || Avg Steps:  983 || Avg Rew: -0.096
Completed Steps:   437000 || Avg Steps:  983 || Avg Rew: -0.100
Completed Steps:   438000 || Avg Steps:  983 || Avg Rew: -0.100
Completed Steps:   439000 || Avg Steps:  983 || Avg Rew: -0.098
Completed Steps:   440000 || Avg Steps:  983 || Avg Rew: -0.100
Completed Steps:   441000 || Avg Steps:  983 || Avg Rew: -0.098
Completed Steps:   442000 || Avg Steps:  983 || Avg Rew: -0.100
Completed Steps:   443000 || Avg Steps:  973 || Avg Rew: -0.098
Completed Steps:   444000 || Avg Steps:  980 || Avg Rew: -0.098
Completed Steps:   445000 || Avg Steps:  980 || Avg Rew: -0.100
Completed Steps:   446000 || Avg Steps:  980 || Avg Rew: -0.096
Completed Steps:   447000 || Avg Steps:  980 || Avg Rew: -0.100
Completed Steps:   448000 || Avg Steps:  990 || Avg Rew: -0.097
Completed Steps:   449000 || Avg Steps:  990 || Avg Rew: -0.100
Completed Steps:   450000 || Avg Steps:  990 || Avg Rew: -0.094
Completed Steps:   451000 || Avg Steps:  990 || Avg Rew: -0.094
Completed Steps:   452000 || Avg Steps:  990 || Avg Rew: -0.100
Completed Steps:   453000 || Avg Steps:  980 || Avg Rew: -0.029
Completed Steps:   454000 || Avg Steps:  960 || Avg Rew: -0.100
Completed Steps:   455000 || Avg Steps:  970 || Avg Rew: -0.100
Completed Steps:   456000 || Avg Steps:  970 || Avg Rew: -0.100
Completed Steps:   457000 || Avg Steps:  970 || Avg Rew: -0.100
Completed Steps:   458000 || Avg Steps:  960 || Avg Rew: -0.095
Completed Steps:   459000 || Avg Steps:  951 || Avg Rew: -0.100
Completed Steps:   460000 || Avg Steps:  941 || Avg Rew: -0.100
Completed Steps:   461000 || Avg Steps:  931 || Avg Rew: -0.100
Completed Steps:   462000 || Avg Steps:  931 || Avg Rew: -0.100
Completed Steps:   463000 || Avg Steps:  931 || Avg Rew: -0.100
Completed Steps:   464000 || Avg Steps:  941 || Avg Rew: -0.100
Completed Steps:   465000 || Avg Steps:  951 || Avg Rew: -0.100
Completed Steps:   466000 || Avg Steps:  961 || Avg Rew: -0.100
Completed Steps:   467000 || Avg Steps:  961 || Avg Rew: -0.100
Completed Steps:   468000 || Avg Steps:  951 || Avg Rew: -0.100
Completed Steps:   469000 || Avg Steps:  951 || Avg Rew: -0.100
Completed Steps:   470000 || Avg Steps:  960 || Avg Rew: -0.100
Completed Steps:   471000 || Avg Steps:  970 || Avg Rew: -0.100
Completed Steps:   472000 || Avg Steps:  980 || Avg Rew: -0.100
Completed Steps:   473000 || Avg Steps:  990 || Avg Rew: -0.100
Completed Steps:   474000 || Avg Steps:  990 || Avg Rew: -0.100
Completed Steps:   475000 || Avg Steps:  990 || Avg Rew: -0.100
Completed Steps:   476000 || Avg Steps:  990 || Avg Rew: -0.100
Completed Steps:   477000 || Avg Steps:  990 || Avg Rew: -0.100
Completed Steps:   478000 || Avg Steps:  990 || Avg Rew: -0.100
Completed Steps:   479000 || Avg Steps:  990 || Avg Rew: -0.100
Completed Steps:   480000 || Avg Steps:  990 || Avg Rew: -0.100
Completed Steps:   481000 || Avg Steps: 1000 || Avg Rew: -0.100
Completed Steps:   482000 || Avg Steps: 1000 || Avg Rew: -0.098
Completed Steps:   483000 || Avg Steps: 1000 || Avg Rew: -0.100
Completed Steps:   484000 || Avg Steps: 1000 || Avg Rew: -0.100
Completed Steps:   485000 || Avg Steps: 1000 || Avg Rew: -0.100
Completed Steps:   486000 || Avg Steps: 1000 || Avg Rew: -0.100
Completed Steps:   487000 || Avg Steps: 1000 || Avg Rew: -0.100
Completed Steps:   488000 || Avg Steps: 1000 || Avg Rew: -0.099
Completed Steps:   489000 || Avg Steps: 1000 || Avg Rew: -0.100
Completed Steps:   490000 || Avg Steps: 1000 || Avg Rew: -0.100
Completed Steps:   491000 || Avg Steps: 1000 || Avg Rew: -0.100
Completed Steps:   492000 || Avg Steps: 1000 || Avg Rew: -0.100
Completed Steps:   493000 || Avg Steps: 1000 || Avg Rew: -0.100
Completed Steps:   494000 || Avg Steps: 1000 || Avg Rew: -0.100
Completed Steps:   495000 || Avg Steps: 1000 || Avg Rew: -0.100
Completed Steps:   496000 || Avg Steps: 1000 || Avg Rew: -0.100
Completed Steps:   497000 || Avg Steps: 1000 || Avg Rew: -0.100
Completed Steps:   498000 || Avg Steps: 1000 || Avg Rew: -0.100
Completed Steps:   499000 || Avg Steps: 1000 || Avg Rew: -0.100
Completed Steps:   500000 || Avg Steps: 1000 || Avg Rew: -0.100
Completed Steps:   501000 || Avg Steps: 1000 || Avg Rew: -0.100
Completed Steps:   502000 || Avg Steps: 1000 || Avg Rew: -0.100
Completed Steps:   503000 || Avg Steps: 1000 || Avg Rew: -0.100
Completed Steps:   504000 || Avg Steps: 1000 || Avg Rew: -0.100
Completed Steps:   505000 || Avg Steps: 1000 || Avg Rew: -0.097
Completed Steps:   506000 || Avg Steps:  990 || Avg Rew: -0.100
Completed Steps:   507000 || Avg Steps:  990 || Avg Rew: -0.100
Completed Steps:   508000 || Avg Steps:  970 || Avg Rew: -0.100
Completed Steps:   509000 || Avg Steps:  960 || Avg Rew: -0.065
Completed Steps:   510000 || Avg Steps:  960 || Avg Rew: -0.100
Completed Steps:   511000 || Avg Steps:  951 || Avg Rew: -0.100
Completed Steps:   512000 || Avg Steps:  941 || Avg Rew: -0.093
Completed Steps:   513000 || Avg Steps:  941 || Avg Rew: -0.094
Completed Steps:   514000 || Avg Steps:  941 || Avg Rew: -0.100
Completed Steps:   515000 || Avg Steps:  932 || Avg Rew: 0.059
Completed Steps:   516000 || Avg Steps:  932 || Avg Rew: -0.098
Completed Steps:   517000 || Avg Steps:  922 || Avg Rew: -0.097
Completed Steps:   518000 || Avg Steps:  912 || Avg Rew: -0.099
Completed Steps:   519000 || Avg Steps:  915 || Avg Rew: 0.012
Completed Steps:   520000 || Avg Steps:  906 || Avg Rew: -0.096
Completed Steps:   521000 || Avg Steps:  916 || Avg Rew: 0.135
Completed Steps:   522000 || Avg Steps:  915 || Avg Rew: -0.100
Completed Steps:   523000 || Avg Steps:  925 || Avg Rew: -0.098
Completed Steps:   524000 || Avg Steps:  934 || Avg Rew: -0.097
Completed Steps:   525000 || Avg Steps:  934 || Avg Rew: -0.098
Completed Steps:   526000 || Avg Steps:  934 || Avg Rew: -0.100
Completed Steps:   527000 || Avg Steps:  943 || Avg Rew: -0.090
Completed Steps:   528000 || Avg Steps:  943 || Avg Rew: -0.098
Completed Steps:   529000 || Avg Steps:  963 || Avg Rew: 0.129
Completed Steps:   530000 || Avg Steps:  954 || Avg Rew: -0.097
Completed Steps:   531000 || Avg Steps:  964 || Avg Rew: -0.100
Completed Steps:   532000 || Avg Steps:  979 || Avg Rew: -0.100
Completed Steps:   533000 || Avg Steps:  979 || Avg Rew: -0.096
Completed Steps:   534000 || Avg Steps:  980 || Avg Rew: -0.098
Completed Steps:   535000 || Avg Steps:  980 || Avg Rew: -0.095
Completed Steps:   536000 || Avg Steps:  970 || Avg Rew: -0.100
Completed Steps:   537000 || Avg Steps:  960 || Avg Rew: -0.100
Completed Steps:   538000 || Avg Steps:  960 || Avg Rew: -0.099
Completed Steps:   539000 || Avg Steps:  960 || Avg Rew: -0.100
Completed Steps:   540000 || Avg Steps:  960 || Avg Rew: -0.094
Completed Steps:   541000 || Avg Steps:  960 || Avg Rew: -0.096
Completed Steps:   542000 || Avg Steps:  980 || Avg Rew: -0.099
Completed Steps:   543000 || Avg Steps:  980 || Avg Rew: -0.099
Completed Steps:   544000 || Avg Steps:  970 || Avg Rew: -0.100
Completed Steps:   545000 || Avg Steps:  970 || Avg Rew: -0.098
Completed Steps:   546000 || Avg Steps:  970 || Avg Rew: -0.100
Completed Steps:   547000 || Avg Steps:  970 || Avg Rew: -0.099
Completed Steps:   548000 || Avg Steps:  974 || Avg Rew: -0.096
Completed Steps:   549000 || Avg Steps:  974 || Avg Rew: -0.100
Completed Steps:   550000 || Avg Steps:  984 || Avg Rew: -0.100
Completed Steps:   551000 || Avg Steps:  984 || Avg Rew: -0.100
Completed Steps:   552000 || Avg Steps:  984 || Avg Rew: -0.099
Completed Steps:   553000 || Avg Steps:  984 || Avg Rew: -0.098
Completed Steps:   554000 || Avg Steps:  984 || Avg Rew: -0.099
Completed Steps:   555000 || Avg Steps:  984 || Avg Rew: -0.098
Completed Steps:   556000 || Avg Steps:  984 || Avg Rew: -0.098
Completed Steps:   557000 || Avg Steps:  984 || Avg Rew: -0.100
Completed Steps:   558000 || Avg Steps:  984 || Avg Rew: -0.093
Completed Steps:   559000 || Avg Steps:  984 || Avg Rew: -0.096
Completed Steps:   560000 || Avg Steps:  990 || Avg Rew: -0.100
Completed Steps:   561000 || Avg Steps:  990 || Avg Rew: -0.099
Completed Steps:   562000 || Avg Steps:  990 || Avg Rew: -0.098
Completed Steps:   563000 || Avg Steps:  990 || Avg Rew: -0.099
Completed Steps:   564000 || Avg Steps:  990 || Avg Rew: -0.099
Completed Steps:   565000 || Avg Steps:  990 || Avg Rew: -0.099
Completed Steps:   566000 || Avg Steps:  990 || Avg Rew: -0.099
Completed Steps:   567000 || Avg Steps:  990 || Avg Rew: -0.100
Completed Steps:   568000 || Avg Steps:  990 || Avg Rew: -0.097
Completed Steps:   569000 || Avg Steps: 1000 || Avg Rew: -0.100
Completed Steps:   570000 || Avg Steps: 1000 || Avg Rew: -0.096
Completed Steps:   571000 || Avg Steps: 1000 || Avg Rew: -0.098
Completed Steps:   572000 || Avg Steps: 1000 || Avg Rew: -0.100
Completed Steps:   573000 || Avg Steps: 1000 || Avg Rew: -0.094
Completed Steps:   574000 || Avg Steps: 1000 || Avg Rew: -0.097
Completed Steps:   575000 || Avg Steps: 1000 || Avg Rew: -0.093
Completed Steps:   576000 || Avg Steps: 1000 || Avg Rew: -0.085
Completed Steps:   577000 || Avg Steps: 1000 || Avg Rew: -0.100
Completed Steps:   578000 || Avg Steps: 1000 || Avg Rew: -0.098
Completed Steps:   579000 || Avg Steps: 1000 || Avg Rew: -0.099
Completed Steps:   580000 || Avg Steps: 1000 || Avg Rew: -0.099
Completed Steps:   581000 || Avg Steps: 1000 || Avg Rew: -0.100
Completed Steps:   582000 || Avg Steps: 1000 || Avg Rew: -0.097
Completed Steps:   583000 || Avg Steps: 1000 || Avg Rew: -0.100
Completed Steps:   584000 || Avg Steps: 1000 || Avg Rew: -0.091
Completed Steps:   585000 || Avg Steps: 1000 || Avg Rew: -0.100
Completed Steps:   586000 || Avg Steps: 1000 || Avg Rew: -0.098
Completed Steps:   587000 || Avg Steps: 1000 || Avg Rew: -0.090
Completed Steps:   588000 || Avg Steps: 1000 || Avg Rew: -0.098
Completed Steps:   589000 || Avg Steps: 1000 || Avg Rew: -0.100
Completed Steps:   590000 || Avg Steps: 1000 || Avg Rew: -0.099
Completed Steps:   591000 || Avg Steps: 1000 || Avg Rew: -0.098
Completed Steps:   592000 || Avg Steps: 1000 || Avg Rew: -0.095
Completed Steps:   593000 || Avg Steps: 1000 || Avg Rew: -0.098
Completed Steps:   594000 || Avg Steps: 1000 || Avg Rew: -0.098
Completed Steps:   595000 || Avg Steps: 1000 || Avg Rew: -0.098
Completed Steps:   596000 || Avg Steps: 1000 || Avg Rew: -0.096
Completed Steps:   597000 || Avg Steps: 1000 || Avg Rew: -0.099
Completed Steps:   598000 || Avg Steps: 1000 || Avg Rew: -0.099
Completed Steps:   599000 || Avg Steps: 1000 || Avg Rew: -0.096
Completed Steps:   600000 || Avg Steps: 1000 || Avg Rew: -0.098
Completed Steps:   601000 || Avg Steps: 1000 || Avg Rew: -0.100
Completed Steps:   602000 || Avg Steps: 1000 || Avg Rew: -0.098
Completed Steps:   603000 || Avg Steps: 1000 || Avg Rew: -0.099
Completed Steps:   604000 || Avg Steps: 1000 || Avg Rew: -0.096
Completed Steps:   605000 || Avg Steps:  990 || Avg Rew: -0.100
Completed Steps:   606000 || Avg Steps:  990 || Avg Rew: -0.098
Completed Steps:   607000 || Avg Steps:  990 || Avg Rew: -0.098
Completed Steps:   608000 || Avg Steps:  990 || Avg Rew: -0.100
Completed Steps:   609000 || Avg Steps:  990 || Avg Rew: -0.098
Completed Steps:   610000 || Avg Steps:  990 || Avg Rew: -0.099
Completed Steps:   611000 || Avg Steps:  990 || Avg Rew: -0.100
Completed Steps:   612000 || Avg Steps:  990 || Avg Rew: -0.099
Completed Steps:   613000 || Avg Steps:  990 || Avg Rew: -0.100
Completed Steps:   614000 || Avg Steps:  990 || Avg Rew: -0.099
Completed Steps:   615000 || Avg Steps:  990 || Avg Rew: -0.095
Completed Steps:   616000 || Avg Steps:  990 || Avg Rew: -0.097
Completed Steps:   617000 || Avg Steps:  990 || Avg Rew: -0.098
Completed Steps:   618000 || Avg Steps:  990 || Avg Rew: -0.097
Completed Steps:   619000 || Avg Steps:  990 || Avg Rew: -0.100
Completed Steps:   620000 || Avg Steps:  990 || Avg Rew: -0.099
Completed Steps:   621000 || Avg Steps:  990 || Avg Rew: -0.100
Completed Steps:   622000 || Avg Steps:  990 || Avg Rew: -0.100
Completed Steps:   623000 || Avg Steps:  990 || Avg Rew: -0.098
Completed Steps:   624000 || Avg Steps:  990 || Avg Rew: -0.095
Completed Steps:   625000 || Avg Steps:  990 || Avg Rew: -0.097
Completed Steps:   626000 || Avg Steps:  980 || Avg Rew: -0.094
Completed Steps:   627000 || Avg Steps:  980 || Avg Rew: -0.097
Completed Steps:   628000 || Avg Steps:  980 || Avg Rew: -0.098
Completed Steps:   629000 || Avg Steps:  980 || Avg Rew: -0.100
Completed Steps:   630000 || Avg Steps:  990 || Avg Rew: -0.100
Completed Steps:   631000 || Avg Steps:  990 || Avg Rew: -0.098
Completed Steps:   632000 || Avg Steps:  990 || Avg Rew: -0.086
Completed Steps:   633000 || Avg Steps:  990 || Avg Rew: -0.100
Completed Steps:   634000 || Avg Steps:  990 || Avg Rew: -0.100
Completed Steps:   635000 || Avg Steps:  990 || Avg Rew: -0.100
Completed Steps:   636000 || Avg Steps:  990 || Avg Rew: -0.099
Completed Steps:   637000 || Avg Steps:  990 || Avg Rew: -0.100
Completed Steps:   638000 || Avg Steps: 1000 || Avg Rew: -0.099
Completed Steps:   639000 || Avg Steps: 1000 || Avg Rew: -0.100
Completed Steps:   640000 || Avg Steps: 1000 || Avg Rew: -0.099
Completed Steps:   641000 || Avg Steps: 1000 || Avg Rew: -0.094
Completed Steps:   642000 || Avg Steps: 1000 || Avg Rew: -0.100
Completed Steps:   643000 || Avg Steps: 1000 || Avg Rew: -0.096
Completed Steps:   644000 || Avg Steps: 1000 || Avg Rew: -0.100
Completed Steps:   645000 || Avg Steps: 1000 || Avg Rew: -0.098
Completed Steps:   646000 || Avg Steps: 1000 || Avg Rew: -0.100
Completed Steps:   647000 || Avg Steps: 1000 || Avg Rew: -0.090
Completed Steps:   648000 || Avg Steps: 1000 || Avg Rew: -0.098
Completed Steps:   649000 || Avg Steps: 1000 || Avg Rew: -0.099
Completed Steps:   650000 || Avg Steps: 1000 || Avg Rew: -0.097
Completed Steps:   651000 || Avg Steps: 1000 || Avg Rew: -0.099
Completed Steps:   652000 || Avg Steps: 1000 || Avg Rew: -0.098
Completed Steps:   653000 || Avg Steps: 1000 || Avg Rew: -0.093
Completed Steps:   654000 || Avg Steps: 1000 || Avg Rew: -0.097
Completed Steps:   655000 || Avg Steps: 1000 || Avg Rew: -0.100
Completed Steps:   656000 || Avg Steps: 1000 || Avg Rew: -0.099
Completed Steps:   657000 || Avg Steps: 1000 || Avg Rew: -0.099
Completed Steps:   658000 || Avg Steps: 1000 || Avg Rew: -0.099
Completed Steps:   659000 || Avg Steps: 1000 || Avg Rew: -0.096
Completed Steps:   660000 || Avg Steps: 1000 || Avg Rew: -0.097
Completed Steps:   661000 || Avg Steps: 1000 || Avg Rew: -0.100
Completed Steps:   662000 || Avg Steps:  990 || Avg Rew: -0.100
Completed Steps:   663000 || Avg Steps:  990 || Avg Rew: -0.097
Completed Steps:   664000 || Avg Steps:  980 || Avg Rew: -0.100
Completed Steps:   665000 || Avg Steps:  980 || Avg Rew: -0.100
Completed Steps:   666000 || Avg Steps:  980 || Avg Rew: -0.092
Completed Steps:   667000 || Avg Steps:  980 || Avg Rew: -0.099
Completed Steps:   668000 || Avg Steps:  980 || Avg Rew: -0.100
Completed Steps:   669000 || Avg Steps:  980 || Avg Rew: -0.100
Completed Steps:   670000 || Avg Steps:  980 || Avg Rew: -0.098
Completed Steps:   671000 || Avg Steps:  980 || Avg Rew: -0.096
Completed Steps:   672000 || Avg Steps:  980 || Avg Rew: -0.099
Completed Steps:   673000 || Avg Steps:  980 || Avg Rew: -0.097
Completed Steps:   674000 || Avg Steps:  970 || Avg Rew: -0.086
Completed Steps:   675000 || Avg Steps:  980 || Avg Rew: -0.097
Completed Steps:   676000 || Avg Steps:  990 || Avg Rew: -0.093
Completed Steps:   677000 || Avg Steps:  990 || Avg Rew: -0.099
Completed Steps:   678000 || Avg Steps:  990 || Avg Rew: -0.100
Completed Steps:   679000 || Avg Steps:  990 || Avg Rew: -0.100
Completed Steps:   680000 || Avg Steps:  990 || Avg Rew: -0.098
Completed Steps:   681000 || Avg Steps:  990 || Avg Rew: -0.098
Completed Steps:   682000 || Avg Steps:  990 || Avg Rew: -0.099
Completed Steps:   683000 || Avg Steps:  980 || Avg Rew: -0.100
Completed Steps:   684000 || Avg Steps:  980 || Avg Rew: -0.100
Completed Steps:   685000 || Avg Steps:  980 || Avg Rew: -0.099
Completed Steps:   686000 || Avg Steps:  980 || Avg Rew: -0.100
Completed Steps:   687000 || Avg Steps:  990 || Avg Rew: -0.094
Completed Steps:   688000 || Avg Steps:  990 || Avg Rew: -0.097
Completed Steps:   689000 || Avg Steps:  990 || Avg Rew: -0.099
Completed Steps:   690000 || Avg Steps:  990 || Avg Rew: -0.100
Completed Steps:   691000 || Avg Steps:  980 || Avg Rew: -0.100
Completed Steps:   692000 || Avg Steps:  980 || Avg Rew: -0.099
Completed Steps:   693000 || Avg Steps:  980 || Avg Rew: -0.100
Completed Steps:   694000 || Avg Steps:  980 || Avg Rew: -0.100
Completed Steps:   695000 || Avg Steps:  980 || Avg Rew: -0.100
Completed Steps:   696000 || Avg Steps:  990 || Avg Rew: -0.096
Completed Steps:   697000 || Avg Steps:  990 || Avg Rew: -0.099
Completed Steps:   698000 || Avg Steps:  990 || Avg Rew: -0.100
Completed Steps:   699000 || Avg Steps:  990 || Avg Rew: -0.096
Completed Steps:   700000 || Avg Steps:  980 || Avg Rew: -0.082
Completed Steps:   701000 || Avg Steps:  980 || Avg Rew: -0.100
Completed Steps:   702000 || Avg Steps:  980 || Avg Rew: -0.099
Completed Steps:   703000 || Avg Steps:  990 || Avg Rew: -0.099
Completed Steps:   704000 || Avg Steps:  990 || Avg Rew: -0.100
Completed Steps:   705000 || Avg Steps:  980 || Avg Rew: -0.100
Completed Steps:   706000 || Avg Steps:  980 || Avg Rew: -0.080
Completed Steps:   707000 || Avg Steps:  980 || Avg Rew: -0.097
Completed Steps:   708000 || Avg Steps:  980 || Avg Rew: -0.099
Completed Steps:   709000 || Avg Steps:  980 || Avg Rew: -0.072
Completed Steps:   710000 || Avg Steps:  980 || Avg Rew: -0.099
Completed Steps:   711000 || Avg Steps:  980 || Avg Rew: -0.096
Completed Steps:   712000 || Avg Steps:  980 || Avg Rew: -0.096
Completed Steps:   713000 || Avg Steps:  980 || Avg Rew: -0.100
Completed Steps:   714000 || Avg Steps:  980 || Avg Rew: -0.100
Completed Steps:   715000 || Avg Steps:  980 || Avg Rew: -0.096
Completed Steps:   716000 || Avg Steps:  980 || Avg Rew: -0.098
Completed Steps:   717000 || Avg Steps:  980 || Avg Rew: -0.099
Completed Steps:   718000 || Avg Steps:  990 || Avg Rew: -0.100
Completed Steps:   719000 || Avg Steps:  990 || Avg Rew: -0.100
Completed Steps:   720000 || Avg Steps:  980 || Avg Rew: -0.099
Completed Steps:   721000 || Avg Steps:  980 || Avg Rew: -0.100
Completed Steps:   722000 || Avg Steps:  980 || Avg Rew: -0.100
Completed Steps:   723000 || Avg Steps:  980 || Avg Rew: -0.096
Completed Steps:   724000 || Avg Steps:  980 || Avg Rew: -0.094
Completed Steps:   725000 || Avg Steps:  980 || Avg Rew: -0.097
Completed Steps:   726000 || Avg Steps:  990 || Avg Rew: -0.100
Completed Steps:   727000 || Avg Steps:  990 || Avg Rew: -0.081
Completed Steps:   728000 || Avg Steps:  990 || Avg Rew: -0.100
Completed Steps:   729000 || Avg Steps:  990 || Avg Rew: -0.098
Completed Steps:   730000 || Avg Steps:  990 || Avg Rew: -0.094
Completed Steps:   731000 || Avg Steps:  990 || Avg Rew: -0.098
Completed Steps:   732000 || Avg Steps: 1000 || Avg Rew: -0.098
Completed Steps:   733000 || Avg Steps: 1000 || Avg Rew: -0.099
Completed Steps:   734000 || Avg Steps: 1000 || Avg Rew: -0.096
Completed Steps:   735000 || Avg Steps: 1000 || Avg Rew: -0.095
Completed Steps:   736000 || Avg Steps: 1000 || Avg Rew: -0.096
Completed Steps:   737000 || Avg Steps: 1000 || Avg Rew: -0.099
Completed Steps:   738000 || Avg Steps: 1000 || Avg Rew: -0.100
Completed Steps:   739000 || Avg Steps: 1000 || Avg Rew: -0.099
Completed Steps:   740000 || Avg Steps: 1000 || Avg Rew: -0.100
Completed Steps:   741000 || Avg Steps: 1000 || Avg Rew: -0.099
Completed Steps:   742000 || Avg Steps:  990 || Avg Rew: -0.084
Completed Steps:   743000 || Avg Steps:  990 || Avg Rew: -0.099
Completed Steps:   744000 || Avg Steps:  990 || Avg Rew: -0.100
Completed Steps:   745000 || Avg Steps:  990 || Avg Rew: -0.100
Completed Steps:   746000 || Avg Steps:  990 || Avg Rew: -0.099
Completed Steps:   747000 || Avg Steps:  990 || Avg Rew: -0.099
Completed Steps:   748000 || Avg Steps:  990 || Avg Rew: -0.098
Completed Steps:   749000 || Avg Steps:  990 || Avg Rew: -0.100
Completed Steps:   750000 || Avg Steps:  990 || Avg Rew: -0.100
Completed Steps:   751000 || Avg Steps:  990 || Avg Rew: -0.100
Completed Steps:   752000 || Avg Steps:  980 || Avg Rew: -0.099
Completed Steps:   753000 || Avg Steps:  980 || Avg Rew: -0.100
Completed Steps:   754000 || Avg Steps:  980 || Avg Rew: -0.095
Completed Steps:   755000 || Avg Steps:  990 || Avg Rew: -0.100
Completed Steps:   756000 || Avg Steps:  990 || Avg Rew: -0.098
Completed Steps:   757000 || Avg Steps:  990 || Avg Rew: -0.100
Completed Steps:   758000 || Avg Steps:  990 || Avg Rew: -0.100
Completed Steps:   759000 || Avg Steps:  990 || Avg Rew: -0.100
Completed Steps:   760000 || Avg Steps:  990 || Avg Rew: -0.095
Completed Steps:   761000 || Avg Steps:  990 || Avg Rew: -0.072
Completed Steps:   762000 || Avg Steps:  990 || Avg Rew: -0.096
Completed Steps:   763000 || Avg Steps:  990 || Avg Rew: -0.099
Completed Steps:   764000 || Avg Steps: 1000 || Avg Rew: -0.100
Completed Steps:   765000 || Avg Steps: 1000 || Avg Rew: -0.098
Completed Steps:   766000 || Avg Steps: 1000 || Avg Rew: -0.097
Completed Steps:   767000 || Avg Steps: 1000 || Avg Rew: -0.098
Completed Steps:   768000 || Avg Steps: 1000 || Avg Rew: -0.100
Completed Steps:   769000 || Avg Steps: 1000 || Avg Rew: -0.098
Completed Steps:   770000 || Avg Steps: 1000 || Avg Rew: -0.100
Completed Steps:   771000 || Avg Steps: 1000 || Avg Rew: -0.099
Completed Steps:   772000 || Avg Steps: 1000 || Avg Rew: -0.098
Completed Steps:   773000 || Avg Steps: 1000 || Avg Rew: -0.062
Completed Steps:   774000 || Avg Steps: 1000 || Avg Rew: -0.100
Completed Steps:   775000 || Avg Steps: 1000 || Avg Rew: -0.100
Completed Steps:   776000 || Avg Steps: 1000 || Avg Rew: -0.099
Completed Steps:   777000 || Avg Steps: 1000 || Avg Rew: -0.100
Completed Steps:   778000 || Avg Steps: 1000 || Avg Rew: -0.100
Completed Steps:   779000 || Avg Steps: 1000 || Avg Rew: -0.099
Completed Steps:   780000 || Avg Steps: 1000 || Avg Rew: -0.100
Completed Steps:   781000 || Avg Steps: 1000 || Avg Rew: -0.099
Completed Steps:   782000 || Avg Steps: 1000 || Avg Rew: -0.100
Completed Steps:   783000 || Avg Steps: 1000 || Avg Rew: -0.092
Completed Steps:   784000 || Avg Steps: 1000 || Avg Rew: -0.097
Completed Steps:   785000 || Avg Steps:  990 || Avg Rew: -0.084
Completed Steps:   786000 || Avg Steps:  990 || Avg Rew: -0.100
Completed Steps:   787000 || Avg Steps:  980 || Avg Rew: -0.100
Completed Steps:   788000 || Avg Steps:  980 || Avg Rew: -0.100
Completed Steps:   789000 || Avg Steps:  980 || Avg Rew: -0.100
Completed Steps:   790000 || Avg Steps:  980 || Avg Rew: -0.100
Completed Steps:   791000 || Avg Steps:  980 || Avg Rew: -0.093
Completed Steps:   792000 || Avg Steps:  980 || Avg Rew: -0.100
Completed Steps:   793000 || Avg Steps:  980 || Avg Rew: -0.096
Completed Steps:   794000 || Avg Steps:  980 || Avg Rew: -0.099
Completed Steps:   795000 || Avg Steps:  980 || Avg Rew: -0.093
Completed Steps:   796000 || Avg Steps:  980 || Avg Rew: -0.099
Completed Steps:   797000 || Avg Steps:  980 || Avg Rew: -0.091
Completed Steps:   798000 || Avg Steps:  990 || Avg Rew: -0.100
Completed Steps:   799000 || Avg Steps: 1000 || Avg Rew: -0.100
Completed Steps:   800000 || Avg Steps: 1000 || Avg Rew: -0.100
Completed Steps:   801000 || Avg Steps: 1000 || Avg Rew: -0.098
Completed Steps:   802000 || Avg Steps: 1000 || Avg Rew: -0.070
Completed Steps:   803000 || Avg Steps: 1000 || Avg Rew: -0.099
Completed Steps:   804000 || Avg Steps: 1000 || Avg Rew: -0.099
Completed Steps:   805000 || Avg Steps: 1000 || Avg Rew: -0.100
Completed Steps:   806000 || Avg Steps: 1000 || Avg Rew: -0.095
Completed Steps:   807000 || Avg Steps: 1000 || Avg Rew: -0.097
Completed Steps:   808000 || Avg Steps: 1000 || Avg Rew: -0.099
Completed Steps:   809000 || Avg Steps: 1000 || Avg Rew: -0.100
Completed Steps:   810000 || Avg Steps: 1000 || Avg Rew: -0.098
Completed Steps:   811000 || Avg Steps: 1000 || Avg Rew: -0.095
Completed Steps:   812000 || Avg Steps: 1000 || Avg Rew: -0.096
Completed Steps:   813000 || Avg Steps: 1000 || Avg Rew: -0.097
Completed Steps:   814000 || Avg Steps:  990 || Avg Rew: -0.100
Completed Steps:   815000 || Avg Steps:  990 || Avg Rew: -0.099
Completed Steps:   816000 || Avg Steps:  990 || Avg Rew: -0.097
Completed Steps:   817000 || Avg Steps:  990 || Avg Rew: -0.100
Completed Steps:   818000 || Avg Steps:  990 || Avg Rew: -0.100
Completed Steps:   819000 || Avg Steps:  990 || Avg Rew: -0.096
Completed Steps:   820000 || Avg Steps:  990 || Avg Rew: -0.093
Completed Steps:   821000 || Avg Steps:  990 || Avg Rew: -0.096
Completed Steps:   822000 || Avg Steps:  990 || Avg Rew: -0.096
Completed Steps:   823000 || Avg Steps:  990 || Avg Rew: -0.100
Completed Steps:   824000 || Avg Steps:  990 || Avg Rew: -0.100
Completed Steps:   825000 || Avg Steps:  980 || Avg Rew: -0.100
Completed Steps:   826000 || Avg Steps:  990 || Avg Rew: -0.095
Completed Steps:   827000 || Avg Steps:  980 || Avg Rew: -0.099
Completed Steps:   828000 || Avg Steps:  980 || Avg Rew: -0.096
Completed Steps:   829000 || Avg Steps:  980 || Avg Rew: -0.100
Completed Steps:   830000 || Avg Steps:  970 || Avg Rew: -0.079
Completed Steps:   831000 || Avg Steps:  970 || Avg Rew: -0.096
Completed Steps:   832000 || Avg Steps:  970 || Avg Rew: -0.090
Completed Steps:   833000 || Avg Steps:  970 || Avg Rew: -0.093
Completed Steps:   834000 || Avg Steps:  970 || Avg Rew: -0.100
Completed Steps:   835000 || Avg Steps:  970 || Avg Rew: -0.097
Completed Steps:   836000 || Avg Steps:  970 || Avg Rew: -0.100
Completed Steps:   837000 || Avg Steps:  980 || Avg Rew: -0.098
Completed Steps:   838000 || Avg Steps:  980 || Avg Rew: -0.100
Completed Steps:   839000 || Avg Steps:  990 || Avg Rew: -0.098
Completed Steps:   840000 || Avg Steps:  990 || Avg Rew: -0.099
Completed Steps:   841000 || Avg Steps:  990 || Avg Rew: -0.100
Completed Steps:   842000 || Avg Steps:  980 || Avg Rew: -0.099
Completed Steps:   843000 || Avg Steps:  990 || Avg Rew: -0.098
Completed Steps:   844000 || Avg Steps:  990 || Avg Rew: -0.090
Completed Steps:   845000 || Avg Steps:  990 || Avg Rew: -0.093
Completed Steps:   846000 || Avg Steps:  980 || Avg Rew: -0.100
Completed Steps:   847000 || Avg Steps:  980 || Avg Rew: -0.089
Completed Steps:   848000 || Avg Steps:  980 || Avg Rew: -0.099
Completed Steps:   849000 || Avg Steps:  970 || Avg Rew: -0.100
Completed Steps:   850000 || Avg Steps:  970 || Avg Rew: -0.091
Completed Steps:   851000 || Avg Steps:  970 || Avg Rew: -0.100
Completed Steps:   852000 || Avg Steps:  970 || Avg Rew: -0.096
Completed Steps:   853000 || Avg Steps:  970 || Avg Rew: -0.100
Completed Steps:   854000 || Avg Steps:  980 || Avg Rew: -0.099
Completed Steps:   855000 || Avg Steps:  980 || Avg Rew: -0.096
Completed Steps:   856000 || Avg Steps:  980 || Avg Rew: -0.095
Completed Steps:   857000 || Avg Steps:  980 || Avg Rew: -0.098
Completed Steps:   858000 || Avg Steps:  990 || Avg Rew: -0.095
Completed Steps:   859000 || Avg Steps:  990 || Avg Rew: -0.098
Completed Steps:   860000 || Avg Steps:  990 || Avg Rew: -0.095
Completed Steps:   861000 || Avg Steps: 1000 || Avg Rew: -0.093
Completed Steps:   862000 || Avg Steps: 1000 || Avg Rew: -0.098
Completed Steps:   863000 || Avg Steps: 1000 || Avg Rew: -0.099
Completed Steps:   864000 || Avg Steps: 1000 || Avg Rew: -0.099
Completed Steps:   865000 || Avg Steps: 1000 || Avg Rew: -0.099
Completed Steps:   866000 || Avg Steps: 1000 || Avg Rew: -0.095
Completed Steps:   867000 || Avg Steps: 1000 || Avg Rew: -0.100
Completed Steps:   868000 || Avg Steps: 1000 || Avg Rew: -0.100
Completed Steps:   869000 || Avg Steps:  990 || Avg Rew: -0.099
Completed Steps:   870000 || Avg Steps:  990 || Avg Rew: -0.094
Completed Steps:   871000 || Avg Steps:  990 || Avg Rew: -0.073
Completed Steps:   872000 || Avg Steps:  990 || Avg Rew: -0.099
Completed Steps:   873000 || Avg Steps:  990 || Avg Rew: -0.100
Completed Steps:   874000 || Avg Steps:  990 || Avg Rew: -0.099
Completed Steps:   875000 || Avg Steps:  990 || Avg Rew: -0.096
Completed Steps:   876000 || Avg Steps:  990 || Avg Rew: -0.098
Completed Steps:   877000 || Avg Steps:  990 || Avg Rew: -0.099
Completed Steps:   878000 || Avg Steps:  990 || Avg Rew: -0.094
Completed Steps:   879000 || Avg Steps:  980 || Avg Rew: -0.100
Completed Steps:   880000 || Avg Steps:  980 || Avg Rew: -0.093
Completed Steps:   881000 || Avg Steps:  980 || Avg Rew: -0.100
Completed Steps:   882000 || Avg Steps:  990 || Avg Rew: -0.096
Completed Steps:   883000 || Avg Steps:  990 || Avg Rew: -0.096
Completed Steps:   884000 || Avg Steps:  980 || Avg Rew: -0.097
Completed Steps:   885000 || Avg Steps:  980 || Avg Rew: -0.091
Completed Steps:   886000 || Avg Steps:  970 || Avg Rew: -0.096
Completed Steps:   887000 || Avg Steps:  970 || Avg Rew: -0.099
Completed Steps:   888000 || Avg Steps:  970 || Avg Rew: -0.100
Completed Steps:   889000 || Avg Steps:  970 || Avg Rew: -0.100
Completed Steps:   890000 || Avg Steps:  970 || Avg Rew: -0.097
Completed Steps:   891000 || Avg Steps:  980 || Avg Rew: -0.097
Completed Steps:   892000 || Avg Steps:  980 || Avg Rew: -0.098
Completed Steps:   893000 || Avg Steps:  980 || Avg Rew: -0.100
Completed Steps:   894000 || Avg Steps:  980 || Avg Rew: -0.097
Completed Steps:   895000 || Avg Steps:  980 || Avg Rew: -0.097
Completed Steps:   896000 || Avg Steps:  990 || Avg Rew: -0.089
Completed Steps:   897000 || Avg Steps:  990 || Avg Rew: -0.100
Completed Steps:   898000 || Avg Steps:  990 || Avg Rew: -0.099
Completed Steps:   899000 || Avg Steps: 1000 || Avg Rew: -0.100
Completed Steps:   900000 || Avg Steps: 1000 || Avg Rew: -0.098
Completed Steps:   901000 || Avg Steps:  990 || Avg Rew: -0.098
Completed Steps:   902000 || Avg Steps:  990 || Avg Rew: -0.096
Completed Steps:   903000 || Avg Steps:  990 || Avg Rew: -0.098
Completed Steps:   904000 || Avg Steps:  990 || Avg Rew: -0.098
Completed Steps:   905000 || Avg Steps:  990 || Avg Rew: -0.096
Completed Steps:   906000 || Avg Steps:  990 || Avg Rew: -0.097
Completed Steps:   907000 || Avg Steps:  990 || Avg Rew: -0.099
Completed Steps:   908000 || Avg Steps:  990 || Avg Rew: -0.099
Completed Steps:   909000 || Avg Steps:  990 || Avg Rew: -0.100
Completed Steps:   910000 || Avg Steps:  990 || Avg Rew: -0.095
Completed Steps:   911000 || Avg Steps:  990 || Avg Rew: -0.098
Completed Steps:   912000 || Avg Steps:  980 || Avg Rew: -0.097
Completed Steps:   913000 || Avg Steps:  990 || Avg Rew: -0.100
Completed Steps:   914000 || Avg Steps:  990 || Avg Rew: -0.099
Completed Steps:   915000 || Avg Steps:  990 || Avg Rew: -0.100
Completed Steps:   916000 || Avg Steps:  990 || Avg Rew: -0.100
Completed Steps:   917000 || Avg Steps:  980 || Avg Rew: -0.099
Completed Steps:   918000 || Avg Steps:  980 || Avg Rew: -0.094
Completed Steps:   919000 || Avg Steps:  980 || Avg Rew: -0.095
Completed Steps:   920000 || Avg Steps:  980 || Avg Rew: -0.100
Completed Steps:   921000 || Avg Steps:  980 || Avg Rew: -0.096
Completed Steps:   922000 || Avg Steps:  980 || Avg Rew: -0.092
Completed Steps:   923000 || Avg Steps:  980 || Avg Rew: -0.100
Completed Steps:   924000 || Avg Steps:  990 || Avg Rew: -0.100
Completed Steps:   925000 || Avg Steps:  990 || Avg Rew: -0.099
Completed Steps:   926000 || Avg Steps:  990 || Avg Rew: -0.096
Completed Steps:   927000 || Avg Steps:  990 || Avg Rew: -0.099
Completed Steps:   928000 || Avg Steps:  990 || Avg Rew: -0.099
Completed Steps:   929000 || Avg Steps:  990 || Avg Rew: -0.095
Completed Steps:   930000 || Avg Steps: 1000 || Avg Rew: -0.096
Completed Steps:   931000 || Avg Steps: 1000 || Avg Rew: -0.095
Completed Steps:   932000 || Avg Steps: 1000 || Avg Rew: -0.098
Completed Steps:   933000 || Avg Steps: 1000 || Avg Rew: -0.097
Completed Steps:   934000 || Avg Steps: 1000 || Avg Rew: -0.086
Completed Steps:   935000 || Avg Steps: 1000 || Avg Rew: -0.096
Completed Steps:   936000 || Avg Steps: 1000 || Avg Rew: -0.093
Completed Steps:   937000 || Avg Steps: 1000 || Avg Rew: -0.100
Completed Steps:   938000 || Avg Steps: 1000 || Avg Rew: -0.100
Completed Steps:   939000 || Avg Steps: 1000 || Avg Rew: -0.100
Completed Steps:   940000 || Avg Steps: 1000 || Avg Rew: -0.100
Completed Steps:   941000 || Avg Steps: 1000 || Avg Rew: -0.097
Completed Steps:   942000 || Avg Steps: 1000 || Avg Rew: -0.100
Completed Steps:   943000 || Avg Steps: 1000 || Avg Rew: -0.099
Completed Steps:   944000 || Avg Steps: 1000 || Avg Rew: -0.100
Completed Steps:   945000 || Avg Steps: 1000 || Avg Rew: -0.098
Completed Steps:   946000 || Avg Steps:  990 || Avg Rew: -0.100
Completed Steps:   947000 || Avg Steps:  990 || Avg Rew: -0.094
Completed Steps:   948000 || Avg Steps:  990 || Avg Rew: -0.097
Completed Steps:   949000 || Avg Steps:  990 || Avg Rew: -0.100
Completed Steps:   950000 || Avg Steps:  990 || Avg Rew: -0.096
Completed Steps:   951000 || Avg Steps:  990 || Avg Rew: -0.098
Completed Steps:   952000 || Avg Steps:  990 || Avg Rew: -0.062
Completed Steps:   953000 || Avg Steps:  990 || Avg Rew: -0.100
Completed Steps:   954000 || Avg Steps:  990 || Avg Rew: -0.100
Completed Steps:   955000 || Avg Steps:  990 || Avg Rew: -0.100
Completed Steps:   956000 || Avg Steps:  990 || Avg Rew: -0.097
Completed Steps:   957000 || Avg Steps:  990 || Avg Rew: -0.094
Completed Steps:   958000 || Avg Steps:  990 || Avg Rew: -0.097
Completed Steps:   959000 || Avg Steps: 1000 || Avg Rew: -0.099
Completed Steps:   960000 || Avg Steps: 1000 || Avg Rew: -0.100
Completed Steps:   961000 || Avg Steps: 1000 || Avg Rew: -0.100
Completed Steps:   962000 || Avg Steps: 1000 || Avg Rew: -0.100
Completed Steps:   963000 || Avg Steps: 1000 || Avg Rew: -0.098
Completed Steps:   964000 || Avg Steps: 1000 || Avg Rew: -0.100
Completed Steps:   965000 || Avg Steps: 1000 || Avg Rew: -0.100
Completed Steps:   966000 || Avg Steps:  980 || Avg Rew: -0.100
Completed Steps:   967000 || Avg Steps:  980 || Avg Rew: -0.100
Completed Steps:   968000 || Avg Steps:  980 || Avg Rew: -0.100
Completed Steps:   969000 || Avg Steps:  980 || Avg Rew: -0.098
Completed Steps:   970000 || Avg Steps:  980 || Avg Rew: -0.094
Completed Steps:   971000 || Avg Steps:  980 || Avg Rew: -0.092
Completed Steps:   972000 || Avg Steps:  980 || Avg Rew: -0.095
Completed Steps:   973000 || Avg Steps:  980 || Avg Rew: -0.097
Completed Steps:   974000 || Avg Steps:  980 || Avg Rew: -0.099
Completed Steps:   975000 || Avg Steps:  980 || Avg Rew: -0.100
Completed Steps:   976000 || Avg Steps:  980 || Avg Rew: -0.098
Completed Steps:   977000 || Avg Steps:  980 || Avg Rew: -0.100
Completed Steps:   978000 || Avg Steps:  980 || Avg Rew: -0.099
Completed Steps:   979000 || Avg Steps: 1000 || Avg Rew: -0.100
Completed Steps:   980000 || Avg Steps: 1000 || Avg Rew: -0.095
Completed Steps:   981000 || Avg Steps: 1000 || Avg Rew: -0.087
Completed Steps:   982000 || Avg Steps: 1000 || Avg Rew: -0.097
Completed Steps:   983000 || Avg Steps: 1000 || Avg Rew: -0.097
Completed Steps:   984000 || Avg Steps: 1000 || Avg Rew: -0.098
Completed Steps:   985000 || Avg Steps: 1000 || Avg Rew: -0.098
Completed Steps:   986000 || Avg Steps: 1000 || Avg Rew: -0.085
Completed Steps:   987000 || Avg Steps: 1000 || Avg Rew: -0.098
Completed Steps:   988000 || Avg Steps: 1000 || Avg Rew: -0.100
Completed Steps:   989000 || Avg Steps: 1000 || Avg Rew: -0.098
Completed Steps:   990000 || Avg Steps: 1000 || Avg Rew: -0.099
Completed Steps:   991000 || Avg Steps: 1000 || Avg Rew: -0.100
Completed Steps:   992000 || Avg Steps: 1000 || Avg Rew: -0.097
Completed Steps:   993000 || Avg Steps: 1000 || Avg Rew: -0.100
Completed Steps:   994000 || Avg Steps:  990 || Avg Rew: -0.099
Completed Steps:   995000 || Avg Steps:  990 || Avg Rew: -0.100
Completed Steps:   996000 || Avg Steps:  990 || Avg Rew: -0.100
Completed Steps:   997000 || Avg Steps:  990 || Avg Rew: -0.100
Completed Steps:   998000 || Avg Steps:  990 || Avg Rew: -0.100
Completed Steps:   999000 || Avg Steps:  990 || Avg Rew: -0.097
