/lustre/fs1/home/amckinney/Local_Neuro_Symbolic
	[4mGPU0	GPU1	NIC0	CPU Affinity	NUMA Affinity	GPU NUMA ID[0m
GPU0	 X 	SYS	SYS	0,2,4,6,8,10	0		N/A
GPU1	SYS	 X 	SYS	1,3,5,7,9,11	1		N/A
NIC0	SYS	SYS	 X 				

Legend:

  X    = Self
  SYS  = Connection traversing PCIe as well as the SMP interconnect between NUMA nodes (e.g., QPI/UPI)
  NODE = Connection traversing PCIe as well as the interconnect between PCIe Host Bridges within a NUMA node
  PHB  = Connection traversing PCIe as well as a PCIe Host Bridge (typically the CPU)
  PXB  = Connection traversing multiple PCIe bridges (without traversing the PCIe Host Bridge)
  PIX  = Connection traversing at most a single PCIe bridge
  NV#  = Connection traversing a bonded set of # NVLinks

NIC Legend:

  NIC0: mlx5_0


entered training run...


============================================
Discrete Steps until Terminal State: 150
Continuous Steps until Terminal State: 150
3.7.2 | packaged by conda-forge | (default, Mar 20 2019, 01:46:52) 
[GCC 7.3.0]
Dungeon Quest LTLF: F(sword) & (!sword U key)
============================================


/lustre/fs1/home/amckinney/Local_Neuro_Symbolic
imported all dependencies, checking for cuda

==============
Cuda detected!
==============

Done with DFA conversion
[<discrete.lib.automaton.mine_aps.MineInventoryAP object at 0x2afd2fb46e48>, <discrete.lib.automaton.mine_aps.MineInventoryAP object at 0x2afd2fb46e80>, <discrete.lib.automaton.mine_aps.MineInventoryAP object at 0x2afd2fb46eb8>, <discrete.lib.automaton.mine_aps.MineInfoAutAP object at 0x2afd2fb46ef0>]
[<discrete.lib.automaton.mine_aps.MineInventoryAP object at 0x2afd2fb46e48>, <discrete.lib.automaton.mine_aps.MineInventoryAP object at 0x2afd2fb46e80>, <discrete.lib.automaton.mine_aps.MineInventoryAP object at 0x2afd2fb46eb8>, <discrete.lib.automaton.mine_aps.MineInfoAutAP object at 0x2afd2fb46ef0>]


============================================
DDPG AGENT TRAINING
Steps Before Total Run Termination: 50000
============================================


Starting training at: 2024-06-16 15:36:36
Env Config: EnvConfig(env_name='MineWorldEnv-v1', kwargs={'config': <discrete.lib.env.mineworldenv.MineWorldConfig object at 0x2afd2fb467f0>}, wrapper_cls=<class 'discrete.lib.env.rew_every_step.RewEveryStep'>, wrapper_kwargs={'rew_per_step': -0.1})

Env Name: MineWorldEnv-v1
Observation Space: Box(8, 2)
Automaton Num States: 8
Action Space: Box(1,)
input shape: (8, 2)

==============
Cuda detected!
==============

Agent Name: DDPG Agent
NOT Loading from checkpoint
input shape: (8, 2)

==============
Cuda detected!
==============

Actor Learning Rate: 7.5e-05
Critic Learning Rate: 0.00075
Updating Graphs at Step: 0
Elapsed time: 0.48125648498535156 s
Moving Average Reward: 0.04090244695544243
Not enough data yet

Updating Graphs at Step: 1000
Elapsed time: 15.927716970443726 s
Moving Average Reward: 0.15263520943000913
Moving Average Steps / Ep: 136.72222222222223

Updating Graphs at Step: 2000
Elapsed time: 18.07795262336731 s
Moving Average Reward: 0.02393442491069436
Moving Average Steps / Ep: 141.24

Updating Graphs at Step: 3000
Elapsed time: 18.148674488067627 s
Moving Average Reward: 3.5152386522851886
Moving Average Steps / Ep: 123.92

Updating Graphs at Step: 4000
Elapsed time: 17.914073944091797 s
Moving Average Reward: 0.6332861939817667
Moving Average Steps / Ep: 116.13

Updating Graphs at Step: 5000
Elapsed time: 17.996448278427124 s
Moving Average Reward: 0.04311774369329214
Moving Average Steps / Ep: 113.09

Updating Graphs at Step: 6000
Elapsed time: 17.90581488609314 s
Moving Average Reward: 0.28318000013008715
Moving Average Steps / Ep: 111.67

Updating Graphs at Step: 7000
Elapsed time: 18.04327893257141 s
Moving Average Reward: 0.21755234990268946
Moving Average Steps / Ep: 125.86

Updating Graphs at Step: 8000
Elapsed time: 18.85130023956299 s
Moving Average Reward: 1.213081800714135
Moving Average Steps / Ep: 121.35

Updating Graphs at Step: 9000
Elapsed time: 18.247342109680176 s
Moving Average Reward: -0.08601070698350669
Moving Average Steps / Ep: 112.82

Updating Graphs at Step: 10000
Elapsed time: 18.22761583328247 s
Moving Average Reward: 1.2252187810186297
Moving Average Steps / Ep: 121.91

Updating Graphs at Step: 11000
Elapsed time: 17.69732141494751 s
Moving Average Reward: 0.23660391118377447
Moving Average Steps / Ep: 125.43

Updating Graphs at Step: 12000
Elapsed time: 18.013057470321655 s
Moving Average Reward: -0.09177390923723579
Moving Average Steps / Ep: 115.19

Updating Graphs at Step: 13000
Elapsed time: 18.040646076202393 s
Moving Average Reward: 0.1659914408624172
Moving Average Steps / Ep: 118.19

Updating Graphs at Step: 14000
Elapsed time: 18.087304830551147 s
Moving Average Reward: 0.7626602333411574
Moving Average Steps / Ep: 127.49

Updating Graphs at Step: 15000
Elapsed time: 18.819615840911865 s
Moving Average Reward: -0.09816517852246762
Moving Average Steps / Ep: 116.4

Updating Graphs at Step: 16000
Elapsed time: 18.239394903182983 s
Moving Average Reward: 0.22817215180024505
Moving Average Steps / Ep: 128.12

Updating Graphs at Step: 17000
Elapsed time: 18.22343111038208 s
Moving Average Reward: 1.6876146383211017
Moving Average Steps / Ep: 115.15

Updating Graphs at Step: 18000
Elapsed time: 18.019649505615234 s
Moving Average Reward: -0.08757648570463061
Moving Average Steps / Ep: 116.82

Updating Graphs at Step: 19000
Elapsed time: 19.417083740234375 s
Moving Average Reward: 1.1231925505772233
Moving Average Steps / Ep: 126.85

Updating Graphs at Step: 20000
Elapsed time: 17.893797159194946 s
Moving Average Reward: 0.6932023985683918
Moving Average Steps / Ep: 121.39

Updating Graphs at Step: 21000
Elapsed time: 18.121965646743774 s
Moving Average Reward: 1.5794124435447157
Moving Average Steps / Ep: 118.71

Updating Graphs at Step: 22000
Elapsed time: 17.867084980010986 s
Moving Average Reward: -0.09067865310236811
Moving Average Steps / Ep: 121.03

Updating Graphs at Step: 23000
Elapsed time: 17.985990285873413 s
Moving Average Reward: -0.08584036059677601
Moving Average Steps / Ep: 129.22

Updating Graphs at Step: 24000
Elapsed time: 17.998056650161743 s
Moving Average Reward: 0.18789789544418453
Moving Average Steps / Ep: 128.41

Updating Graphs at Step: 25000
Elapsed time: 18.178433656692505 s
Moving Average Reward: 0.5412122456356883
Moving Average Steps / Ep: 122.34

Updating Graphs at Step: 26000
Elapsed time: 17.894007921218872 s
Moving Average Reward: 0.9529889142885805
Moving Average Steps / Ep: 121.53

Updating Graphs at Step: 27000
Elapsed time: 23.180424213409424 s
Moving Average Reward: 1.023366393186152
Moving Average Steps / Ep: 118.75

Updating Graphs at Step: 28000
Elapsed time: 18.013970136642456 s
Moving Average Reward: -0.09245044903829694
Moving Average Steps / Ep: 117.98

Updating Graphs at Step: 29000
Elapsed time: 18.05178928375244 s
Moving Average Reward: 0.3250764214992523
Moving Average Steps / Ep: 113.83

Updating Graphs at Step: 30000
Elapsed time: 19.630539655685425 s
Moving Average Reward: 1.1479057622887194
Moving Average Steps / Ep: 115.81

Updating Graphs at Step: 31000
Elapsed time: 18.124475240707397 s
Moving Average Reward: 0.6636594835668802
Moving Average Steps / Ep: 112.9

Updating Graphs at Step: 32000
Elapsed time: 18.045541524887085 s
Moving Average Reward: 0.5985865932703018
Moving Average Steps / Ep: 124.13

Updating Graphs at Step: 33000
Elapsed time: 18.008520364761353 s
Moving Average Reward: -0.0752424387820065
Moving Average Steps / Ep: 131.6

Updating Graphs at Step: 34000
Elapsed time: 18.044440507888794 s
Moving Average Reward: 1.7022315068915486
Moving Average Steps / Ep: 131.99

Updating Graphs at Step: 35000
Elapsed time: 17.952770948410034 s
Moving Average Reward: 0.1354276320338249
Moving Average Steps / Ep: 130.34

Updating Graphs at Step: 36000
Elapsed time: 18.035825729370117 s
Moving Average Reward: 0.800796457696706
Moving Average Steps / Ep: 126.04

Updating Graphs at Step: 37000
Elapsed time: 18.0625638961792 s
Moving Average Reward: -0.0790616243891418
Moving Average Steps / Ep: 122.05

Updating Graphs at Step: 38000
Elapsed time: 18.011072397232056 s
Moving Average Reward: 0.5901412082836032
Moving Average Steps / Ep: 121.5

Updating Graphs at Step: 39000
Elapsed time: 18.270344257354736 s
Moving Average Reward: 2.3154285866580904
Moving Average Steps / Ep: 109.68

Updating Graphs at Step: 40000
Elapsed time: 18.226979970932007 s
Moving Average Reward: 1.2964862429723143
Moving Average Steps / Ep: 115.87

Updating Graphs at Step: 41000
Elapsed time: 17.99594521522522 s
Moving Average Reward: 1.0848326464742422
Moving Average Steps / Ep: 120.89

Updating Graphs at Step: 42000
Elapsed time: 18.015299081802368 s
Moving Average Reward: 0.20122012978419662
Moving Average Steps / Ep: 113.46

Updating Graphs at Step: 43000
Elapsed time: 18.144113302230835 s
Moving Average Reward: 0.9192979231849313
Moving Average Steps / Ep: 125.8

Updating Graphs at Step: 44000
Elapsed time: 17.985207080841064 s
Moving Average Reward: 1.1678218942321836
Moving Average Steps / Ep: 128.54

Updating Graphs at Step: 45000
Elapsed time: 18.120152950286865 s
Moving Average Reward: -0.08815742797218264
Moving Average Steps / Ep: 126.2

Updating Graphs at Step: 46000
Elapsed time: 17.94728422164917 s
Moving Average Reward: 1.0086477340385318
Moving Average Steps / Ep: 124.98

Updating Graphs at Step: 47000
Elapsed time: 18.15751814842224 s
Moving Average Reward: 0.25303830321878196
Moving Average Steps / Ep: 119.82

Updating Graphs at Step: 48000
Elapsed time: 18.008493423461914 s
Moving Average Reward: 0.29752159647643567
Moving Average Steps / Ep: 122.23

Updating Graphs at Step: 49000
Elapsed time: 18.13362455368042 s
Moving Average Reward: 0.29297876842319964
Moving Average Steps / Ep: 127.37


Exited training loop, plotting results...

plotted, now saving...
saved, now moving on...
Finished training at: 2024-06-16 15:51:48
Total elapsed time: 911.6745746135712

