entered training run...


============================================
Discrete Steps until Terminal State: 1000
Continuous Steps until Terminal State: 1000
3.7.2 | packaged by conda-forge | (default, Mar 20 2019, 01:46:52) 
[GCC 7.3.0]
/lustre/fs1/home/amckinney/Local_Neuro_Symbolic
Bounding Persist: <class 'bool'>, True
Bounding Distance: <class 'int'>, 3
Terminal Reward: <class 'int'>, 10
Sequence Level: <class 'int'>, 1
Dungeon Quest LTLF: F(sword) & (!sword U key)
============================================


imported all dependencies, checking for cuda

==============
Cuda detected!
==============

[<discrete.lib.automaton.mine_aps.MineInventoryAP object at 0x1474d1288f98>, <discrete.lib.automaton.mine_aps.MineInventoryAP object at 0x1474d1288fd0>]


============================================
Training Teacher / Independent DDPG Agent
Max Training Steps: 1000000
LTLF: F(sword) & (!sword U key)
============================================


Starting training at: 2024-08-20 16:47:06
Env Config: EnvConfig(env_name='MineWorldEnv-v1', kwargs={'config': <discrete.lib.env.mineworldenv.MineWorldConfig object at 0x1474d1288f28>}, wrapper_cls=<class 'discrete.lib.env.rew_every_step.RewEveryStep'>, wrapper_kwargs={'rew_per_step': -0.1})

Env Name: MineWorldEnv-v1
Observation Space: Box(16,)
Automaton Num States: 4
Action Space: Box(1,)
Agent Name: TD3 Agent
NOT Loading from checkpoint
Actor Learning Rate: 0.0003
Critic Learning Rate: 0.0003
Completed Steps:     1000 || Avg Steps: 1000 || Avg Rew: -189.718
Completed Steps:     2000 || Avg Steps:  918 || Avg Rew: -172.818
Completed Steps:     3000 || Avg Steps:  945 || Avg Rew: -179.205
Completed Steps:     4000 || Avg Steps:  959 || Avg Rew: -183.596
Completed Steps:     5000 || Avg Steps:  967 || Avg Rew: -186.052
Completed Steps:     6000 || Avg Steps:  972 || Avg Rew: -187.847
Completed Steps:     7000 || Avg Steps:  976 || Avg Rew: -189.235
Completed Steps:     8000 || Avg Steps:  979 || Avg Rew: -190.078
Completed Steps:     9000 || Avg Steps:  981 || Avg Rew: -190.764
Completed Steps:    10000 || Avg Steps:  983 || Avg Rew: -191.406
Completed Steps:    11000 || Avg Steps:  974 || Avg Rew: -188.910
Completed Steps:    12000 || Avg Steps:  990 || Avg Rew: -192.281
Completed Steps:    13000 || Avg Steps:  980 || Avg Rew: -190.483
Completed Steps:    14000 || Avg Steps:  977 || Avg Rew: -187.090
Completed Steps:    15000 || Avg Steps:  902 || Avg Rew: -155.397
Completed Steps:    16000 || Avg Steps:  774 || Avg Rew: -87.543
Completed Steps:    17000 || Avg Steps:  593 || Avg Rew: -21.260
Completed Steps:    18000 || Avg Steps:  387 || Avg Rew: 44.733
Completed Steps:    19000 || Avg Steps:  317 || Avg Rew: 31.946
Completed Steps:    20000 || Avg Steps:  320 || Avg Rew: 29.445
Completed Steps:    21000 || Avg Steps:  304 || Avg Rew: 32.099
Completed Steps:    22000 || Avg Steps:  289 || Avg Rew: 40.193
Completed Steps:    23000 || Avg Steps:  146 || Avg Rew: 56.767
Completed Steps:    24000 || Avg Steps:  178 || Avg Rew: 59.733
Completed Steps:    25000 || Avg Steps:  109 || Avg Rew: 50.323
Completed Steps:    26000 || Avg Steps:   71 || Avg Rew: 60.319
Completed Steps:    27000 || Avg Steps:   46 || Avg Rew: 59.212
Completed Steps:    28000 || Avg Steps:   22 || Avg Rew: 48.609
Completed Steps:    29000 || Avg Steps:   36 || Avg Rew: 49.997
Completed Steps:    30000 || Avg Steps:   26 || Avg Rew: 49.342
Completed Steps:    31000 || Avg Steps:   20 || Avg Rew: 47.177
Completed Steps:    32000 || Avg Steps:   18 || Avg Rew: 45.039
Completed Steps:    33000 || Avg Steps:   26 || Avg Rew: 45.355
Completed Steps:    34000 || Avg Steps:   15 || Avg Rew: 45.371
Completed Steps:    35000 || Avg Steps:   10 || Avg Rew: 42.454
Completed Steps:    36000 || Avg Steps:   13 || Avg Rew: 44.179
Completed Steps:    37000 || Avg Steps:   13 || Avg Rew: 43.446
Completed Steps:    38000 || Avg Steps:   15 || Avg Rew: 44.728
Completed Steps:    39000 || Avg Steps:   11 || Avg Rew: 43.688
Completed Steps:    40000 || Avg Steps:   14 || Avg Rew: 44.160
Completed Steps:    41000 || Avg Steps:   15 || Avg Rew: 44.046
Completed Steps:    42000 || Avg Steps:   18 || Avg Rew: 44.326
Completed Steps:    43000 || Avg Steps:   12 || Avg Rew: 44.670
Completed Steps:    44000 || Avg Steps:   10 || Avg Rew: 42.190
Completed Steps:    45000 || Avg Steps:   11 || Avg Rew: 43.217
Completed Steps:    46000 || Avg Steps:   17 || Avg Rew: 47.162
Completed Steps:    47000 || Avg Steps:   11 || Avg Rew: 42.203
Completed Steps:    48000 || Avg Steps:   13 || Avg Rew: 45.432
Completed Steps:    49000 || Avg Steps:   13 || Avg Rew: 42.787
Completed Steps:    50000 || Avg Steps:   10 || Avg Rew: 41.844
Completed Steps:    51000 || Avg Steps:   10 || Avg Rew: 41.964
Completed Steps:    52000 || Avg Steps:   12 || Avg Rew: 43.406
Completed Steps:    53000 || Avg Steps:   10 || Avg Rew: 40.065
Completed Steps:    54000 || Avg Steps:   11 || Avg Rew: 42.903
Completed Steps:    55000 || Avg Steps:   10 || Avg Rew: 42.351
Completed Steps:    56000 || Avg Steps:   11 || Avg Rew: 42.530
Completed Steps:    57000 || Avg Steps:   12 || Avg Rew: 41.993
Completed Steps:    58000 || Avg Steps:   12 || Avg Rew: 42.762
Completed Steps:    59000 || Avg Steps:   10 || Avg Rew: 43.684
Completed Steps:    60000 || Avg Steps:   11 || Avg Rew: 42.180
Completed Steps:    61000 || Avg Steps:   11 || Avg Rew: 43.213
Completed Steps:    62000 || Avg Steps:   10 || Avg Rew: 42.700
Completed Steps:    63000 || Avg Steps:   11 || Avg Rew: 43.257
Completed Steps:    64000 || Avg Steps:   10 || Avg Rew: 41.964
Completed Steps:    65000 || Avg Steps:   11 || Avg Rew: 41.443
Completed Steps:    66000 || Avg Steps:   12 || Avg Rew: 43.730
Completed Steps:    67000 || Avg Steps:   13 || Avg Rew: 41.792
Completed Steps:    68000 || Avg Steps:   12 || Avg Rew: 43.292
Completed Steps:    69000 || Avg Steps:   11 || Avg Rew: 43.191
Completed Steps:    70000 || Avg Steps:   15 || Avg Rew: 43.377
Completed Steps:    71000 || Avg Steps:   11 || Avg Rew: 40.729
Completed Steps:    72000 || Avg Steps:   13 || Avg Rew: 43.388
Completed Steps:    73000 || Avg Steps:   12 || Avg Rew: 41.886
Completed Steps:    74000 || Avg Steps:   12 || Avg Rew: 44.244
Completed Steps:    75000 || Avg Steps:   11 || Avg Rew: 42.322
Completed Steps:    76000 || Avg Steps:   11 || Avg Rew: 41.474
Completed Steps:    77000 || Avg Steps:   14 || Avg Rew: 42.893
Completed Steps:    78000 || Avg Steps:   13 || Avg Rew: 43.355
Completed Steps:    79000 || Avg Steps:   11 || Avg Rew: 44.483
Completed Steps:    80000 || Avg Steps:   10 || Avg Rew: 41.671
Completed Steps:    81000 || Avg Steps:   12 || Avg Rew: 44.257
Completed Steps:    82000 || Avg Steps:   13 || Avg Rew: 43.233
Completed Steps:    83000 || Avg Steps:   11 || Avg Rew: 43.478
Completed Steps:    84000 || Avg Steps:   11 || Avg Rew: 40.243
Completed Steps:    85000 || Avg Steps:   12 || Avg Rew: 42.980
Completed Steps:    86000 || Avg Steps:   13 || Avg Rew: 43.262
Completed Steps:    87000 || Avg Steps:   10 || Avg Rew: 42.877
Completed Steps:    88000 || Avg Steps:   11 || Avg Rew: 44.172
Completed Steps:    89000 || Avg Steps:   10 || Avg Rew: 43.030
Completed Steps:    90000 || Avg Steps:   11 || Avg Rew: 43.833
Completed Steps:    91000 || Avg Steps:   11 || Avg Rew: 42.084
Completed Steps:    92000 || Avg Steps:   10 || Avg Rew: 41.157
Completed Steps:    93000 || Avg Steps:   11 || Avg Rew: 43.102
Completed Steps:    94000 || Avg Steps:   11 || Avg Rew: 42.270
Completed Steps:    95000 || Avg Steps:   11 || Avg Rew: 41.819
Completed Steps:    96000 || Avg Steps:   11 || Avg Rew: 43.590
Completed Steps:    97000 || Avg Steps:   10 || Avg Rew: 42.776
Completed Steps:    98000 || Avg Steps:   14 || Avg Rew: 44.302
Completed Steps:    99000 || Avg Steps:   13 || Avg Rew: 44.558
Completed Steps:   100000 || Avg Steps:   15 || Avg Rew: 44.340
Completed Steps:   101000 || Avg Steps:   12 || Avg Rew: 43.438
Completed Steps:   102000 || Avg Steps:   10 || Avg Rew: 42.054
Completed Steps:   103000 || Avg Steps:   11 || Avg Rew: 42.734
Completed Steps:   104000 || Avg Steps:   10 || Avg Rew: 41.057
Completed Steps:   105000 || Avg Steps:   19 || Avg Rew: 46.308
Completed Steps:   106000 || Avg Steps:   10 || Avg Rew: 40.623
Completed Steps:   107000 || Avg Steps:   11 || Avg Rew: 42.532
Completed Steps:   108000 || Avg Steps:   10 || Avg Rew: 42.126
Completed Steps:   109000 || Avg Steps:   11 || Avg Rew: 42.367
Completed Steps:   110000 || Avg Steps:   13 || Avg Rew: 43.771
Completed Steps:   111000 || Avg Steps:   12 || Avg Rew: 44.249
Completed Steps:   112000 || Avg Steps:   12 || Avg Rew: 43.392
Completed Steps:   113000 || Avg Steps:    9 || Avg Rew: 40.058
Completed Steps:   114000 || Avg Steps:   11 || Avg Rew: 40.997
Completed Steps:   115000 || Avg Steps:   10 || Avg Rew: 42.237
Completed Steps:   116000 || Avg Steps:   10 || Avg Rew: 42.981
Completed Steps:   117000 || Avg Steps:   11 || Avg Rew: 41.237
Completed Steps:   118000 || Avg Steps:   10 || Avg Rew: 43.073
Completed Steps:   119000 || Avg Steps:   14 || Avg Rew: 42.500
Completed Steps:   120000 || Avg Steps:    9 || Avg Rew: 41.187
Completed Steps:   121000 || Avg Steps:   11 || Avg Rew: 42.937
Completed Steps:   122000 || Avg Steps:   12 || Avg Rew: 42.104
Completed Steps:   123000 || Avg Steps:   10 || Avg Rew: 42.049
Completed Steps:   124000 || Avg Steps:   16 || Avg Rew: 43.623
Completed Steps:   125000 || Avg Steps:   10 || Avg Rew: 41.771
Completed Steps:   126000 || Avg Steps:   10 || Avg Rew: 42.084
Completed Steps:   127000 || Avg Steps:   11 || Avg Rew: 42.566
Completed Steps:   128000 || Avg Steps:   13 || Avg Rew: 44.046
Completed Steps:   129000 || Avg Steps:   11 || Avg Rew: 41.658
Completed Steps:   130000 || Avg Steps:   11 || Avg Rew: 41.756
Completed Steps:   131000 || Avg Steps:   14 || Avg Rew: 42.520
Completed Steps:   132000 || Avg Steps:   11 || Avg Rew: 41.086
Completed Steps:   133000 || Avg Steps:   11 || Avg Rew: 42.006
Completed Steps:   134000 || Avg Steps:   13 || Avg Rew: 42.361
Completed Steps:   135000 || Avg Steps:   15 || Avg Rew: 43.370
Completed Steps:   136000 || Avg Steps:   13 || Avg Rew: 44.248
Completed Steps:   137000 || Avg Steps:   11 || Avg Rew: 41.854
Completed Steps:   138000 || Avg Steps:   11 || Avg Rew: 41.949
Completed Steps:   139000 || Avg Steps:   11 || Avg Rew: 42.209
Completed Steps:   140000 || Avg Steps:   12 || Avg Rew: 43.053
Completed Steps:   141000 || Avg Steps:   14 || Avg Rew: 43.208
Completed Steps:   142000 || Avg Steps:   10 || Avg Rew: 41.641
Completed Steps:   143000 || Avg Steps:   12 || Avg Rew: 43.348
Completed Steps:   144000 || Avg Steps:   10 || Avg Rew: 41.701
Completed Steps:   145000 || Avg Steps:   14 || Avg Rew: 42.833
Completed Steps:   146000 || Avg Steps:   14 || Avg Rew: 43.703
Completed Steps:   147000 || Avg Steps:   12 || Avg Rew: 42.523
Completed Steps:   148000 || Avg Steps:   11 || Avg Rew: 41.262
Completed Steps:   149000 || Avg Steps:   13 || Avg Rew: 42.475
Completed Steps:   150000 || Avg Steps:   13 || Avg Rew: 42.843
Completed Steps:   151000 || Avg Steps:   12 || Avg Rew: 42.334
Completed Steps:   152000 || Avg Steps:   11 || Avg Rew: 42.069
Completed Steps:   153000 || Avg Steps:   11 || Avg Rew: 42.293
Completed Steps:   154000 || Avg Steps:   10 || Avg Rew: 40.300
Completed Steps:   155000 || Avg Steps:   12 || Avg Rew: 42.109
Completed Steps:   156000 || Avg Steps:   12 || Avg Rew: 41.556
Completed Steps:   157000 || Avg Steps:   12 || Avg Rew: 43.473
Completed Steps:   158000 || Avg Steps:   13 || Avg Rew: 43.134
Completed Steps:   159000 || Avg Steps:   12 || Avg Rew: 42.213
Completed Steps:   160000 || Avg Steps:   11 || Avg Rew: 42.458
Completed Steps:   161000 || Avg Steps:   16 || Avg Rew: 44.329
Completed Steps:   162000 || Avg Steps:   14 || Avg Rew: 43.949
Completed Steps:   163000 || Avg Steps:   13 || Avg Rew: 43.761
Completed Steps:   164000 || Avg Steps:   12 || Avg Rew: 44.931
Completed Steps:   165000 || Avg Steps:   12 || Avg Rew: 43.425
Completed Steps:   166000 || Avg Steps:   17 || Avg Rew: 42.674
Completed Steps:   167000 || Avg Steps:   15 || Avg Rew: 43.901
Completed Steps:   168000 || Avg Steps:   14 || Avg Rew: 43.573
Completed Steps:   169000 || Avg Steps:   14 || Avg Rew: 44.003
Completed Steps:   170000 || Avg Steps:   20 || Avg Rew: 42.772
Completed Steps:   171000 || Avg Steps:   10 || Avg Rew: 40.689
Completed Steps:   172000 || Avg Steps:   12 || Avg Rew: 41.614
Completed Steps:   173000 || Avg Steps:   11 || Avg Rew: 43.145
Completed Steps:   174000 || Avg Steps:   10 || Avg Rew: 42.547
Completed Steps:   175000 || Avg Steps:   10 || Avg Rew: 42.306
Completed Steps:   176000 || Avg Steps:   11 || Avg Rew: 43.591
Completed Steps:   177000 || Avg Steps:   11 || Avg Rew: 41.723
Completed Steps:   178000 || Avg Steps:   13 || Avg Rew: 44.532
Completed Steps:   179000 || Avg Steps:   11 || Avg Rew: 42.300
Completed Steps:   180000 || Avg Steps:   10 || Avg Rew: 42.405
Completed Steps:   181000 || Avg Steps:   10 || Avg Rew: 40.289
Completed Steps:   182000 || Avg Steps:   14 || Avg Rew: 43.281
Completed Steps:   183000 || Avg Steps:   11 || Avg Rew: 41.379
Completed Steps:   184000 || Avg Steps:   14 || Avg Rew: 45.014
Completed Steps:   185000 || Avg Steps:   12 || Avg Rew: 41.690
Completed Steps:   186000 || Avg Steps:   10 || Avg Rew: 41.082
Completed Steps:   187000 || Avg Steps:   13 || Avg Rew: 42.680
Completed Steps:   188000 || Avg Steps:   14 || Avg Rew: 45.737
Completed Steps:   189000 || Avg Steps:   10 || Avg Rew: 42.590
Completed Steps:   190000 || Avg Steps:   12 || Avg Rew: 42.949
Completed Steps:   191000 || Avg Steps:   13 || Avg Rew: 43.613
Completed Steps:   192000 || Avg Steps:   10 || Avg Rew: 40.930
Completed Steps:   193000 || Avg Steps:   14 || Avg Rew: 43.214
Completed Steps:   194000 || Avg Steps:   11 || Avg Rew: 44.542
Completed Steps:   195000 || Avg Steps:   12 || Avg Rew: 42.994
Completed Steps:   196000 || Avg Steps:   13 || Avg Rew: 42.826
Completed Steps:   197000 || Avg Steps:    9 || Avg Rew: 39.821
Completed Steps:   198000 || Avg Steps:   12 || Avg Rew: 42.052
Completed Steps:   199000 || Avg Steps:   13 || Avg Rew: 42.804
Completed Steps:   200000 || Avg Steps:   14 || Avg Rew: 42.712
Completed Steps:   201000 || Avg Steps:   10 || Avg Rew: 42.778
Completed Steps:   202000 || Avg Steps:   10 || Avg Rew: 42.316
Completed Steps:   203000 || Avg Steps:   10 || Avg Rew: 41.399
Completed Steps:   204000 || Avg Steps:   11 || Avg Rew: 42.656
Completed Steps:   205000 || Avg Steps:   10 || Avg Rew: 41.521
Completed Steps:   206000 || Avg Steps:   11 || Avg Rew: 42.209
Completed Steps:   207000 || Avg Steps:   12 || Avg Rew: 43.520
Completed Steps:   208000 || Avg Steps:   11 || Avg Rew: 42.430
Completed Steps:   209000 || Avg Steps:   11 || Avg Rew: 42.047
Completed Steps:   210000 || Avg Steps:   10 || Avg Rew: 42.749
Completed Steps:   211000 || Avg Steps:   11 || Avg Rew: 41.731
Completed Steps:   212000 || Avg Steps:   10 || Avg Rew: 41.940
Completed Steps:   213000 || Avg Steps:   11 || Avg Rew: 42.863
Completed Steps:   214000 || Avg Steps:   11 || Avg Rew: 41.884
Completed Steps:   215000 || Avg Steps:   13 || Avg Rew: 42.350
Completed Steps:   216000 || Avg Steps:   11 || Avg Rew: 42.927
Completed Steps:   217000 || Avg Steps:   11 || Avg Rew: 41.924
Completed Steps:   218000 || Avg Steps:   16 || Avg Rew: 43.633
Completed Steps:   219000 || Avg Steps:   12 || Avg Rew: 41.107
Completed Steps:   220000 || Avg Steps:   11 || Avg Rew: 42.392
Completed Steps:   221000 || Avg Steps:   12 || Avg Rew: 41.565
Completed Steps:   222000 || Avg Steps:   12 || Avg Rew: 41.809
Completed Steps:   223000 || Avg Steps:   12 || Avg Rew: 43.575
Completed Steps:   224000 || Avg Steps:   11 || Avg Rew: 43.480
Completed Steps:   225000 || Avg Steps:   14 || Avg Rew: 43.636
Completed Steps:   226000 || Avg Steps:   12 || Avg Rew: 42.437
Completed Steps:   227000 || Avg Steps:   11 || Avg Rew: 41.300
Completed Steps:   228000 || Avg Steps:   10 || Avg Rew: 41.221
Completed Steps:   229000 || Avg Steps:   12 || Avg Rew: 42.154
Completed Steps:   230000 || Avg Steps:   11 || Avg Rew: 42.513
Completed Steps:   231000 || Avg Steps:   13 || Avg Rew: 43.569
Completed Steps:   232000 || Avg Steps:   11 || Avg Rew: 41.947
Completed Steps:   233000 || Avg Steps:   10 || Avg Rew: 42.457
Completed Steps:   234000 || Avg Steps:   10 || Avg Rew: 41.358
Completed Steps:   235000 || Avg Steps:   12 || Avg Rew: 42.490
Completed Steps:   236000 || Avg Steps:   12 || Avg Rew: 42.925
Completed Steps:   237000 || Avg Steps:   14 || Avg Rew: 43.490
Completed Steps:   238000 || Avg Steps:   14 || Avg Rew: 44.640
Completed Steps:   239000 || Avg Steps:   11 || Avg Rew: 42.697
Completed Steps:   240000 || Avg Steps:   11 || Avg Rew: 41.921
Completed Steps:   241000 || Avg Steps:   11 || Avg Rew: 42.335
Completed Steps:   242000 || Avg Steps:   12 || Avg Rew: 43.202
Completed Steps:   243000 || Avg Steps:   11 || Avg Rew: 42.129
Completed Steps:   244000 || Avg Steps:   11 || Avg Rew: 42.932
Completed Steps:   245000 || Avg Steps:   10 || Avg Rew: 41.293
Completed Steps:   246000 || Avg Steps:   11 || Avg Rew: 43.147
Completed Steps:   247000 || Avg Steps:   17 || Avg Rew: 44.539
Completed Steps:   248000 || Avg Steps:   12 || Avg Rew: 43.584
Completed Steps:   249000 || Avg Steps:   12 || Avg Rew: 43.723
Completed Steps:   250000 || Avg Steps:   11 || Avg Rew: 41.450
Completed Steps:   251000 || Avg Steps:   10 || Avg Rew: 40.751
Completed Steps:   252000 || Avg Steps:   13 || Avg Rew: 45.018
Completed Steps:   253000 || Avg Steps:   12 || Avg Rew: 43.241
Completed Steps:   254000 || Avg Steps:   12 || Avg Rew: 42.909
Completed Steps:   255000 || Avg Steps:   16 || Avg Rew: 45.836
Completed Steps:   256000 || Avg Steps:   15 || Avg Rew: 44.670
Completed Steps:   257000 || Avg Steps:   13 || Avg Rew: 43.039
Completed Steps:   258000 || Avg Steps:   12 || Avg Rew: 43.803
Completed Steps:   259000 || Avg Steps:   13 || Avg Rew: 42.506
Completed Steps:   260000 || Avg Steps:   13 || Avg Rew: 43.681
Completed Steps:   261000 || Avg Steps:   10 || Avg Rew: 41.786
Completed Steps:   262000 || Avg Steps:   13 || Avg Rew: 44.790
Completed Steps:   263000 || Avg Steps:   10 || Avg Rew: 42.620
Completed Steps:   264000 || Avg Steps:   11 || Avg Rew: 43.202
Completed Steps:   265000 || Avg Steps:   12 || Avg Rew: 41.515
Completed Steps:   266000 || Avg Steps:   14 || Avg Rew: 41.821
Completed Steps:   267000 || Avg Steps:    9 || Avg Rew: 41.485
Completed Steps:   268000 || Avg Steps:   10 || Avg Rew: 39.967
Completed Steps:   269000 || Avg Steps:   10 || Avg Rew: 42.752
Completed Steps:   270000 || Avg Steps:   11 || Avg Rew: 42.849
Completed Steps:   271000 || Avg Steps:    9 || Avg Rew: 42.415
Completed Steps:   272000 || Avg Steps:   10 || Avg Rew: 42.643
Completed Steps:   273000 || Avg Steps:   12 || Avg Rew: 43.567
Completed Steps:   274000 || Avg Steps:   11 || Avg Rew: 43.533
Completed Steps:   275000 || Avg Steps:   11 || Avg Rew: 41.933
Completed Steps:   276000 || Avg Steps:   19 || Avg Rew: 44.663
Completed Steps:   277000 || Avg Steps:   11 || Avg Rew: 42.067
Completed Steps:   278000 || Avg Steps:   10 || Avg Rew: 41.923
Completed Steps:   279000 || Avg Steps:   11 || Avg Rew: 43.557
Completed Steps:   280000 || Avg Steps:   11 || Avg Rew: 42.868
Completed Steps:   281000 || Avg Steps:   12 || Avg Rew: 43.334
Completed Steps:   282000 || Avg Steps:   11 || Avg Rew: 41.348
Completed Steps:   283000 || Avg Steps:   12 || Avg Rew: 43.948
Completed Steps:   284000 || Avg Steps:   13 || Avg Rew: 45.004
Completed Steps:   285000 || Avg Steps:    9 || Avg Rew: 39.909
Completed Steps:   286000 || Avg Steps:   11 || Avg Rew: 41.472
Completed Steps:   287000 || Avg Steps:   11 || Avg Rew: 43.937
Completed Steps:   288000 || Avg Steps:   11 || Avg Rew: 42.822
Completed Steps:   289000 || Avg Steps:   11 || Avg Rew: 42.398
Completed Steps:   290000 || Avg Steps:   12 || Avg Rew: 43.985
Completed Steps:   291000 || Avg Steps:   10 || Avg Rew: 41.662
Completed Steps:   292000 || Avg Steps:   12 || Avg Rew: 43.752
Completed Steps:   293000 || Avg Steps:   12 || Avg Rew: 42.098
Completed Steps:   294000 || Avg Steps:   13 || Avg Rew: 44.466
Completed Steps:   295000 || Avg Steps:   10 || Avg Rew: 42.188
Completed Steps:   296000 || Avg Steps:   11 || Avg Rew: 42.438
Completed Steps:   297000 || Avg Steps:   11 || Avg Rew: 42.906
Completed Steps:   298000 || Avg Steps:   11 || Avg Rew: 41.824
Completed Steps:   299000 || Avg Steps:   13 || Avg Rew: 43.911
Completed Steps:   300000 || Avg Steps:   14 || Avg Rew: 42.476
Completed Steps:   301000 || Avg Steps:   10 || Avg Rew: 40.864
Completed Steps:   302000 || Avg Steps:   11 || Avg Rew: 41.092
Completed Steps:   303000 || Avg Steps:   10 || Avg Rew: 42.041
Completed Steps:   304000 || Avg Steps:   12 || Avg Rew: 44.404
Completed Steps:   305000 || Avg Steps:   11 || Avg Rew: 41.834
Completed Steps:   306000 || Avg Steps:   13 || Avg Rew: 43.674
Completed Steps:   307000 || Avg Steps:   10 || Avg Rew: 42.484
Completed Steps:   308000 || Avg Steps:   11 || Avg Rew: 42.527
Completed Steps:   309000 || Avg Steps:   12 || Avg Rew: 41.917
Completed Steps:   310000 || Avg Steps:   11 || Avg Rew: 42.811
Completed Steps:   311000 || Avg Steps:   12 || Avg Rew: 42.422
Completed Steps:   312000 || Avg Steps:   10 || Avg Rew: 42.685
Completed Steps:   313000 || Avg Steps:   13 || Avg Rew: 41.951
Completed Steps:   314000 || Avg Steps:   10 || Avg Rew: 41.364
Completed Steps:   315000 || Avg Steps:   15 || Avg Rew: 44.498
Completed Steps:   316000 || Avg Steps:   14 || Avg Rew: 43.673
Completed Steps:   317000 || Avg Steps:   11 || Avg Rew: 42.387
Completed Steps:   318000 || Avg Steps:   11 || Avg Rew: 42.809
Completed Steps:   319000 || Avg Steps:   10 || Avg Rew: 41.688
Completed Steps:   320000 || Avg Steps:   12 || Avg Rew: 43.654
Completed Steps:   321000 || Avg Steps:   11 || Avg Rew: 41.694
Completed Steps:   322000 || Avg Steps:   12 || Avg Rew: 44.342
Completed Steps:   323000 || Avg Steps:   11 || Avg Rew: 43.332
Completed Steps:   324000 || Avg Steps:   11 || Avg Rew: 41.394
Completed Steps:   325000 || Avg Steps:   13 || Avg Rew: 43.549
Completed Steps:   326000 || Avg Steps:   11 || Avg Rew: 42.130
Completed Steps:   327000 || Avg Steps:   13 || Avg Rew: 43.008
Completed Steps:   328000 || Avg Steps:   11 || Avg Rew: 41.990
Completed Steps:   329000 || Avg Steps:   13 || Avg Rew: 43.062
Completed Steps:   330000 || Avg Steps:   13 || Avg Rew: 42.427
Completed Steps:   331000 || Avg Steps:   11 || Avg Rew: 42.435
Completed Steps:   332000 || Avg Steps:   11 || Avg Rew: 42.489
Completed Steps:   333000 || Avg Steps:   11 || Avg Rew: 42.716
Completed Steps:   334000 || Avg Steps:   11 || Avg Rew: 41.333
Completed Steps:   335000 || Avg Steps:   10 || Avg Rew: 41.800
Completed Steps:   336000 || Avg Steps:   11 || Avg Rew: 43.693
Completed Steps:   337000 || Avg Steps:   10 || Avg Rew: 42.124
Completed Steps:   338000 || Avg Steps:   12 || Avg Rew: 43.203
Completed Steps:   339000 || Avg Steps:   13 || Avg Rew: 42.475
Completed Steps:   340000 || Avg Steps:   10 || Avg Rew: 41.467
Completed Steps:   341000 || Avg Steps:   10 || Avg Rew: 42.389
Completed Steps:   342000 || Avg Steps:   11 || Avg Rew: 42.039
Completed Steps:   343000 || Avg Steps:   13 || Avg Rew: 43.633
Completed Steps:   344000 || Avg Steps:   11 || Avg Rew: 42.674
Completed Steps:   345000 || Avg Steps:   12 || Avg Rew: 41.571
Completed Steps:   346000 || Avg Steps:   11 || Avg Rew: 41.349
Completed Steps:   347000 || Avg Steps:   11 || Avg Rew: 42.799
Completed Steps:   348000 || Avg Steps:   11 || Avg Rew: 42.236
Completed Steps:   349000 || Avg Steps:   12 || Avg Rew: 41.035
Completed Steps:   350000 || Avg Steps:   12 || Avg Rew: 44.881
Completed Steps:   351000 || Avg Steps:   13 || Avg Rew: 43.870
Completed Steps:   352000 || Avg Steps:   11 || Avg Rew: 42.093
Completed Steps:   353000 || Avg Steps:   12 || Avg Rew: 42.582
Completed Steps:   354000 || Avg Steps:   12 || Avg Rew: 43.516
Completed Steps:   355000 || Avg Steps:   14 || Avg Rew: 43.685
Completed Steps:   356000 || Avg Steps:   12 || Avg Rew: 43.006
Completed Steps:   357000 || Avg Steps:   12 || Avg Rew: 42.517
Completed Steps:   358000 || Avg Steps:   11 || Avg Rew: 42.180
Completed Steps:   359000 || Avg Steps:   10 || Avg Rew: 42.249
Completed Steps:   360000 || Avg Steps:   11 || Avg Rew: 42.121
Completed Steps:   361000 || Avg Steps:   13 || Avg Rew: 43.653
Completed Steps:   362000 || Avg Steps:   11 || Avg Rew: 41.864
Completed Steps:   363000 || Avg Steps:   12 || Avg Rew: 43.044
Completed Steps:   364000 || Avg Steps:   13 || Avg Rew: 42.796
Completed Steps:   365000 || Avg Steps:   12 || Avg Rew: 42.478
Completed Steps:   366000 || Avg Steps:   16 || Avg Rew: 43.235
Completed Steps:   367000 || Avg Steps:   11 || Avg Rew: 40.983
Completed Steps:   368000 || Avg Steps:   12 || Avg Rew: 42.782
Completed Steps:   369000 || Avg Steps:   10 || Avg Rew: 41.879
Completed Steps:   370000 || Avg Steps:   11 || Avg Rew: 42.641
Completed Steps:   371000 || Avg Steps:   10 || Avg Rew: 41.276
Completed Steps:   372000 || Avg Steps:   11 || Avg Rew: 43.223
Completed Steps:   373000 || Avg Steps:   10 || Avg Rew: 42.767
Completed Steps:   374000 || Avg Steps:   11 || Avg Rew: 41.639
Completed Steps:   375000 || Avg Steps:   10 || Avg Rew: 40.932
Completed Steps:   376000 || Avg Steps:   11 || Avg Rew: 43.309
Completed Steps:   377000 || Avg Steps:   10 || Avg Rew: 42.232
Completed Steps:   378000 || Avg Steps:   12 || Avg Rew: 43.471
Completed Steps:   379000 || Avg Steps:   12 || Avg Rew: 42.836
Completed Steps:   380000 || Avg Steps:   12 || Avg Rew: 44.579
Completed Steps:   381000 || Avg Steps:   11 || Avg Rew: 43.283
Completed Steps:   382000 || Avg Steps:   10 || Avg Rew: 41.608
Completed Steps:   383000 || Avg Steps:   11 || Avg Rew: 41.306
Completed Steps:   384000 || Avg Steps:   12 || Avg Rew: 44.247
Completed Steps:   385000 || Avg Steps:   11 || Avg Rew: 43.275
Completed Steps:   386000 || Avg Steps:   10 || Avg Rew: 41.944
Completed Steps:   387000 || Avg Steps:   10 || Avg Rew: 41.826
Completed Steps:   388000 || Avg Steps:   11 || Avg Rew: 42.224
Completed Steps:   389000 || Avg Steps:   13 || Avg Rew: 41.616
Completed Steps:   390000 || Avg Steps:   12 || Avg Rew: 43.059
Completed Steps:   391000 || Avg Steps:   14 || Avg Rew: 43.668
Completed Steps:   392000 || Avg Steps:   11 || Avg Rew: 43.920
Completed Steps:   393000 || Avg Steps:   11 || Avg Rew: 43.208
Completed Steps:   394000 || Avg Steps:   11 || Avg Rew: 42.167
Completed Steps:   395000 || Avg Steps:   12 || Avg Rew: 42.617
Completed Steps:   396000 || Avg Steps:   12 || Avg Rew: 41.544
Completed Steps:   397000 || Avg Steps:   13 || Avg Rew: 43.438
Completed Steps:   398000 || Avg Steps:   14 || Avg Rew: 43.631
Completed Steps:   399000 || Avg Steps:   10 || Avg Rew: 41.232
Completed Steps:   400000 || Avg Steps:   14 || Avg Rew: 43.569
Completed Steps:   401000 || Avg Steps:   13 || Avg Rew: 42.938
Completed Steps:   402000 || Avg Steps:   11 || Avg Rew: 41.800
Completed Steps:   403000 || Avg Steps:   12 || Avg Rew: 42.351
Completed Steps:   404000 || Avg Steps:   10 || Avg Rew: 41.303
Completed Steps:   405000 || Avg Steps:   11 || Avg Rew: 40.514
Completed Steps:   406000 || Avg Steps:   11 || Avg Rew: 43.711
Completed Steps:   407000 || Avg Steps:   13 || Avg Rew: 43.016
Completed Steps:   408000 || Avg Steps:   18 || Avg Rew: 46.314
Completed Steps:   409000 || Avg Steps:   13 || Avg Rew: 42.947
Completed Steps:   410000 || Avg Steps:   15 || Avg Rew: 44.742
Completed Steps:   411000 || Avg Steps:   12 || Avg Rew: 42.568
Completed Steps:   412000 || Avg Steps:   10 || Avg Rew: 41.356
Completed Steps:   413000 || Avg Steps:   12 || Avg Rew: 42.528
Completed Steps:   414000 || Avg Steps:   12 || Avg Rew: 43.625
Completed Steps:   415000 || Avg Steps:   11 || Avg Rew: 43.182
Completed Steps:   416000 || Avg Steps:   18 || Avg Rew: 45.988
Completed Steps:   417000 || Avg Steps:   10 || Avg Rew: 41.700
Completed Steps:   418000 || Avg Steps:   14 || Avg Rew: 43.185
Completed Steps:   419000 || Avg Steps:   12 || Avg Rew: 41.897
Completed Steps:   420000 || Avg Steps:   17 || Avg Rew: 45.003
Completed Steps:   421000 || Avg Steps:   11 || Avg Rew: 43.015
Completed Steps:   422000 || Avg Steps:   12 || Avg Rew: 43.186
Completed Steps:   423000 || Avg Steps:   12 || Avg Rew: 42.662
Completed Steps:   424000 || Avg Steps:   11 || Avg Rew: 41.181
Completed Steps:   425000 || Avg Steps:   12 || Avg Rew: 42.256
Completed Steps:   426000 || Avg Steps:   13 || Avg Rew: 43.615
Completed Steps:   427000 || Avg Steps:   11 || Avg Rew: 42.549
Completed Steps:   428000 || Avg Steps:   11 || Avg Rew: 43.491
Completed Steps:   429000 || Avg Steps:   11 || Avg Rew: 41.516
Completed Steps:   430000 || Avg Steps:   10 || Avg Rew: 42.095
Completed Steps:   431000 || Avg Steps:   12 || Avg Rew: 42.943
Completed Steps:   432000 || Avg Steps:   11 || Avg Rew: 44.550
Completed Steps:   433000 || Avg Steps:   11 || Avg Rew: 42.866
Completed Steps:   434000 || Avg Steps:   10 || Avg Rew: 42.513
Completed Steps:   435000 || Avg Steps:   11 || Avg Rew: 43.043
Completed Steps:   436000 || Avg Steps:   12 || Avg Rew: 43.658
Completed Steps:   437000 || Avg Steps:   16 || Avg Rew: 43.942
Completed Steps:   438000 || Avg Steps:   13 || Avg Rew: 40.364
Completed Steps:   439000 || Avg Steps:   11 || Avg Rew: 40.887
Completed Steps:   440000 || Avg Steps:   11 || Avg Rew: 42.200
Completed Steps:   441000 || Avg Steps:   12 || Avg Rew: 42.888
Completed Steps:   442000 || Avg Steps:   12 || Avg Rew: 43.054
Completed Steps:   443000 || Avg Steps:   11 || Avg Rew: 42.432
Completed Steps:   444000 || Avg Steps:   10 || Avg Rew: 41.947
Completed Steps:   445000 || Avg Steps:   11 || Avg Rew: 42.183
Completed Steps:   446000 || Avg Steps:   11 || Avg Rew: 41.861
Completed Steps:   447000 || Avg Steps:   13 || Avg Rew: 42.518
Completed Steps:   448000 || Avg Steps:   12 || Avg Rew: 43.339
Completed Steps:   449000 || Avg Steps:   11 || Avg Rew: 42.129
Completed Steps:   450000 || Avg Steps:   11 || Avg Rew: 41.969
Completed Steps:   451000 || Avg Steps:   11 || Avg Rew: 41.726
Completed Steps:   452000 || Avg Steps:   10 || Avg Rew: 43.288
Completed Steps:   453000 || Avg Steps:   11 || Avg Rew: 43.588
Completed Steps:   454000 || Avg Steps:   12 || Avg Rew: 43.905
Completed Steps:   455000 || Avg Steps:   13 || Avg Rew: 42.939
Completed Steps:   456000 || Avg Steps:   13 || Avg Rew: 43.537
Completed Steps:   457000 || Avg Steps:   13 || Avg Rew: 41.748
Completed Steps:   458000 || Avg Steps:   11 || Avg Rew: 42.462
Completed Steps:   459000 || Avg Steps:   11 || Avg Rew: 42.416
Completed Steps:   460000 || Avg Steps:   13 || Avg Rew: 44.751
Completed Steps:   461000 || Avg Steps:   13 || Avg Rew: 45.421
Completed Steps:   462000 || Avg Steps:   14 || Avg Rew: 42.514
Completed Steps:   463000 || Avg Steps:   17 || Avg Rew: 43.725
Completed Steps:   464000 || Avg Steps:   13 || Avg Rew: 42.373
Completed Steps:   465000 || Avg Steps:   11 || Avg Rew: 43.536
Completed Steps:   466000 || Avg Steps:   12 || Avg Rew: 41.912
Completed Steps:   467000 || Avg Steps:   11 || Avg Rew: 43.765
Completed Steps:   468000 || Avg Steps:   12 || Avg Rew: 43.785
Completed Steps:   469000 || Avg Steps:   13 || Avg Rew: 42.977
Completed Steps:   470000 || Avg Steps:   11 || Avg Rew: 41.590
Completed Steps:   471000 || Avg Steps:   12 || Avg Rew: 43.011
Completed Steps:   472000 || Avg Steps:   12 || Avg Rew: 42.911
Completed Steps:   473000 || Avg Steps:   12 || Avg Rew: 43.377
Completed Steps:   474000 || Avg Steps:   15 || Avg Rew: 44.406
Completed Steps:   475000 || Avg Steps:   17 || Avg Rew: 43.969
Completed Steps:   476000 || Avg Steps:   10 || Avg Rew: 42.993
Completed Steps:   477000 || Avg Steps:   22 || Avg Rew: 46.296
Completed Steps:   478000 || Avg Steps:   10 || Avg Rew: 42.131
Completed Steps:   479000 || Avg Steps:   10 || Avg Rew: 42.024
Completed Steps:   480000 || Avg Steps:   13 || Avg Rew: 43.349
Completed Steps:   481000 || Avg Steps:   12 || Avg Rew: 43.183
Completed Steps:   482000 || Avg Steps:   10 || Avg Rew: 40.073
Completed Steps:   483000 || Avg Steps:   11 || Avg Rew: 42.580
Completed Steps:   484000 || Avg Steps:   11 || Avg Rew: 43.413
Completed Steps:   485000 || Avg Steps:   11 || Avg Rew: 41.226
Completed Steps:   486000 || Avg Steps:   13 || Avg Rew: 40.766
Completed Steps:   487000 || Avg Steps:   10 || Avg Rew: 42.963
Completed Steps:   488000 || Avg Steps:   10 || Avg Rew: 41.208
Completed Steps:   489000 || Avg Steps:   12 || Avg Rew: 42.330
Completed Steps:   490000 || Avg Steps:   11 || Avg Rew: 42.625
Completed Steps:   491000 || Avg Steps:   11 || Avg Rew: 42.206
Completed Steps:   492000 || Avg Steps:   12 || Avg Rew: 41.541
Completed Steps:   493000 || Avg Steps:   14 || Avg Rew: 44.829
Completed Steps:   494000 || Avg Steps:   11 || Avg Rew: 43.239
Completed Steps:   495000 || Avg Steps:   11 || Avg Rew: 42.343
Completed Steps:   496000 || Avg Steps:   11 || Avg Rew: 42.833
Completed Steps:   497000 || Avg Steps:   11 || Avg Rew: 43.018
Completed Steps:   498000 || Avg Steps:   10 || Avg Rew: 41.027
Completed Steps:   499000 || Avg Steps:   10 || Avg Rew: 42.050
Completed Steps:   500000 || Avg Steps:   11 || Avg Rew: 42.578
Completed Steps:   501000 || Avg Steps:   12 || Avg Rew: 43.729
Completed Steps:   502000 || Avg Steps:   10 || Avg Rew: 42.559
Completed Steps:   503000 || Avg Steps:   11 || Avg Rew: 42.734
Completed Steps:   504000 || Avg Steps:   10 || Avg Rew: 42.321
Completed Steps:   505000 || Avg Steps:   10 || Avg Rew: 42.610
Completed Steps:   506000 || Avg Steps:   10 || Avg Rew: 42.046
Completed Steps:   507000 || Avg Steps:   13 || Avg Rew: 42.805
Completed Steps:   508000 || Avg Steps:   11 || Avg Rew: 42.357
Completed Steps:   509000 || Avg Steps:   15 || Avg Rew: 43.972
Completed Steps:   510000 || Avg Steps:   11 || Avg Rew: 41.628
Completed Steps:   511000 || Avg Steps:   11 || Avg Rew: 42.855
Completed Steps:   512000 || Avg Steps:   12 || Avg Rew: 42.559
Completed Steps:   513000 || Avg Steps:   12 || Avg Rew: 44.192
Completed Steps:   514000 || Avg Steps:   10 || Avg Rew: 42.347
Completed Steps:   515000 || Avg Steps:   14 || Avg Rew: 42.979
Completed Steps:   516000 || Avg Steps:   11 || Avg Rew: 42.193
Completed Steps:   517000 || Avg Steps:   11 || Avg Rew: 42.742
Completed Steps:   518000 || Avg Steps:   11 || Avg Rew: 43.011
Completed Steps:   519000 || Avg Steps:   14 || Avg Rew: 43.560
Completed Steps:   520000 || Avg Steps:   11 || Avg Rew: 43.121
Completed Steps:   521000 || Avg Steps:   11 || Avg Rew: 41.740
Completed Steps:   522000 || Avg Steps:   11 || Avg Rew: 41.422
Completed Steps:   523000 || Avg Steps:   12 || Avg Rew: 43.629
Completed Steps:   524000 || Avg Steps:   11 || Avg Rew: 42.877
Completed Steps:   525000 || Avg Steps:   11 || Avg Rew: 41.955
Completed Steps:   526000 || Avg Steps:   10 || Avg Rew: 41.983
Completed Steps:   527000 || Avg Steps:   12 || Avg Rew: 42.815
Completed Steps:   528000 || Avg Steps:   10 || Avg Rew: 42.685
Completed Steps:   529000 || Avg Steps:   14 || Avg Rew: 42.914
Completed Steps:   530000 || Avg Steps:   11 || Avg Rew: 43.049
Completed Steps:   531000 || Avg Steps:   12 || Avg Rew: 43.596
Completed Steps:   532000 || Avg Steps:   10 || Avg Rew: 41.808
Completed Steps:   533000 || Avg Steps:   11 || Avg Rew: 41.696
Completed Steps:   534000 || Avg Steps:   12 || Avg Rew: 42.460
Completed Steps:   535000 || Avg Steps:   10 || Avg Rew: 40.992
Completed Steps:   536000 || Avg Steps:   11 || Avg Rew: 41.482
Completed Steps:   537000 || Avg Steps:   10 || Avg Rew: 42.179
Completed Steps:   538000 || Avg Steps:   11 || Avg Rew: 42.931
Completed Steps:   539000 || Avg Steps:   12 || Avg Rew: 45.336
Completed Steps:   540000 || Avg Steps:   11 || Avg Rew: 43.046
Completed Steps:   541000 || Avg Steps:   11 || Avg Rew: 42.932
Completed Steps:   542000 || Avg Steps:   12 || Avg Rew: 43.259
Completed Steps:   543000 || Avg Steps:   11 || Avg Rew: 43.661
Completed Steps:   544000 || Avg Steps:   10 || Avg Rew: 40.452
Completed Steps:   545000 || Avg Steps:   12 || Avg Rew: 41.558
Completed Steps:   546000 || Avg Steps:   10 || Avg Rew: 41.058
Completed Steps:   547000 || Avg Steps:   10 || Avg Rew: 39.691
Completed Steps:   548000 || Avg Steps:   11 || Avg Rew: 41.529
Completed Steps:   549000 || Avg Steps:   11 || Avg Rew: 43.127
Completed Steps:   550000 || Avg Steps:   11 || Avg Rew: 42.588
Completed Steps:   551000 || Avg Steps:   11 || Avg Rew: 43.622
Completed Steps:   552000 || Avg Steps:   11 || Avg Rew: 41.387
Completed Steps:   553000 || Avg Steps:   13 || Avg Rew: 43.535
Completed Steps:   554000 || Avg Steps:   12 || Avg Rew: 42.602
Completed Steps:   555000 || Avg Steps:   11 || Avg Rew: 43.225
Completed Steps:   556000 || Avg Steps:   11 || Avg Rew: 42.915
Completed Steps:   557000 || Avg Steps:   13 || Avg Rew: 42.933
Completed Steps:   558000 || Avg Steps:   12 || Avg Rew: 43.282
Completed Steps:   559000 || Avg Steps:   13 || Avg Rew: 43.074
Completed Steps:   560000 || Avg Steps:   12 || Avg Rew: 43.753
Completed Steps:   561000 || Avg Steps:   12 || Avg Rew: 43.706
Completed Steps:   562000 || Avg Steps:    9 || Avg Rew: 40.965
Completed Steps:   563000 || Avg Steps:   11 || Avg Rew: 42.113
Completed Steps:   564000 || Avg Steps:   12 || Avg Rew: 42.794
Completed Steps:   565000 || Avg Steps:   12 || Avg Rew: 43.289
Completed Steps:   566000 || Avg Steps:    9 || Avg Rew: 41.686
Completed Steps:   567000 || Avg Steps:   11 || Avg Rew: 44.089
Completed Steps:   568000 || Avg Steps:   11 || Avg Rew: 43.710
Completed Steps:   569000 || Avg Steps:   12 || Avg Rew: 45.579
Completed Steps:   570000 || Avg Steps:   12 || Avg Rew: 43.219
Completed Steps:   571000 || Avg Steps:   11 || Avg Rew: 43.689
Completed Steps:   572000 || Avg Steps:   12 || Avg Rew: 43.111
Completed Steps:   573000 || Avg Steps:   11 || Avg Rew: 40.736
Completed Steps:   574000 || Avg Steps:   10 || Avg Rew: 43.169
Completed Steps:   575000 || Avg Steps:   11 || Avg Rew: 42.995
Completed Steps:   576000 || Avg Steps:   12 || Avg Rew: 41.580
Completed Steps:   577000 || Avg Steps:   10 || Avg Rew: 42.652
Completed Steps:   578000 || Avg Steps:   11 || Avg Rew: 43.656
Completed Steps:   579000 || Avg Steps:   12 || Avg Rew: 43.614
Completed Steps:   580000 || Avg Steps:   12 || Avg Rew: 42.082
Completed Steps:   581000 || Avg Steps:   10 || Avg Rew: 41.796
Completed Steps:   582000 || Avg Steps:   12 || Avg Rew: 42.700
Completed Steps:   583000 || Avg Steps:   11 || Avg Rew: 42.811
Completed Steps:   584000 || Avg Steps:   11 || Avg Rew: 43.444
Completed Steps:   585000 || Avg Steps:   12 || Avg Rew: 41.796
Completed Steps:   586000 || Avg Steps:   11 || Avg Rew: 42.186
Completed Steps:   587000 || Avg Steps:   12 || Avg Rew: 43.052
Completed Steps:   588000 || Avg Steps:   11 || Avg Rew: 44.175
Completed Steps:   589000 || Avg Steps:   11 || Avg Rew: 41.163
Completed Steps:   590000 || Avg Steps:   10 || Avg Rew: 42.511
Completed Steps:   591000 || Avg Steps:   11 || Avg Rew: 41.332
Completed Steps:   592000 || Avg Steps:   11 || Avg Rew: 41.600
Completed Steps:   593000 || Avg Steps:   11 || Avg Rew: 42.109
Completed Steps:   594000 || Avg Steps:   10 || Avg Rew: 41.790
Completed Steps:   595000 || Avg Steps:   10 || Avg Rew: 41.314
Completed Steps:   596000 || Avg Steps:   11 || Avg Rew: 41.599
Completed Steps:   597000 || Avg Steps:   12 || Avg Rew: 43.239
Completed Steps:   598000 || Avg Steps:   11 || Avg Rew: 41.152
Completed Steps:   599000 || Avg Steps:   12 || Avg Rew: 42.674
Completed Steps:   600000 || Avg Steps:   11 || Avg Rew: 43.576
Completed Steps:   601000 || Avg Steps:   11 || Avg Rew: 43.352
Completed Steps:   602000 || Avg Steps:   10 || Avg Rew: 41.321
Completed Steps:   603000 || Avg Steps:   11 || Avg Rew: 42.852
Completed Steps:   604000 || Avg Steps:   11 || Avg Rew: 43.073
Completed Steps:   605000 || Avg Steps:   10 || Avg Rew: 43.472
Completed Steps:   606000 || Avg Steps:   14 || Avg Rew: 42.809
Completed Steps:   607000 || Avg Steps:   14 || Avg Rew: 44.637
Completed Steps:   608000 || Avg Steps:   11 || Avg Rew: 43.045
Completed Steps:   609000 || Avg Steps:   13 || Avg Rew: 43.913
Completed Steps:   610000 || Avg Steps:   11 || Avg Rew: 42.383
Completed Steps:   611000 || Avg Steps:   15 || Avg Rew: 41.130
Completed Steps:   612000 || Avg Steps:   10 || Avg Rew: 42.040
Completed Steps:   613000 || Avg Steps:   12 || Avg Rew: 42.080
Completed Steps:   614000 || Avg Steps:   11 || Avg Rew: 42.909
Completed Steps:   615000 || Avg Steps:   16 || Avg Rew: 44.944
Completed Steps:   616000 || Avg Steps:   19 || Avg Rew: 43.710
Completed Steps:   617000 || Avg Steps:   12 || Avg Rew: 42.735
Completed Steps:   618000 || Avg Steps:   11 || Avg Rew: 42.614
Completed Steps:   619000 || Avg Steps:   12 || Avg Rew: 43.482
Completed Steps:   620000 || Avg Steps:   11 || Avg Rew: 41.524
Completed Steps:   621000 || Avg Steps:   13 || Avg Rew: 43.490
Completed Steps:   622000 || Avg Steps:   11 || Avg Rew: 42.170
Completed Steps:   623000 || Avg Steps:   12 || Avg Rew: 41.918
Completed Steps:   624000 || Avg Steps:   11 || Avg Rew: 43.923
Completed Steps:   625000 || Avg Steps:   11 || Avg Rew: 40.796
Completed Steps:   626000 || Avg Steps:   14 || Avg Rew: 43.718
Completed Steps:   627000 || Avg Steps:   12 || Avg Rew: 43.391
Completed Steps:   628000 || Avg Steps:   11 || Avg Rew: 39.572
Completed Steps:   629000 || Avg Steps:   12 || Avg Rew: 44.221
Completed Steps:   630000 || Avg Steps:   14 || Avg Rew: 43.418
Completed Steps:   631000 || Avg Steps:   13 || Avg Rew: 42.349
Completed Steps:   632000 || Avg Steps:   11 || Avg Rew: 40.684
Completed Steps:   633000 || Avg Steps:   14 || Avg Rew: 43.469
Completed Steps:   634000 || Avg Steps:   10 || Avg Rew: 40.139
Completed Steps:   635000 || Avg Steps:   11 || Avg Rew: 42.729
Completed Steps:   636000 || Avg Steps:   13 || Avg Rew: 42.964
Completed Steps:   637000 || Avg Steps:   13 || Avg Rew: 43.136
Completed Steps:   638000 || Avg Steps:   12 || Avg Rew: 42.335
Completed Steps:   639000 || Avg Steps:   12 || Avg Rew: 43.042
Completed Steps:   640000 || Avg Steps:   11 || Avg Rew: 42.044
Completed Steps:   641000 || Avg Steps:   12 || Avg Rew: 43.533
Completed Steps:   642000 || Avg Steps:   12 || Avg Rew: 43.012
Completed Steps:   643000 || Avg Steps:   11 || Avg Rew: 41.447
Completed Steps:   644000 || Avg Steps:   12 || Avg Rew: 44.021
Completed Steps:   645000 || Avg Steps:   10 || Avg Rew: 42.330
Completed Steps:   646000 || Avg Steps:   11 || Avg Rew: 41.772
Completed Steps:   647000 || Avg Steps:   11 || Avg Rew: 42.828
Completed Steps:   648000 || Avg Steps:   12 || Avg Rew: 42.186
Completed Steps:   649000 || Avg Steps:   11 || Avg Rew: 42.556
Completed Steps:   650000 || Avg Steps:   11 || Avg Rew: 42.526
Completed Steps:   651000 || Avg Steps:   11 || Avg Rew: 43.000
Completed Steps:   652000 || Avg Steps:   14 || Avg Rew: 43.532
Completed Steps:   653000 || Avg Steps:   10 || Avg Rew: 42.884
Completed Steps:   654000 || Avg Steps:   10 || Avg Rew: 42.273
Completed Steps:   655000 || Avg Steps:   11 || Avg Rew: 41.217
Completed Steps:   656000 || Avg Steps:   13 || Avg Rew: 43.149
Completed Steps:   657000 || Avg Steps:   11 || Avg Rew: 41.997
Completed Steps:   658000 || Avg Steps:   11 || Avg Rew: 42.586
Completed Steps:   659000 || Avg Steps:   11 || Avg Rew: 43.240
Completed Steps:   660000 || Avg Steps:   12 || Avg Rew: 42.603
Completed Steps:   661000 || Avg Steps:   10 || Avg Rew: 41.703
Completed Steps:   662000 || Avg Steps:   11 || Avg Rew: 41.624
Completed Steps:   663000 || Avg Steps:   11 || Avg Rew: 42.120
Completed Steps:   664000 || Avg Steps:   11 || Avg Rew: 41.490
Completed Steps:   665000 || Avg Steps:   15 || Avg Rew: 44.065
Completed Steps:   666000 || Avg Steps:   10 || Avg Rew: 42.790
Completed Steps:   667000 || Avg Steps:   11 || Avg Rew: 43.587
Completed Steps:   668000 || Avg Steps:   10 || Avg Rew: 42.394
Completed Steps:   669000 || Avg Steps:   11 || Avg Rew: 42.585
Completed Steps:   670000 || Avg Steps:   12 || Avg Rew: 44.366
Completed Steps:   671000 || Avg Steps:   11 || Avg Rew: 41.501
Completed Steps:   672000 || Avg Steps:   10 || Avg Rew: 42.944
Completed Steps:   673000 || Avg Steps:   10 || Avg Rew: 41.160
Completed Steps:   674000 || Avg Steps:   11 || Avg Rew: 42.084
Completed Steps:   675000 || Avg Steps:   13 || Avg Rew: 43.124
Completed Steps:   676000 || Avg Steps:   11 || Avg Rew: 42.332
Completed Steps:   677000 || Avg Steps:   11 || Avg Rew: 43.149
Completed Steps:   678000 || Avg Steps:   12 || Avg Rew: 41.958
Completed Steps:   679000 || Avg Steps:   12 || Avg Rew: 44.103
Completed Steps:   680000 || Avg Steps:   11 || Avg Rew: 42.159
Completed Steps:   681000 || Avg Steps:   11 || Avg Rew: 42.527
Completed Steps:   682000 || Avg Steps:   13 || Avg Rew: 42.429
Completed Steps:   683000 || Avg Steps:   11 || Avg Rew: 43.489
Completed Steps:   684000 || Avg Steps:   13 || Avg Rew: 42.436
Completed Steps:   685000 || Avg Steps:   12 || Avg Rew: 42.155
Completed Steps:   686000 || Avg Steps:   11 || Avg Rew: 45.621
Completed Steps:   687000 || Avg Steps:   11 || Avg Rew: 44.139
Completed Steps:   688000 || Avg Steps:   14 || Avg Rew: 44.523
Completed Steps:   689000 || Avg Steps:   12 || Avg Rew: 43.544
Completed Steps:   690000 || Avg Steps:   12 || Avg Rew: 41.884
Completed Steps:   691000 || Avg Steps:   11 || Avg Rew: 43.704
Completed Steps:   692000 || Avg Steps:   11 || Avg Rew: 42.539
Completed Steps:   693000 || Avg Steps:   11 || Avg Rew: 42.443
Completed Steps:   694000 || Avg Steps:   12 || Avg Rew: 42.641
Completed Steps:   695000 || Avg Steps:   11 || Avg Rew: 42.627
Completed Steps:   696000 || Avg Steps:   11 || Avg Rew: 42.252
Completed Steps:   697000 || Avg Steps:   11 || Avg Rew: 42.714
Completed Steps:   698000 || Avg Steps:   11 || Avg Rew: 42.452
Completed Steps:   699000 || Avg Steps:   11 || Avg Rew: 43.628
Completed Steps:   700000 || Avg Steps:   10 || Avg Rew: 42.392
Completed Steps:   701000 || Avg Steps:   11 || Avg Rew: 41.862
Completed Steps:   702000 || Avg Steps:   10 || Avg Rew: 42.163
Completed Steps:   703000 || Avg Steps:   12 || Avg Rew: 43.551
Completed Steps:   704000 || Avg Steps:   12 || Avg Rew: 44.362
Completed Steps:   705000 || Avg Steps:   10 || Avg Rew: 41.138
Completed Steps:   706000 || Avg Steps:   10 || Avg Rew: 42.077
Completed Steps:   707000 || Avg Steps:   14 || Avg Rew: 42.972
Completed Steps:   708000 || Avg Steps:   12 || Avg Rew: 43.815
Completed Steps:   709000 || Avg Steps:   12 || Avg Rew: 44.366
Completed Steps:   710000 || Avg Steps:   13 || Avg Rew: 43.135
Completed Steps:   711000 || Avg Steps:   11 || Avg Rew: 42.810
Completed Steps:   712000 || Avg Steps:   10 || Avg Rew: 42.879
Completed Steps:   713000 || Avg Steps:   12 || Avg Rew: 41.457
Completed Steps:   714000 || Avg Steps:   11 || Avg Rew: 41.786
Completed Steps:   715000 || Avg Steps:   12 || Avg Rew: 43.086
Completed Steps:   716000 || Avg Steps:   11 || Avg Rew: 42.618
Completed Steps:   717000 || Avg Steps:   10 || Avg Rew: 41.593
Completed Steps:   718000 || Avg Steps:   12 || Avg Rew: 43.005
Completed Steps:   719000 || Avg Steps:   12 || Avg Rew: 40.646
Completed Steps:   720000 || Avg Steps:   13 || Avg Rew: 45.408
Completed Steps:   721000 || Avg Steps:   11 || Avg Rew: 42.796
Completed Steps:   722000 || Avg Steps:   11 || Avg Rew: 42.406
Completed Steps:   723000 || Avg Steps:   10 || Avg Rew: 40.310
Completed Steps:   724000 || Avg Steps:   11 || Avg Rew: 42.274
Completed Steps:   725000 || Avg Steps:   11 || Avg Rew: 43.536
Completed Steps:   726000 || Avg Steps:   11 || Avg Rew: 43.687
Completed Steps:   727000 || Avg Steps:   12 || Avg Rew: 43.735
Completed Steps:   728000 || Avg Steps:   11 || Avg Rew: 41.885
Completed Steps:   729000 || Avg Steps:   13 || Avg Rew: 44.429
Completed Steps:   730000 || Avg Steps:   11 || Avg Rew: 42.004
Completed Steps:   731000 || Avg Steps:   12 || Avg Rew: 42.300
Completed Steps:   732000 || Avg Steps:   10 || Avg Rew: 41.985
Completed Steps:   733000 || Avg Steps:   14 || Avg Rew: 44.019
Completed Steps:   734000 || Avg Steps:   11 || Avg Rew: 44.398
Completed Steps:   735000 || Avg Steps:   11 || Avg Rew: 44.001
Completed Steps:   736000 || Avg Steps:   13 || Avg Rew: 44.577
Completed Steps:   737000 || Avg Steps:   11 || Avg Rew: 43.898
Completed Steps:   738000 || Avg Steps:   11 || Avg Rew: 44.633
Completed Steps:   739000 || Avg Steps:   12 || Avg Rew: 42.761
Completed Steps:   740000 || Avg Steps:   12 || Avg Rew: 43.856
Completed Steps:   741000 || Avg Steps:   10 || Avg Rew: 42.359
Completed Steps:   742000 || Avg Steps:   12 || Avg Rew: 43.263
Completed Steps:   743000 || Avg Steps:   11 || Avg Rew: 42.190
Completed Steps:   744000 || Avg Steps:   12 || Avg Rew: 42.580
Completed Steps:   745000 || Avg Steps:   10 || Avg Rew: 42.577
Completed Steps:   746000 || Avg Steps:   11 || Avg Rew: 43.170
Completed Steps:   747000 || Avg Steps:   12 || Avg Rew: 43.668
Completed Steps:   748000 || Avg Steps:   16 || Avg Rew: 44.980
Completed Steps:   749000 || Avg Steps:   11 || Avg Rew: 41.971
Completed Steps:   750000 || Avg Steps:   10 || Avg Rew: 42.319
Completed Steps:   751000 || Avg Steps:   10 || Avg Rew: 42.261
Completed Steps:   752000 || Avg Steps:   12 || Avg Rew: 42.368
Completed Steps:   753000 || Avg Steps:   11 || Avg Rew: 42.588
Completed Steps:   754000 || Avg Steps:   10 || Avg Rew: 42.829
Completed Steps:   755000 || Avg Steps:   12 || Avg Rew: 42.972
Completed Steps:   756000 || Avg Steps:   11 || Avg Rew: 40.966
Completed Steps:   757000 || Avg Steps:   13 || Avg Rew: 43.610
Completed Steps:   758000 || Avg Steps:   11 || Avg Rew: 41.947
Completed Steps:   759000 || Avg Steps:   11 || Avg Rew: 41.947
Completed Steps:   760000 || Avg Steps:   11 || Avg Rew: 44.028
Completed Steps:   761000 || Avg Steps:   11 || Avg Rew: 44.000
Completed Steps:   762000 || Avg Steps:   12 || Avg Rew: 44.169
Completed Steps:   763000 || Avg Steps:   11 || Avg Rew: 41.888
Completed Steps:   764000 || Avg Steps:   12 || Avg Rew: 43.323
Completed Steps:   765000 || Avg Steps:   11 || Avg Rew: 41.305
Completed Steps:   766000 || Avg Steps:   12 || Avg Rew: 42.783
Completed Steps:   767000 || Avg Steps:   13 || Avg Rew: 43.178
Completed Steps:   768000 || Avg Steps:   12 || Avg Rew: 42.781
Completed Steps:   769000 || Avg Steps:   11 || Avg Rew: 44.431
Completed Steps:   770000 || Avg Steps:   12 || Avg Rew: 41.148
Completed Steps:   771000 || Avg Steps:   12 || Avg Rew: 42.775
Completed Steps:   772000 || Avg Steps:   13 || Avg Rew: 44.671
Completed Steps:   773000 || Avg Steps:   14 || Avg Rew: 41.361
Completed Steps:   774000 || Avg Steps:   12 || Avg Rew: 43.514
Completed Steps:   775000 || Avg Steps:   13 || Avg Rew: 44.057
Completed Steps:   776000 || Avg Steps:   11 || Avg Rew: 43.131
Completed Steps:   777000 || Avg Steps:   14 || Avg Rew: 44.984
Completed Steps:   778000 || Avg Steps:   12 || Avg Rew: 43.754
Completed Steps:   779000 || Avg Steps:   11 || Avg Rew: 43.427
Completed Steps:   780000 || Avg Steps:   13 || Avg Rew: 42.457
Completed Steps:   781000 || Avg Steps:   12 || Avg Rew: 44.154
Completed Steps:   782000 || Avg Steps:   11 || Avg Rew: 42.830
Completed Steps:   783000 || Avg Steps:   11 || Avg Rew: 42.811
Completed Steps:   784000 || Avg Steps:   11 || Avg Rew: 41.372
Completed Steps:   785000 || Avg Steps:   11 || Avg Rew: 41.587
Completed Steps:   786000 || Avg Steps:   12 || Avg Rew: 42.049
Completed Steps:   787000 || Avg Steps:   14 || Avg Rew: 42.389
Completed Steps:   788000 || Avg Steps:   12 || Avg Rew: 43.970
Completed Steps:   789000 || Avg Steps:   12 || Avg Rew: 43.681
Completed Steps:   790000 || Avg Steps:   14 || Avg Rew: 45.645
Completed Steps:   791000 || Avg Steps:   11 || Avg Rew: 42.652
Completed Steps:   792000 || Avg Steps:   13 || Avg Rew: 43.308
Completed Steps:   793000 || Avg Steps:   13 || Avg Rew: 44.654
Completed Steps:   794000 || Avg Steps:   12 || Avg Rew: 43.646
Completed Steps:   795000 || Avg Steps:   13 || Avg Rew: 45.492
Completed Steps:   796000 || Avg Steps:   11 || Avg Rew: 42.670
Completed Steps:   797000 || Avg Steps:   11 || Avg Rew: 42.643
Completed Steps:   798000 || Avg Steps:   12 || Avg Rew: 42.981
Completed Steps:   799000 || Avg Steps:   11 || Avg Rew: 43.409
Completed Steps:   800000 || Avg Steps:   11 || Avg Rew: 41.123
Completed Steps:   801000 || Avg Steps:   11 || Avg Rew: 44.181
Completed Steps:   802000 || Avg Steps:   10 || Avg Rew: 41.422
Completed Steps:   803000 || Avg Steps:   12 || Avg Rew: 43.458
Completed Steps:   804000 || Avg Steps:   11 || Avg Rew: 42.842
Completed Steps:   805000 || Avg Steps:   11 || Avg Rew: 42.503
Completed Steps:   806000 || Avg Steps:   12 || Avg Rew: 43.140
Completed Steps:   807000 || Avg Steps:   12 || Avg Rew: 43.353
Completed Steps:   808000 || Avg Steps:   12 || Avg Rew: 42.813
Completed Steps:   809000 || Avg Steps:   12 || Avg Rew: 43.444
Completed Steps:   810000 || Avg Steps:   11 || Avg Rew: 43.479
Completed Steps:   811000 || Avg Steps:   11 || Avg Rew: 42.669
Completed Steps:   812000 || Avg Steps:   12 || Avg Rew: 42.235
Completed Steps:   813000 || Avg Steps:   11 || Avg Rew: 43.399
Completed Steps:   814000 || Avg Steps:   12 || Avg Rew: 44.362
Completed Steps:   815000 || Avg Steps:   11 || Avg Rew: 43.031
Completed Steps:   816000 || Avg Steps:   11 || Avg Rew: 43.882
Completed Steps:   817000 || Avg Steps:   12 || Avg Rew: 44.288
Completed Steps:   818000 || Avg Steps:   11 || Avg Rew: 44.512
Completed Steps:   819000 || Avg Steps:   10 || Avg Rew: 41.379
Completed Steps:   820000 || Avg Steps:   12 || Avg Rew: 42.669
Completed Steps:   821000 || Avg Steps:   11 || Avg Rew: 42.717
Completed Steps:   822000 || Avg Steps:   11 || Avg Rew: 42.343
Completed Steps:   823000 || Avg Steps:   12 || Avg Rew: 43.759
Completed Steps:   824000 || Avg Steps:   10 || Avg Rew: 42.767
Completed Steps:   825000 || Avg Steps:   14 || Avg Rew: 43.992
Completed Steps:   826000 || Avg Steps:   12 || Avg Rew: 45.550
Completed Steps:   827000 || Avg Steps:   10 || Avg Rew: 40.528
Completed Steps:   828000 || Avg Steps:   10 || Avg Rew: 42.273
Completed Steps:   829000 || Avg Steps:   11 || Avg Rew: 42.982
Completed Steps:   830000 || Avg Steps:   11 || Avg Rew: 41.878
Completed Steps:   831000 || Avg Steps:   11 || Avg Rew: 42.190
Completed Steps:   832000 || Avg Steps:   14 || Avg Rew: 44.769
Completed Steps:   833000 || Avg Steps:   14 || Avg Rew: 44.340
Completed Steps:   834000 || Avg Steps:   11 || Avg Rew: 42.600
Completed Steps:   835000 || Avg Steps:   11 || Avg Rew: 40.993
Completed Steps:   836000 || Avg Steps:   10 || Avg Rew: 40.901
Completed Steps:   837000 || Avg Steps:   11 || Avg Rew: 43.993
Completed Steps:   838000 || Avg Steps:   11 || Avg Rew: 41.888
Completed Steps:   839000 || Avg Steps:   10 || Avg Rew: 41.093
Completed Steps:   840000 || Avg Steps:   12 || Avg Rew: 43.636
Completed Steps:   841000 || Avg Steps:   12 || Avg Rew: 42.881
Completed Steps:   842000 || Avg Steps:   11 || Avg Rew: 42.183
Completed Steps:   843000 || Avg Steps:   12 || Avg Rew: 41.247
Completed Steps:   844000 || Avg Steps:   11 || Avg Rew: 42.583
Completed Steps:   845000 || Avg Steps:   12 || Avg Rew: 43.372
Completed Steps:   846000 || Avg Steps:   10 || Avg Rew: 42.939
Completed Steps:   847000 || Avg Steps:   11 || Avg Rew: 40.753
Completed Steps:   848000 || Avg Steps:   12 || Avg Rew: 43.542
Completed Steps:   849000 || Avg Steps:   11 || Avg Rew: 42.166
Completed Steps:   850000 || Avg Steps:   12 || Avg Rew: 43.156
Completed Steps:   851000 || Avg Steps:   10 || Avg Rew: 40.736
Completed Steps:   852000 || Avg Steps:   14 || Avg Rew: 44.645
Completed Steps:   853000 || Avg Steps:   13 || Avg Rew: 44.031
Completed Steps:   854000 || Avg Steps:   13 || Avg Rew: 43.053
Completed Steps:   855000 || Avg Steps:   11 || Avg Rew: 41.321
Completed Steps:   856000 || Avg Steps:   12 || Avg Rew: 42.988
Completed Steps:   857000 || Avg Steps:   11 || Avg Rew: 44.207
Completed Steps:   858000 || Avg Steps:   13 || Avg Rew: 43.142
Completed Steps:   859000 || Avg Steps:   15 || Avg Rew: 44.698
Completed Steps:   860000 || Avg Steps:   12 || Avg Rew: 42.607
Completed Steps:   861000 || Avg Steps:   13 || Avg Rew: 42.458
Completed Steps:   862000 || Avg Steps:   19 || Avg Rew: 44.448
Completed Steps:   863000 || Avg Steps:   12 || Avg Rew: 42.161
Completed Steps:   864000 || Avg Steps:   12 || Avg Rew: 43.465
Completed Steps:   865000 || Avg Steps:   12 || Avg Rew: 42.654
Completed Steps:   866000 || Avg Steps:   11 || Avg Rew: 42.761
Completed Steps:   867000 || Avg Steps:   12 || Avg Rew: 42.380
Completed Steps:   868000 || Avg Steps:   13 || Avg Rew: 43.444
Completed Steps:   869000 || Avg Steps:   11 || Avg Rew: 43.241
Completed Steps:   870000 || Avg Steps:   14 || Avg Rew: 43.449
Completed Steps:   871000 || Avg Steps:   12 || Avg Rew: 42.957
Completed Steps:   872000 || Avg Steps:   12 || Avg Rew: 44.206
Completed Steps:   873000 || Avg Steps:   12 || Avg Rew: 45.258
Completed Steps:   874000 || Avg Steps:   12 || Avg Rew: 42.777
Completed Steps:   875000 || Avg Steps:   11 || Avg Rew: 43.028
Completed Steps:   876000 || Avg Steps:   13 || Avg Rew: 43.735
Completed Steps:   877000 || Avg Steps:   13 || Avg Rew: 43.770
Completed Steps:   878000 || Avg Steps:   11 || Avg Rew: 41.717
Completed Steps:   879000 || Avg Steps:   12 || Avg Rew: 43.118
Completed Steps:   880000 || Avg Steps:   12 || Avg Rew: 43.359
Completed Steps:   881000 || Avg Steps:   10 || Avg Rew: 41.909
Completed Steps:   882000 || Avg Steps:   11 || Avg Rew: 41.509
Completed Steps:   883000 || Avg Steps:   13 || Avg Rew: 43.509
Completed Steps:   884000 || Avg Steps:   10 || Avg Rew: 41.223
Completed Steps:   885000 || Avg Steps:   11 || Avg Rew: 43.250
Completed Steps:   886000 || Avg Steps:   11 || Avg Rew: 43.236
Completed Steps:   887000 || Avg Steps:   11 || Avg Rew: 41.323
Completed Steps:   888000 || Avg Steps:   11 || Avg Rew: 44.179
Completed Steps:   889000 || Avg Steps:   11 || Avg Rew: 42.426
Completed Steps:   890000 || Avg Steps:   12 || Avg Rew: 43.420
Completed Steps:   891000 || Avg Steps:   12 || Avg Rew: 45.286
Completed Steps:   892000 || Avg Steps:   12 || Avg Rew: 44.659
Completed Steps:   893000 || Avg Steps:   11 || Avg Rew: 42.731
Completed Steps:   894000 || Avg Steps:   12 || Avg Rew: 42.382
Completed Steps:   895000 || Avg Steps:   10 || Avg Rew: 41.383
Completed Steps:   896000 || Avg Steps:   10 || Avg Rew: 42.666
Completed Steps:   897000 || Avg Steps:   13 || Avg Rew: 42.256
Completed Steps:   898000 || Avg Steps:   11 || Avg Rew: 44.215
Completed Steps:   899000 || Avg Steps:   11 || Avg Rew: 42.082
Completed Steps:   900000 || Avg Steps:   12 || Avg Rew: 41.989
Completed Steps:   901000 || Avg Steps:   11 || Avg Rew: 42.408
Completed Steps:   902000 || Avg Steps:   10 || Avg Rew: 41.888
Completed Steps:   903000 || Avg Steps:   12 || Avg Rew: 44.056
Completed Steps:   904000 || Avg Steps:    9 || Avg Rew: 41.637
Completed Steps:   905000 || Avg Steps:   12 || Avg Rew: 42.455
Completed Steps:   906000 || Avg Steps:   10 || Avg Rew: 42.167
Completed Steps:   907000 || Avg Steps:   11 || Avg Rew: 42.649
Completed Steps:   908000 || Avg Steps:   12 || Avg Rew: 43.852
Completed Steps:   909000 || Avg Steps:   11 || Avg Rew: 42.289
Completed Steps:   910000 || Avg Steps:   10 || Avg Rew: 41.559
Completed Steps:   911000 || Avg Steps:   10 || Avg Rew: 41.256
Completed Steps:   912000 || Avg Steps:   11 || Avg Rew: 41.970
Completed Steps:   913000 || Avg Steps:   13 || Avg Rew: 42.435
Completed Steps:   914000 || Avg Steps:   11 || Avg Rew: 42.837
Completed Steps:   915000 || Avg Steps:   12 || Avg Rew: 44.007
Completed Steps:   916000 || Avg Steps:   12 || Avg Rew: 42.667
Completed Steps:   917000 || Avg Steps:   11 || Avg Rew: 41.776
Completed Steps:   918000 || Avg Steps:   11 || Avg Rew: 45.244
Completed Steps:   919000 || Avg Steps:   10 || Avg Rew: 42.199
Completed Steps:   920000 || Avg Steps:   13 || Avg Rew: 43.642
Completed Steps:   921000 || Avg Steps:   13 || Avg Rew: 42.398
Completed Steps:   922000 || Avg Steps:   10 || Avg Rew: 42.132
Completed Steps:   923000 || Avg Steps:   11 || Avg Rew: 42.131
Completed Steps:   924000 || Avg Steps:   13 || Avg Rew: 44.458
Completed Steps:   925000 || Avg Steps:   13 || Avg Rew: 43.695
Completed Steps:   926000 || Avg Steps:   12 || Avg Rew: 43.066
Completed Steps:   927000 || Avg Steps:   12 || Avg Rew: 42.921
Completed Steps:   928000 || Avg Steps:   11 || Avg Rew: 41.351
Completed Steps:   929000 || Avg Steps:   12 || Avg Rew: 42.723
Completed Steps:   930000 || Avg Steps:   11 || Avg Rew: 42.078
Completed Steps:   931000 || Avg Steps:   11 || Avg Rew: 44.647
Completed Steps:   932000 || Avg Steps:   10 || Avg Rew: 41.624
Completed Steps:   933000 || Avg Steps:   12 || Avg Rew: 41.972
Completed Steps:   934000 || Avg Steps:   15 || Avg Rew: 45.381
Completed Steps:   935000 || Avg Steps:   14 || Avg Rew: 45.736
Completed Steps:   936000 || Avg Steps:   12 || Avg Rew: 43.329
Completed Steps:   937000 || Avg Steps:   13 || Avg Rew: 44.720
Completed Steps:   938000 || Avg Steps:   13 || Avg Rew: 45.306
Completed Steps:   939000 || Avg Steps:   12 || Avg Rew: 42.286
Completed Steps:   940000 || Avg Steps:   12 || Avg Rew: 43.431
Completed Steps:   941000 || Avg Steps:   11 || Avg Rew: 44.649
Completed Steps:   942000 || Avg Steps:   12 || Avg Rew: 42.328
Completed Steps:   943000 || Avg Steps:   12 || Avg Rew: 42.253
Completed Steps:   944000 || Avg Steps:   11 || Avg Rew: 42.492
Completed Steps:   945000 || Avg Steps:   12 || Avg Rew: 42.006
Completed Steps:   946000 || Avg Steps:   12 || Avg Rew: 43.676
Completed Steps:   947000 || Avg Steps:   15 || Avg Rew: 45.280
Completed Steps:   948000 || Avg Steps:   12 || Avg Rew: 43.342
Completed Steps:   949000 || Avg Steps:   12 || Avg Rew: 42.754
Completed Steps:   950000 || Avg Steps:   12 || Avg Rew: 44.923
Completed Steps:   951000 || Avg Steps:   12 || Avg Rew: 41.898
Completed Steps:   952000 || Avg Steps:   10 || Avg Rew: 40.373
Completed Steps:   953000 || Avg Steps:   13 || Avg Rew: 42.647
Completed Steps:   954000 || Avg Steps:   12 || Avg Rew: 44.512
Completed Steps:   955000 || Avg Steps:   14 || Avg Rew: 44.406
Completed Steps:   956000 || Avg Steps:   13 || Avg Rew: 44.118
Completed Steps:   957000 || Avg Steps:   15 || Avg Rew: 44.378
Completed Steps:   958000 || Avg Steps:   12 || Avg Rew: 42.914
Completed Steps:   959000 || Avg Steps:   13 || Avg Rew: 43.109
Completed Steps:   960000 || Avg Steps:   12 || Avg Rew: 41.720
Completed Steps:   961000 || Avg Steps:   11 || Avg Rew: 42.368
Completed Steps:   962000 || Avg Steps:   11 || Avg Rew: 41.676
Completed Steps:   963000 || Avg Steps:   13 || Avg Rew: 43.370
Completed Steps:   964000 || Avg Steps:   18 || Avg Rew: 44.277
Completed Steps:   965000 || Avg Steps:   12 || Avg Rew: 43.530
Completed Steps:   966000 || Avg Steps:   10 || Avg Rew: 43.615
Completed Steps:   967000 || Avg Steps:   11 || Avg Rew: 42.359
Completed Steps:   968000 || Avg Steps:   11 || Avg Rew: 43.956
Completed Steps:   969000 || Avg Steps:   12 || Avg Rew: 41.849
Completed Steps:   970000 || Avg Steps:   12 || Avg Rew: 45.442
Completed Steps:   971000 || Avg Steps:   10 || Avg Rew: 43.028
Completed Steps:   972000 || Avg Steps:   12 || Avg Rew: 41.865
Completed Steps:   973000 || Avg Steps:   11 || Avg Rew: 43.821
Completed Steps:   974000 || Avg Steps:   12 || Avg Rew: 42.584
Completed Steps:   975000 || Avg Steps:   13 || Avg Rew: 42.376
Completed Steps:   976000 || Avg Steps:   12 || Avg Rew: 44.862
Completed Steps:   977000 || Avg Steps:   13 || Avg Rew: 43.727
Completed Steps:   978000 || Avg Steps:   13 || Avg Rew: 43.139
Completed Steps:   979000 || Avg Steps:   11 || Avg Rew: 43.103
Completed Steps:   980000 || Avg Steps:   12 || Avg Rew: 42.912
Completed Steps:   981000 || Avg Steps:   14 || Avg Rew: 43.996
Completed Steps:   982000 || Avg Steps:   13 || Avg Rew: 43.794
Completed Steps:   983000 || Avg Steps:   11 || Avg Rew: 42.952
Completed Steps:   984000 || Avg Steps:   14 || Avg Rew: 45.098
Completed Steps:   985000 || Avg Steps:   12 || Avg Rew: 43.858
Completed Steps:   986000 || Avg Steps:   12 || Avg Rew: 43.272
Completed Steps:   987000 || Avg Steps:   11 || Avg Rew: 42.092
Completed Steps:   988000 || Avg Steps:   11 || Avg Rew: 42.670
Completed Steps:   989000 || Avg Steps:   12 || Avg Rew: 42.689
Completed Steps:   990000 || Avg Steps:   11 || Avg Rew: 43.441
Completed Steps:   991000 || Avg Steps:   12 || Avg Rew: 43.537
Completed Steps:   992000 || Avg Steps:   11 || Avg Rew: 42.877
Completed Steps:   993000 || Avg Steps:   13 || Avg Rew: 43.143
Completed Steps:   994000 || Avg Steps:   12 || Avg Rew: 43.634
Completed Steps:   995000 || Avg Steps:   12 || Avg Rew: 43.184
Completed Steps:   996000 || Avg Steps:   11 || Avg Rew: 42.039
Completed Steps:   997000 || Avg Steps:   11 || Avg Rew: 40.048
Completed Steps:   998000 || Avg Steps:   11 || Avg Rew: 42.326
Completed Steps:   999000 || Avg Steps:   12 || Avg Rew: 42.554
Finished training at: 2024-08-20 21:56:26
Total elapsed time: 18559.59529399872
