entered training run...


============================================
Discrete Steps until Terminal State: 1000
Continuous Steps until Terminal State: 1000
3.7.2 | packaged by conda-forge | (default, Mar 20 2019, 01:46:52) 
[GCC 7.3.0]
/lustre/fs1/home/amckinney/Local_Neuro_Symbolic
Bounding Persist: <class 'bool'>, True
Bounding Distance: <class 'int'>, 3
Terminal Reward: <class 'int'>, 10
Sequence Level: <class 'int'>, 2
Dungeon Quest LTLF: F(dragon) & (!sword U key) & (!dragon U sword)
============================================


imported all dependencies, checking for cuda

==============
Cuda detected!
==============

Done with DFA conversion
[<discrete.lib.automaton.mine_aps.MineInventoryAP object at 0x14c9ba6d8f98>, <discrete.lib.automaton.mine_aps.MineInventoryAP object at 0x14c9ba6d8fd0>, <discrete.lib.automaton.mine_aps.MineInfoAutAP object at 0x14c9ba6d8668>]


============================================
Training Teacher / Independent DDPG Agent
Max Training Steps: 1000000
LTLF: F(dragon) & (!sword U key) & (!dragon U sword)
============================================


Starting training at: 2024-08-18 15:50:27
Env Config: EnvConfig(env_name='MineWorldEnv-v1', kwargs={'config': <discrete.lib.env.mineworldenv.MineWorldConfig object at 0x14c9ba6d8eb8>}, wrapper_cls=<class 'discrete.lib.env.rew_every_step.RewEveryStep'>, wrapper_kwargs={'rew_per_step': -0.1})

Env Name: MineWorldEnv-v1
Observation Space: Box(16,)
Automaton Num States: 5
Action Space: Box(1,)
Agent Name: TD3 Agent
NOT Loading from checkpoint
Actor Learning Rate: 0.0003
Critic Learning Rate: 0.0003
Completed Steps:     1000 || Avg Steps: 1000 || Avg Rew: -195.758
Completed Steps:     2000 || Avg Steps: 1000 || Avg Rew: -188.916
Completed Steps:     3000 || Avg Steps: 1000 || Avg Rew: -191.327
Completed Steps:     4000 || Avg Steps: 1000 || Avg Rew: -192.391
Completed Steps:     5000 || Avg Steps: 1000 || Avg Rew: -191.356
Completed Steps:     6000 || Avg Steps: 1000 || Avg Rew: -192.273
Completed Steps:     7000 || Avg Steps: 1000 || Avg Rew: -192.458
Completed Steps:     8000 || Avg Steps: 1000 || Avg Rew: -192.889
Completed Steps:     9000 || Avg Steps: 1000 || Avg Rew: -193.132
Completed Steps:    10000 || Avg Steps: 1000 || Avg Rew: -193.456
Completed Steps:    11000 || Avg Steps: 1000 || Avg Rew: -193.493
Completed Steps:    12000 || Avg Steps: 1000 || Avg Rew: -194.484
Completed Steps:    13000 || Avg Steps: 1000 || Avg Rew: -194.016
Completed Steps:    14000 || Avg Steps: 1000 || Avg Rew: -194.106
Completed Steps:    15000 || Avg Steps: 1000 || Avg Rew: -194.914
Completed Steps:    16000 || Avg Steps: 1000 || Avg Rew: -194.820
Completed Steps:    17000 || Avg Steps: 1000 || Avg Rew: -195.193
Completed Steps:    18000 || Avg Steps: 1000 || Avg Rew: -195.145
Completed Steps:    19000 || Avg Steps: 1000 || Avg Rew: -195.167
Completed Steps:    20000 || Avg Steps: 1000 || Avg Rew: -195.121
Completed Steps:    21000 || Avg Steps:  992 || Avg Rew: -191.908
Completed Steps:    22000 || Avg Steps:  982 || Avg Rew: -188.923
Completed Steps:    23000 || Avg Steps:  977 || Avg Rew: -187.782
Completed Steps:    24000 || Avg Steps:  977 || Avg Rew: -187.576
Completed Steps:    25000 || Avg Steps:  977 || Avg Rew: -187.592
Completed Steps:    26000 || Avg Steps:  977 || Avg Rew: -187.654
Completed Steps:    27000 || Avg Steps:  977 || Avg Rew: -187.646
Completed Steps:    28000 || Avg Steps:  977 || Avg Rew: -187.670
Completed Steps:    29000 || Avg Steps:  973 || Avg Rew: -184.963
Completed Steps:    30000 || Avg Steps:  981 || Avg Rew: -183.781
Completed Steps:    31000 || Avg Steps:  912 || Avg Rew: -137.969
Completed Steps:    32000 || Avg Steps:  881 || Avg Rew: -106.940
Completed Steps:    33000 || Avg Steps:  709 || Avg Rew: -20.493
Completed Steps:    34000 || Avg Steps:  525 || Avg Rew: 79.662
Completed Steps:    35000 || Avg Steps:  423 || Avg Rew: 101.951
Completed Steps:    36000 || Avg Steps:  294 || Avg Rew: 98.121
Completed Steps:    37000 || Avg Steps:  320 || Avg Rew: 51.316
Completed Steps:    38000 || Avg Steps:  246 || Avg Rew: 50.369
Completed Steps:    39000 || Avg Steps:  169 || Avg Rew: 63.276
Completed Steps:    40000 || Avg Steps:  183 || Avg Rew: 55.440
Completed Steps:    41000 || Avg Steps:  223 || Avg Rew: 56.268
Completed Steps:    42000 || Avg Steps:  184 || Avg Rew: 60.619
Completed Steps:    43000 || Avg Steps:  178 || Avg Rew: 55.396
Completed Steps:    44000 || Avg Steps:  194 || Avg Rew: 58.730
Completed Steps:    45000 || Avg Steps:   82 || Avg Rew: 59.480
Completed Steps:    46000 || Avg Steps:   61 || Avg Rew: 58.272
Completed Steps:    47000 || Avg Steps:   99 || Avg Rew: 63.359
Completed Steps:    48000 || Avg Steps:   47 || Avg Rew: 57.100
Completed Steps:    49000 || Avg Steps:   43 || Avg Rew: 54.001
Completed Steps:    50000 || Avg Steps:   66 || Avg Rew: 59.022
Completed Steps:    51000 || Avg Steps:   49 || Avg Rew: 56.925
Completed Steps:    52000 || Avg Steps:   39 || Avg Rew: 52.707
Completed Steps:    53000 || Avg Steps:   20 || Avg Rew: 48.694
Completed Steps:    54000 || Avg Steps:   17 || Avg Rew: 48.292
Completed Steps:    55000 || Avg Steps:   22 || Avg Rew: 48.512
Completed Steps:    56000 || Avg Steps:   24 || Avg Rew: 50.126
Completed Steps:    57000 || Avg Steps:   14 || Avg Rew: 45.874
Completed Steps:    58000 || Avg Steps:   14 || Avg Rew: 47.513
Completed Steps:    59000 || Avg Steps:   16 || Avg Rew: 47.385
Completed Steps:    60000 || Avg Steps:   17 || Avg Rew: 50.412
Completed Steps:    61000 || Avg Steps:   19 || Avg Rew: 49.597
Completed Steps:    62000 || Avg Steps:   15 || Avg Rew: 46.178
Completed Steps:    63000 || Avg Steps:   18 || Avg Rew: 47.128
Completed Steps:    64000 || Avg Steps:   17 || Avg Rew: 46.863
Completed Steps:    65000 || Avg Steps:   30 || Avg Rew: 48.293
Completed Steps:    66000 || Avg Steps:   13 || Avg Rew: 46.040
Finished training at: 2024-08-18 16:09:59
Total elapsed time: 1172.2099792957306
