entered training run...


============================================
Discrete Steps until Terminal State: 1000
Continuous Steps until Terminal State: 1000
3.7.2 | packaged by conda-forge | (default, Mar 20 2019, 01:46:52) 
[GCC 7.3.0]
/lustre/fs1/home/amckinney/Local_Neuro_Symbolic
Bounding Persist: <class 'bool'>, True
Bounding Distance: <class 'int'>, 3
Terminal Reward: <class 'int'>, 10
Sequence Level: <class 'int'>, 2
Dungeon Quest LTLF: F(dragon) & (!sword U key) & (!dragon U sword)
============================================


imported all dependencies, checking for cuda

==============
Cuda detected!
==============

Done with DFA conversion
[<discrete.lib.automaton.mine_aps.MineInventoryAP object at 0x2b218a49b6a0>, <discrete.lib.automaton.mine_aps.MineInventoryAP object at 0x2b218a49b6d8>, <discrete.lib.automaton.mine_aps.MineInfoAutAP object at 0x2b218a49b710>]


============================================
Training Teacher / Independent DDPG Agent
Max Training Steps: 400000
LTLF: F(dragon) & (!sword U key) & (!dragon U sword)
============================================


Starting training at: 2024-07-30 16:25:47
Env Config: EnvConfig(env_name='MineWorldEnv-v1', kwargs={'config': <discrete.lib.env.mineworldenv.MineWorldConfig object at 0x2b218a49b5c0>}, wrapper_cls=<class 'discrete.lib.env.rew_every_step.RewEveryStep'>, wrapper_kwargs={'rew_per_step': -0.1})

Env Name: MineWorldEnv-v1
Observation Space: Box(16,)
Automaton Num States: 5
Action Space: Box(1,)
input shape: (16,)
Agent Name: DDPG Agent
NOT Loading from checkpoint
input shape: (16,)
input shape: (16,)
Actor Learning Rate: 0.0001
Critic Learning Rate: 0.001
Completed Steps:     1000 || Avg Steps: 1000 || Avg Rew: -0.193
Completed Steps:     2000 || Avg Steps: 1000 || Avg Rew: -0.196
Completed Steps:     3000 || Avg Steps: 1000 || Avg Rew: -0.195
Completed Steps:     4000 || Avg Steps: 1000 || Avg Rew: -0.195
Completed Steps:     5000 || Avg Steps:  980 || Avg Rew: -0.196
Completed Steps:     6000 || Avg Steps:  980 || Avg Rew: -0.195
Completed Steps:     7000 || Avg Steps:  970 || Avg Rew: -0.195
Completed Steps:     8000 || Avg Steps:  974 || Avg Rew: -0.180
Completed Steps:     9000 || Avg Steps:  958 || Avg Rew: -0.026
Completed Steps:    10000 || Avg Steps:  958 || Avg Rew: -0.175
Completed Steps:    11000 || Avg Steps:  930 || Avg Rew: 0.158
Completed Steps:    12000 || Avg Steps:  911 || Avg Rew: -0.114
Completed Steps:    13000 || Avg Steps:  730 || Avg Rew: 0.634
Completed Steps:    14000 || Avg Steps:  701 || Avg Rew: 0.094
Completed Steps:    15000 || Avg Steps:  669 || Avg Rew: 0.236
Completed Steps:    16000 || Avg Steps:  613 || Avg Rew: 0.177
Completed Steps:    17000 || Avg Steps:  513 || Avg Rew: 0.317
Completed Steps:    18000 || Avg Steps:  534 || Avg Rew: 0.145
Completed Steps:    19000 || Avg Steps:  539 || Avg Rew: 0.092
Completed Steps:    20000 || Avg Steps:  445 || Avg Rew: 0.024
Completed Steps:    21000 || Avg Steps:  440 || Avg Rew: 0.427
Completed Steps:    22000 || Avg Steps:  396 || Avg Rew: 0.038
Completed Steps:    23000 || Avg Steps:  312 || Avg Rew: 0.068
Completed Steps:    24000 || Avg Steps:  274 || Avg Rew: 0.013
Completed Steps:    25000 || Avg Steps:  335 || Avg Rew: -0.008
Completed Steps:    26000 || Avg Steps:  339 || Avg Rew: 0.557
Completed Steps:    27000 || Avg Steps:  163 || Avg Rew: 0.330
Completed Steps:    28000 || Avg Steps:  203 || Avg Rew: 0.441
Completed Steps:    29000 || Avg Steps:   99 || Avg Rew: 0.957
Completed Steps:    30000 || Avg Steps:   89 || Avg Rew: 0.490
Completed Steps:    31000 || Avg Steps:  145 || Avg Rew: 0.359
Completed Steps:    32000 || Avg Steps:  200 || Avg Rew: 0.315
Completed Steps:    33000 || Avg Steps:  202 || Avg Rew: 0.173
Completed Steps:    34000 || Avg Steps:  224 || Avg Rew: 0.480
Completed Steps:    35000 || Avg Steps:  139 || Avg Rew: 0.847
Completed Steps:    36000 || Avg Steps:   85 || Avg Rew: 1.963
Completed Steps:    37000 || Avg Steps:   66 || Avg Rew: 0.407
Completed Steps:    38000 || Avg Steps:  139 || Avg Rew: 0.788
Completed Steps:    39000 || Avg Steps:   60 || Avg Rew: 0.454
Completed Steps:    40000 || Avg Steps:   54 || Avg Rew: 0.214
Completed Steps:    41000 || Avg Steps:  138 || Avg Rew: 0.400
Completed Steps:    42000 || Avg Steps:   45 || Avg Rew: 0.771
Completed Steps:    43000 || Avg Steps:   40 || Avg Rew: 1.444
Completed Steps:    44000 || Avg Steps:   36 || Avg Rew: 2.251
Completed Steps:    45000 || Avg Steps:   19 || Avg Rew: 2.360
Completed Steps:    46000 || Avg Steps:   16 || Avg Rew: 1.671
Completed Steps:    47000 || Avg Steps:   15 || Avg Rew: 1.689
Completed Steps:    48000 || Avg Steps:   20 || Avg Rew: 2.012
Completed Steps:    49000 || Avg Steps:   24 || Avg Rew: 2.070
Completed Steps:    50000 || Avg Steps:   72 || Avg Rew: 1.328
Completed Steps:    51000 || Avg Steps:   27 || Avg Rew: 1.414
Completed Steps:    52000 || Avg Steps:   14 || Avg Rew: 1.876
Completed Steps:    53000 || Avg Steps:   16 || Avg Rew: 2.541
Completed Steps:    54000 || Avg Steps:   24 || Avg Rew: 2.266
Completed Steps:    55000 || Avg Steps:   28 || Avg Rew: 1.692
Completed Steps:    56000 || Avg Steps:   14 || Avg Rew: 4.011
Completed Steps:    57000 || Avg Steps:   12 || Avg Rew: 2.994
Completed Steps:    58000 || Avg Steps:   15 || Avg Rew: 2.841
Completed Steps:    59000 || Avg Steps:   18 || Avg Rew: 2.373
Completed Steps:    60000 || Avg Steps:   14 || Avg Rew: 2.922
Completed Steps:    61000 || Avg Steps:   18 || Avg Rew: 2.412
Completed Steps:    62000 || Avg Steps:   21 || Avg Rew: 3.273
Completed Steps:    63000 || Avg Steps:   17 || Avg Rew: 2.914
Completed Steps:    64000 || Avg Steps:   23 || Avg Rew: 0.811
Completed Steps:    65000 || Avg Steps:   12 || Avg Rew: 3.519
Completed Steps:    66000 || Avg Steps:   15 || Avg Rew: 3.283
Completed Steps:    67000 || Avg Steps:   14 || Avg Rew: 2.397
Completed Steps:    68000 || Avg Steps:   11 || Avg Rew: 3.457
Completed Steps:    69000 || Avg Steps:   13 || Avg Rew: 4.095
Completed Steps:    70000 || Avg Steps:   14 || Avg Rew: 3.682
Completed Steps:    71000 || Avg Steps:   12 || Avg Rew: 2.637
Completed Steps:    72000 || Avg Steps:   13 || Avg Rew: 2.960
Completed Steps:    73000 || Avg Steps:   10 || Avg Rew: 3.195
Completed Steps:    74000 || Avg Steps:   11 || Avg Rew: 3.937
Completed Steps:    75000 || Avg Steps:   10 || Avg Rew: 3.803
Completed Steps:    76000 || Avg Steps:   10 || Avg Rew: 3.991
Completed Steps:    77000 || Avg Steps:   11 || Avg Rew: 3.802
Completed Steps:    78000 || Avg Steps:   10 || Avg Rew: 3.539
Completed Steps:    79000 || Avg Steps:   11 || Avg Rew: 2.825
Completed Steps:    80000 || Avg Steps:   11 || Avg Rew: 3.670
Completed Steps:    81000 || Avg Steps:   14 || Avg Rew: 2.913
Completed Steps:    82000 || Avg Steps:   13 || Avg Rew: 2.994
Completed Steps:    83000 || Avg Steps:   12 || Avg Rew: 3.125
Completed Steps:    84000 || Avg Steps:   29 || Avg Rew: 1.128
Completed Steps:    85000 || Avg Steps:   15 || Avg Rew: 2.423
Completed Steps:    86000 || Avg Steps:   20 || Avg Rew: 2.363
Completed Steps:    87000 || Avg Steps:   13 || Avg Rew: 2.507
Completed Steps:    88000 || Avg Steps:   11 || Avg Rew: 3.833
Completed Steps:    89000 || Avg Steps:   20 || Avg Rew: 2.884
Completed Steps:    90000 || Avg Steps:   11 || Avg Rew: 3.924
Completed Steps:    91000 || Avg Steps:   12 || Avg Rew: 3.664
Completed Steps:    92000 || Avg Steps:   12 || Avg Rew: 3.767
Completed Steps:    93000 || Avg Steps:   12 || Avg Rew: 3.401
Completed Steps:    94000 || Avg Steps:   11 || Avg Rew: 4.243
Completed Steps:    95000 || Avg Steps:   11 || Avg Rew: 3.521
Completed Steps:    96000 || Avg Steps:   10 || Avg Rew: 3.399
Completed Steps:    97000 || Avg Steps:   12 || Avg Rew: 3.213
Completed Steps:    98000 || Avg Steps:   17 || Avg Rew: 3.234
Completed Steps:    99000 || Avg Steps:   10 || Avg Rew: 4.053
Completed Steps:   100000 || Avg Steps:   11 || Avg Rew: 4.101
Completed Steps:   101000 || Avg Steps:   14 || Avg Rew: 3.244
Completed Steps:   102000 || Avg Steps:   19 || Avg Rew: 3.076
Completed Steps:   103000 || Avg Steps:   13 || Avg Rew: 3.509
Completed Steps:   104000 || Avg Steps:   11 || Avg Rew: 3.674
Completed Steps:   105000 || Avg Steps:    9 || Avg Rew: 3.645
Completed Steps:   106000 || Avg Steps:   17 || Avg Rew: 3.035
Completed Steps:   107000 || Avg Steps:   12 || Avg Rew: 3.178
Completed Steps:   108000 || Avg Steps:   11 || Avg Rew: 3.378
Completed Steps:   109000 || Avg Steps:   15 || Avg Rew: 3.639
Completed Steps:   110000 || Avg Steps:   13 || Avg Rew: 3.034
Completed Steps:   111000 || Avg Steps:   12 || Avg Rew: 3.819
Completed Steps:   112000 || Avg Steps:   16 || Avg Rew: 3.037
Completed Steps:   113000 || Avg Steps:   17 || Avg Rew: 2.718
Completed Steps:   114000 || Avg Steps:   12 || Avg Rew: 3.506
Completed Steps:   115000 || Avg Steps:   10 || Avg Rew: 4.126
Completed Steps:   116000 || Avg Steps:   11 || Avg Rew: 3.396
Completed Steps:   117000 || Avg Steps:   14 || Avg Rew: 3.076
Completed Steps:   118000 || Avg Steps:   11 || Avg Rew: 3.270
Completed Steps:   119000 || Avg Steps:   10 || Avg Rew: 3.624
Completed Steps:   120000 || Avg Steps:   11 || Avg Rew: 3.664
Completed Steps:   121000 || Avg Steps:   15 || Avg Rew: 2.950
Completed Steps:   122000 || Avg Steps:   10 || Avg Rew: 3.856
Completed Steps:   123000 || Avg Steps:   10 || Avg Rew: 4.333
Completed Steps:   124000 || Avg Steps:   11 || Avg Rew: 4.179
Completed Steps:   125000 || Avg Steps:   12 || Avg Rew: 3.626
Completed Steps:   126000 || Avg Steps:   12 || Avg Rew: 3.066
Completed Steps:   127000 || Avg Steps:   12 || Avg Rew: 3.202
Completed Steps:   128000 || Avg Steps:   15 || Avg Rew: 3.338
Completed Steps:   129000 || Avg Steps:   11 || Avg Rew: 3.984
Completed Steps:   130000 || Avg Steps:   10 || Avg Rew: 4.323
Completed Steps:   131000 || Avg Steps:   21 || Avg Rew: 2.546
Completed Steps:   132000 || Avg Steps:   10 || Avg Rew: 3.703
Completed Steps:   133000 || Avg Steps:   12 || Avg Rew: 3.246
Completed Steps:   134000 || Avg Steps:   14 || Avg Rew: 2.718
Completed Steps:   135000 || Avg Steps:   12 || Avg Rew: 3.248
Completed Steps:   136000 || Avg Steps:   24 || Avg Rew: 2.297
Completed Steps:   137000 || Avg Steps:   20 || Avg Rew: 2.362
Completed Steps:   138000 || Avg Steps:   18 || Avg Rew: 2.173
Completed Steps:   139000 || Avg Steps:   19 || Avg Rew: 2.686
Completed Steps:   140000 || Avg Steps:   23 || Avg Rew: 1.194
Completed Steps:   141000 || Avg Steps:   15 || Avg Rew: 2.319
Completed Steps:   142000 || Avg Steps:   13 || Avg Rew: 3.297
Completed Steps:   143000 || Avg Steps:   11 || Avg Rew: 3.392
Completed Steps:   144000 || Avg Steps:   14 || Avg Rew: 2.403
Completed Steps:   145000 || Avg Steps:   13 || Avg Rew: 2.844
Completed Steps:   146000 || Avg Steps:   31 || Avg Rew: 1.747
Completed Steps:   147000 || Avg Steps:   28 || Avg Rew: 1.194
Completed Steps:   148000 || Avg Steps:   28 || Avg Rew: 2.480
Completed Steps:   149000 || Avg Steps:   21 || Avg Rew: 3.080
Completed Steps:   150000 || Avg Steps:   11 || Avg Rew: 3.982
Completed Steps:   151000 || Avg Steps:   10 || Avg Rew: 3.969
Completed Steps:   152000 || Avg Steps:   14 || Avg Rew: 3.169
Completed Steps:   153000 || Avg Steps:   23 || Avg Rew: 1.757
Completed Steps:   154000 || Avg Steps:   16 || Avg Rew: 2.514
Completed Steps:   155000 || Avg Steps:   14 || Avg Rew: 2.130
Completed Steps:   156000 || Avg Steps:   18 || Avg Rew: 3.087
Completed Steps:   157000 || Avg Steps:   15 || Avg Rew: 1.390
Completed Steps:   158000 || Avg Steps:   34 || Avg Rew: 1.913
Completed Steps:   159000 || Avg Steps:   29 || Avg Rew: 2.407
Completed Steps:   160000 || Avg Steps:   18 || Avg Rew: 2.211
Completed Steps:   161000 || Avg Steps:   27 || Avg Rew: 1.940
Completed Steps:   162000 || Avg Steps:   19 || Avg Rew: 2.395
Completed Steps:   163000 || Avg Steps:   19 || Avg Rew: 1.614
Completed Steps:   164000 || Avg Steps:   18 || Avg Rew: 1.103
Completed Steps:   165000 || Avg Steps:   24 || Avg Rew: 1.992
Completed Steps:   166000 || Avg Steps:   13 || Avg Rew: 2.854
Completed Steps:   167000 || Avg Steps:   15 || Avg Rew: 2.085
Completed Steps:   168000 || Avg Steps:   24 || Avg Rew: 2.458
Completed Steps:   169000 || Avg Steps:   17 || Avg Rew: 2.736
Completed Steps:   170000 || Avg Steps:   19 || Avg Rew: 1.044
Completed Steps:   171000 || Avg Steps:   17 || Avg Rew: 2.866
Completed Steps:   172000 || Avg Steps:   35 || Avg Rew: 0.994
Completed Steps:   173000 || Avg Steps:   33 || Avg Rew: 1.842
Completed Steps:   174000 || Avg Steps:   16 || Avg Rew: 2.205
Completed Steps:   175000 || Avg Steps:   29 || Avg Rew: 1.148
Completed Steps:   176000 || Avg Steps:   11 || Avg Rew: 3.985
Completed Steps:   177000 || Avg Steps:   23 || Avg Rew: 1.227
Completed Steps:   178000 || Avg Steps:   18 || Avg Rew: 2.564
Completed Steps:   179000 || Avg Steps:   17 || Avg Rew: 2.287
Completed Steps:   180000 || Avg Steps:   15 || Avg Rew: 1.560
Completed Steps:   181000 || Avg Steps:   13 || Avg Rew: 1.691
Completed Steps:   182000 || Avg Steps:   16 || Avg Rew: 2.993
Completed Steps:   183000 || Avg Steps:   18 || Avg Rew: 1.866
Completed Steps:   184000 || Avg Steps:   14 || Avg Rew: 2.183
Completed Steps:   185000 || Avg Steps:   12 || Avg Rew: 3.250
Completed Steps:   186000 || Avg Steps:   12 || Avg Rew: 3.432
Completed Steps:   187000 || Avg Steps:   14 || Avg Rew: 3.327
Completed Steps:   188000 || Avg Steps:   25 || Avg Rew: 2.541
Completed Steps:   189000 || Avg Steps:   13 || Avg Rew: 3.311
Completed Steps:   190000 || Avg Steps:   21 || Avg Rew: 2.304
Completed Steps:   191000 || Avg Steps:   21 || Avg Rew: 1.536
Completed Steps:   192000 || Avg Steps:   13 || Avg Rew: 2.826
Completed Steps:   193000 || Avg Steps:   13 || Avg Rew: 3.608
Completed Steps:   194000 || Avg Steps:   12 || Avg Rew: 3.756
Completed Steps:   195000 || Avg Steps:   19 || Avg Rew: 3.314
Completed Steps:   196000 || Avg Steps:    9 || Avg Rew: 3.659
Completed Steps:   197000 || Avg Steps:   34 || Avg Rew: 1.606
Completed Steps:   198000 || Avg Steps:   14 || Avg Rew: 3.372
Completed Steps:   199000 || Avg Steps:   12 || Avg Rew: 3.550
Completed Steps:   200000 || Avg Steps:   12 || Avg Rew: 3.589
Completed Steps:   201000 || Avg Steps:   18 || Avg Rew: 2.543
Completed Steps:   202000 || Avg Steps:   13 || Avg Rew: 3.279
Completed Steps:   203000 || Avg Steps:   12 || Avg Rew: 3.532
Completed Steps:   204000 || Avg Steps:   24 || Avg Rew: 1.924
Completed Steps:   205000 || Avg Steps:   12 || Avg Rew: 3.349
Completed Steps:   206000 || Avg Steps:   23 || Avg Rew: 2.380
Completed Steps:   207000 || Avg Steps:   22 || Avg Rew: 1.786
Completed Steps:   208000 || Avg Steps:   16 || Avg Rew: 2.284
Completed Steps:   209000 || Avg Steps:   24 || Avg Rew: 2.357
Completed Steps:   210000 || Avg Steps:   25 || Avg Rew: 2.149
Completed Steps:   211000 || Avg Steps:   13 || Avg Rew: 2.221
Completed Steps:   212000 || Avg Steps:   13 || Avg Rew: 3.172
Completed Steps:   213000 || Avg Steps:   18 || Avg Rew: 2.387
Completed Steps:   214000 || Avg Steps:   10 || Avg Rew: 3.814
Completed Steps:   215000 || Avg Steps:   18 || Avg Rew: 2.615
Completed Steps:   216000 || Avg Steps:   12 || Avg Rew: 3.414
Completed Steps:   217000 || Avg Steps:   13 || Avg Rew: 1.921
Completed Steps:   218000 || Avg Steps:   44 || Avg Rew: 0.521
Completed Steps:   219000 || Avg Steps:  133 || Avg Rew: 0.586
Completed Steps:   220000 || Avg Steps:   51 || Avg Rew: 0.949
Completed Steps:   221000 || Avg Steps:   19 || Avg Rew: 2.194
Completed Steps:   222000 || Avg Steps:   25 || Avg Rew: 1.845
Completed Steps:   223000 || Avg Steps:   17 || Avg Rew: 1.870
Completed Steps:   224000 || Avg Steps:   23 || Avg Rew: 1.244
Completed Steps:   225000 || Avg Steps:   36 || Avg Rew: 0.855
Completed Steps:   226000 || Avg Steps:   30 || Avg Rew: 0.984
Completed Steps:   227000 || Avg Steps:   17 || Avg Rew: 1.189
Completed Steps:   228000 || Avg Steps:   26 || Avg Rew: 0.264
Completed Steps:   229000 || Avg Steps:   46 || Avg Rew: 1.149
Completed Steps:   230000 || Avg Steps:   28 || Avg Rew: 1.587
Completed Steps:   231000 || Avg Steps:   35 || Avg Rew: 1.620
Completed Steps:   232000 || Avg Steps:   23 || Avg Rew: 1.857
Completed Steps:   233000 || Avg Steps:   28 || Avg Rew: 2.869
Completed Steps:   234000 || Avg Steps:   19 || Avg Rew: 2.736
Completed Steps:   235000 || Avg Steps:   12 || Avg Rew: 1.030
Completed Steps:   236000 || Avg Steps:   29 || Avg Rew: 0.891
Completed Steps:   237000 || Avg Steps:   18 || Avg Rew: 2.055
Completed Steps:   238000 || Avg Steps:   12 || Avg Rew: 3.227
Completed Steps:   239000 || Avg Steps:   17 || Avg Rew: 3.268
Completed Steps:   240000 || Avg Steps:   25 || Avg Rew: 1.801
Completed Steps:   241000 || Avg Steps:   15 || Avg Rew: 2.430
Completed Steps:   242000 || Avg Steps:   18 || Avg Rew: 3.227
Completed Steps:   243000 || Avg Steps:   15 || Avg Rew: 1.378
Completed Steps:   244000 || Avg Steps:   28 || Avg Rew: 2.781
Completed Steps:   245000 || Avg Steps:   25 || Avg Rew: 2.501
Completed Steps:   246000 || Avg Steps:   27 || Avg Rew: 1.146
Completed Steps:   247000 || Avg Steps:   15 || Avg Rew: 2.378
Completed Steps:   248000 || Avg Steps:   20 || Avg Rew: 1.998
Completed Steps:   249000 || Avg Steps:   18 || Avg Rew: 3.639
Completed Steps:   250000 || Avg Steps:   20 || Avg Rew: 1.917
Completed Steps:   251000 || Avg Steps:   22 || Avg Rew: 1.698
Completed Steps:   252000 || Avg Steps:   21 || Avg Rew: 1.633
Completed Steps:   253000 || Avg Steps:   23 || Avg Rew: 1.720
Completed Steps:   254000 || Avg Steps:   18 || Avg Rew: 1.559
Completed Steps:   255000 || Avg Steps:   16 || Avg Rew: 2.605
Completed Steps:   256000 || Avg Steps:   16 || Avg Rew: 2.096
Completed Steps:   257000 || Avg Steps:   43 || Avg Rew: 2.175
Completed Steps:   258000 || Avg Steps:   14 || Avg Rew: 1.512
Completed Steps:   259000 || Avg Steps:   40 || Avg Rew: 1.969
Completed Steps:   260000 || Avg Steps:   29 || Avg Rew: 1.025
Completed Steps:   261000 || Avg Steps:   42 || Avg Rew: 1.168
Completed Steps:   262000 || Avg Steps:   24 || Avg Rew: 2.076
Completed Steps:   263000 || Avg Steps:   13 || Avg Rew: 1.487
Completed Steps:   264000 || Avg Steps:   16 || Avg Rew: 2.600
Completed Steps:   265000 || Avg Steps:   12 || Avg Rew: 2.740
Completed Steps:   266000 || Avg Steps:   30 || Avg Rew: 2.560
Completed Steps:   267000 || Avg Steps:   22 || Avg Rew: 2.692
Completed Steps:   268000 || Avg Steps:   27 || Avg Rew: 1.376
Completed Steps:   269000 || Avg Steps:   18 || Avg Rew: 2.348
Completed Steps:   270000 || Avg Steps:   17 || Avg Rew: 2.386
Completed Steps:   271000 || Avg Steps:   13 || Avg Rew: 2.873
Completed Steps:   272000 || Avg Steps:   15 || Avg Rew: 2.964
Completed Steps:   273000 || Avg Steps:   16 || Avg Rew: 2.755
Completed Steps:   274000 || Avg Steps:   16 || Avg Rew: 2.594
Completed Steps:   275000 || Avg Steps:   15 || Avg Rew: 2.645
Completed Steps:   276000 || Avg Steps:   20 || Avg Rew: 2.117
Completed Steps:   277000 || Avg Steps:   11 || Avg Rew: 2.667
Completed Steps:   278000 || Avg Steps:   12 || Avg Rew: 2.641
Completed Steps:   279000 || Avg Steps:   16 || Avg Rew: 1.882
Completed Steps:   280000 || Avg Steps:   26 || Avg Rew: 2.744
Completed Steps:   281000 || Avg Steps:   16 || Avg Rew: 2.348
Completed Steps:   282000 || Avg Steps:   31 || Avg Rew: 1.329
Completed Steps:   283000 || Avg Steps:   21 || Avg Rew: 1.226
Completed Steps:   284000 || Avg Steps:   15 || Avg Rew: 2.149
Completed Steps:   285000 || Avg Steps:   19 || Avg Rew: 2.905
Completed Steps:   286000 || Avg Steps:   21 || Avg Rew: 1.978
Completed Steps:   287000 || Avg Steps:   18 || Avg Rew: 1.471
Completed Steps:   288000 || Avg Steps:   20 || Avg Rew: 2.200
Completed Steps:   289000 || Avg Steps:   18 || Avg Rew: 1.990
Completed Steps:   290000 || Avg Steps:   14 || Avg Rew: 2.736
Completed Steps:   291000 || Avg Steps:   21 || Avg Rew: 2.251
Completed Steps:   292000 || Avg Steps:   15 || Avg Rew: 2.604
Completed Steps:   293000 || Avg Steps:   13 || Avg Rew: 2.440
Completed Steps:   294000 || Avg Steps:   18 || Avg Rew: 2.175
Completed Steps:   295000 || Avg Steps:   21 || Avg Rew: 2.581
Completed Steps:   296000 || Avg Steps:   16 || Avg Rew: 2.449
Completed Steps:   297000 || Avg Steps:   18 || Avg Rew: 1.844
Completed Steps:   298000 || Avg Steps:   15 || Avg Rew: 2.275
Completed Steps:   299000 || Avg Steps:   20 || Avg Rew: 1.546
Completed Steps:   300000 || Avg Steps:   19 || Avg Rew: 2.146
Completed Steps:   301000 || Avg Steps:   36 || Avg Rew: 2.028
Completed Steps:   302000 || Avg Steps:   23 || Avg Rew: 0.691
Completed Steps:   303000 || Avg Steps:   22 || Avg Rew: 2.350
Completed Steps:   304000 || Avg Steps:   25 || Avg Rew: 1.519
Completed Steps:   305000 || Avg Steps:   16 || Avg Rew: 2.139
Completed Steps:   306000 || Avg Steps:   71 || Avg Rew: 1.819
Completed Steps:   307000 || Avg Steps:   44 || Avg Rew: 2.075
Completed Steps:   308000 || Avg Steps:   26 || Avg Rew: 2.765
Completed Steps:   309000 || Avg Steps:   35 || Avg Rew: 1.508
Completed Steps:   310000 || Avg Steps:   62 || Avg Rew: 1.047
Completed Steps:   311000 || Avg Steps:   13 || Avg Rew: 2.414
Completed Steps:   312000 || Avg Steps:   17 || Avg Rew: 1.742
Completed Steps:   313000 || Avg Steps:   27 || Avg Rew: 0.760
Completed Steps:   314000 || Avg Steps:   20 || Avg Rew: 1.766
Completed Steps:   315000 || Avg Steps:   12 || Avg Rew: 2.692
Completed Steps:   316000 || Avg Steps:   32 || Avg Rew: 1.472
Completed Steps:   317000 || Avg Steps:   18 || Avg Rew: 1.728
Completed Steps:   318000 || Avg Steps:   27 || Avg Rew: 2.548
Completed Steps:   319000 || Avg Steps:   21 || Avg Rew: 2.288
Completed Steps:   320000 || Avg Steps:   24 || Avg Rew: 1.532
Completed Steps:   321000 || Avg Steps:   16 || Avg Rew: 2.371
Completed Steps:   322000 || Avg Steps:   21 || Avg Rew: 1.539
Completed Steps:   323000 || Avg Steps:   17 || Avg Rew: 1.753
Completed Steps:   324000 || Avg Steps:   17 || Avg Rew: 2.227
Completed Steps:   325000 || Avg Steps:   30 || Avg Rew: 1.511
Completed Steps:   326000 || Avg Steps:   34 || Avg Rew: 1.148
Completed Steps:   327000 || Avg Steps:   15 || Avg Rew: 1.789
Completed Steps:   328000 || Avg Steps:   18 || Avg Rew: 2.522
Completed Steps:   329000 || Avg Steps:   24 || Avg Rew: 2.286
Completed Steps:   330000 || Avg Steps:   25 || Avg Rew: 1.815
Completed Steps:   331000 || Avg Steps:   42 || Avg Rew: 2.567
Completed Steps:   332000 || Avg Steps:   22 || Avg Rew: 0.430
Completed Steps:   333000 || Avg Steps:   43 || Avg Rew: 0.499
Completed Steps:   334000 || Avg Steps:   34 || Avg Rew: 1.211
Completed Steps:   335000 || Avg Steps:   28 || Avg Rew: 1.923
Completed Steps:   336000 || Avg Steps:   30 || Avg Rew: 1.588
Completed Steps:   337000 || Avg Steps:   43 || Avg Rew: 1.338
Completed Steps:   338000 || Avg Steps:   12 || Avg Rew: 2.668
Completed Steps:   339000 || Avg Steps:   33 || Avg Rew: 0.338
Completed Steps:   340000 || Avg Steps:   91 || Avg Rew: 1.101
Completed Steps:   341000 || Avg Steps:   22 || Avg Rew: 1.063
Completed Steps:   342000 || Avg Steps:   29 || Avg Rew: 0.705
Completed Steps:   343000 || Avg Steps:   71 || Avg Rew: 1.007
Completed Steps:   344000 || Avg Steps:   16 || Avg Rew: 1.577
Completed Steps:   345000 || Avg Steps:   26 || Avg Rew: 2.632
Completed Steps:   346000 || Avg Steps:   19 || Avg Rew: 2.266
Completed Steps:   347000 || Avg Steps:   27 || Avg Rew: 2.269
Completed Steps:   348000 || Avg Steps:   26 || Avg Rew: 1.681
Completed Steps:   349000 || Avg Steps:   30 || Avg Rew: 1.424
Completed Steps:   350000 || Avg Steps:   22 || Avg Rew: 1.600
Completed Steps:   351000 || Avg Steps:   12 || Avg Rew: 3.048
Completed Steps:   352000 || Avg Steps:   20 || Avg Rew: 2.398
Completed Steps:   353000 || Avg Steps:   18 || Avg Rew: 2.908
Completed Steps:   354000 || Avg Steps:   17 || Avg Rew: 1.844
Completed Steps:   355000 || Avg Steps:   29 || Avg Rew: 1.282
Completed Steps:   356000 || Avg Steps:   13 || Avg Rew: 3.880
Completed Steps:   357000 || Avg Steps:   15 || Avg Rew: 2.519
Completed Steps:   358000 || Avg Steps:   12 || Avg Rew: 3.372
Completed Steps:   359000 || Avg Steps:   18 || Avg Rew: 2.011
Completed Steps:   360000 || Avg Steps:   12 || Avg Rew: 3.621
Completed Steps:   361000 || Avg Steps:   13 || Avg Rew: 3.557
Completed Steps:   362000 || Avg Steps:   12 || Avg Rew: 2.588
Completed Steps:   363000 || Avg Steps:   13 || Avg Rew: 2.889
Completed Steps:   364000 || Avg Steps:   20 || Avg Rew: 2.466
Completed Steps:   365000 || Avg Steps:   13 || Avg Rew: 2.146
Completed Steps:   366000 || Avg Steps:   16 || Avg Rew: 1.900
Completed Steps:   367000 || Avg Steps:   14 || Avg Rew: 2.781
Completed Steps:   368000 || Avg Steps:   31 || Avg Rew: 2.066
Completed Steps:   369000 || Avg Steps:   22 || Avg Rew: 0.823
Completed Steps:   370000 || Avg Steps:   16 || Avg Rew: 2.774
Completed Steps:   371000 || Avg Steps:   14 || Avg Rew: 3.074
Completed Steps:   372000 || Avg Steps:   14 || Avg Rew: 2.900
Completed Steps:   373000 || Avg Steps:   20 || Avg Rew: 1.997
Completed Steps:   374000 || Avg Steps:   13 || Avg Rew: 3.089
Completed Steps:   375000 || Avg Steps:   13 || Avg Rew: 2.308
Completed Steps:   376000 || Avg Steps:   18 || Avg Rew: 3.022
Completed Steps:   377000 || Avg Steps:   20 || Avg Rew: 2.540
Completed Steps:   378000 || Avg Steps:   12 || Avg Rew: 3.129
Completed Steps:   379000 || Avg Steps:   16 || Avg Rew: 1.968
Completed Steps:   380000 || Avg Steps:   24 || Avg Rew: 1.339
Completed Steps:   381000 || Avg Steps:   13 || Avg Rew: 2.950
Completed Steps:   382000 || Avg Steps:   14 || Avg Rew: 2.910
Completed Steps:   383000 || Avg Steps:   13 || Avg Rew: 3.513
Completed Steps:   384000 || Avg Steps:   17 || Avg Rew: 2.082
Completed Steps:   385000 || Avg Steps:   13 || Avg Rew: 2.428
Completed Steps:   386000 || Avg Steps:   22 || Avg Rew: 2.360
Completed Steps:   387000 || Avg Steps:   16 || Avg Rew: 2.943
Completed Steps:   388000 || Avg Steps:   15 || Avg Rew: 2.543
Completed Steps:   389000 || Avg Steps:   15 || Avg Rew: 2.825
Completed Steps:   390000 || Avg Steps:   18 || Avg Rew: 2.091
Completed Steps:   391000 || Avg Steps:   15 || Avg Rew: 3.247
Completed Steps:   392000 || Avg Steps:   13 || Avg Rew: 2.700
Completed Steps:   393000 || Avg Steps:   21 || Avg Rew: 2.492
Completed Steps:   394000 || Avg Steps:   12 || Avg Rew: 3.084
Completed Steps:   395000 || Avg Steps:   11 || Avg Rew: 3.778
Completed Steps:   396000 || Avg Steps:   22 || Avg Rew: 1.036
Completed Steps:   397000 || Avg Steps:   11 || Avg Rew: 3.957
Completed Steps:   398000 || Avg Steps:   13 || Avg Rew: 3.606
Completed Steps:   399000 || Avg Steps:   14 || Avg Rew: 3.122
Finished training at: 2024-07-30 18:08:15
Total elapsed time: 6148.510804891586
