/lustre/fs1/home/amckinney/Local_Neuro_Symbolic
	[4mGPU0	GPU1	NIC0	CPU Affinity	NUMA Affinity	GPU NUMA ID[0m
GPU0	 X 	SYS	SYS	4,6,8,10	0		N/A
GPU1	SYS	 X 	SYS	1,3,5	1		N/A
NIC0	SYS	SYS	 X 				

Legend:

  X    = Self
  SYS  = Connection traversing PCIe as well as the SMP interconnect between NUMA nodes (e.g., QPI/UPI)
  NODE = Connection traversing PCIe as well as the interconnect between PCIe Host Bridges within a NUMA node
  PHB  = Connection traversing PCIe as well as a PCIe Host Bridge (typically the CPU)
  PXB  = Connection traversing multiple PCIe bridges (without traversing the PCIe Host Bridge)
  PIX  = Connection traversing at most a single PCIe bridge
  NV#  = Connection traversing a bonded set of # NVLinks

NIC Legend:

  NIC0: mlx5_0


entered training run...


============================================
Discrete Steps until Terminal State: 150
Continuous Steps until Terminal State: 150
3.7.2 | packaged by conda-forge | (default, Mar 20 2019, 01:46:52) 
[GCC 7.3.0]
Dungeon Quest LTLF: F(sword) & (!sword U key)
============================================


/lustre/fs1/home/amckinney/Local_Neuro_Symbolic
imported all dependencies, checking for cuda

==============
Cuda detected!
==============

Done with DFA conversion
[<discrete.lib.automaton.mine_aps.MineInventoryAP object at 0x2b13ef855710>, <discrete.lib.automaton.mine_aps.MineInventoryAP object at 0x2b13ef855748>, <discrete.lib.automaton.mine_aps.MineInventoryAP object at 0x2b13ef855780>, <discrete.lib.automaton.mine_aps.MineInfoAutAP object at 0x2b13ef8557b8>]


============================================
DDPG AGENT TRAINING
Steps Before Total Run Termination: 15000
============================================


Starting training at: 2024-06-16 12:46:57
Env Config: EnvConfig(env_name='MineWorldEnv-v1', kwargs={'config': <discrete.lib.env.mineworldenv.MineWorldConfig object at 0x2b13ef8550b8>}, wrapper_cls=<class 'discrete.lib.env.rew_every_step.RewEveryStep'>, wrapper_kwargs={'rew_per_step': -0.1})

Env Name: MineWorldEnv-v1
Observation Space: Box(8, 2)
Automaton Num States: 8
Action Space: Box(1,)
input shape: (8, 2)

==============
Cuda detected!
==============

Agent Name: DDPG Agent
NOT Loading from checkpoint
input shape: (8, 2)

==============
Cuda detected!
==============

Actor Learning Rate: 0.0001
Critic Learning Rate: 0.001
Updating Graphs at Step: 0
Elapsed time: 0.5283570289611816 s
Moving Average Reward: 0.055537737905979156
Not enough data yet

Updating Graphs at Step: 1000
Elapsed time: 15.700475692749023 s
Moving Average Reward: -0.09576338795945048
Moving Average Steps / Ep: 143.5686274509804

Updating Graphs at Step: 2000
Elapsed time: 18.01317834854126 s
Moving Average Reward: -0.03012091032229364
Moving Average Steps / Ep: 141.2

Updating Graphs at Step: 3000
Elapsed time: 17.78591537475586 s
Moving Average Reward: -0.09496400831267238
Moving Average Steps / Ep: 144.1

Updating Graphs at Step: 4000
Elapsed time: 17.97690176963806 s
Moving Average Reward: -0.07744013069197536
Moving Average Steps / Ep: 145.68

Updating Graphs at Step: 5000
Elapsed time: 17.834083080291748 s
Moving Average Reward: 0.09589088236913085
Moving Average Steps / Ep: 145.82

Updating Graphs at Step: 6000
Elapsed time: 17.855721950531006 s
Moving Average Reward: 0.6029485929198564
Moving Average Steps / Ep: 142.85

Updating Graphs at Step: 7000
Elapsed time: 17.94722056388855 s
Moving Average Reward: 1.2476878502592443
Moving Average Steps / Ep: 128.9

Updating Graphs at Step: 8000
Elapsed time: 17.86181902885437 s
Moving Average Reward: -0.07415789738297462
Moving Average Steps / Ep: 121.07

Updating Graphs at Step: 9000
Elapsed time: 17.963578939437866 s
Moving Average Reward: 0.626310233771801
Moving Average Steps / Ep: 129.76

Updating Graphs at Step: 10000
Elapsed time: 17.955925703048706 s
Moving Average Reward: -0.08862361077219248
Moving Average Steps / Ep: 110.58

Updating Graphs at Step: 11000
Elapsed time: 18.089629888534546 s
Moving Average Reward: -0.09762486066669225
Moving Average Steps / Ep: 117.52

Updating Graphs at Step: 12000
Elapsed time: 17.880568265914917 s
Moving Average Reward: -0.09079950800165534
Moving Average Steps / Ep: 130.41

Updating Graphs at Step: 13000
Elapsed time: 17.86148715019226 s
Moving Average Reward: 0.17155426431447268
Moving Average Steps / Ep: 126.25

Updating Graphs at Step: 14000
Elapsed time: 17.918456554412842 s
Moving Average Reward: -0.08861890794709325
Moving Average Steps / Ep: 115.88

Finished training at: 2024-06-16 12:51:24
Total elapsed time: 266.98938512802124

