entered training run...


============================================
Discrete Steps until Terminal State: 1000
Continuous Steps until Terminal State: 1000
3.7.2 | packaged by conda-forge | (default, Mar 20 2019, 01:46:52) 
[GCC 7.3.0]
/lustre/fs1/home/amckinney/Local_Neuro_Symbolic
Bounding Persist: <class 'bool'>, True
Bounding Distance: <class 'int'>, 3
Terminal Reward: <class 'int'>, 10
Sequence Level: <class 'int'>, 2
Dungeon Quest LTLF: F(dragon) & (!sword U key) & (!dragon U sword)
============================================


imported all dependencies, checking for cuda

==============
Cuda detected!
==============

Done with DFA conversion
[<discrete.lib.automaton.mine_aps.MineInventoryAP object at 0x14d0444ebdd8>, <discrete.lib.automaton.mine_aps.MineInventoryAP object at 0x14d0444ebe10>, <discrete.lib.automaton.mine_aps.MineInfoAutAP object at 0x14d0444ebe48>]


============================================
Training Teacher / Independent DDPG Agent
Max Training Steps: 1000000
LTLF: F(dragon) & (!sword U key) & (!dragon U sword)
============================================


Starting training at: 2024-08-14 12:04:50
Env Config: EnvConfig(env_name='MineWorldEnv-v1', kwargs={'config': <discrete.lib.env.mineworldenv.MineWorldConfig object at 0x14d0444ebcf8>}, wrapper_cls=<class 'discrete.lib.env.rew_every_step.RewEveryStep'>, wrapper_kwargs={'rew_per_step': -0.1})

Env Name: MineWorldEnv-v1
Observation Space: Box(16,)
Automaton Num States: 5
Action Space: Box(1,)
Agent Name: TD3 Agent
NOT Loading from checkpoint
Actor Learning Rate: 0.0003
Critic Learning Rate: 0.0003
Completed Steps:     1000 || Avg Steps:  819 || Avg Rew: -151.774
Completed Steps:     2000 || Avg Steps:  815 || Avg Rew: -150.451
Completed Steps:     3000 || Avg Steps:  875 || Avg Rew: -161.825
Completed Steps:     4000 || Avg Steps:  904 || Avg Rew: -169.380
Completed Steps:     5000 || Avg Steps:  923 || Avg Rew: -174.663
Completed Steps:     6000 || Avg Steps:  935 || Avg Rew: -178.024
Completed Steps:     7000 || Avg Steps:  944 || Avg Rew: -180.239
Completed Steps:     8000 || Avg Steps:  951 || Avg Rew: -181.554
Completed Steps:     9000 || Avg Steps:  956 || Avg Rew: -183.161
Completed Steps:    10000 || Avg Steps:  959 || Avg Rew: -184.296
Completed Steps:    11000 || Avg Steps:  969 || Avg Rew: -186.578
Completed Steps:    12000 || Avg Steps:  978 || Avg Rew: -189.128
Completed Steps:    13000 || Avg Steps:  921 || Avg Rew: -168.514
Completed Steps:    14000 || Avg Steps:  840 || Avg Rew: -133.215
Completed Steps:    15000 || Avg Steps:  650 || Avg Rew: -53.594
Completed Steps:    16000 || Avg Steps:  567 || Avg Rew: -6.617
Completed Steps:    17000 || Avg Steps:  510 || Avg Rew: 36.241
Completed Steps:    18000 || Avg Steps:  497 || Avg Rew: 47.712
Completed Steps:    19000 || Avg Steps:  491 || Avg Rew: 51.167
Completed Steps:    20000 || Avg Steps:  559 || Avg Rew: 32.699
Completed Steps:    21000 || Avg Steps:  606 || Avg Rew: 12.637
Completed Steps:    22000 || Avg Steps:  553 || Avg Rew: 4.844
Completed Steps:    23000 || Avg Steps:  520 || Avg Rew: 32.102
Completed Steps:    24000 || Avg Steps:  493 || Avg Rew: 40.003
Completed Steps:    25000 || Avg Steps:  352 || Avg Rew: 56.458
Completed Steps:    26000 || Avg Steps:  364 || Avg Rew: 48.654
Completed Steps:    27000 || Avg Steps:  346 || Avg Rew: 30.158
Completed Steps:    28000 || Avg Steps:  356 || Avg Rew: 24.562
Completed Steps:    29000 || Avg Steps:  330 || Avg Rew: 24.739
Completed Steps:    30000 || Avg Steps:  312 || Avg Rew: 22.303
Completed Steps:    31000 || Avg Steps:  256 || Avg Rew: 30.321
Completed Steps:    32000 || Avg Steps:  277 || Avg Rew: 26.459
Completed Steps:    33000 || Avg Steps:  262 || Avg Rew: 35.035
Completed Steps:    34000 || Avg Steps:  328 || Avg Rew: 28.368
Completed Steps:    35000 || Avg Steps:  344 || Avg Rew: 33.333
Completed Steps:    36000 || Avg Steps:  321 || Avg Rew: 31.261
Completed Steps:    37000 || Avg Steps:  203 || Avg Rew: 43.165
Completed Steps:    38000 || Avg Steps:  168 || Avg Rew: 47.470
Completed Steps:    39000 || Avg Steps:  202 || Avg Rew: 60.205
Completed Steps:    40000 || Avg Steps:   88 || Avg Rew: 58.867
Completed Steps:    41000 || Avg Steps:   60 || Avg Rew: 56.595
Completed Steps:    42000 || Avg Steps:   70 || Avg Rew: 55.500
Completed Steps:    43000 || Avg Steps:   43 || Avg Rew: 56.464
Completed Steps:    44000 || Avg Steps:  115 || Avg Rew: 51.659
Completed Steps:    45000 || Avg Steps:   26 || Avg Rew: 51.655
Completed Steps:    46000 || Avg Steps:   44 || Avg Rew: 53.275
Completed Steps:    47000 || Avg Steps:   66 || Avg Rew: 52.806
Completed Steps:    48000 || Avg Steps:   34 || Avg Rew: 49.284
Completed Steps:    49000 || Avg Steps:   41 || Avg Rew: 52.271
Completed Steps:    50000 || Avg Steps:   17 || Avg Rew: 50.206
Completed Steps:    51000 || Avg Steps:   32 || Avg Rew: 50.389
Completed Steps:    52000 || Avg Steps:   28 || Avg Rew: 50.085
Completed Steps:    53000 || Avg Steps:   29 || Avg Rew: 48.647
Completed Steps:    54000 || Avg Steps:   31 || Avg Rew: 49.744
Completed Steps:    55000 || Avg Steps:   44 || Avg Rew: 52.768
Completed Steps:    56000 || Avg Steps:   27 || Avg Rew: 49.195
Completed Steps:    57000 || Avg Steps:   20 || Avg Rew: 48.199
Completed Steps:    58000 || Avg Steps:   21 || Avg Rew: 50.276
Completed Steps:    59000 || Avg Steps:   12 || Avg Rew: 45.817
Completed Steps:    60000 || Avg Steps:   17 || Avg Rew: 45.688
Completed Steps:    61000 || Avg Steps:   22 || Avg Rew: 49.897
Completed Steps:    62000 || Avg Steps:   20 || Avg Rew: 49.432
Completed Steps:    63000 || Avg Steps:   12 || Avg Rew: 43.511
Completed Steps:    64000 || Avg Steps:   19 || Avg Rew: 46.495
Completed Steps:    65000 || Avg Steps:   25 || Avg Rew: 48.796
Completed Steps:    66000 || Avg Steps:   24 || Avg Rew: 48.616
Completed Steps:    67000 || Avg Steps:   19 || Avg Rew: 46.206
Completed Steps:    68000 || Avg Steps:   13 || Avg Rew: 46.304
Completed Steps:    69000 || Avg Steps:   14 || Avg Rew: 48.485
Completed Steps:    70000 || Avg Steps:   18 || Avg Rew: 47.661
Completed Steps:    71000 || Avg Steps:   20 || Avg Rew: 49.513
Completed Steps:    72000 || Avg Steps:   21 || Avg Rew: 48.152
Completed Steps:    73000 || Avg Steps:   13 || Avg Rew: 46.007
Completed Steps:    74000 || Avg Steps:   26 || Avg Rew: 49.646
Completed Steps:    75000 || Avg Steps:   23 || Avg Rew: 47.451
Completed Steps:    76000 || Avg Steps:   20 || Avg Rew: 51.044
Completed Steps:    77000 || Avg Steps:   25 || Avg Rew: 46.572
Completed Steps:    78000 || Avg Steps:   16 || Avg Rew: 47.531
Completed Steps:    79000 || Avg Steps:   14 || Avg Rew: 46.399
Completed Steps:    80000 || Avg Steps:   16 || Avg Rew: 46.668
Completed Steps:    81000 || Avg Steps:   16 || Avg Rew: 47.710
Completed Steps:    82000 || Avg Steps:   19 || Avg Rew: 47.375
Completed Steps:    83000 || Avg Steps:   13 || Avg Rew: 44.556
Completed Steps:    84000 || Avg Steps:   22 || Avg Rew: 48.756
Completed Steps:    85000 || Avg Steps:   15 || Avg Rew: 46.667
Completed Steps:    86000 || Avg Steps:   35 || Avg Rew: 49.806
Completed Steps:    87000 || Avg Steps:   15 || Avg Rew: 45.973
Completed Steps:    88000 || Avg Steps:   13 || Avg Rew: 45.876
Completed Steps:    89000 || Avg Steps:   17 || Avg Rew: 48.632
Completed Steps:    90000 || Avg Steps:   27 || Avg Rew: 49.504
Completed Steps:    91000 || Avg Steps:   13 || Avg Rew: 44.294
Completed Steps:    92000 || Avg Steps:   26 || Avg Rew: 48.881
Completed Steps:    93000 || Avg Steps:   12 || Avg Rew: 45.665
Completed Steps:    94000 || Avg Steps:   12 || Avg Rew: 46.798
Completed Steps:    95000 || Avg Steps:   13 || Avg Rew: 45.586
Completed Steps:    96000 || Avg Steps:   21 || Avg Rew: 49.474
Completed Steps:    97000 || Avg Steps:   11 || Avg Rew: 43.869
Completed Steps:    98000 || Avg Steps:   15 || Avg Rew: 47.578
Completed Steps:    99000 || Avg Steps:   12 || Avg Rew: 45.802
Completed Steps:   100000 || Avg Steps:   16 || Avg Rew: 46.694
Completed Steps:   101000 || Avg Steps:   15 || Avg Rew: 46.292
Completed Steps:   102000 || Avg Steps:   16 || Avg Rew: 45.582
Completed Steps:   103000 || Avg Steps:   25 || Avg Rew: 47.606
Completed Steps:   104000 || Avg Steps:   13 || Avg Rew: 45.363
Completed Steps:   105000 || Avg Steps:   13 || Avg Rew: 45.093
Completed Steps:   106000 || Avg Steps:   13 || Avg Rew: 46.138
Completed Steps:   107000 || Avg Steps:   11 || Avg Rew: 43.479
Completed Steps:   108000 || Avg Steps:   15 || Avg Rew: 44.831
Completed Steps:   109000 || Avg Steps:   16 || Avg Rew: 49.294
Completed Steps:   110000 || Avg Steps:   15 || Avg Rew: 46.365
Completed Steps:   111000 || Avg Steps:   12 || Avg Rew: 45.187
Completed Steps:   112000 || Avg Steps:   14 || Avg Rew: 48.248
Completed Steps:   113000 || Avg Steps:   11 || Avg Rew: 46.027
Completed Steps:   114000 || Avg Steps:   15 || Avg Rew: 47.268
Completed Steps:   115000 || Avg Steps:   15 || Avg Rew: 45.955
Completed Steps:   116000 || Avg Steps:   19 || Avg Rew: 48.179
Completed Steps:   117000 || Avg Steps:   13 || Avg Rew: 44.759
Completed Steps:   118000 || Avg Steps:   11 || Avg Rew: 46.324
Completed Steps:   119000 || Avg Steps:   12 || Avg Rew: 44.511
Completed Steps:   120000 || Avg Steps:   14 || Avg Rew: 46.648
Completed Steps:   121000 || Avg Steps:   15 || Avg Rew: 46.377
Completed Steps:   122000 || Avg Steps:   10 || Avg Rew: 43.650
Completed Steps:   123000 || Avg Steps:   13 || Avg Rew: 45.536
Completed Steps:   124000 || Avg Steps:   13 || Avg Rew: 45.770
Completed Steps:   125000 || Avg Steps:   13 || Avg Rew: 46.411
Completed Steps:   126000 || Avg Steps:   12 || Avg Rew: 44.499
Completed Steps:   127000 || Avg Steps:   11 || Avg Rew: 44.764
Completed Steps:   128000 || Avg Steps:   13 || Avg Rew: 45.408
Completed Steps:   129000 || Avg Steps:   11 || Avg Rew: 45.013
Completed Steps:   130000 || Avg Steps:   11 || Avg Rew: 46.066
Completed Steps:   131000 || Avg Steps:   12 || Avg Rew: 46.280
Completed Steps:   132000 || Avg Steps:   16 || Avg Rew: 46.809
Completed Steps:   133000 || Avg Steps:   14 || Avg Rew: 45.613
Completed Steps:   134000 || Avg Steps:   11 || Avg Rew: 45.206
Completed Steps:   135000 || Avg Steps:    9 || Avg Rew: 42.729
Completed Steps:   136000 || Avg Steps:   12 || Avg Rew: 45.664
Completed Steps:   137000 || Avg Steps:   10 || Avg Rew: 44.842
Completed Steps:   138000 || Avg Steps:   10 || Avg Rew: 44.202
Completed Steps:   139000 || Avg Steps:   15 || Avg Rew: 45.731
Completed Steps:   140000 || Avg Steps:   12 || Avg Rew: 46.526
Completed Steps:   141000 || Avg Steps:   10 || Avg Rew: 45.307
Completed Steps:   142000 || Avg Steps:   11 || Avg Rew: 44.559
Completed Steps:   143000 || Avg Steps:   10 || Avg Rew: 44.659
Completed Steps:   144000 || Avg Steps:   12 || Avg Rew: 45.956
Completed Steps:   145000 || Avg Steps:   11 || Avg Rew: 44.991
Completed Steps:   146000 || Avg Steps:   10 || Avg Rew: 44.423
Completed Steps:   147000 || Avg Steps:   10 || Avg Rew: 42.072
Completed Steps:   148000 || Avg Steps:   12 || Avg Rew: 46.181
Completed Steps:   149000 || Avg Steps:   12 || Avg Rew: 44.950
Completed Steps:   150000 || Avg Steps:   10 || Avg Rew: 43.634
Completed Steps:   151000 || Avg Steps:   11 || Avg Rew: 43.314
Completed Steps:   152000 || Avg Steps:   12 || Avg Rew: 45.438
Completed Steps:   153000 || Avg Steps:   10 || Avg Rew: 44.048
Completed Steps:   154000 || Avg Steps:   11 || Avg Rew: 44.393
Completed Steps:   155000 || Avg Steps:   11 || Avg Rew: 45.104
Completed Steps:   156000 || Avg Steps:    9 || Avg Rew: 43.567
Completed Steps:   157000 || Avg Steps:   11 || Avg Rew: 47.129
Completed Steps:   158000 || Avg Steps:   11 || Avg Rew: 44.356
Completed Steps:   159000 || Avg Steps:   11 || Avg Rew: 46.469
Completed Steps:   160000 || Avg Steps:   10 || Avg Rew: 43.894
Completed Steps:   161000 || Avg Steps:   12 || Avg Rew: 45.657
Completed Steps:   162000 || Avg Steps:   11 || Avg Rew: 44.964
Completed Steps:   163000 || Avg Steps:    9 || Avg Rew: 43.859
Completed Steps:   164000 || Avg Steps:   13 || Avg Rew: 46.385
Completed Steps:   165000 || Avg Steps:   10 || Avg Rew: 42.888
Completed Steps:   166000 || Avg Steps:   10 || Avg Rew: 44.240
Completed Steps:   167000 || Avg Steps:   10 || Avg Rew: 44.760
Completed Steps:   168000 || Avg Steps:   10 || Avg Rew: 44.963
Completed Steps:   169000 || Avg Steps:    9 || Avg Rew: 44.517
Completed Steps:   170000 || Avg Steps:   11 || Avg Rew: 45.424
Completed Steps:   171000 || Avg Steps:   12 || Avg Rew: 44.345
Completed Steps:   172000 || Avg Steps:    9 || Avg Rew: 44.926
Completed Steps:   173000 || Avg Steps:    9 || Avg Rew: 43.920
Completed Steps:   174000 || Avg Steps:   10 || Avg Rew: 45.443
Completed Steps:   175000 || Avg Steps:   13 || Avg Rew: 45.784
Completed Steps:   176000 || Avg Steps:   12 || Avg Rew: 46.135
Completed Steps:   177000 || Avg Steps:   10 || Avg Rew: 44.775
Completed Steps:   178000 || Avg Steps:   11 || Avg Rew: 45.309
Completed Steps:   179000 || Avg Steps:   12 || Avg Rew: 47.158
Completed Steps:   180000 || Avg Steps:   12 || Avg Rew: 44.586
Completed Steps:   181000 || Avg Steps:   11 || Avg Rew: 44.838
Completed Steps:   182000 || Avg Steps:   12 || Avg Rew: 46.716
Completed Steps:   183000 || Avg Steps:   14 || Avg Rew: 48.355
Completed Steps:   184000 || Avg Steps:   11 || Avg Rew: 44.274
Completed Steps:   185000 || Avg Steps:   13 || Avg Rew: 45.282
Completed Steps:   186000 || Avg Steps:   11 || Avg Rew: 44.952
Completed Steps:   187000 || Avg Steps:   11 || Avg Rew: 43.534
Completed Steps:   188000 || Avg Steps:   13 || Avg Rew: 44.458
Completed Steps:   189000 || Avg Steps:   10 || Avg Rew: 43.055
Completed Steps:   190000 || Avg Steps:   12 || Avg Rew: 46.928
Completed Steps:   191000 || Avg Steps:   10 || Avg Rew: 42.967
Completed Steps:   192000 || Avg Steps:   10 || Avg Rew: 46.420
Completed Steps:   193000 || Avg Steps:   10 || Avg Rew: 44.682
Completed Steps:   194000 || Avg Steps:   11 || Avg Rew: 44.864
Completed Steps:   195000 || Avg Steps:   10 || Avg Rew: 44.363
Completed Steps:   196000 || Avg Steps:    9 || Avg Rew: 43.805
Completed Steps:   197000 || Avg Steps:   11 || Avg Rew: 45.685
Completed Steps:   198000 || Avg Steps:   10 || Avg Rew: 45.034
Completed Steps:   199000 || Avg Steps:   13 || Avg Rew: 45.667
Completed Steps:   200000 || Avg Steps:   10 || Avg Rew: 45.072
Completed Steps:   201000 || Avg Steps:   11 || Avg Rew: 44.367
Completed Steps:   202000 || Avg Steps:   21 || Avg Rew: 47.561
Completed Steps:   203000 || Avg Steps:   11 || Avg Rew: 44.198
Completed Steps:   204000 || Avg Steps:   12 || Avg Rew: 45.936
Completed Steps:   205000 || Avg Steps:   20 || Avg Rew: 45.407
Completed Steps:   206000 || Avg Steps:   11 || Avg Rew: 45.721
Completed Steps:   207000 || Avg Steps:   10 || Avg Rew: 44.594
Completed Steps:   208000 || Avg Steps:   12 || Avg Rew: 43.858
Completed Steps:   209000 || Avg Steps:   13 || Avg Rew: 46.602
Completed Steps:   210000 || Avg Steps:   13 || Avg Rew: 46.772
Completed Steps:   211000 || Avg Steps:   14 || Avg Rew: 44.810
Completed Steps:   212000 || Avg Steps:   14 || Avg Rew: 48.048
Completed Steps:   213000 || Avg Steps:   17 || Avg Rew: 46.052
Completed Steps:   214000 || Avg Steps:   13 || Avg Rew: 46.596
Completed Steps:   215000 || Avg Steps:   10 || Avg Rew: 43.110
Completed Steps:   216000 || Avg Steps:   14 || Avg Rew: 45.880
Completed Steps:   217000 || Avg Steps:   14 || Avg Rew: 46.423
Completed Steps:   218000 || Avg Steps:   11 || Avg Rew: 44.481
Completed Steps:   219000 || Avg Steps:   13 || Avg Rew: 46.125
Completed Steps:   220000 || Avg Steps:   18 || Avg Rew: 46.379
Completed Steps:   221000 || Avg Steps:   21 || Avg Rew: 46.115
Completed Steps:   222000 || Avg Steps:   12 || Avg Rew: 45.510
Completed Steps:   223000 || Avg Steps:   12 || Avg Rew: 46.236
Completed Steps:   224000 || Avg Steps:   18 || Avg Rew: 45.636
Completed Steps:   225000 || Avg Steps:   12 || Avg Rew: 43.744
Completed Steps:   226000 || Avg Steps:   15 || Avg Rew: 47.330
Completed Steps:   227000 || Avg Steps:   21 || Avg Rew: 48.929
Completed Steps:   228000 || Avg Steps:   12 || Avg Rew: 46.153
Completed Steps:   229000 || Avg Steps:   12 || Avg Rew: 44.034
Completed Steps:   230000 || Avg Steps:   10 || Avg Rew: 44.078
Completed Steps:   231000 || Avg Steps:   14 || Avg Rew: 46.036
Completed Steps:   232000 || Avg Steps:   10 || Avg Rew: 44.398
Completed Steps:   233000 || Avg Steps:   11 || Avg Rew: 47.470
Completed Steps:   234000 || Avg Steps:   22 || Avg Rew: 45.212
Completed Steps:   235000 || Avg Steps:   10 || Avg Rew: 44.508
Completed Steps:   236000 || Avg Steps:   10 || Avg Rew: 44.478
Completed Steps:   237000 || Avg Steps:   14 || Avg Rew: 45.365
Completed Steps:   238000 || Avg Steps:   12 || Avg Rew: 43.768
Completed Steps:   239000 || Avg Steps:   11 || Avg Rew: 46.698
Completed Steps:   240000 || Avg Steps:   12 || Avg Rew: 46.713
Completed Steps:   241000 || Avg Steps:   12 || Avg Rew: 44.023
Completed Steps:   242000 || Avg Steps:   14 || Avg Rew: 46.244
Completed Steps:   243000 || Avg Steps:   11 || Avg Rew: 46.154
Completed Steps:   244000 || Avg Steps:   13 || Avg Rew: 44.794
Completed Steps:   245000 || Avg Steps:   11 || Avg Rew: 45.628
Completed Steps:   246000 || Avg Steps:   10 || Avg Rew: 44.243
Completed Steps:   247000 || Avg Steps:   15 || Avg Rew: 48.120
Completed Steps:   248000 || Avg Steps:   13 || Avg Rew: 46.783
Completed Steps:   249000 || Avg Steps:   12 || Avg Rew: 46.688
Completed Steps:   250000 || Avg Steps:   16 || Avg Rew: 48.382
Completed Steps:   251000 || Avg Steps:   12 || Avg Rew: 45.887
Completed Steps:   252000 || Avg Steps:   12 || Avg Rew: 45.462
Completed Steps:   253000 || Avg Steps:   11 || Avg Rew: 44.767
Completed Steps:   254000 || Avg Steps:   11 || Avg Rew: 45.431
Completed Steps:   255000 || Avg Steps:   11 || Avg Rew: 44.760
Completed Steps:   256000 || Avg Steps:   20 || Avg Rew: 47.556
Completed Steps:   257000 || Avg Steps:   14 || Avg Rew: 44.615
Completed Steps:   258000 || Avg Steps:   11 || Avg Rew: 44.982
Completed Steps:   259000 || Avg Steps:   15 || Avg Rew: 46.846
Completed Steps:   260000 || Avg Steps:   10 || Avg Rew: 43.874
Completed Steps:   261000 || Avg Steps:   10 || Avg Rew: 42.918
Completed Steps:   262000 || Avg Steps:   11 || Avg Rew: 45.109
Completed Steps:   263000 || Avg Steps:   10 || Avg Rew: 43.249
Completed Steps:   264000 || Avg Steps:   11 || Avg Rew: 44.623
Completed Steps:   265000 || Avg Steps:   11 || Avg Rew: 44.660
Completed Steps:   266000 || Avg Steps:   10 || Avg Rew: 44.297
Completed Steps:   267000 || Avg Steps:   13 || Avg Rew: 46.557
Completed Steps:   268000 || Avg Steps:   11 || Avg Rew: 45.196
Completed Steps:   269000 || Avg Steps:   11 || Avg Rew: 44.711
Completed Steps:   270000 || Avg Steps:   10 || Avg Rew: 44.863
Completed Steps:   271000 || Avg Steps:   14 || Avg Rew: 45.695
Completed Steps:   272000 || Avg Steps:   12 || Avg Rew: 45.436
Completed Steps:   273000 || Avg Steps:   13 || Avg Rew: 45.549
Completed Steps:   274000 || Avg Steps:   12 || Avg Rew: 44.364
Completed Steps:   275000 || Avg Steps:   13 || Avg Rew: 46.134
Completed Steps:   276000 || Avg Steps:   11 || Avg Rew: 46.305
Completed Steps:   277000 || Avg Steps:   14 || Avg Rew: 45.603
Completed Steps:   278000 || Avg Steps:   17 || Avg Rew: 47.677
Completed Steps:   279000 || Avg Steps:   13 || Avg Rew: 43.865
Completed Steps:   280000 || Avg Steps:   11 || Avg Rew: 44.925
Completed Steps:   281000 || Avg Steps:   12 || Avg Rew: 46.024
Completed Steps:   282000 || Avg Steps:   13 || Avg Rew: 45.338
Completed Steps:   283000 || Avg Steps:   14 || Avg Rew: 46.007
Completed Steps:   284000 || Avg Steps:   14 || Avg Rew: 47.977
Completed Steps:   285000 || Avg Steps:   13 || Avg Rew: 45.386
Completed Steps:   286000 || Avg Steps:   13 || Avg Rew: 45.857
Completed Steps:   287000 || Avg Steps:   12 || Avg Rew: 45.295
Completed Steps:   288000 || Avg Steps:   12 || Avg Rew: 44.808
Completed Steps:   289000 || Avg Steps:   16 || Avg Rew: 48.320
Completed Steps:   290000 || Avg Steps:   12 || Avg Rew: 45.875
Completed Steps:   291000 || Avg Steps:   12 || Avg Rew: 43.694
Completed Steps:   292000 || Avg Steps:   12 || Avg Rew: 43.440
Completed Steps:   293000 || Avg Steps:   11 || Avg Rew: 45.034
Completed Steps:   294000 || Avg Steps:   13 || Avg Rew: 44.456
Completed Steps:   295000 || Avg Steps:   12 || Avg Rew: 46.609
Completed Steps:   296000 || Avg Steps:   10 || Avg Rew: 44.587
Completed Steps:   297000 || Avg Steps:   12 || Avg Rew: 43.365
Completed Steps:   298000 || Avg Steps:   11 || Avg Rew: 44.504
Completed Steps:   299000 || Avg Steps:   10 || Avg Rew: 43.733
Completed Steps:   300000 || Avg Steps:   12 || Avg Rew: 44.084
Completed Steps:   301000 || Avg Steps:   11 || Avg Rew: 45.301
Completed Steps:   302000 || Avg Steps:   13 || Avg Rew: 45.802
Completed Steps:   303000 || Avg Steps:   24 || Avg Rew: 46.455
Completed Steps:   304000 || Avg Steps:   11 || Avg Rew: 46.095
Completed Steps:   305000 || Avg Steps:   11 || Avg Rew: 45.551
Completed Steps:   306000 || Avg Steps:   11 || Avg Rew: 44.996
Completed Steps:   307000 || Avg Steps:   12 || Avg Rew: 43.960
Completed Steps:   308000 || Avg Steps:   11 || Avg Rew: 42.778
Completed Steps:   309000 || Avg Steps:   13 || Avg Rew: 45.120
Completed Steps:   310000 || Avg Steps:   12 || Avg Rew: 45.657
Completed Steps:   311000 || Avg Steps:   10 || Avg Rew: 42.777
Completed Steps:   312000 || Avg Steps:   11 || Avg Rew: 44.510
Completed Steps:   313000 || Avg Steps:   11 || Avg Rew: 45.246
Completed Steps:   314000 || Avg Steps:   12 || Avg Rew: 45.816
Completed Steps:   315000 || Avg Steps:   13 || Avg Rew: 45.488
Completed Steps:   316000 || Avg Steps:   11 || Avg Rew: 42.960
Completed Steps:   317000 || Avg Steps:   12 || Avg Rew: 44.860
Completed Steps:   318000 || Avg Steps:   14 || Avg Rew: 46.765
Completed Steps:   319000 || Avg Steps:   12 || Avg Rew: 43.492
Completed Steps:   320000 || Avg Steps:   13 || Avg Rew: 47.676
Completed Steps:   321000 || Avg Steps:   12 || Avg Rew: 45.720
Completed Steps:   322000 || Avg Steps:   11 || Avg Rew: 45.141
Completed Steps:   323000 || Avg Steps:   13 || Avg Rew: 45.941
Completed Steps:   324000 || Avg Steps:   11 || Avg Rew: 45.372
Completed Steps:   325000 || Avg Steps:   13 || Avg Rew: 44.582
Completed Steps:   326000 || Avg Steps:   11 || Avg Rew: 44.334
Completed Steps:   327000 || Avg Steps:   10 || Avg Rew: 45.903
Completed Steps:   328000 || Avg Steps:   11 || Avg Rew: 43.399
Completed Steps:   329000 || Avg Steps:   11 || Avg Rew: 44.684
Completed Steps:   330000 || Avg Steps:   11 || Avg Rew: 46.874
Completed Steps:   331000 || Avg Steps:   11 || Avg Rew: 44.899
Completed Steps:   332000 || Avg Steps:   10 || Avg Rew: 45.719
Completed Steps:   333000 || Avg Steps:   11 || Avg Rew: 44.857
Completed Steps:   334000 || Avg Steps:   12 || Avg Rew: 45.624
Completed Steps:   335000 || Avg Steps:   13 || Avg Rew: 44.371
Completed Steps:   336000 || Avg Steps:   12 || Avg Rew: 46.032
Completed Steps:   337000 || Avg Steps:   11 || Avg Rew: 44.842
Completed Steps:   338000 || Avg Steps:   14 || Avg Rew: 47.160
Completed Steps:   339000 || Avg Steps:   10 || Avg Rew: 45.789
Completed Steps:   340000 || Avg Steps:   13 || Avg Rew: 47.440
Completed Steps:   341000 || Avg Steps:   11 || Avg Rew: 45.480
Completed Steps:   342000 || Avg Steps:   12 || Avg Rew: 45.182
Completed Steps:   343000 || Avg Steps:   14 || Avg Rew: 45.340
Completed Steps:   344000 || Avg Steps:   11 || Avg Rew: 45.332
Completed Steps:   345000 || Avg Steps:   12 || Avg Rew: 44.259
Completed Steps:   346000 || Avg Steps:   10 || Avg Rew: 44.182
Completed Steps:   347000 || Avg Steps:   11 || Avg Rew: 45.101
Completed Steps:   348000 || Avg Steps:   16 || Avg Rew: 48.682
Completed Steps:   349000 || Avg Steps:    9 || Avg Rew: 42.693
Completed Steps:   350000 || Avg Steps:   11 || Avg Rew: 45.467
Completed Steps:   351000 || Avg Steps:   11 || Avg Rew: 45.227
Completed Steps:   352000 || Avg Steps:   10 || Avg Rew: 45.604
Completed Steps:   353000 || Avg Steps:   12 || Avg Rew: 44.656
Completed Steps:   354000 || Avg Steps:   11 || Avg Rew: 45.900
Completed Steps:   355000 || Avg Steps:   11 || Avg Rew: 46.120
Completed Steps:   356000 || Avg Steps:   13 || Avg Rew: 44.563
Completed Steps:   357000 || Avg Steps:   10 || Avg Rew: 44.086
Completed Steps:   358000 || Avg Steps:   11 || Avg Rew: 45.215
Completed Steps:   359000 || Avg Steps:   10 || Avg Rew: 43.522
Completed Steps:   360000 || Avg Steps:   10 || Avg Rew: 44.257
Completed Steps:   361000 || Avg Steps:   10 || Avg Rew: 43.574
Completed Steps:   362000 || Avg Steps:   11 || Avg Rew: 44.444
Completed Steps:   363000 || Avg Steps:   10 || Avg Rew: 43.380
Completed Steps:   364000 || Avg Steps:   11 || Avg Rew: 43.274
Completed Steps:   365000 || Avg Steps:   11 || Avg Rew: 45.708
Completed Steps:   366000 || Avg Steps:   10 || Avg Rew: 44.344
Completed Steps:   367000 || Avg Steps:   12 || Avg Rew: 43.635
Completed Steps:   368000 || Avg Steps:   14 || Avg Rew: 45.874
Completed Steps:   369000 || Avg Steps:   10 || Avg Rew: 42.066
Completed Steps:   370000 || Avg Steps:   10 || Avg Rew: 45.281
Completed Steps:   371000 || Avg Steps:   16 || Avg Rew: 48.116
Completed Steps:   372000 || Avg Steps:   12 || Avg Rew: 44.899
Completed Steps:   373000 || Avg Steps:   14 || Avg Rew: 45.205
Completed Steps:   374000 || Avg Steps:   11 || Avg Rew: 45.545
Completed Steps:   375000 || Avg Steps:   12 || Avg Rew: 44.832
Completed Steps:   376000 || Avg Steps:   11 || Avg Rew: 43.441
Completed Steps:   377000 || Avg Steps:   12 || Avg Rew: 45.797
Completed Steps:   378000 || Avg Steps:   10 || Avg Rew: 44.917
Completed Steps:   379000 || Avg Steps:   11 || Avg Rew: 45.288
Completed Steps:   380000 || Avg Steps:   10 || Avg Rew: 43.944
Completed Steps:   381000 || Avg Steps:   11 || Avg Rew: 45.560
Completed Steps:   382000 || Avg Steps:   15 || Avg Rew: 43.585
Completed Steps:   383000 || Avg Steps:   11 || Avg Rew: 44.137
Completed Steps:   384000 || Avg Steps:   11 || Avg Rew: 44.109
Completed Steps:   385000 || Avg Steps:   11 || Avg Rew: 46.017
Completed Steps:   386000 || Avg Steps:   10 || Avg Rew: 43.643
Completed Steps:   387000 || Avg Steps:   10 || Avg Rew: 44.529
Completed Steps:   388000 || Avg Steps:   10 || Avg Rew: 43.693
Completed Steps:   389000 || Avg Steps:   10 || Avg Rew: 44.005
Completed Steps:   390000 || Avg Steps:   10 || Avg Rew: 42.605
Completed Steps:   391000 || Avg Steps:   11 || Avg Rew: 44.269
Completed Steps:   392000 || Avg Steps:   10 || Avg Rew: 43.243
Completed Steps:   393000 || Avg Steps:   10 || Avg Rew: 45.199
Completed Steps:   394000 || Avg Steps:   12 || Avg Rew: 46.007
Completed Steps:   395000 || Avg Steps:   12 || Avg Rew: 48.320
Completed Steps:   396000 || Avg Steps:   15 || Avg Rew: 44.118
Completed Steps:   397000 || Avg Steps:   14 || Avg Rew: 46.530
Completed Steps:   398000 || Avg Steps:   13 || Avg Rew: 44.674
Completed Steps:   399000 || Avg Steps:   11 || Avg Rew: 43.627
Completed Steps:   400000 || Avg Steps:   13 || Avg Rew: 46.633
Completed Steps:   401000 || Avg Steps:   12 || Avg Rew: 46.989
Completed Steps:   402000 || Avg Steps:   12 || Avg Rew: 44.680
Completed Steps:   403000 || Avg Steps:   13 || Avg Rew: 46.887
Completed Steps:   404000 || Avg Steps:   11 || Avg Rew: 45.844
Completed Steps:   405000 || Avg Steps:   11 || Avg Rew: 44.824
Completed Steps:   406000 || Avg Steps:   10 || Avg Rew: 43.342
Completed Steps:   407000 || Avg Steps:   12 || Avg Rew: 45.638
Completed Steps:   408000 || Avg Steps:   14 || Avg Rew: 45.421
Completed Steps:   409000 || Avg Steps:   12 || Avg Rew: 45.638
Completed Steps:   410000 || Avg Steps:   12 || Avg Rew: 45.664
Completed Steps:   411000 || Avg Steps:   11 || Avg Rew: 45.427
Completed Steps:   412000 || Avg Steps:   12 || Avg Rew: 46.724
Completed Steps:   413000 || Avg Steps:   11 || Avg Rew: 43.053
Completed Steps:   414000 || Avg Steps:   13 || Avg Rew: 46.158
Completed Steps:   415000 || Avg Steps:   12 || Avg Rew: 45.367
Completed Steps:   416000 || Avg Steps:   12 || Avg Rew: 44.436
Completed Steps:   417000 || Avg Steps:   11 || Avg Rew: 45.253
Completed Steps:   418000 || Avg Steps:   11 || Avg Rew: 43.669
Completed Steps:   419000 || Avg Steps:   12 || Avg Rew: 45.919
Completed Steps:   420000 || Avg Steps:   13 || Avg Rew: 45.682
Completed Steps:   421000 || Avg Steps:   11 || Avg Rew: 44.485
Completed Steps:   422000 || Avg Steps:   10 || Avg Rew: 43.128
Completed Steps:   423000 || Avg Steps:   11 || Avg Rew: 44.697
Completed Steps:   424000 || Avg Steps:   11 || Avg Rew: 44.226
Completed Steps:   425000 || Avg Steps:   12 || Avg Rew: 44.664
Completed Steps:   426000 || Avg Steps:   10 || Avg Rew: 43.534
Completed Steps:   427000 || Avg Steps:   11 || Avg Rew: 44.817
Completed Steps:   428000 || Avg Steps:   12 || Avg Rew: 45.218
Completed Steps:   429000 || Avg Steps:   13 || Avg Rew: 44.502
Completed Steps:   430000 || Avg Steps:   11 || Avg Rew: 43.854
Completed Steps:   431000 || Avg Steps:   11 || Avg Rew: 44.051
Completed Steps:   432000 || Avg Steps:   15 || Avg Rew: 47.186
Completed Steps:   433000 || Avg Steps:   12 || Avg Rew: 43.879
Completed Steps:   434000 || Avg Steps:   11 || Avg Rew: 44.448
Completed Steps:   435000 || Avg Steps:   12 || Avg Rew: 45.674
Completed Steps:   436000 || Avg Steps:   10 || Avg Rew: 41.253
Completed Steps:   437000 || Avg Steps:   11 || Avg Rew: 43.448
Completed Steps:   438000 || Avg Steps:   10 || Avg Rew: 43.485
Completed Steps:   439000 || Avg Steps:   11 || Avg Rew: 45.294
Completed Steps:   440000 || Avg Steps:   12 || Avg Rew: 45.336
Completed Steps:   441000 || Avg Steps:   11 || Avg Rew: 43.728
Completed Steps:   442000 || Avg Steps:   11 || Avg Rew: 43.366
Completed Steps:   443000 || Avg Steps:   10 || Avg Rew: 43.016
Completed Steps:   444000 || Avg Steps:   11 || Avg Rew: 43.672
Completed Steps:   445000 || Avg Steps:   10 || Avg Rew: 45.050
Completed Steps:   446000 || Avg Steps:   11 || Avg Rew: 43.205
Completed Steps:   447000 || Avg Steps:   10 || Avg Rew: 44.506
Completed Steps:   448000 || Avg Steps:   11 || Avg Rew: 45.048
Completed Steps:   449000 || Avg Steps:   10 || Avg Rew: 44.880
Completed Steps:   450000 || Avg Steps:   10 || Avg Rew: 43.714
Completed Steps:   451000 || Avg Steps:   10 || Avg Rew: 44.788
Completed Steps:   452000 || Avg Steps:   11 || Avg Rew: 44.639
Completed Steps:   453000 || Avg Steps:   11 || Avg Rew: 46.576
Completed Steps:   454000 || Avg Steps:   12 || Avg Rew: 46.211
Completed Steps:   455000 || Avg Steps:   13 || Avg Rew: 45.534
Completed Steps:   456000 || Avg Steps:   11 || Avg Rew: 45.420
Completed Steps:   457000 || Avg Steps:   10 || Avg Rew: 42.933
Completed Steps:   458000 || Avg Steps:   11 || Avg Rew: 45.577
Completed Steps:   459000 || Avg Steps:   10 || Avg Rew: 44.463
Completed Steps:   460000 || Avg Steps:   11 || Avg Rew: 45.444
Completed Steps:   461000 || Avg Steps:   10 || Avg Rew: 44.936
Completed Steps:   462000 || Avg Steps:   10 || Avg Rew: 44.019
Completed Steps:   463000 || Avg Steps:   11 || Avg Rew: 44.391
Completed Steps:   464000 || Avg Steps:   10 || Avg Rew: 43.683
Completed Steps:   465000 || Avg Steps:   11 || Avg Rew: 43.901
Completed Steps:   466000 || Avg Steps:   10 || Avg Rew: 44.643
Completed Steps:   467000 || Avg Steps:   10 || Avg Rew: 42.601
Completed Steps:   468000 || Avg Steps:    9 || Avg Rew: 44.160
Completed Steps:   469000 || Avg Steps:   11 || Avg Rew: 46.887
Completed Steps:   470000 || Avg Steps:   10 || Avg Rew: 44.735
Completed Steps:   471000 || Avg Steps:   11 || Avg Rew: 44.653
Completed Steps:   472000 || Avg Steps:   19 || Avg Rew: 46.981
Completed Steps:   473000 || Avg Steps:   10 || Avg Rew: 43.849
Completed Steps:   474000 || Avg Steps:   15 || Avg Rew: 45.211
Completed Steps:   475000 || Avg Steps:   12 || Avg Rew: 43.686
Completed Steps:   476000 || Avg Steps:   11 || Avg Rew: 45.068
Completed Steps:   477000 || Avg Steps:   11 || Avg Rew: 44.291
Completed Steps:   478000 || Avg Steps:   13 || Avg Rew: 46.846
Completed Steps:   479000 || Avg Steps:   13 || Avg Rew: 46.714
Completed Steps:   480000 || Avg Steps:   12 || Avg Rew: 44.788
Completed Steps:   481000 || Avg Steps:   12 || Avg Rew: 45.203
Completed Steps:   482000 || Avg Steps:   12 || Avg Rew: 44.847
Completed Steps:   483000 || Avg Steps:   11 || Avg Rew: 44.479
Completed Steps:   484000 || Avg Steps:   10 || Avg Rew: 44.135
Completed Steps:   485000 || Avg Steps:   11 || Avg Rew: 43.795
Completed Steps:   486000 || Avg Steps:   10 || Avg Rew: 44.751
Completed Steps:   487000 || Avg Steps:   11 || Avg Rew: 43.012
Completed Steps:   488000 || Avg Steps:   11 || Avg Rew: 44.633
Completed Steps:   489000 || Avg Steps:   11 || Avg Rew: 43.794
Completed Steps:   490000 || Avg Steps:   10 || Avg Rew: 43.837
Completed Steps:   491000 || Avg Steps:   11 || Avg Rew: 44.020
Completed Steps:   492000 || Avg Steps:   13 || Avg Rew: 46.692
Completed Steps:   493000 || Avg Steps:   13 || Avg Rew: 45.624
Completed Steps:   494000 || Avg Steps:   14 || Avg Rew: 45.572
Completed Steps:   495000 || Avg Steps:   12 || Avg Rew: 45.690
Completed Steps:   496000 || Avg Steps:   21 || Avg Rew: 48.379
Completed Steps:   497000 || Avg Steps:   10 || Avg Rew: 42.885
Completed Steps:   498000 || Avg Steps:   12 || Avg Rew: 46.538
Completed Steps:   499000 || Avg Steps:   11 || Avg Rew: 45.896
Completed Steps:   500000 || Avg Steps:   11 || Avg Rew: 43.840
Completed Steps:   501000 || Avg Steps:   11 || Avg Rew: 43.680
Completed Steps:   502000 || Avg Steps:   11 || Avg Rew: 44.869
Completed Steps:   503000 || Avg Steps:   12 || Avg Rew: 45.740
Completed Steps:   504000 || Avg Steps:   11 || Avg Rew: 44.899
Completed Steps:   505000 || Avg Steps:   12 || Avg Rew: 45.259
Completed Steps:   506000 || Avg Steps:   10 || Avg Rew: 44.157
Completed Steps:   507000 || Avg Steps:   11 || Avg Rew: 46.266
Completed Steps:   508000 || Avg Steps:   10 || Avg Rew: 44.696
Completed Steps:   509000 || Avg Steps:   12 || Avg Rew: 45.834
Completed Steps:   510000 || Avg Steps:   11 || Avg Rew: 46.766
Completed Steps:   511000 || Avg Steps:   13 || Avg Rew: 44.693
Completed Steps:   512000 || Avg Steps:   15 || Avg Rew: 46.483
Completed Steps:   513000 || Avg Steps:   11 || Avg Rew: 44.027
Completed Steps:   514000 || Avg Steps:   12 || Avg Rew: 45.776
Completed Steps:   515000 || Avg Steps:   11 || Avg Rew: 44.378
Completed Steps:   516000 || Avg Steps:   12 || Avg Rew: 44.812
Completed Steps:   517000 || Avg Steps:   11 || Avg Rew: 44.790
Completed Steps:   518000 || Avg Steps:   13 || Avg Rew: 45.731
Completed Steps:   519000 || Avg Steps:   12 || Avg Rew: 46.461
Completed Steps:   520000 || Avg Steps:   11 || Avg Rew: 42.943
Completed Steps:   521000 || Avg Steps:   11 || Avg Rew: 44.910
Completed Steps:   522000 || Avg Steps:   10 || Avg Rew: 43.795
Completed Steps:   523000 || Avg Steps:   10 || Avg Rew: 44.952
Completed Steps:   524000 || Avg Steps:   11 || Avg Rew: 44.037
Completed Steps:   525000 || Avg Steps:   11 || Avg Rew: 44.821
Completed Steps:   526000 || Avg Steps:   10 || Avg Rew: 43.932
Completed Steps:   527000 || Avg Steps:   12 || Avg Rew: 44.336
Completed Steps:   528000 || Avg Steps:   12 || Avg Rew: 44.990
Completed Steps:   529000 || Avg Steps:   19 || Avg Rew: 46.475
Completed Steps:   530000 || Avg Steps:   12 || Avg Rew: 46.694
Completed Steps:   531000 || Avg Steps:   11 || Avg Rew: 45.212
Completed Steps:   532000 || Avg Steps:   11 || Avg Rew: 44.655
Completed Steps:   533000 || Avg Steps:   15 || Avg Rew: 45.077
Completed Steps:   534000 || Avg Steps:   11 || Avg Rew: 44.672
Completed Steps:   535000 || Avg Steps:   12 || Avg Rew: 45.087
Completed Steps:   536000 || Avg Steps:   11 || Avg Rew: 44.848
Completed Steps:   537000 || Avg Steps:   11 || Avg Rew: 43.923
Completed Steps:   538000 || Avg Steps:   11 || Avg Rew: 44.753
Completed Steps:   539000 || Avg Steps:   13 || Avg Rew: 45.944
Completed Steps:   540000 || Avg Steps:   11 || Avg Rew: 45.888
Completed Steps:   541000 || Avg Steps:   13 || Avg Rew: 44.815
Completed Steps:   542000 || Avg Steps:   11 || Avg Rew: 42.747
Completed Steps:   543000 || Avg Steps:   11 || Avg Rew: 46.664
Completed Steps:   544000 || Avg Steps:   15 || Avg Rew: 45.913
Completed Steps:   545000 || Avg Steps:   15 || Avg Rew: 48.423
Completed Steps:   546000 || Avg Steps:   13 || Avg Rew: 44.497
Completed Steps:   547000 || Avg Steps:   14 || Avg Rew: 45.431
Completed Steps:   548000 || Avg Steps:   13 || Avg Rew: 45.843
Completed Steps:   549000 || Avg Steps:   12 || Avg Rew: 45.309
Completed Steps:   550000 || Avg Steps:   12 || Avg Rew: 45.764
Completed Steps:   551000 || Avg Steps:   11 || Avg Rew: 41.959
Completed Steps:   552000 || Avg Steps:   15 || Avg Rew: 48.142
Completed Steps:   553000 || Avg Steps:   12 || Avg Rew: 44.975
Completed Steps:   554000 || Avg Steps:   13 || Avg Rew: 44.675
Completed Steps:   555000 || Avg Steps:   10 || Avg Rew: 45.331
Completed Steps:   556000 || Avg Steps:   10 || Avg Rew: 44.294
Completed Steps:   557000 || Avg Steps:   11 || Avg Rew: 44.651
Completed Steps:   558000 || Avg Steps:   11 || Avg Rew: 45.972
Completed Steps:   559000 || Avg Steps:   10 || Avg Rew: 43.677
Completed Steps:   560000 || Avg Steps:   10 || Avg Rew: 42.821
Completed Steps:   561000 || Avg Steps:   11 || Avg Rew: 44.358
Completed Steps:   562000 || Avg Steps:   12 || Avg Rew: 46.531
Completed Steps:   563000 || Avg Steps:   11 || Avg Rew: 44.070
Completed Steps:   564000 || Avg Steps:    9 || Avg Rew: 43.526
Completed Steps:   565000 || Avg Steps:   13 || Avg Rew: 46.224
Completed Steps:   566000 || Avg Steps:   14 || Avg Rew: 45.659
Completed Steps:   567000 || Avg Steps:   11 || Avg Rew: 44.285
Completed Steps:   568000 || Avg Steps:   16 || Avg Rew: 45.800
Completed Steps:   569000 || Avg Steps:   12 || Avg Rew: 46.201
Completed Steps:   570000 || Avg Steps:   19 || Avg Rew: 45.927
Completed Steps:   571000 || Avg Steps:   10 || Avg Rew: 43.784
Completed Steps:   572000 || Avg Steps:   17 || Avg Rew: 47.593
Completed Steps:   573000 || Avg Steps:   11 || Avg Rew: 44.906
Completed Steps:   574000 || Avg Steps:   10 || Avg Rew: 43.785
Completed Steps:   575000 || Avg Steps:   10 || Avg Rew: 44.247
Completed Steps:   576000 || Avg Steps:   13 || Avg Rew: 46.342
Completed Steps:   577000 || Avg Steps:   11 || Avg Rew: 45.062
Completed Steps:   578000 || Avg Steps:   10 || Avg Rew: 43.868
Completed Steps:   579000 || Avg Steps:   11 || Avg Rew: 44.391
Completed Steps:   580000 || Avg Steps:   13 || Avg Rew: 46.042
Completed Steps:   581000 || Avg Steps:   12 || Avg Rew: 44.812
Completed Steps:   582000 || Avg Steps:   11 || Avg Rew: 44.852
Completed Steps:   583000 || Avg Steps:   10 || Avg Rew: 43.843
Completed Steps:   584000 || Avg Steps:   14 || Avg Rew: 45.498
Completed Steps:   585000 || Avg Steps:   10 || Avg Rew: 43.604
Completed Steps:   586000 || Avg Steps:   10 || Avg Rew: 43.794
Completed Steps:   587000 || Avg Steps:   10 || Avg Rew: 43.956
Completed Steps:   588000 || Avg Steps:   11 || Avg Rew: 45.820
Completed Steps:   589000 || Avg Steps:   12 || Avg Rew: 46.563
Completed Steps:   590000 || Avg Steps:   10 || Avg Rew: 43.058
Completed Steps:   591000 || Avg Steps:   11 || Avg Rew: 44.138
Completed Steps:   592000 || Avg Steps:   10 || Avg Rew: 43.455
Completed Steps:   593000 || Avg Steps:    9 || Avg Rew: 42.849
Completed Steps:   594000 || Avg Steps:   10 || Avg Rew: 42.745
Completed Steps:   595000 || Avg Steps:   10 || Avg Rew: 44.972
Completed Steps:   596000 || Avg Steps:   10 || Avg Rew: 43.876
Completed Steps:   597000 || Avg Steps:   10 || Avg Rew: 45.623
Completed Steps:   598000 || Avg Steps:   10 || Avg Rew: 44.715
Completed Steps:   599000 || Avg Steps:   10 || Avg Rew: 44.236
Completed Steps:   600000 || Avg Steps:   11 || Avg Rew: 45.484
Completed Steps:   601000 || Avg Steps:    9 || Avg Rew: 44.567
Completed Steps:   602000 || Avg Steps:   10 || Avg Rew: 43.880
Completed Steps:   603000 || Avg Steps:   12 || Avg Rew: 47.832
Completed Steps:   604000 || Avg Steps:   10 || Avg Rew: 45.014
Completed Steps:   605000 || Avg Steps:   11 || Avg Rew: 45.098
Completed Steps:   606000 || Avg Steps:   10 || Avg Rew: 43.518
Completed Steps:   607000 || Avg Steps:   11 || Avg Rew: 45.831
Completed Steps:   608000 || Avg Steps:   10 || Avg Rew: 44.378
Completed Steps:   609000 || Avg Steps:   10 || Avg Rew: 46.181
Completed Steps:   610000 || Avg Steps:   11 || Avg Rew: 46.648
Completed Steps:   611000 || Avg Steps:    9 || Avg Rew: 43.905
Completed Steps:   612000 || Avg Steps:   10 || Avg Rew: 41.950
Completed Steps:   613000 || Avg Steps:   10 || Avg Rew: 44.199
Completed Steps:   614000 || Avg Steps:   10 || Avg Rew: 44.344
Completed Steps:   615000 || Avg Steps:   10 || Avg Rew: 44.844
Completed Steps:   616000 || Avg Steps:   10 || Avg Rew: 43.287
Completed Steps:   617000 || Avg Steps:    9 || Avg Rew: 44.119
Completed Steps:   618000 || Avg Steps:    9 || Avg Rew: 44.269
Completed Steps:   619000 || Avg Steps:   11 || Avg Rew: 43.910
Completed Steps:   620000 || Avg Steps:   13 || Avg Rew: 46.244
Completed Steps:   621000 || Avg Steps:   11 || Avg Rew: 44.914
Completed Steps:   622000 || Avg Steps:   10 || Avg Rew: 46.116
Completed Steps:   623000 || Avg Steps:    9 || Avg Rew: 43.896
Completed Steps:   624000 || Avg Steps:   10 || Avg Rew: 43.851
Completed Steps:   625000 || Avg Steps:    9 || Avg Rew: 44.406
Completed Steps:   626000 || Avg Steps:   10 || Avg Rew: 44.156
Completed Steps:   627000 || Avg Steps:   11 || Avg Rew: 43.460
Completed Steps:   628000 || Avg Steps:    9 || Avg Rew: 43.361
Completed Steps:   629000 || Avg Steps:   11 || Avg Rew: 45.968
Completed Steps:   630000 || Avg Steps:   10 || Avg Rew: 45.453
Completed Steps:   631000 || Avg Steps:   10 || Avg Rew: 44.977
Completed Steps:   632000 || Avg Steps:   11 || Avg Rew: 45.925
Completed Steps:   633000 || Avg Steps:   10 || Avg Rew: 43.817
Completed Steps:   634000 || Avg Steps:   10 || Avg Rew: 44.571
Completed Steps:   635000 || Avg Steps:   10 || Avg Rew: 46.047
Completed Steps:   636000 || Avg Steps:   10 || Avg Rew: 43.777
Completed Steps:   637000 || Avg Steps:   13 || Avg Rew: 46.604
Completed Steps:   638000 || Avg Steps:   10 || Avg Rew: 43.461
Completed Steps:   639000 || Avg Steps:   10 || Avg Rew: 45.007
Completed Steps:   640000 || Avg Steps:   11 || Avg Rew: 45.797
Completed Steps:   641000 || Avg Steps:   12 || Avg Rew: 43.229
Completed Steps:   642000 || Avg Steps:   11 || Avg Rew: 46.621
Completed Steps:   643000 || Avg Steps:   10 || Avg Rew: 43.741
Completed Steps:   644000 || Avg Steps:   11 || Avg Rew: 45.747
Completed Steps:   645000 || Avg Steps:   11 || Avg Rew: 43.429
Completed Steps:   646000 || Avg Steps:   10 || Avg Rew: 43.874
Completed Steps:   647000 || Avg Steps:   13 || Avg Rew: 45.482
Completed Steps:   648000 || Avg Steps:   11 || Avg Rew: 46.338
Completed Steps:   649000 || Avg Steps:   18 || Avg Rew: 44.301
Completed Steps:   650000 || Avg Steps:   11 || Avg Rew: 44.656
Completed Steps:   651000 || Avg Steps:   11 || Avg Rew: 43.009
Completed Steps:   652000 || Avg Steps:   18 || Avg Rew: 43.984
Completed Steps:   653000 || Avg Steps:   10 || Avg Rew: 45.083
Completed Steps:   654000 || Avg Steps:   13 || Avg Rew: 46.667
Completed Steps:   655000 || Avg Steps:   12 || Avg Rew: 45.528
Completed Steps:   656000 || Avg Steps:   11 || Avg Rew: 44.214
Completed Steps:   657000 || Avg Steps:    9 || Avg Rew: 43.231
Completed Steps:   658000 || Avg Steps:   10 || Avg Rew: 44.720
Completed Steps:   659000 || Avg Steps:   10 || Avg Rew: 47.094
Completed Steps:   660000 || Avg Steps:   18 || Avg Rew: 45.719
Completed Steps:   661000 || Avg Steps:   10 || Avg Rew: 44.377
Completed Steps:   662000 || Avg Steps:    9 || Avg Rew: 43.374
Completed Steps:   663000 || Avg Steps:   14 || Avg Rew: 45.628
Completed Steps:   664000 || Avg Steps:    9 || Avg Rew: 45.326
Completed Steps:   665000 || Avg Steps:   12 || Avg Rew: 44.585
Completed Steps:   666000 || Avg Steps:   10 || Avg Rew: 43.528
Completed Steps:   667000 || Avg Steps:   10 || Avg Rew: 44.382
Completed Steps:   668000 || Avg Steps:   10 || Avg Rew: 44.851
Completed Steps:   669000 || Avg Steps:   11 || Avg Rew: 44.825
Completed Steps:   670000 || Avg Steps:   11 || Avg Rew: 43.934
Completed Steps:   671000 || Avg Steps:   11 || Avg Rew: 44.132
Completed Steps:   672000 || Avg Steps:   10 || Avg Rew: 44.957
Completed Steps:   673000 || Avg Steps:   13 || Avg Rew: 45.425
Completed Steps:   674000 || Avg Steps:   10 || Avg Rew: 44.516
Completed Steps:   675000 || Avg Steps:   12 || Avg Rew: 44.534
Completed Steps:   676000 || Avg Steps:   11 || Avg Rew: 43.113
Completed Steps:   677000 || Avg Steps:   12 || Avg Rew: 45.269
Completed Steps:   678000 || Avg Steps:   13 || Avg Rew: 44.339
Completed Steps:   679000 || Avg Steps:   12 || Avg Rew: 44.968
Completed Steps:   680000 || Avg Steps:   11 || Avg Rew: 44.162
Completed Steps:   681000 || Avg Steps:   11 || Avg Rew: 45.497
Completed Steps:   682000 || Avg Steps:   10 || Avg Rew: 44.129
Completed Steps:   683000 || Avg Steps:   12 || Avg Rew: 44.253
Completed Steps:   684000 || Avg Steps:   11 || Avg Rew: 45.114
Completed Steps:   685000 || Avg Steps:   13 || Avg Rew: 45.856
Completed Steps:   686000 || Avg Steps:   11 || Avg Rew: 43.968
Completed Steps:   687000 || Avg Steps:   10 || Avg Rew: 45.146
Completed Steps:   688000 || Avg Steps:   10 || Avg Rew: 44.107
Completed Steps:   689000 || Avg Steps:   10 || Avg Rew: 44.265
Completed Steps:   690000 || Avg Steps:   10 || Avg Rew: 43.460
Completed Steps:   691000 || Avg Steps:   11 || Avg Rew: 44.706
Completed Steps:   692000 || Avg Steps:    9 || Avg Rew: 44.741
Completed Steps:   693000 || Avg Steps:   10 || Avg Rew: 43.754
Completed Steps:   694000 || Avg Steps:   11 || Avg Rew: 44.016
Completed Steps:   695000 || Avg Steps:   11 || Avg Rew: 44.808
Completed Steps:   696000 || Avg Steps:   11 || Avg Rew: 44.714
Completed Steps:   697000 || Avg Steps:   11 || Avg Rew: 42.612
Completed Steps:   698000 || Avg Steps:   10 || Avg Rew: 43.878
Completed Steps:   699000 || Avg Steps:   11 || Avg Rew: 42.977
Completed Steps:   700000 || Avg Steps:   16 || Avg Rew: 47.520
Completed Steps:   701000 || Avg Steps:   13 || Avg Rew: 46.625
Completed Steps:   702000 || Avg Steps:   10 || Avg Rew: 43.433
Completed Steps:   703000 || Avg Steps:   10 || Avg Rew: 42.225
Completed Steps:   704000 || Avg Steps:   11 || Avg Rew: 45.624
Completed Steps:   705000 || Avg Steps:   14 || Avg Rew: 44.669
Completed Steps:   706000 || Avg Steps:   11 || Avg Rew: 44.604
Completed Steps:   707000 || Avg Steps:   11 || Avg Rew: 44.311
Completed Steps:   708000 || Avg Steps:   11 || Avg Rew: 46.438
Completed Steps:   709000 || Avg Steps:   12 || Avg Rew: 46.370
Completed Steps:   710000 || Avg Steps:   12 || Avg Rew: 45.987
Completed Steps:   711000 || Avg Steps:   12 || Avg Rew: 45.276
Completed Steps:   712000 || Avg Steps:   12 || Avg Rew: 44.849
Completed Steps:   713000 || Avg Steps:   12 || Avg Rew: 44.836
Completed Steps:   714000 || Avg Steps:   11 || Avg Rew: 44.230
Completed Steps:   715000 || Avg Steps:   11 || Avg Rew: 45.396
Completed Steps:   716000 || Avg Steps:   11 || Avg Rew: 44.871
Completed Steps:   717000 || Avg Steps:   11 || Avg Rew: 43.143
Completed Steps:   718000 || Avg Steps:   11 || Avg Rew: 43.940
Completed Steps:   719000 || Avg Steps:   13 || Avg Rew: 46.813
Completed Steps:   720000 || Avg Steps:   10 || Avg Rew: 43.009
Completed Steps:   721000 || Avg Steps:   14 || Avg Rew: 45.305
Completed Steps:   722000 || Avg Steps:   10 || Avg Rew: 44.043
Completed Steps:   723000 || Avg Steps:   10 || Avg Rew: 43.906
Completed Steps:   724000 || Avg Steps:   15 || Avg Rew: 46.245
Completed Steps:   725000 || Avg Steps:   11 || Avg Rew: 44.168
Completed Steps:   726000 || Avg Steps:   14 || Avg Rew: 42.092
Completed Steps:   727000 || Avg Steps:   10 || Avg Rew: 45.981
Completed Steps:   728000 || Avg Steps:   21 || Avg Rew: 46.695
Completed Steps:   729000 || Avg Steps:   10 || Avg Rew: 43.627
Completed Steps:   730000 || Avg Steps:   12 || Avg Rew: 45.621
Completed Steps:   731000 || Avg Steps:   11 || Avg Rew: 45.052
Completed Steps:   732000 || Avg Steps:   10 || Avg Rew: 44.065
Completed Steps:   733000 || Avg Steps:   10 || Avg Rew: 45.474
Completed Steps:   734000 || Avg Steps:   10 || Avg Rew: 43.567
Completed Steps:   735000 || Avg Steps:   11 || Avg Rew: 45.717
Completed Steps:   736000 || Avg Steps:   13 || Avg Rew: 45.162
Completed Steps:   737000 || Avg Steps:   11 || Avg Rew: 44.567
Completed Steps:   738000 || Avg Steps:   10 || Avg Rew: 44.285
Completed Steps:   739000 || Avg Steps:   11 || Avg Rew: 45.009
Completed Steps:   740000 || Avg Steps:   15 || Avg Rew: 45.291
Completed Steps:   741000 || Avg Steps:   12 || Avg Rew: 44.122
Completed Steps:   742000 || Avg Steps:   11 || Avg Rew: 46.302
Completed Steps:   743000 || Avg Steps:   10 || Avg Rew: 44.432
Completed Steps:   744000 || Avg Steps:   11 || Avg Rew: 44.090
Completed Steps:   745000 || Avg Steps:   11 || Avg Rew: 44.367
Completed Steps:   746000 || Avg Steps:   10 || Avg Rew: 44.795
Completed Steps:   747000 || Avg Steps:   11 || Avg Rew: 45.109
Completed Steps:   748000 || Avg Steps:   10 || Avg Rew: 44.338
Completed Steps:   749000 || Avg Steps:   10 || Avg Rew: 46.666
Completed Steps:   750000 || Avg Steps:   10 || Avg Rew: 44.440
Completed Steps:   751000 || Avg Steps:   11 || Avg Rew: 45.263
Completed Steps:   752000 || Avg Steps:   10 || Avg Rew: 43.924
Completed Steps:   753000 || Avg Steps:   10 || Avg Rew: 43.698
Completed Steps:   754000 || Avg Steps:   13 || Avg Rew: 44.194
Completed Steps:   755000 || Avg Steps:   11 || Avg Rew: 46.020
Completed Steps:   756000 || Avg Steps:   11 || Avg Rew: 44.213
Completed Steps:   757000 || Avg Steps:   12 || Avg Rew: 46.340
Completed Steps:   758000 || Avg Steps:   10 || Avg Rew: 43.010
Completed Steps:   759000 || Avg Steps:   11 || Avg Rew: 45.286
Completed Steps:   760000 || Avg Steps:   11 || Avg Rew: 43.383
Completed Steps:   761000 || Avg Steps:   10 || Avg Rew: 43.894
Completed Steps:   762000 || Avg Steps:   11 || Avg Rew: 43.860
Completed Steps:   763000 || Avg Steps:   10 || Avg Rew: 44.950
Completed Steps:   764000 || Avg Steps:   15 || Avg Rew: 44.824
Completed Steps:   765000 || Avg Steps:   23 || Avg Rew: 46.463
Completed Steps:   766000 || Avg Steps:    9 || Avg Rew: 44.365
Completed Steps:   767000 || Avg Steps:   10 || Avg Rew: 44.682
Completed Steps:   768000 || Avg Steps:   10 || Avg Rew: 43.020
Completed Steps:   769000 || Avg Steps:   10 || Avg Rew: 44.720
Completed Steps:   770000 || Avg Steps:   11 || Avg Rew: 43.969
Completed Steps:   771000 || Avg Steps:   10 || Avg Rew: 44.790
Completed Steps:   772000 || Avg Steps:   11 || Avg Rew: 45.590
Completed Steps:   773000 || Avg Steps:    9 || Avg Rew: 43.146
Completed Steps:   774000 || Avg Steps:   11 || Avg Rew: 43.935
Completed Steps:   775000 || Avg Steps:   11 || Avg Rew: 44.127
Completed Steps:   776000 || Avg Steps:   12 || Avg Rew: 46.792
Completed Steps:   777000 || Avg Steps:   10 || Avg Rew: 44.124
Completed Steps:   778000 || Avg Steps:   11 || Avg Rew: 44.189
Completed Steps:   779000 || Avg Steps:   11 || Avg Rew: 45.177
Completed Steps:   780000 || Avg Steps:   11 || Avg Rew: 44.097
Completed Steps:   781000 || Avg Steps:   10 || Avg Rew: 43.913
Completed Steps:   782000 || Avg Steps:   17 || Avg Rew: 47.512
Completed Steps:   783000 || Avg Steps:   10 || Avg Rew: 43.759
Completed Steps:   784000 || Avg Steps:   10 || Avg Rew: 42.681
Completed Steps:   785000 || Avg Steps:   10 || Avg Rew: 44.302
Completed Steps:   786000 || Avg Steps:   14 || Avg Rew: 44.256
Completed Steps:   787000 || Avg Steps:   10 || Avg Rew: 45.213
Completed Steps:   788000 || Avg Steps:   11 || Avg Rew: 45.701
Completed Steps:   789000 || Avg Steps:   11 || Avg Rew: 44.559
Completed Steps:   790000 || Avg Steps:   10 || Avg Rew: 43.197
Completed Steps:   791000 || Avg Steps:   10 || Avg Rew: 44.874
Completed Steps:   792000 || Avg Steps:    9 || Avg Rew: 43.145
Completed Steps:   793000 || Avg Steps:   10 || Avg Rew: 45.373
Completed Steps:   794000 || Avg Steps:   10 || Avg Rew: 42.629
Completed Steps:   795000 || Avg Steps:   10 || Avg Rew: 44.665
Completed Steps:   796000 || Avg Steps:   10 || Avg Rew: 44.147
Completed Steps:   797000 || Avg Steps:   10 || Avg Rew: 45.187
Completed Steps:   798000 || Avg Steps:   12 || Avg Rew: 45.712
Completed Steps:   799000 || Avg Steps:   13 || Avg Rew: 46.769
Completed Steps:   800000 || Avg Steps:   12 || Avg Rew: 45.192
Completed Steps:   801000 || Avg Steps:   11 || Avg Rew: 44.006
Completed Steps:   802000 || Avg Steps:   12 || Avg Rew: 45.049
Completed Steps:   803000 || Avg Steps:   11 || Avg Rew: 44.614
Completed Steps:   804000 || Avg Steps:   10 || Avg Rew: 44.885
Completed Steps:   805000 || Avg Steps:   11 || Avg Rew: 43.854
Completed Steps:   806000 || Avg Steps:   11 || Avg Rew: 45.134
Completed Steps:   807000 || Avg Steps:   10 || Avg Rew: 43.085
Completed Steps:   808000 || Avg Steps:   13 || Avg Rew: 46.721
Completed Steps:   809000 || Avg Steps:   12 || Avg Rew: 45.660
Completed Steps:   810000 || Avg Steps:   15 || Avg Rew: 46.894
Completed Steps:   811000 || Avg Steps:   11 || Avg Rew: 42.805
Completed Steps:   812000 || Avg Steps:   12 || Avg Rew: 44.815
Completed Steps:   813000 || Avg Steps:   14 || Avg Rew: 44.274
Completed Steps:   814000 || Avg Steps:   11 || Avg Rew: 44.405
Completed Steps:   815000 || Avg Steps:   10 || Avg Rew: 44.580
Completed Steps:   816000 || Avg Steps:   10 || Avg Rew: 43.717
Completed Steps:   817000 || Avg Steps:   12 || Avg Rew: 45.428
Completed Steps:   818000 || Avg Steps:   10 || Avg Rew: 43.403
Completed Steps:   819000 || Avg Steps:   12 || Avg Rew: 44.674
Completed Steps:   820000 || Avg Steps:   10 || Avg Rew: 44.520
Completed Steps:   821000 || Avg Steps:   11 || Avg Rew: 43.666
Completed Steps:   822000 || Avg Steps:   10 || Avg Rew: 44.334
Completed Steps:   823000 || Avg Steps:   11 || Avg Rew: 44.609
Completed Steps:   824000 || Avg Steps:   11 || Avg Rew: 45.159
Completed Steps:   825000 || Avg Steps:   11 || Avg Rew: 45.304
Completed Steps:   826000 || Avg Steps:   14 || Avg Rew: 45.612
Completed Steps:   827000 || Avg Steps:   11 || Avg Rew: 44.142
Completed Steps:   828000 || Avg Steps:   10 || Avg Rew: 43.374
Completed Steps:   829000 || Avg Steps:   10 || Avg Rew: 44.912
Completed Steps:   830000 || Avg Steps:   11 || Avg Rew: 44.950
Completed Steps:   831000 || Avg Steps:   11 || Avg Rew: 44.316
Completed Steps:   832000 || Avg Steps:   11 || Avg Rew: 45.246
Completed Steps:   833000 || Avg Steps:   10 || Avg Rew: 45.042
Completed Steps:   834000 || Avg Steps:   11 || Avg Rew: 45.255
Completed Steps:   835000 || Avg Steps:   10 || Avg Rew: 42.392
Completed Steps:   836000 || Avg Steps:   11 || Avg Rew: 43.336
Completed Steps:   837000 || Avg Steps:   10 || Avg Rew: 43.037
Completed Steps:   838000 || Avg Steps:   11 || Avg Rew: 44.702
Completed Steps:   839000 || Avg Steps:   10 || Avg Rew: 42.976
Completed Steps:   840000 || Avg Steps:    9 || Avg Rew: 42.469
Completed Steps:   841000 || Avg Steps:   11 || Avg Rew: 45.181
Completed Steps:   842000 || Avg Steps:    8 || Avg Rew: 42.656
Completed Steps:   843000 || Avg Steps:   10 || Avg Rew: 42.608
Completed Steps:   844000 || Avg Steps:   10 || Avg Rew: 43.961
Completed Steps:   845000 || Avg Steps:   10 || Avg Rew: 44.309
Completed Steps:   846000 || Avg Steps:    9 || Avg Rew: 43.353
Completed Steps:   847000 || Avg Steps:    9 || Avg Rew: 41.597
Completed Steps:   848000 || Avg Steps:   11 || Avg Rew: 44.960
Completed Steps:   849000 || Avg Steps:   10 || Avg Rew: 43.113
Completed Steps:   850000 || Avg Steps:    9 || Avg Rew: 43.944
Completed Steps:   851000 || Avg Steps:    9 || Avg Rew: 42.976
Completed Steps:   852000 || Avg Steps:   10 || Avg Rew: 45.038
Completed Steps:   853000 || Avg Steps:   11 || Avg Rew: 44.221
Completed Steps:   854000 || Avg Steps:   10 || Avg Rew: 43.753
Completed Steps:   855000 || Avg Steps:   10 || Avg Rew: 42.635
Completed Steps:   856000 || Avg Steps:   10 || Avg Rew: 44.281
Completed Steps:   857000 || Avg Steps:    9 || Avg Rew: 45.091
Completed Steps:   858000 || Avg Steps:   10 || Avg Rew: 45.258
Completed Steps:   859000 || Avg Steps:   11 || Avg Rew: 43.298
Completed Steps:   860000 || Avg Steps:   11 || Avg Rew: 45.258
Completed Steps:   861000 || Avg Steps:   10 || Avg Rew: 43.312
Completed Steps:   862000 || Avg Steps:   10 || Avg Rew: 43.794
Completed Steps:   863000 || Avg Steps:   11 || Avg Rew: 45.438
Completed Steps:   864000 || Avg Steps:   22 || Avg Rew: 46.761
Completed Steps:   865000 || Avg Steps:   11 || Avg Rew: 44.984
Completed Steps:   866000 || Avg Steps:    9 || Avg Rew: 42.568
Completed Steps:   867000 || Avg Steps:   11 || Avg Rew: 46.569
Completed Steps:   868000 || Avg Steps:   11 || Avg Rew: 44.802
Completed Steps:   869000 || Avg Steps:   11 || Avg Rew: 44.186
Completed Steps:   870000 || Avg Steps:   11 || Avg Rew: 45.803
Completed Steps:   871000 || Avg Steps:   10 || Avg Rew: 44.214
Completed Steps:   872000 || Avg Steps:   11 || Avg Rew: 44.698
Completed Steps:   873000 || Avg Steps:   11 || Avg Rew: 44.420
Completed Steps:   874000 || Avg Steps:   12 || Avg Rew: 45.062
Completed Steps:   875000 || Avg Steps:   11 || Avg Rew: 44.583
Completed Steps:   876000 || Avg Steps:   12 || Avg Rew: 46.030
Completed Steps:   877000 || Avg Steps:    9 || Avg Rew: 43.085
Completed Steps:   878000 || Avg Steps:   10 || Avg Rew: 43.816
Completed Steps:   879000 || Avg Steps:   11 || Avg Rew: 43.619
Completed Steps:   880000 || Avg Steps:   12 || Avg Rew: 45.577
Completed Steps:   881000 || Avg Steps:   10 || Avg Rew: 45.660
Completed Steps:   882000 || Avg Steps:   10 || Avg Rew: 43.639
Completed Steps:   883000 || Avg Steps:   12 || Avg Rew: 46.396
Completed Steps:   884000 || Avg Steps:   10 || Avg Rew: 45.386
Completed Steps:   885000 || Avg Steps:   11 || Avg Rew: 44.360
Completed Steps:   886000 || Avg Steps:    9 || Avg Rew: 43.011
Completed Steps:   887000 || Avg Steps:   11 || Avg Rew: 44.454
Completed Steps:   888000 || Avg Steps:   11 || Avg Rew: 46.390
Completed Steps:   889000 || Avg Steps:    9 || Avg Rew: 43.834
Completed Steps:   890000 || Avg Steps:    9 || Avg Rew: 45.182
Completed Steps:   891000 || Avg Steps:   10 || Avg Rew: 44.817
Completed Steps:   892000 || Avg Steps:   10 || Avg Rew: 43.564
Completed Steps:   893000 || Avg Steps:   10 || Avg Rew: 43.752
Completed Steps:   894000 || Avg Steps:    9 || Avg Rew: 42.925
Completed Steps:   895000 || Avg Steps:   12 || Avg Rew: 43.338
Completed Steps:   896000 || Avg Steps:   10 || Avg Rew: 42.043
Completed Steps:   897000 || Avg Steps:    9 || Avg Rew: 45.155
Completed Steps:   898000 || Avg Steps:   10 || Avg Rew: 43.518
Completed Steps:   899000 || Avg Steps:   11 || Avg Rew: 43.356
Completed Steps:   900000 || Avg Steps:   11 || Avg Rew: 43.642
Completed Steps:   901000 || Avg Steps:   10 || Avg Rew: 44.318
Completed Steps:   902000 || Avg Steps:   10 || Avg Rew: 43.568
Completed Steps:   903000 || Avg Steps:   11 || Avg Rew: 43.492
Completed Steps:   904000 || Avg Steps:   13 || Avg Rew: 46.307
Completed Steps:   905000 || Avg Steps:   10 || Avg Rew: 43.303
Completed Steps:   906000 || Avg Steps:   10 || Avg Rew: 45.617
Completed Steps:   907000 || Avg Steps:   10 || Avg Rew: 44.557
Completed Steps:   908000 || Avg Steps:   11 || Avg Rew: 45.174
Completed Steps:   909000 || Avg Steps:   10 || Avg Rew: 43.673
Completed Steps:   910000 || Avg Steps:   12 || Avg Rew: 44.262
Completed Steps:   911000 || Avg Steps:   13 || Avg Rew: 43.859
Completed Steps:   912000 || Avg Steps:   10 || Avg Rew: 44.029
Completed Steps:   913000 || Avg Steps:   11 || Avg Rew: 44.391
Completed Steps:   914000 || Avg Steps:   13 || Avg Rew: 46.077
Completed Steps:   915000 || Avg Steps:   11 || Avg Rew: 44.215
Completed Steps:   916000 || Avg Steps:   10 || Avg Rew: 43.965
Completed Steps:   917000 || Avg Steps:   11 || Avg Rew: 45.368
Completed Steps:   918000 || Avg Steps:   10 || Avg Rew: 45.498
Completed Steps:   919000 || Avg Steps:   12 || Avg Rew: 44.380
Completed Steps:   920000 || Avg Steps:   11 || Avg Rew: 44.920
Completed Steps:   921000 || Avg Steps:   10 || Avg Rew: 44.899
Completed Steps:   922000 || Avg Steps:   11 || Avg Rew: 44.891
Completed Steps:   923000 || Avg Steps:   13 || Avg Rew: 47.615
Completed Steps:   924000 || Avg Steps:   10 || Avg Rew: 44.889
Completed Steps:   925000 || Avg Steps:   10 || Avg Rew: 44.280
Completed Steps:   926000 || Avg Steps:   11 || Avg Rew: 45.507
Completed Steps:   927000 || Avg Steps:   10 || Avg Rew: 43.673
Completed Steps:   928000 || Avg Steps:   10 || Avg Rew: 44.650
Completed Steps:   929000 || Avg Steps:    9 || Avg Rew: 43.710
Completed Steps:   930000 || Avg Steps:   10 || Avg Rew: 44.191
Completed Steps:   931000 || Avg Steps:   19 || Avg Rew: 47.433
Completed Steps:   932000 || Avg Steps:   11 || Avg Rew: 45.233
Completed Steps:   933000 || Avg Steps:   10 || Avg Rew: 44.471
Completed Steps:   934000 || Avg Steps:   10 || Avg Rew: 42.468
Completed Steps:   935000 || Avg Steps:   10 || Avg Rew: 44.588
Completed Steps:   936000 || Avg Steps:    9 || Avg Rew: 43.445
Completed Steps:   937000 || Avg Steps:   10 || Avg Rew: 44.212
Completed Steps:   938000 || Avg Steps:   10 || Avg Rew: 43.691
Completed Steps:   939000 || Avg Steps:   10 || Avg Rew: 44.595
Completed Steps:   940000 || Avg Steps:   11 || Avg Rew: 46.900
Completed Steps:   941000 || Avg Steps:   11 || Avg Rew: 46.251
Completed Steps:   942000 || Avg Steps:   10 || Avg Rew: 44.145
Completed Steps:   943000 || Avg Steps:   10 || Avg Rew: 42.733
Completed Steps:   944000 || Avg Steps:   10 || Avg Rew: 43.368
Completed Steps:   945000 || Avg Steps:   10 || Avg Rew: 42.271
Completed Steps:   946000 || Avg Steps:   10 || Avg Rew: 45.706
Completed Steps:   947000 || Avg Steps:   11 || Avg Rew: 43.674
Completed Steps:   948000 || Avg Steps:   10 || Avg Rew: 46.148
Completed Steps:   949000 || Avg Steps:   13 || Avg Rew: 48.270
Completed Steps:   950000 || Avg Steps:   11 || Avg Rew: 44.095
Completed Steps:   951000 || Avg Steps:   10 || Avg Rew: 45.671
Completed Steps:   952000 || Avg Steps:   10 || Avg Rew: 44.024
Completed Steps:   953000 || Avg Steps:   10 || Avg Rew: 43.924
Completed Steps:   954000 || Avg Steps:   10 || Avg Rew: 44.576
Completed Steps:   955000 || Avg Steps:   10 || Avg Rew: 42.791
Completed Steps:   956000 || Avg Steps:   10 || Avg Rew: 45.079
Completed Steps:   957000 || Avg Steps:   12 || Avg Rew: 45.294
Completed Steps:   958000 || Avg Steps:   10 || Avg Rew: 44.279
Completed Steps:   959000 || Avg Steps:   10 || Avg Rew: 43.911
Completed Steps:   960000 || Avg Steps:   10 || Avg Rew: 44.621
Completed Steps:   961000 || Avg Steps:   10 || Avg Rew: 45.166
Completed Steps:   962000 || Avg Steps:   11 || Avg Rew: 44.164
Completed Steps:   963000 || Avg Steps:    9 || Avg Rew: 43.212
Completed Steps:   964000 || Avg Steps:   11 || Avg Rew: 44.817
Completed Steps:   965000 || Avg Steps:   12 || Avg Rew: 46.224
Completed Steps:   966000 || Avg Steps:   10 || Avg Rew: 44.537
Completed Steps:   967000 || Avg Steps:   10 || Avg Rew: 43.872
Completed Steps:   968000 || Avg Steps:   10 || Avg Rew: 44.458
Completed Steps:   969000 || Avg Steps:   12 || Avg Rew: 46.243
Completed Steps:   970000 || Avg Steps:   11 || Avg Rew: 45.703
Completed Steps:   971000 || Avg Steps:   11 || Avg Rew: 44.283
Completed Steps:   972000 || Avg Steps:   10 || Avg Rew: 44.042
Completed Steps:   973000 || Avg Steps:   13 || Avg Rew: 46.179
Completed Steps:   974000 || Avg Steps:   11 || Avg Rew: 45.196
Completed Steps:   975000 || Avg Steps:   13 || Avg Rew: 44.858
Completed Steps:   976000 || Avg Steps:    9 || Avg Rew: 44.177
Completed Steps:   977000 || Avg Steps:   11 || Avg Rew: 44.519
Completed Steps:   978000 || Avg Steps:   10 || Avg Rew: 44.232
Completed Steps:   979000 || Avg Steps:   10 || Avg Rew: 45.209
Completed Steps:   980000 || Avg Steps:   19 || Avg Rew: 46.515
Completed Steps:   981000 || Avg Steps:   11 || Avg Rew: 45.090
Completed Steps:   982000 || Avg Steps:   13 || Avg Rew: 44.046
Completed Steps:   983000 || Avg Steps:   12 || Avg Rew: 45.292
Completed Steps:   984000 || Avg Steps:   12 || Avg Rew: 46.234
Completed Steps:   985000 || Avg Steps:   11 || Avg Rew: 44.474
Completed Steps:   986000 || Avg Steps:   11 || Avg Rew: 45.767
Completed Steps:   987000 || Avg Steps:    9 || Avg Rew: 43.524
Completed Steps:   988000 || Avg Steps:   11 || Avg Rew: 44.507
Completed Steps:   989000 || Avg Steps:   10 || Avg Rew: 44.359
Completed Steps:   990000 || Avg Steps:   10 || Avg Rew: 44.126
Completed Steps:   991000 || Avg Steps:   13 || Avg Rew: 45.283
Completed Steps:   992000 || Avg Steps:   11 || Avg Rew: 44.175
Completed Steps:   993000 || Avg Steps:   10 || Avg Rew: 43.944
Completed Steps:   994000 || Avg Steps:   11 || Avg Rew: 44.916
Completed Steps:   995000 || Avg Steps:   10 || Avg Rew: 43.873
Completed Steps:   996000 || Avg Steps:   10 || Avg Rew: 45.868
Completed Steps:   997000 || Avg Steps:   10 || Avg Rew: 44.873
Completed Steps:   998000 || Avg Steps:   10 || Avg Rew: 44.925
Completed Steps:   999000 || Avg Steps:   10 || Avg Rew: 43.589
