/lustre/fs1/home/pnwaorgu/Local_Neuro_Symbolic
	[4mGPU0	GPU1	NIC0	CPU Affinity	NUMA Affinity	GPU NUMA ID[0m
GPU0	 X 	SYS	SYS	0,2,4	0		N/A
GPU1	SYS	 X 	SYS	1,3,5	1		N/A
NIC0	SYS	SYS	 X 				

Legend:

  X    = Self
  SYS  = Connection traversing PCIe as well as the SMP interconnect between NUMA nodes (e.g., QPI/UPI)
  NODE = Connection traversing PCIe as well as the interconnect between PCIe Host Bridges within a NUMA node
  PHB  = Connection traversing PCIe as well as a PCIe Host Bridge (typically the CPU)
  PXB  = Connection traversing multiple PCIe bridges (without traversing the PCIe Host Bridge)
  PIX  = Connection traversing at most a single PCIe bridge
  NV#  = Connection traversing a bonded set of # NVLinks

NIC Legend:

  NIC0: mlx5_0




============================================
Discrete Steps until Terminal State: 150
Continuous Steps until Terminal State: 150
Dungeon Quest LTLF: F(sword) & (!sword U key)
============================================


/lustre/fs1/home/pnwaorgu/Local_Neuro_Symbolic
cuda detected

