entered training run...


============================================
Discrete Steps until Terminal State: 1000
Continuous Steps until Terminal State: 1000
3.7.2 | packaged by conda-forge | (default, Mar 20 2019, 01:46:52) 
[GCC 7.3.0]
/lustre/fs1/home/amckinney/Local_Neuro_Symbolic
Bounding Persist: <class 'bool'>, True
Bounding Distance: <class 'int'>, 3
Terminal Reward: <class 'int'>, 10
Sequence Level: <class 'int'>, 1
Dungeon Quest LTLF: F(sword) & (!sword U key)
============================================


imported all dependencies, checking for cuda

==============
Cuda detected!
==============

Done with DFA conversion
[<discrete.lib.automaton.mine_aps.MineInventoryAP object at 0x145c03a6fba8>, <discrete.lib.automaton.mine_aps.MineInventoryAP object at 0x145c03a6fbe0>]


============================================
Training Teacher / Independent DDPG Agent
Max Training Steps: 1000000
LTLF: F(sword) & (!sword U key)
============================================


Starting training at: 2024-08-20 16:47:03
Env Config: EnvConfig(env_name='MineWorldEnv-v1', kwargs={'config': <discrete.lib.env.mineworldenv.MineWorldConfig object at 0x145c03a6fb38>}, wrapper_cls=<class 'discrete.lib.env.rew_every_step.RewEveryStep'>, wrapper_kwargs={'rew_per_step': -0.1})

Env Name: MineWorldEnv-v1
Observation Space: Box(16,)
Automaton Num States: 4
Action Space: Box(1,)
Agent Name: TD3 Agent
NOT Loading from checkpoint
Actor Learning Rate: 0.0003
Critic Learning Rate: 0.0003
Completed Steps:     1000 || Avg Steps:  912 || Avg Rew: -169.810
Completed Steps:     2000 || Avg Steps:  956 || Avg Rew: -177.015
Completed Steps:     3000 || Avg Steps:  970 || Avg Rew: -183.202
Completed Steps:     4000 || Avg Steps:  978 || Avg Rew: -186.637
Completed Steps:     5000 || Avg Steps:  982 || Avg Rew: -188.805
Completed Steps:     6000 || Avg Steps:  985 || Avg Rew: -190.084
Completed Steps:     7000 || Avg Steps:  987 || Avg Rew: -191.138
Completed Steps:     8000 || Avg Steps:  977 || Avg Rew: -189.027
Completed Steps:     9000 || Avg Steps:  980 || Avg Rew: -189.759
Completed Steps:    10000 || Avg Steps:  981 || Avg Rew: -190.059
Completed Steps:    11000 || Avg Steps:  981 || Avg Rew: -190.518
Completed Steps:    12000 || Avg Steps:  981 || Avg Rew: -191.525
Completed Steps:    13000 || Avg Steps:  981 || Avg Rew: -191.706
Completed Steps:    14000 || Avg Steps:  981 || Avg Rew: -191.589
Completed Steps:    15000 || Avg Steps:  981 || Avg Rew: -191.292
Completed Steps:    16000 || Avg Steps:  973 || Avg Rew: -188.980
Completed Steps:    17000 || Avg Steps:  982 || Avg Rew: -191.039
Completed Steps:    18000 || Avg Steps:  982 || Avg Rew: -191.156
Completed Steps:    19000 || Avg Steps:  982 || Avg Rew: -191.153
Completed Steps:    20000 || Avg Steps:  992 || Avg Rew: -193.576
Completed Steps:    21000 || Avg Steps:  992 || Avg Rew: -193.822
Completed Steps:    22000 || Avg Steps:  992 || Avg Rew: -193.803
Completed Steps:    23000 || Avg Steps:  992 || Avg Rew: -193.270
Completed Steps:    24000 || Avg Steps:  992 || Avg Rew: -193.060
Completed Steps:    25000 || Avg Steps:  992 || Avg Rew: -193.195
Completed Steps:    26000 || Avg Steps: 1000 || Avg Rew: -195.461
Completed Steps:    27000 || Avg Steps: 1000 || Avg Rew: -195.184
Completed Steps:    28000 || Avg Steps: 1000 || Avg Rew: -194.979
Completed Steps:    29000 || Avg Steps: 1000 || Avg Rew: -194.911
Completed Steps:    30000 || Avg Steps: 1000 || Avg Rew: -195.069
Completed Steps:    31000 || Avg Steps: 1000 || Avg Rew: -194.198
Completed Steps:    32000 || Avg Steps: 1000 || Avg Rew: -194.396
Completed Steps:    33000 || Avg Steps: 1000 || Avg Rew: -194.866
Completed Steps:    34000 || Avg Steps: 1000 || Avg Rew: -195.044
Completed Steps:    35000 || Avg Steps: 1000 || Avg Rew: -195.152
Completed Steps:    36000 || Avg Steps: 1000 || Avg Rew: -195.337
Completed Steps:    37000 || Avg Steps: 1000 || Avg Rew: -195.698
Completed Steps:    38000 || Avg Steps: 1000 || Avg Rew: -195.744
Completed Steps:    39000 || Avg Steps:  980 || Avg Rew: -189.771
Completed Steps:    40000 || Avg Steps:  970 || Avg Rew: -186.676
Completed Steps:    41000 || Avg Steps:  943 || Avg Rew: -178.146
Completed Steps:    42000 || Avg Steps:  857 || Avg Rew: -132.932
Completed Steps:    43000 || Avg Steps:  778 || Avg Rew: -103.367
Completed Steps:    44000 || Avg Steps:  647 || Avg Rew: -49.882
Completed Steps:    45000 || Avg Steps:  563 || Avg Rew: -14.022
Completed Steps:    46000 || Avg Steps:  441 || Avg Rew: 21.865
Completed Steps:    47000 || Avg Steps:  401 || Avg Rew: 23.181
Completed Steps:    48000 || Avg Steps:  386 || Avg Rew: 21.991
Completed Steps:    49000 || Avg Steps:  295 || Avg Rew: 34.074
Completed Steps:    50000 || Avg Steps:  252 || Avg Rew: 35.868
Completed Steps:    51000 || Avg Steps:  229 || Avg Rew: 48.502
Completed Steps:    52000 || Avg Steps:  147 || Avg Rew: 52.991
Completed Steps:    53000 || Avg Steps:  110 || Avg Rew: 48.108
Completed Steps:    54000 || Avg Steps:   65 || Avg Rew: 52.908
Completed Steps:    55000 || Avg Steps:   49 || Avg Rew: 49.707
Completed Steps:    56000 || Avg Steps:   27 || Avg Rew: 47.557
Completed Steps:    57000 || Avg Steps:   37 || Avg Rew: 47.007
Completed Steps:    58000 || Avg Steps:   22 || Avg Rew: 46.812
Completed Steps:    59000 || Avg Steps:   17 || Avg Rew: 43.952
Completed Steps:    60000 || Avg Steps:   41 || Avg Rew: 48.544
Completed Steps:    61000 || Avg Steps:   25 || Avg Rew: 45.525
Completed Steps:    62000 || Avg Steps:   23 || Avg Rew: 44.695
Completed Steps:    63000 || Avg Steps:   28 || Avg Rew: 45.793
Completed Steps:    64000 || Avg Steps:   13 || Avg Rew: 43.242
Completed Steps:    65000 || Avg Steps:   19 || Avg Rew: 45.788
Completed Steps:    66000 || Avg Steps:   16 || Avg Rew: 45.529
Completed Steps:    67000 || Avg Steps:   12 || Avg Rew: 42.453
Completed Steps:    68000 || Avg Steps:   18 || Avg Rew: 43.938
Completed Steps:    69000 || Avg Steps:   18 || Avg Rew: 43.607
Completed Steps:    70000 || Avg Steps:   11 || Avg Rew: 41.548
Completed Steps:    71000 || Avg Steps:   14 || Avg Rew: 43.627
Completed Steps:    72000 || Avg Steps:   16 || Avg Rew: 44.509
Completed Steps:    73000 || Avg Steps:   14 || Avg Rew: 43.743
Completed Steps:    74000 || Avg Steps:   20 || Avg Rew: 43.829
Completed Steps:    75000 || Avg Steps:   13 || Avg Rew: 41.610
Completed Steps:    76000 || Avg Steps:   10 || Avg Rew: 41.979
Completed Steps:    77000 || Avg Steps:   13 || Avg Rew: 44.077
Completed Steps:    78000 || Avg Steps:   12 || Avg Rew: 44.120
Completed Steps:    79000 || Avg Steps:   10 || Avg Rew: 41.975
Completed Steps:    80000 || Avg Steps:   20 || Avg Rew: 45.559
Completed Steps:    81000 || Avg Steps:   13 || Avg Rew: 43.027
Completed Steps:    82000 || Avg Steps:   13 || Avg Rew: 44.174
Completed Steps:    83000 || Avg Steps:   12 || Avg Rew: 40.903
Completed Steps:    84000 || Avg Steps:   13 || Avg Rew: 41.422
Completed Steps:    85000 || Avg Steps:   12 || Avg Rew: 42.789
Completed Steps:    86000 || Avg Steps:   11 || Avg Rew: 44.462
Completed Steps:    87000 || Avg Steps:   12 || Avg Rew: 43.405
Completed Steps:    88000 || Avg Steps:   10 || Avg Rew: 40.114
Completed Steps:    89000 || Avg Steps:   15 || Avg Rew: 43.353
Completed Steps:    90000 || Avg Steps:   10 || Avg Rew: 41.745
Completed Steps:    91000 || Avg Steps:   11 || Avg Rew: 42.245
Completed Steps:    92000 || Avg Steps:   11 || Avg Rew: 41.758
Completed Steps:    93000 || Avg Steps:   10 || Avg Rew: 41.532
Completed Steps:    94000 || Avg Steps:   10 || Avg Rew: 41.127
Completed Steps:    95000 || Avg Steps:   15 || Avg Rew: 44.238
Completed Steps:    96000 || Avg Steps:   11 || Avg Rew: 42.780
Completed Steps:    97000 || Avg Steps:   12 || Avg Rew: 45.481
Completed Steps:    98000 || Avg Steps:   13 || Avg Rew: 41.913
Completed Steps:    99000 || Avg Steps:   13 || Avg Rew: 45.123
Completed Steps:   100000 || Avg Steps:   12 || Avg Rew: 43.370
Completed Steps:   101000 || Avg Steps:   10 || Avg Rew: 42.626
Completed Steps:   102000 || Avg Steps:   13 || Avg Rew: 43.177
Completed Steps:   103000 || Avg Steps:   10 || Avg Rew: 41.795
Completed Steps:   104000 || Avg Steps:   10 || Avg Rew: 41.791
Completed Steps:   105000 || Avg Steps:   11 || Avg Rew: 43.224
Completed Steps:   106000 || Avg Steps:   10 || Avg Rew: 43.786
Completed Steps:   107000 || Avg Steps:   13 || Avg Rew: 43.011
Completed Steps:   108000 || Avg Steps:   11 || Avg Rew: 42.276
Completed Steps:   109000 || Avg Steps:   12 || Avg Rew: 43.760
Completed Steps:   110000 || Avg Steps:   13 || Avg Rew: 42.658
Completed Steps:   111000 || Avg Steps:   12 || Avg Rew: 41.643
Completed Steps:   112000 || Avg Steps:   14 || Avg Rew: 43.510
Completed Steps:   113000 || Avg Steps:   10 || Avg Rew: 42.613
Completed Steps:   114000 || Avg Steps:   11 || Avg Rew: 43.016
Completed Steps:   115000 || Avg Steps:    9 || Avg Rew: 41.860
Completed Steps:   116000 || Avg Steps:    9 || Avg Rew: 41.902
Completed Steps:   117000 || Avg Steps:   12 || Avg Rew: 43.136
Completed Steps:   118000 || Avg Steps:   11 || Avg Rew: 43.514
Completed Steps:   119000 || Avg Steps:   12 || Avg Rew: 42.718
Completed Steps:   120000 || Avg Steps:   11 || Avg Rew: 43.827
Completed Steps:   121000 || Avg Steps:   10 || Avg Rew: 41.467
Completed Steps:   122000 || Avg Steps:   12 || Avg Rew: 44.199
Completed Steps:   123000 || Avg Steps:   10 || Avg Rew: 42.236
Completed Steps:   124000 || Avg Steps:   11 || Avg Rew: 43.000
Completed Steps:   125000 || Avg Steps:   12 || Avg Rew: 44.051
Completed Steps:   126000 || Avg Steps:   11 || Avg Rew: 43.453
Completed Steps:   127000 || Avg Steps:   11 || Avg Rew: 42.809
Completed Steps:   128000 || Avg Steps:   10 || Avg Rew: 42.968
Completed Steps:   129000 || Avg Steps:   11 || Avg Rew: 42.167
Completed Steps:   130000 || Avg Steps:   10 || Avg Rew: 42.529
Completed Steps:   131000 || Avg Steps:    9 || Avg Rew: 43.309
Completed Steps:   132000 || Avg Steps:   10 || Avg Rew: 42.901
Completed Steps:   133000 || Avg Steps:   10 || Avg Rew: 42.812
Completed Steps:   134000 || Avg Steps:   13 || Avg Rew: 42.591
Completed Steps:   135000 || Avg Steps:   12 || Avg Rew: 42.762
Completed Steps:   136000 || Avg Steps:   10 || Avg Rew: 41.770
Completed Steps:   137000 || Avg Steps:   12 || Avg Rew: 42.644
Completed Steps:   138000 || Avg Steps:   10 || Avg Rew: 41.079
Completed Steps:   139000 || Avg Steps:    9 || Avg Rew: 40.713
Completed Steps:   140000 || Avg Steps:   12 || Avg Rew: 44.119
Completed Steps:   141000 || Avg Steps:   16 || Avg Rew: 43.156
Completed Steps:   142000 || Avg Steps:   11 || Avg Rew: 40.229
Completed Steps:   143000 || Avg Steps:   13 || Avg Rew: 42.583
Completed Steps:   144000 || Avg Steps:   13 || Avg Rew: 42.509
Completed Steps:   145000 || Avg Steps:   10 || Avg Rew: 42.218
Completed Steps:   146000 || Avg Steps:   10 || Avg Rew: 40.634
Completed Steps:   147000 || Avg Steps:    9 || Avg Rew: 40.096
Completed Steps:   148000 || Avg Steps:   10 || Avg Rew: 41.869
Completed Steps:   149000 || Avg Steps:   14 || Avg Rew: 45.027
Completed Steps:   150000 || Avg Steps:   11 || Avg Rew: 43.891
Completed Steps:   151000 || Avg Steps:   11 || Avg Rew: 41.116
Completed Steps:   152000 || Avg Steps:   12 || Avg Rew: 42.709
Completed Steps:   153000 || Avg Steps:   10 || Avg Rew: 42.889
Completed Steps:   154000 || Avg Steps:   12 || Avg Rew: 44.653
Completed Steps:   155000 || Avg Steps:   13 || Avg Rew: 43.006
Completed Steps:   156000 || Avg Steps:   13 || Avg Rew: 43.131
Completed Steps:   157000 || Avg Steps:   10 || Avg Rew: 41.419
Completed Steps:   158000 || Avg Steps:   12 || Avg Rew: 42.546
Completed Steps:   159000 || Avg Steps:   12 || Avg Rew: 43.674
Completed Steps:   160000 || Avg Steps:   11 || Avg Rew: 43.157
Completed Steps:   161000 || Avg Steps:   10 || Avg Rew: 40.610
Completed Steps:   162000 || Avg Steps:   12 || Avg Rew: 43.864
Completed Steps:   163000 || Avg Steps:   11 || Avg Rew: 42.428
Completed Steps:   164000 || Avg Steps:   13 || Avg Rew: 43.161
Completed Steps:   165000 || Avg Steps:   13 || Avg Rew: 41.856
Completed Steps:   166000 || Avg Steps:   10 || Avg Rew: 40.745
Completed Steps:   167000 || Avg Steps:   10 || Avg Rew: 40.840
Completed Steps:   168000 || Avg Steps:   13 || Avg Rew: 43.766
Completed Steps:   169000 || Avg Steps:   10 || Avg Rew: 41.663
Completed Steps:   170000 || Avg Steps:   12 || Avg Rew: 42.929
Completed Steps:   171000 || Avg Steps:   11 || Avg Rew: 42.904
Completed Steps:   172000 || Avg Steps:   13 || Avg Rew: 43.697
Completed Steps:   173000 || Avg Steps:   11 || Avg Rew: 42.859
Completed Steps:   174000 || Avg Steps:   11 || Avg Rew: 42.483
Completed Steps:   175000 || Avg Steps:   11 || Avg Rew: 43.363
Completed Steps:   176000 || Avg Steps:   11 || Avg Rew: 42.356
Completed Steps:   177000 || Avg Steps:   13 || Avg Rew: 42.078
Completed Steps:   178000 || Avg Steps:   11 || Avg Rew: 42.211
Completed Steps:   179000 || Avg Steps:   14 || Avg Rew: 43.462
Completed Steps:   180000 || Avg Steps:   14 || Avg Rew: 43.728
Completed Steps:   181000 || Avg Steps:   11 || Avg Rew: 42.124
Completed Steps:   182000 || Avg Steps:   11 || Avg Rew: 42.816
Completed Steps:   183000 || Avg Steps:   10 || Avg Rew: 42.457
Completed Steps:   184000 || Avg Steps:   12 || Avg Rew: 41.411
Completed Steps:   185000 || Avg Steps:   11 || Avg Rew: 41.415
Completed Steps:   186000 || Avg Steps:   10 || Avg Rew: 42.004
Completed Steps:   187000 || Avg Steps:   12 || Avg Rew: 42.648
Completed Steps:   188000 || Avg Steps:   10 || Avg Rew: 39.889
Completed Steps:   189000 || Avg Steps:   11 || Avg Rew: 41.966
Completed Steps:   190000 || Avg Steps:   12 || Avg Rew: 42.165
Completed Steps:   191000 || Avg Steps:   11 || Avg Rew: 42.830
Completed Steps:   192000 || Avg Steps:   12 || Avg Rew: 42.407
Completed Steps:   193000 || Avg Steps:   12 || Avg Rew: 41.533
Completed Steps:   194000 || Avg Steps:   14 || Avg Rew: 43.675
Completed Steps:   195000 || Avg Steps:   14 || Avg Rew: 43.314
Completed Steps:   196000 || Avg Steps:   12 || Avg Rew: 43.389
Completed Steps:   197000 || Avg Steps:   12 || Avg Rew: 43.671
Completed Steps:   198000 || Avg Steps:   13 || Avg Rew: 42.884
Completed Steps:   199000 || Avg Steps:   14 || Avg Rew: 42.290
Completed Steps:   200000 || Avg Steps:   12 || Avg Rew: 41.373
Completed Steps:   201000 || Avg Steps:   12 || Avg Rew: 41.106
Completed Steps:   202000 || Avg Steps:   10 || Avg Rew: 42.391
Completed Steps:   203000 || Avg Steps:   11 || Avg Rew: 42.999
Completed Steps:   204000 || Avg Steps:   13 || Avg Rew: 43.430
Completed Steps:   205000 || Avg Steps:   16 || Avg Rew: 44.577
Completed Steps:   206000 || Avg Steps:   11 || Avg Rew: 43.881
Completed Steps:   207000 || Avg Steps:   11 || Avg Rew: 41.151
Completed Steps:   208000 || Avg Steps:   13 || Avg Rew: 43.783
Completed Steps:   209000 || Avg Steps:   14 || Avg Rew: 42.423
Completed Steps:   210000 || Avg Steps:   11 || Avg Rew: 41.434
Completed Steps:   211000 || Avg Steps:   10 || Avg Rew: 43.296
Completed Steps:   212000 || Avg Steps:   11 || Avg Rew: 41.592
Completed Steps:   213000 || Avg Steps:   10 || Avg Rew: 41.795
Completed Steps:   214000 || Avg Steps:   11 || Avg Rew: 43.019
Completed Steps:   215000 || Avg Steps:   10 || Avg Rew: 40.895
Completed Steps:   216000 || Avg Steps:   11 || Avg Rew: 42.646
Completed Steps:   217000 || Avg Steps:   10 || Avg Rew: 41.702
Completed Steps:   218000 || Avg Steps:   17 || Avg Rew: 45.100
Completed Steps:   219000 || Avg Steps:   12 || Avg Rew: 42.550
Completed Steps:   220000 || Avg Steps:   10 || Avg Rew: 42.952
Completed Steps:   221000 || Avg Steps:   12 || Avg Rew: 43.553
Completed Steps:   222000 || Avg Steps:   12 || Avg Rew: 41.309
Completed Steps:   223000 || Avg Steps:   10 || Avg Rew: 41.641
Completed Steps:   224000 || Avg Steps:   11 || Avg Rew: 43.353
Completed Steps:   225000 || Avg Steps:   12 || Avg Rew: 42.685
Completed Steps:   226000 || Avg Steps:   12 || Avg Rew: 42.605
Completed Steps:   227000 || Avg Steps:   10 || Avg Rew: 42.529
Completed Steps:   228000 || Avg Steps:   10 || Avg Rew: 41.786
Completed Steps:   229000 || Avg Steps:   10 || Avg Rew: 39.927
Completed Steps:   230000 || Avg Steps:   12 || Avg Rew: 42.499
Completed Steps:   231000 || Avg Steps:   10 || Avg Rew: 40.542
Completed Steps:   232000 || Avg Steps:   12 || Avg Rew: 42.893
Completed Steps:   233000 || Avg Steps:   11 || Avg Rew: 42.024
Completed Steps:   234000 || Avg Steps:   12 || Avg Rew: 41.157
Completed Steps:   235000 || Avg Steps:   11 || Avg Rew: 42.875
Completed Steps:   236000 || Avg Steps:   11 || Avg Rew: 44.308
Completed Steps:   237000 || Avg Steps:   12 || Avg Rew: 43.338
Completed Steps:   238000 || Avg Steps:    8 || Avg Rew: 39.138
Completed Steps:   239000 || Avg Steps:   11 || Avg Rew: 41.837
Completed Steps:   240000 || Avg Steps:   12 || Avg Rew: 42.667
Completed Steps:   241000 || Avg Steps:   12 || Avg Rew: 42.281
Completed Steps:   242000 || Avg Steps:   10 || Avg Rew: 40.729
Completed Steps:   243000 || Avg Steps:   11 || Avg Rew: 42.721
Completed Steps:   244000 || Avg Steps:   13 || Avg Rew: 42.233
Completed Steps:   245000 || Avg Steps:   12 || Avg Rew: 43.631
Completed Steps:   246000 || Avg Steps:   15 || Avg Rew: 45.725
Completed Steps:   247000 || Avg Steps:   10 || Avg Rew: 42.873
Completed Steps:   248000 || Avg Steps:   10 || Avg Rew: 41.329
Completed Steps:   249000 || Avg Steps:    9 || Avg Rew: 40.762
Completed Steps:   250000 || Avg Steps:   10 || Avg Rew: 41.003
Completed Steps:   251000 || Avg Steps:   10 || Avg Rew: 41.718
Completed Steps:   252000 || Avg Steps:    9 || Avg Rew: 40.306
Completed Steps:   253000 || Avg Steps:   10 || Avg Rew: 43.056
Completed Steps:   254000 || Avg Steps:   10 || Avg Rew: 42.302
Completed Steps:   255000 || Avg Steps:   11 || Avg Rew: 44.390
Completed Steps:   256000 || Avg Steps:   11 || Avg Rew: 42.583
Completed Steps:   257000 || Avg Steps:   11 || Avg Rew: 42.283
Completed Steps:   258000 || Avg Steps:   10 || Avg Rew: 41.005
Completed Steps:   259000 || Avg Steps:   10 || Avg Rew: 41.698
Completed Steps:   260000 || Avg Steps:   10 || Avg Rew: 42.581
Completed Steps:   261000 || Avg Steps:   12 || Avg Rew: 42.944
Completed Steps:   262000 || Avg Steps:   10 || Avg Rew: 42.984
Completed Steps:   263000 || Avg Steps:   10 || Avg Rew: 41.087
Completed Steps:   264000 || Avg Steps:   13 || Avg Rew: 43.582
Completed Steps:   265000 || Avg Steps:   10 || Avg Rew: 41.530
Completed Steps:   266000 || Avg Steps:   11 || Avg Rew: 43.293
Completed Steps:   267000 || Avg Steps:   11 || Avg Rew: 41.472
Completed Steps:   268000 || Avg Steps:   10 || Avg Rew: 42.375
Completed Steps:   269000 || Avg Steps:   11 || Avg Rew: 44.213
Completed Steps:   270000 || Avg Steps:   10 || Avg Rew: 42.379
Completed Steps:   271000 || Avg Steps:   13 || Avg Rew: 43.983
Completed Steps:   272000 || Avg Steps:   11 || Avg Rew: 42.652
Completed Steps:   273000 || Avg Steps:   12 || Avg Rew: 41.650
Completed Steps:   274000 || Avg Steps:   12 || Avg Rew: 42.788
Completed Steps:   275000 || Avg Steps:   12 || Avg Rew: 42.961
Completed Steps:   276000 || Avg Steps:   14 || Avg Rew: 43.181
Completed Steps:   277000 || Avg Steps:   12 || Avg Rew: 40.535
Completed Steps:   278000 || Avg Steps:   14 || Avg Rew: 44.185
Completed Steps:   279000 || Avg Steps:   13 || Avg Rew: 43.029
Completed Steps:   280000 || Avg Steps:   11 || Avg Rew: 41.912
Completed Steps:   281000 || Avg Steps:   10 || Avg Rew: 41.242
Completed Steps:   282000 || Avg Steps:   14 || Avg Rew: 41.502
Completed Steps:   283000 || Avg Steps:   12 || Avg Rew: 43.572
Completed Steps:   284000 || Avg Steps:   12 || Avg Rew: 43.568
Completed Steps:   285000 || Avg Steps:   11 || Avg Rew: 41.796
Completed Steps:   286000 || Avg Steps:   11 || Avg Rew: 42.467
Completed Steps:   287000 || Avg Steps:   11 || Avg Rew: 42.535
Completed Steps:   288000 || Avg Steps:   11 || Avg Rew: 42.396
Completed Steps:   289000 || Avg Steps:   10 || Avg Rew: 41.741
Completed Steps:   290000 || Avg Steps:   13 || Avg Rew: 42.763
Completed Steps:   291000 || Avg Steps:   13 || Avg Rew: 46.145
Completed Steps:   292000 || Avg Steps:   12 || Avg Rew: 42.663
Completed Steps:   293000 || Avg Steps:   11 || Avg Rew: 41.533
Completed Steps:   294000 || Avg Steps:    9 || Avg Rew: 42.781
Completed Steps:   295000 || Avg Steps:   12 || Avg Rew: 44.451
Completed Steps:   296000 || Avg Steps:   14 || Avg Rew: 43.623
Completed Steps:   297000 || Avg Steps:   11 || Avg Rew: 43.081
Completed Steps:   298000 || Avg Steps:   12 || Avg Rew: 42.969
Completed Steps:   299000 || Avg Steps:   14 || Avg Rew: 44.289
Completed Steps:   300000 || Avg Steps:   10 || Avg Rew: 42.497
Completed Steps:   301000 || Avg Steps:   11 || Avg Rew: 43.286
Completed Steps:   302000 || Avg Steps:   12 || Avg Rew: 43.595
Completed Steps:   303000 || Avg Steps:   10 || Avg Rew: 40.566
Completed Steps:   304000 || Avg Steps:   11 || Avg Rew: 43.435
Completed Steps:   305000 || Avg Steps:   10 || Avg Rew: 41.451
Completed Steps:   306000 || Avg Steps:   11 || Avg Rew: 42.144
Completed Steps:   307000 || Avg Steps:   10 || Avg Rew: 42.890
Completed Steps:   308000 || Avg Steps:   12 || Avg Rew: 43.494
Completed Steps:   309000 || Avg Steps:   10 || Avg Rew: 40.557
Completed Steps:   310000 || Avg Steps:   10 || Avg Rew: 42.522
Completed Steps:   311000 || Avg Steps:   11 || Avg Rew: 43.118
Completed Steps:   312000 || Avg Steps:   11 || Avg Rew: 42.544
Completed Steps:   313000 || Avg Steps:   11 || Avg Rew: 41.805
Completed Steps:   314000 || Avg Steps:   14 || Avg Rew: 43.062
Completed Steps:   315000 || Avg Steps:    9 || Avg Rew: 41.285
Completed Steps:   316000 || Avg Steps:   10 || Avg Rew: 41.186
Completed Steps:   317000 || Avg Steps:   11 || Avg Rew: 41.299
Completed Steps:   318000 || Avg Steps:   10 || Avg Rew: 41.966
Completed Steps:   319000 || Avg Steps:   12 || Avg Rew: 44.439
Completed Steps:   320000 || Avg Steps:   10 || Avg Rew: 42.367
Completed Steps:   321000 || Avg Steps:   10 || Avg Rew: 42.845
Completed Steps:   322000 || Avg Steps:   14 || Avg Rew: 44.311
Completed Steps:   323000 || Avg Steps:   11 || Avg Rew: 41.797
Completed Steps:   324000 || Avg Steps:   11 || Avg Rew: 40.996
Completed Steps:   325000 || Avg Steps:   11 || Avg Rew: 44.069
Completed Steps:   326000 || Avg Steps:   12 || Avg Rew: 42.384
Completed Steps:   327000 || Avg Steps:   11 || Avg Rew: 43.402
Completed Steps:   328000 || Avg Steps:   12 || Avg Rew: 43.372
Completed Steps:   329000 || Avg Steps:   11 || Avg Rew: 42.700
Completed Steps:   330000 || Avg Steps:   13 || Avg Rew: 45.061
Completed Steps:   331000 || Avg Steps:   14 || Avg Rew: 42.797
Completed Steps:   332000 || Avg Steps:   10 || Avg Rew: 41.398
Completed Steps:   333000 || Avg Steps:   11 || Avg Rew: 45.722
Completed Steps:   334000 || Avg Steps:   12 || Avg Rew: 43.410
Completed Steps:   335000 || Avg Steps:   12 || Avg Rew: 44.459
Completed Steps:   336000 || Avg Steps:   12 || Avg Rew: 42.643
Completed Steps:   337000 || Avg Steps:   12 || Avg Rew: 42.017
Completed Steps:   338000 || Avg Steps:   10 || Avg Rew: 43.553
Completed Steps:   339000 || Avg Steps:   10 || Avg Rew: 42.466
Completed Steps:   340000 || Avg Steps:   11 || Avg Rew: 42.522
Completed Steps:   341000 || Avg Steps:   12 || Avg Rew: 42.105
Completed Steps:   342000 || Avg Steps:   12 || Avg Rew: 43.144
Completed Steps:   343000 || Avg Steps:   11 || Avg Rew: 42.434
Completed Steps:   344000 || Avg Steps:   12 || Avg Rew: 44.082
Completed Steps:   345000 || Avg Steps:   12 || Avg Rew: 42.355
Completed Steps:   346000 || Avg Steps:   12 || Avg Rew: 41.991
Completed Steps:   347000 || Avg Steps:   11 || Avg Rew: 41.984
Completed Steps:   348000 || Avg Steps:   12 || Avg Rew: 43.013
Completed Steps:   349000 || Avg Steps:   11 || Avg Rew: 42.825
Completed Steps:   350000 || Avg Steps:   12 || Avg Rew: 42.196
Completed Steps:   351000 || Avg Steps:   10 || Avg Rew: 40.904
Completed Steps:   352000 || Avg Steps:   11 || Avg Rew: 41.897
Completed Steps:   353000 || Avg Steps:   11 || Avg Rew: 41.006
Completed Steps:   354000 || Avg Steps:   12 || Avg Rew: 44.163
Completed Steps:   355000 || Avg Steps:   10 || Avg Rew: 42.180
Completed Steps:   356000 || Avg Steps:   11 || Avg Rew: 42.078
Completed Steps:   357000 || Avg Steps:   12 || Avg Rew: 45.453
Completed Steps:   358000 || Avg Steps:   12 || Avg Rew: 43.701
Completed Steps:   359000 || Avg Steps:   11 || Avg Rew: 43.610
Completed Steps:   360000 || Avg Steps:   12 || Avg Rew: 42.503
Completed Steps:   361000 || Avg Steps:   12 || Avg Rew: 43.651
Completed Steps:   362000 || Avg Steps:   13 || Avg Rew: 43.454
Completed Steps:   363000 || Avg Steps:   11 || Avg Rew: 42.686
Completed Steps:   364000 || Avg Steps:   11 || Avg Rew: 43.012
Completed Steps:   365000 || Avg Steps:   13 || Avg Rew: 43.031
Completed Steps:   366000 || Avg Steps:   13 || Avg Rew: 43.283
Completed Steps:   367000 || Avg Steps:   11 || Avg Rew: 42.115
Completed Steps:   368000 || Avg Steps:   12 || Avg Rew: 43.332
Completed Steps:   369000 || Avg Steps:   12 || Avg Rew: 43.678
Completed Steps:   370000 || Avg Steps:   13 || Avg Rew: 42.279
Completed Steps:   371000 || Avg Steps:   14 || Avg Rew: 44.250
Completed Steps:   372000 || Avg Steps:   15 || Avg Rew: 42.953
Completed Steps:   373000 || Avg Steps:   12 || Avg Rew: 43.504
Completed Steps:   374000 || Avg Steps:   12 || Avg Rew: 42.816
Completed Steps:   375000 || Avg Steps:   12 || Avg Rew: 42.759
Completed Steps:   376000 || Avg Steps:   10 || Avg Rew: 42.549
Completed Steps:   377000 || Avg Steps:   11 || Avg Rew: 42.056
Completed Steps:   378000 || Avg Steps:   13 || Avg Rew: 43.257
Completed Steps:   379000 || Avg Steps:   13 || Avg Rew: 43.766
Completed Steps:   380000 || Avg Steps:   10 || Avg Rew: 43.597
Completed Steps:   381000 || Avg Steps:   12 || Avg Rew: 44.564
Completed Steps:   382000 || Avg Steps:   13 || Avg Rew: 44.524
Completed Steps:   383000 || Avg Steps:   11 || Avg Rew: 41.680
Completed Steps:   384000 || Avg Steps:   11 || Avg Rew: 45.149
Completed Steps:   385000 || Avg Steps:   10 || Avg Rew: 43.322
Completed Steps:   386000 || Avg Steps:   12 || Avg Rew: 43.235
Completed Steps:   387000 || Avg Steps:   10 || Avg Rew: 40.956
Completed Steps:   388000 || Avg Steps:   12 || Avg Rew: 42.610
Completed Steps:   389000 || Avg Steps:   12 || Avg Rew: 43.596
Completed Steps:   390000 || Avg Steps:   12 || Avg Rew: 43.066
Completed Steps:   391000 || Avg Steps:   12 || Avg Rew: 43.834
Completed Steps:   392000 || Avg Steps:   11 || Avg Rew: 42.377
Completed Steps:   393000 || Avg Steps:   13 || Avg Rew: 44.022
Completed Steps:   394000 || Avg Steps:   12 || Avg Rew: 42.659
Completed Steps:   395000 || Avg Steps:   10 || Avg Rew: 43.424
Completed Steps:   396000 || Avg Steps:   10 || Avg Rew: 40.651
Completed Steps:   397000 || Avg Steps:   10 || Avg Rew: 42.965
Completed Steps:   398000 || Avg Steps:   12 || Avg Rew: 44.309
Completed Steps:   399000 || Avg Steps:   13 || Avg Rew: 42.689
Completed Steps:   400000 || Avg Steps:   12 || Avg Rew: 43.117
Completed Steps:   401000 || Avg Steps:   11 || Avg Rew: 43.406
Completed Steps:   402000 || Avg Steps:   10 || Avg Rew: 41.181
Completed Steps:   403000 || Avg Steps:   12 || Avg Rew: 43.375
Completed Steps:   404000 || Avg Steps:   11 || Avg Rew: 41.477
Completed Steps:   405000 || Avg Steps:   10 || Avg Rew: 42.708
Completed Steps:   406000 || Avg Steps:   12 || Avg Rew: 42.502
Completed Steps:   407000 || Avg Steps:   14 || Avg Rew: 41.669
Completed Steps:   408000 || Avg Steps:   12 || Avg Rew: 41.650
Completed Steps:   409000 || Avg Steps:   10 || Avg Rew: 41.625
Completed Steps:   410000 || Avg Steps:   12 || Avg Rew: 41.737
Completed Steps:   411000 || Avg Steps:   11 || Avg Rew: 42.129
Completed Steps:   412000 || Avg Steps:   11 || Avg Rew: 43.440
Completed Steps:   413000 || Avg Steps:   12 || Avg Rew: 42.396
Completed Steps:   414000 || Avg Steps:   13 || Avg Rew: 42.201
Completed Steps:   415000 || Avg Steps:   11 || Avg Rew: 41.759
Completed Steps:   416000 || Avg Steps:   11 || Avg Rew: 41.596
Completed Steps:   417000 || Avg Steps:   11 || Avg Rew: 41.753
Completed Steps:   418000 || Avg Steps:   13 || Avg Rew: 41.650
Completed Steps:   419000 || Avg Steps:    9 || Avg Rew: 40.158
Completed Steps:   420000 || Avg Steps:   11 || Avg Rew: 42.821
Completed Steps:   421000 || Avg Steps:   12 || Avg Rew: 41.879
Completed Steps:   422000 || Avg Steps:   10 || Avg Rew: 41.586
Completed Steps:   423000 || Avg Steps:   13 || Avg Rew: 45.256
Completed Steps:   424000 || Avg Steps:   13 || Avg Rew: 44.448
Completed Steps:   425000 || Avg Steps:   11 || Avg Rew: 41.605
Completed Steps:   426000 || Avg Steps:   12 || Avg Rew: 43.618
Completed Steps:   427000 || Avg Steps:   10 || Avg Rew: 42.699
Completed Steps:   428000 || Avg Steps:   11 || Avg Rew: 41.454
Completed Steps:   429000 || Avg Steps:   10 || Avg Rew: 41.471
Completed Steps:   430000 || Avg Steps:   10 || Avg Rew: 41.576
Completed Steps:   431000 || Avg Steps:   11 || Avg Rew: 43.649
Completed Steps:   432000 || Avg Steps:   10 || Avg Rew: 41.200
Completed Steps:   433000 || Avg Steps:   11 || Avg Rew: 42.598
Completed Steps:   434000 || Avg Steps:   10 || Avg Rew: 42.415
Completed Steps:   435000 || Avg Steps:   11 || Avg Rew: 40.495
Completed Steps:   436000 || Avg Steps:   10 || Avg Rew: 41.577
Completed Steps:   437000 || Avg Steps:   13 || Avg Rew: 45.032
Completed Steps:   438000 || Avg Steps:   11 || Avg Rew: 42.306
Completed Steps:   439000 || Avg Steps:   11 || Avg Rew: 42.771
Completed Steps:   440000 || Avg Steps:   11 || Avg Rew: 42.340
Completed Steps:   441000 || Avg Steps:   12 || Avg Rew: 41.763
Completed Steps:   442000 || Avg Steps:   10 || Avg Rew: 42.379
Completed Steps:   443000 || Avg Steps:   13 || Avg Rew: 42.626
Completed Steps:   444000 || Avg Steps:   17 || Avg Rew: 43.187
Completed Steps:   445000 || Avg Steps:   11 || Avg Rew: 41.516
Completed Steps:   446000 || Avg Steps:   12 || Avg Rew: 43.318
Completed Steps:   447000 || Avg Steps:   14 || Avg Rew: 43.324
Completed Steps:   448000 || Avg Steps:   11 || Avg Rew: 42.082
Completed Steps:   449000 || Avg Steps:   11 || Avg Rew: 43.326
Completed Steps:   450000 || Avg Steps:   10 || Avg Rew: 42.426
Completed Steps:   451000 || Avg Steps:   10 || Avg Rew: 41.571
Completed Steps:   452000 || Avg Steps:   10 || Avg Rew: 41.127
Completed Steps:   453000 || Avg Steps:   13 || Avg Rew: 43.688
Completed Steps:   454000 || Avg Steps:   11 || Avg Rew: 44.336
Completed Steps:   455000 || Avg Steps:   14 || Avg Rew: 42.699
Completed Steps:   456000 || Avg Steps:   12 || Avg Rew: 43.941
Completed Steps:   457000 || Avg Steps:   11 || Avg Rew: 41.508
Completed Steps:   458000 || Avg Steps:   10 || Avg Rew: 42.808
Completed Steps:   459000 || Avg Steps:   11 || Avg Rew: 42.955
Completed Steps:   460000 || Avg Steps:   11 || Avg Rew: 41.909
Completed Steps:   461000 || Avg Steps:   12 || Avg Rew: 42.295
Completed Steps:   462000 || Avg Steps:   11 || Avg Rew: 43.566
Completed Steps:   463000 || Avg Steps:   11 || Avg Rew: 42.504
Completed Steps:   464000 || Avg Steps:   12 || Avg Rew: 43.271
Completed Steps:   465000 || Avg Steps:   12 || Avg Rew: 43.399
Completed Steps:   466000 || Avg Steps:   11 || Avg Rew: 43.963
Completed Steps:   467000 || Avg Steps:   12 || Avg Rew: 41.805
Completed Steps:   468000 || Avg Steps:   11 || Avg Rew: 43.429
Completed Steps:   469000 || Avg Steps:   11 || Avg Rew: 41.302
Completed Steps:   470000 || Avg Steps:   11 || Avg Rew: 41.766
Completed Steps:   471000 || Avg Steps:   10 || Avg Rew: 39.672
Completed Steps:   472000 || Avg Steps:   12 || Avg Rew: 43.999
Completed Steps:   473000 || Avg Steps:   11 || Avg Rew: 43.465
Completed Steps:   474000 || Avg Steps:   10 || Avg Rew: 43.154
Completed Steps:   475000 || Avg Steps:   12 || Avg Rew: 43.648
Completed Steps:   476000 || Avg Steps:   12 || Avg Rew: 42.036
Completed Steps:   477000 || Avg Steps:   11 || Avg Rew: 43.204
Completed Steps:   478000 || Avg Steps:   11 || Avg Rew: 43.469
Completed Steps:   479000 || Avg Steps:   11 || Avg Rew: 42.338
Completed Steps:   480000 || Avg Steps:   12 || Avg Rew: 43.097
Completed Steps:   481000 || Avg Steps:    9 || Avg Rew: 40.619
Completed Steps:   482000 || Avg Steps:    9 || Avg Rew: 40.703
Completed Steps:   483000 || Avg Steps:   13 || Avg Rew: 42.193
Completed Steps:   484000 || Avg Steps:   11 || Avg Rew: 42.118
Completed Steps:   485000 || Avg Steps:   12 || Avg Rew: 43.465
Completed Steps:   486000 || Avg Steps:   11 || Avg Rew: 42.908
Completed Steps:   487000 || Avg Steps:   10 || Avg Rew: 41.349
Completed Steps:   488000 || Avg Steps:   11 || Avg Rew: 42.957
Completed Steps:   489000 || Avg Steps:   11 || Avg Rew: 43.073
Completed Steps:   490000 || Avg Steps:   10 || Avg Rew: 41.566
Completed Steps:   491000 || Avg Steps:   13 || Avg Rew: 43.821
Completed Steps:   492000 || Avg Steps:   10 || Avg Rew: 42.755
Completed Steps:   493000 || Avg Steps:   12 || Avg Rew: 42.643
Completed Steps:   494000 || Avg Steps:   13 || Avg Rew: 44.142
Completed Steps:   495000 || Avg Steps:   11 || Avg Rew: 42.587
Completed Steps:   496000 || Avg Steps:   13 || Avg Rew: 42.045
Completed Steps:   497000 || Avg Steps:   12 || Avg Rew: 43.583
Completed Steps:   498000 || Avg Steps:   12 || Avg Rew: 43.317
Completed Steps:   499000 || Avg Steps:   11 || Avg Rew: 41.378
Completed Steps:   500000 || Avg Steps:   13 || Avg Rew: 42.936
Completed Steps:   501000 || Avg Steps:   11 || Avg Rew: 43.018
Completed Steps:   502000 || Avg Steps:   11 || Avg Rew: 42.049
Completed Steps:   503000 || Avg Steps:   11 || Avg Rew: 42.369
Completed Steps:   504000 || Avg Steps:   11 || Avg Rew: 41.929
Completed Steps:   505000 || Avg Steps:   11 || Avg Rew: 41.970
Completed Steps:   506000 || Avg Steps:   10 || Avg Rew: 40.245
Completed Steps:   507000 || Avg Steps:   13 || Avg Rew: 43.078
Completed Steps:   508000 || Avg Steps:   11 || Avg Rew: 41.555
Completed Steps:   509000 || Avg Steps:   11 || Avg Rew: 41.829
Completed Steps:   510000 || Avg Steps:   12 || Avg Rew: 42.787
Completed Steps:   511000 || Avg Steps:   12 || Avg Rew: 43.053
Completed Steps:   512000 || Avg Steps:   11 || Avg Rew: 43.380
Completed Steps:   513000 || Avg Steps:   11 || Avg Rew: 42.406
Completed Steps:   514000 || Avg Steps:   12 || Avg Rew: 42.753
Completed Steps:   515000 || Avg Steps:   11 || Avg Rew: 42.329
Completed Steps:   516000 || Avg Steps:   13 || Avg Rew: 43.823
Completed Steps:   517000 || Avg Steps:   11 || Avg Rew: 41.933
Completed Steps:   518000 || Avg Steps:   11 || Avg Rew: 41.625
Completed Steps:   519000 || Avg Steps:   12 || Avg Rew: 43.611
Completed Steps:   520000 || Avg Steps:   11 || Avg Rew: 41.927
Completed Steps:   521000 || Avg Steps:   11 || Avg Rew: 41.564
Completed Steps:   522000 || Avg Steps:   12 || Avg Rew: 43.619
Completed Steps:   523000 || Avg Steps:   12 || Avg Rew: 41.829
Completed Steps:   524000 || Avg Steps:   11 || Avg Rew: 41.450
Completed Steps:   525000 || Avg Steps:   12 || Avg Rew: 43.730
Completed Steps:   526000 || Avg Steps:   12 || Avg Rew: 42.953
Completed Steps:   527000 || Avg Steps:   11 || Avg Rew: 43.979
Completed Steps:   528000 || Avg Steps:   15 || Avg Rew: 45.062
Completed Steps:   529000 || Avg Steps:   11 || Avg Rew: 42.691
Completed Steps:   530000 || Avg Steps:   13 || Avg Rew: 43.274
Completed Steps:   531000 || Avg Steps:   10 || Avg Rew: 42.722
Completed Steps:   532000 || Avg Steps:   11 || Avg Rew: 43.797
Completed Steps:   533000 || Avg Steps:   13 || Avg Rew: 42.597
Completed Steps:   534000 || Avg Steps:   14 || Avg Rew: 44.192
Completed Steps:   535000 || Avg Steps:   10 || Avg Rew: 41.484
Completed Steps:   536000 || Avg Steps:   11 || Avg Rew: 43.169
Completed Steps:   537000 || Avg Steps:   10 || Avg Rew: 40.169
Completed Steps:   538000 || Avg Steps:   12 || Avg Rew: 42.750
Completed Steps:   539000 || Avg Steps:   15 || Avg Rew: 44.226
Completed Steps:   540000 || Avg Steps:   10 || Avg Rew: 42.761
Completed Steps:   541000 || Avg Steps:   13 || Avg Rew: 43.531
Completed Steps:   542000 || Avg Steps:   11 || Avg Rew: 41.539
Completed Steps:   543000 || Avg Steps:   13 || Avg Rew: 43.227
Completed Steps:   544000 || Avg Steps:   12 || Avg Rew: 45.104
Completed Steps:   545000 || Avg Steps:   11 || Avg Rew: 41.739
Completed Steps:   546000 || Avg Steps:   12 || Avg Rew: 43.410
Completed Steps:   547000 || Avg Steps:   11 || Avg Rew: 41.499
Completed Steps:   548000 || Avg Steps:   12 || Avg Rew: 44.536
Completed Steps:   549000 || Avg Steps:   13 || Avg Rew: 42.882
Completed Steps:   550000 || Avg Steps:   12 || Avg Rew: 43.512
Completed Steps:   551000 || Avg Steps:   11 || Avg Rew: 43.303
Completed Steps:   552000 || Avg Steps:   14 || Avg Rew: 43.832
Completed Steps:   553000 || Avg Steps:   11 || Avg Rew: 43.767
Completed Steps:   554000 || Avg Steps:   11 || Avg Rew: 41.973
Completed Steps:   555000 || Avg Steps:   11 || Avg Rew: 42.324
Completed Steps:   556000 || Avg Steps:   13 || Avg Rew: 43.684
Completed Steps:   557000 || Avg Steps:   11 || Avg Rew: 41.582
Completed Steps:   558000 || Avg Steps:   11 || Avg Rew: 41.589
Completed Steps:   559000 || Avg Steps:   11 || Avg Rew: 42.773
Completed Steps:   560000 || Avg Steps:   11 || Avg Rew: 42.853
Completed Steps:   561000 || Avg Steps:   15 || Avg Rew: 43.806
Completed Steps:   562000 || Avg Steps:   11 || Avg Rew: 42.962
Completed Steps:   563000 || Avg Steps:   11 || Avg Rew: 44.616
Completed Steps:   564000 || Avg Steps:   11 || Avg Rew: 42.824
Completed Steps:   565000 || Avg Steps:   12 || Avg Rew: 43.600
Completed Steps:   566000 || Avg Steps:   13 || Avg Rew: 42.097
Completed Steps:   567000 || Avg Steps:   11 || Avg Rew: 43.734
Completed Steps:   568000 || Avg Steps:   12 || Avg Rew: 43.441
Completed Steps:   569000 || Avg Steps:   11 || Avg Rew: 42.302
Completed Steps:   570000 || Avg Steps:   10 || Avg Rew: 42.947
Completed Steps:   571000 || Avg Steps:   12 || Avg Rew: 40.766
Completed Steps:   572000 || Avg Steps:   10 || Avg Rew: 41.111
Completed Steps:   573000 || Avg Steps:   11 || Avg Rew: 43.000
Completed Steps:   574000 || Avg Steps:   11 || Avg Rew: 42.533
Completed Steps:   575000 || Avg Steps:   13 || Avg Rew: 42.701
Completed Steps:   576000 || Avg Steps:   11 || Avg Rew: 43.037
Completed Steps:   577000 || Avg Steps:   14 || Avg Rew: 42.924
Completed Steps:   578000 || Avg Steps:   10 || Avg Rew: 43.122
Completed Steps:   579000 || Avg Steps:   11 || Avg Rew: 43.853
Completed Steps:   580000 || Avg Steps:   11 || Avg Rew: 43.773
Completed Steps:   581000 || Avg Steps:   11 || Avg Rew: 42.022
Completed Steps:   582000 || Avg Steps:   11 || Avg Rew: 43.026
Completed Steps:   583000 || Avg Steps:   12 || Avg Rew: 42.708
Completed Steps:   584000 || Avg Steps:   11 || Avg Rew: 44.205
Completed Steps:   585000 || Avg Steps:   12 || Avg Rew: 41.679
Completed Steps:   586000 || Avg Steps:   11 || Avg Rew: 41.389
Completed Steps:   587000 || Avg Steps:   10 || Avg Rew: 41.665
Completed Steps:   588000 || Avg Steps:   12 || Avg Rew: 42.905
Completed Steps:   589000 || Avg Steps:   12 || Avg Rew: 42.786
Completed Steps:   590000 || Avg Steps:   12 || Avg Rew: 43.651
Completed Steps:   591000 || Avg Steps:   13 || Avg Rew: 45.649
Completed Steps:   592000 || Avg Steps:   13 || Avg Rew: 43.917
Completed Steps:   593000 || Avg Steps:   11 || Avg Rew: 41.286
Completed Steps:   594000 || Avg Steps:   12 || Avg Rew: 43.395
Completed Steps:   595000 || Avg Steps:   16 || Avg Rew: 45.170
Completed Steps:   596000 || Avg Steps:   12 || Avg Rew: 42.994
Completed Steps:   597000 || Avg Steps:   12 || Avg Rew: 42.622
Completed Steps:   598000 || Avg Steps:   12 || Avg Rew: 42.562
Completed Steps:   599000 || Avg Steps:   13 || Avg Rew: 43.091
Completed Steps:   600000 || Avg Steps:   11 || Avg Rew: 42.073
Completed Steps:   601000 || Avg Steps:   13 || Avg Rew: 42.207
Completed Steps:   602000 || Avg Steps:   13 || Avg Rew: 43.926
Completed Steps:   603000 || Avg Steps:   11 || Avg Rew: 44.286
Completed Steps:   604000 || Avg Steps:   13 || Avg Rew: 44.532
Completed Steps:   605000 || Avg Steps:   13 || Avg Rew: 44.637
Completed Steps:   606000 || Avg Steps:   13 || Avg Rew: 42.970
Completed Steps:   607000 || Avg Steps:   12 || Avg Rew: 43.788
Completed Steps:   608000 || Avg Steps:   11 || Avg Rew: 40.690
Completed Steps:   609000 || Avg Steps:   14 || Avg Rew: 43.508
Completed Steps:   610000 || Avg Steps:   11 || Avg Rew: 41.712
Completed Steps:   611000 || Avg Steps:   13 || Avg Rew: 42.889
Completed Steps:   612000 || Avg Steps:   13 || Avg Rew: 41.830
Completed Steps:   613000 || Avg Steps:   12 || Avg Rew: 43.235
Completed Steps:   614000 || Avg Steps:   12 || Avg Rew: 43.433
Completed Steps:   615000 || Avg Steps:   12 || Avg Rew: 42.659
Completed Steps:   616000 || Avg Steps:   11 || Avg Rew: 43.275
Completed Steps:   617000 || Avg Steps:   13 || Avg Rew: 43.183
Completed Steps:   618000 || Avg Steps:   13 || Avg Rew: 44.096
Completed Steps:   619000 || Avg Steps:   12 || Avg Rew: 42.860
Completed Steps:   620000 || Avg Steps:   11 || Avg Rew: 42.022
Completed Steps:   621000 || Avg Steps:   13 || Avg Rew: 40.597
Completed Steps:   622000 || Avg Steps:   13 || Avg Rew: 43.474
Completed Steps:   623000 || Avg Steps:   12 || Avg Rew: 40.287
Completed Steps:   624000 || Avg Steps:   11 || Avg Rew: 42.479
Completed Steps:   625000 || Avg Steps:   12 || Avg Rew: 44.150
Completed Steps:   626000 || Avg Steps:   13 || Avg Rew: 43.355
Completed Steps:   627000 || Avg Steps:   12 || Avg Rew: 42.990
Completed Steps:   628000 || Avg Steps:   13 || Avg Rew: 42.753
Completed Steps:   629000 || Avg Steps:   11 || Avg Rew: 41.488
Completed Steps:   630000 || Avg Steps:   14 || Avg Rew: 42.663
Completed Steps:   631000 || Avg Steps:   12 || Avg Rew: 41.988
Completed Steps:   632000 || Avg Steps:   12 || Avg Rew: 42.935
Completed Steps:   633000 || Avg Steps:   12 || Avg Rew: 43.206
Completed Steps:   634000 || Avg Steps:   12 || Avg Rew: 43.656
Completed Steps:   635000 || Avg Steps:   13 || Avg Rew: 43.290
Completed Steps:   636000 || Avg Steps:   11 || Avg Rew: 41.914
Completed Steps:   637000 || Avg Steps:   13 || Avg Rew: 42.025
Completed Steps:   638000 || Avg Steps:   12 || Avg Rew: 42.711
Completed Steps:   639000 || Avg Steps:   13 || Avg Rew: 44.670
Completed Steps:   640000 || Avg Steps:   11 || Avg Rew: 42.290
Completed Steps:   641000 || Avg Steps:   12 || Avg Rew: 43.040
Completed Steps:   642000 || Avg Steps:   14 || Avg Rew: 43.762
Completed Steps:   643000 || Avg Steps:   17 || Avg Rew: 44.596
Completed Steps:   644000 || Avg Steps:   14 || Avg Rew: 43.464
Completed Steps:   645000 || Avg Steps:   14 || Avg Rew: 42.657
Completed Steps:   646000 || Avg Steps:   13 || Avg Rew: 43.674
Completed Steps:   647000 || Avg Steps:   11 || Avg Rew: 42.801
Completed Steps:   648000 || Avg Steps:   12 || Avg Rew: 42.871
Completed Steps:   649000 || Avg Steps:   12 || Avg Rew: 43.679
Completed Steps:   650000 || Avg Steps:   12 || Avg Rew: 43.577
Completed Steps:   651000 || Avg Steps:   11 || Avg Rew: 42.108
Completed Steps:   652000 || Avg Steps:   13 || Avg Rew: 42.753
Completed Steps:   653000 || Avg Steps:   11 || Avg Rew: 43.008
Completed Steps:   654000 || Avg Steps:   12 || Avg Rew: 42.949
Completed Steps:   655000 || Avg Steps:   13 || Avg Rew: 44.214
Completed Steps:   656000 || Avg Steps:   13 || Avg Rew: 44.028
Completed Steps:   657000 || Avg Steps:   14 || Avg Rew: 43.185
Completed Steps:   658000 || Avg Steps:   12 || Avg Rew: 43.219
Completed Steps:   659000 || Avg Steps:   13 || Avg Rew: 44.361
Completed Steps:   660000 || Avg Steps:   15 || Avg Rew: 45.225
Completed Steps:   661000 || Avg Steps:   12 || Avg Rew: 43.150
Completed Steps:   662000 || Avg Steps:   11 || Avg Rew: 41.420
Completed Steps:   663000 || Avg Steps:   12 || Avg Rew: 42.272
Completed Steps:   664000 || Avg Steps:   15 || Avg Rew: 44.438
Completed Steps:   665000 || Avg Steps:   13 || Avg Rew: 44.208
Completed Steps:   666000 || Avg Steps:   12 || Avg Rew: 42.501
Completed Steps:   667000 || Avg Steps:   12 || Avg Rew: 42.942
Completed Steps:   668000 || Avg Steps:   13 || Avg Rew: 44.495
Completed Steps:   669000 || Avg Steps:   10 || Avg Rew: 42.024
Completed Steps:   670000 || Avg Steps:   15 || Avg Rew: 44.222
Completed Steps:   671000 || Avg Steps:   13 || Avg Rew: 42.542
Completed Steps:   672000 || Avg Steps:   11 || Avg Rew: 42.155
Completed Steps:   673000 || Avg Steps:   11 || Avg Rew: 42.576
Completed Steps:   674000 || Avg Steps:   13 || Avg Rew: 43.620
Completed Steps:   675000 || Avg Steps:   12 || Avg Rew: 43.398
Completed Steps:   676000 || Avg Steps:   12 || Avg Rew: 43.008
Completed Steps:   677000 || Avg Steps:   12 || Avg Rew: 42.035
Completed Steps:   678000 || Avg Steps:   12 || Avg Rew: 43.555
Completed Steps:   679000 || Avg Steps:   11 || Avg Rew: 42.013
Completed Steps:   680000 || Avg Steps:   11 || Avg Rew: 43.980
Completed Steps:   681000 || Avg Steps:   10 || Avg Rew: 42.235
Completed Steps:   682000 || Avg Steps:   15 || Avg Rew: 43.567
Completed Steps:   683000 || Avg Steps:   10 || Avg Rew: 40.765
Completed Steps:   684000 || Avg Steps:   11 || Avg Rew: 41.608
Completed Steps:   685000 || Avg Steps:   12 || Avg Rew: 42.208
Completed Steps:   686000 || Avg Steps:   11 || Avg Rew: 42.074
Completed Steps:   687000 || Avg Steps:   12 || Avg Rew: 42.935
Completed Steps:   688000 || Avg Steps:   11 || Avg Rew: 44.036
Completed Steps:   689000 || Avg Steps:   11 || Avg Rew: 42.590
Completed Steps:   690000 || Avg Steps:   11 || Avg Rew: 41.124
Completed Steps:   691000 || Avg Steps:   11 || Avg Rew: 41.518
Completed Steps:   692000 || Avg Steps:   10 || Avg Rew: 41.931
Completed Steps:   693000 || Avg Steps:   10 || Avg Rew: 41.823
Completed Steps:   694000 || Avg Steps:   11 || Avg Rew: 42.545
Completed Steps:   695000 || Avg Steps:   13 || Avg Rew: 43.572
Completed Steps:   696000 || Avg Steps:   10 || Avg Rew: 41.203
Completed Steps:   697000 || Avg Steps:   12 || Avg Rew: 43.146
Completed Steps:   698000 || Avg Steps:   12 || Avg Rew: 41.582
Completed Steps:   699000 || Avg Steps:   12 || Avg Rew: 42.705
Completed Steps:   700000 || Avg Steps:   12 || Avg Rew: 42.915
Completed Steps:   701000 || Avg Steps:   12 || Avg Rew: 42.574
Completed Steps:   702000 || Avg Steps:   11 || Avg Rew: 41.678
Completed Steps:   703000 || Avg Steps:   12 || Avg Rew: 43.704
Completed Steps:   704000 || Avg Steps:   13 || Avg Rew: 43.140
Completed Steps:   705000 || Avg Steps:   14 || Avg Rew: 43.148
Completed Steps:   706000 || Avg Steps:   12 || Avg Rew: 42.599
Completed Steps:   707000 || Avg Steps:   11 || Avg Rew: 43.239
Completed Steps:   708000 || Avg Steps:   13 || Avg Rew: 44.631
Completed Steps:   709000 || Avg Steps:   14 || Avg Rew: 45.276
Completed Steps:   710000 || Avg Steps:   11 || Avg Rew: 42.190
Completed Steps:   711000 || Avg Steps:   12 || Avg Rew: 44.698
Completed Steps:   712000 || Avg Steps:   13 || Avg Rew: 43.399
Completed Steps:   713000 || Avg Steps:   11 || Avg Rew: 41.122
Completed Steps:   714000 || Avg Steps:   13 || Avg Rew: 42.775
Completed Steps:   715000 || Avg Steps:   12 || Avg Rew: 42.715
Completed Steps:   716000 || Avg Steps:   12 || Avg Rew: 41.171
Completed Steps:   717000 || Avg Steps:   13 || Avg Rew: 44.500
Completed Steps:   718000 || Avg Steps:   13 || Avg Rew: 43.647
Completed Steps:   719000 || Avg Steps:   11 || Avg Rew: 41.832
Completed Steps:   720000 || Avg Steps:   10 || Avg Rew: 41.401
Completed Steps:   721000 || Avg Steps:   13 || Avg Rew: 42.943
Completed Steps:   722000 || Avg Steps:   12 || Avg Rew: 42.727
Completed Steps:   723000 || Avg Steps:   11 || Avg Rew: 41.385
Completed Steps:   724000 || Avg Steps:   11 || Avg Rew: 42.639
Completed Steps:   725000 || Avg Steps:   12 || Avg Rew: 43.056
Completed Steps:   726000 || Avg Steps:   12 || Avg Rew: 43.659
Completed Steps:   727000 || Avg Steps:   12 || Avg Rew: 41.968
Completed Steps:   728000 || Avg Steps:   12 || Avg Rew: 42.222
Completed Steps:   729000 || Avg Steps:   13 || Avg Rew: 43.789
Completed Steps:   730000 || Avg Steps:   16 || Avg Rew: 42.760
Completed Steps:   731000 || Avg Steps:   12 || Avg Rew: 43.796
Completed Steps:   732000 || Avg Steps:   12 || Avg Rew: 43.377
Completed Steps:   733000 || Avg Steps:   12 || Avg Rew: 41.837
Completed Steps:   734000 || Avg Steps:   13 || Avg Rew: 44.278
Completed Steps:   735000 || Avg Steps:   13 || Avg Rew: 44.827
Completed Steps:   736000 || Avg Steps:   12 || Avg Rew: 43.083
Completed Steps:   737000 || Avg Steps:   11 || Avg Rew: 42.795
Completed Steps:   738000 || Avg Steps:   12 || Avg Rew: 42.390
Completed Steps:   739000 || Avg Steps:   12 || Avg Rew: 43.650
Completed Steps:   740000 || Avg Steps:   12 || Avg Rew: 45.160
Completed Steps:   741000 || Avg Steps:   12 || Avg Rew: 44.602
Completed Steps:   742000 || Avg Steps:   15 || Avg Rew: 44.287
Completed Steps:   743000 || Avg Steps:   12 || Avg Rew: 43.442
Completed Steps:   744000 || Avg Steps:   11 || Avg Rew: 42.138
Completed Steps:   745000 || Avg Steps:   11 || Avg Rew: 41.708
Completed Steps:   746000 || Avg Steps:   11 || Avg Rew: 42.537
Completed Steps:   747000 || Avg Steps:   11 || Avg Rew: 42.381
Completed Steps:   748000 || Avg Steps:   11 || Avg Rew: 41.828
Completed Steps:   749000 || Avg Steps:   12 || Avg Rew: 43.848
Completed Steps:   750000 || Avg Steps:   11 || Avg Rew: 43.525
Completed Steps:   751000 || Avg Steps:   12 || Avg Rew: 44.324
Completed Steps:   752000 || Avg Steps:   12 || Avg Rew: 42.132
Completed Steps:   753000 || Avg Steps:   14 || Avg Rew: 44.368
Completed Steps:   754000 || Avg Steps:   14 || Avg Rew: 43.516
Completed Steps:   755000 || Avg Steps:   11 || Avg Rew: 43.282
Completed Steps:   756000 || Avg Steps:   11 || Avg Rew: 42.144
Completed Steps:   757000 || Avg Steps:   11 || Avg Rew: 41.401
Completed Steps:   758000 || Avg Steps:   11 || Avg Rew: 42.707
Completed Steps:   759000 || Avg Steps:   12 || Avg Rew: 43.577
Completed Steps:   760000 || Avg Steps:   12 || Avg Rew: 43.125
Completed Steps:   761000 || Avg Steps:   11 || Avg Rew: 42.045
Completed Steps:   762000 || Avg Steps:   12 || Avg Rew: 42.995
Completed Steps:   763000 || Avg Steps:   11 || Avg Rew: 42.653
Completed Steps:   764000 || Avg Steps:   11 || Avg Rew: 42.924
Completed Steps:   765000 || Avg Steps:   12 || Avg Rew: 41.907
Completed Steps:   766000 || Avg Steps:   11 || Avg Rew: 41.800
Completed Steps:   767000 || Avg Steps:   10 || Avg Rew: 41.701
Completed Steps:   768000 || Avg Steps:   12 || Avg Rew: 42.000
Completed Steps:   769000 || Avg Steps:   11 || Avg Rew: 42.856
Completed Steps:   770000 || Avg Steps:   12 || Avg Rew: 40.909
Completed Steps:   771000 || Avg Steps:   12 || Avg Rew: 42.645
Completed Steps:   772000 || Avg Steps:   11 || Avg Rew: 41.751
Completed Steps:   773000 || Avg Steps:   11 || Avg Rew: 42.269
Completed Steps:   774000 || Avg Steps:   12 || Avg Rew: 43.338
Completed Steps:   775000 || Avg Steps:   11 || Avg Rew: 41.833
Completed Steps:   776000 || Avg Steps:   11 || Avg Rew: 41.130
Completed Steps:   777000 || Avg Steps:   12 || Avg Rew: 40.165
Completed Steps:   778000 || Avg Steps:   12 || Avg Rew: 43.042
Completed Steps:   779000 || Avg Steps:   11 || Avg Rew: 42.309
Completed Steps:   780000 || Avg Steps:   12 || Avg Rew: 42.051
Completed Steps:   781000 || Avg Steps:   12 || Avg Rew: 42.219
Completed Steps:   782000 || Avg Steps:   12 || Avg Rew: 42.618
Completed Steps:   783000 || Avg Steps:   13 || Avg Rew: 42.906
Completed Steps:   784000 || Avg Steps:   12 || Avg Rew: 42.856
Completed Steps:   785000 || Avg Steps:   15 || Avg Rew: 45.416
Completed Steps:   786000 || Avg Steps:   13 || Avg Rew: 42.162
Completed Steps:   787000 || Avg Steps:   14 || Avg Rew: 45.229
Completed Steps:   788000 || Avg Steps:   12 || Avg Rew: 43.134
Completed Steps:   789000 || Avg Steps:   12 || Avg Rew: 41.808
Completed Steps:   790000 || Avg Steps:   13 || Avg Rew: 44.274
Completed Steps:   791000 || Avg Steps:   13 || Avg Rew: 43.130
Completed Steps:   792000 || Avg Steps:   12 || Avg Rew: 43.144
Completed Steps:   793000 || Avg Steps:   11 || Avg Rew: 42.323
Completed Steps:   794000 || Avg Steps:   12 || Avg Rew: 43.146
Completed Steps:   795000 || Avg Steps:   13 || Avg Rew: 43.085
Completed Steps:   796000 || Avg Steps:   12 || Avg Rew: 42.117
Completed Steps:   797000 || Avg Steps:   12 || Avg Rew: 43.667
Completed Steps:   798000 || Avg Steps:   12 || Avg Rew: 43.211
Completed Steps:   799000 || Avg Steps:   12 || Avg Rew: 41.824
Completed Steps:   800000 || Avg Steps:   12 || Avg Rew: 42.165
Completed Steps:   801000 || Avg Steps:   11 || Avg Rew: 42.959
Completed Steps:   802000 || Avg Steps:   11 || Avg Rew: 42.939
Completed Steps:   803000 || Avg Steps:   12 || Avg Rew: 43.452
Completed Steps:   804000 || Avg Steps:   12 || Avg Rew: 45.201
Completed Steps:   805000 || Avg Steps:   14 || Avg Rew: 44.389
Completed Steps:   806000 || Avg Steps:   14 || Avg Rew: 44.035
Completed Steps:   807000 || Avg Steps:   13 || Avg Rew: 42.256
Completed Steps:   808000 || Avg Steps:   13 || Avg Rew: 43.669
Completed Steps:   809000 || Avg Steps:   12 || Avg Rew: 42.646
Completed Steps:   810000 || Avg Steps:   15 || Avg Rew: 44.680
Completed Steps:   811000 || Avg Steps:   12 || Avg Rew: 42.996
Completed Steps:   812000 || Avg Steps:   14 || Avg Rew: 43.659
Completed Steps:   813000 || Avg Steps:   13 || Avg Rew: 44.590
Completed Steps:   814000 || Avg Steps:   13 || Avg Rew: 43.275
Completed Steps:   815000 || Avg Steps:   14 || Avg Rew: 44.061
Completed Steps:   816000 || Avg Steps:   12 || Avg Rew: 41.872
Completed Steps:   817000 || Avg Steps:   12 || Avg Rew: 43.551
Completed Steps:   818000 || Avg Steps:   13 || Avg Rew: 42.755
Completed Steps:   819000 || Avg Steps:   11 || Avg Rew: 41.834
Completed Steps:   820000 || Avg Steps:   13 || Avg Rew: 44.067
Completed Steps:   821000 || Avg Steps:   13 || Avg Rew: 42.703
Completed Steps:   822000 || Avg Steps:   12 || Avg Rew: 42.266
Completed Steps:   823000 || Avg Steps:   14 || Avg Rew: 42.580
Completed Steps:   824000 || Avg Steps:   12 || Avg Rew: 42.975
Completed Steps:   825000 || Avg Steps:   12 || Avg Rew: 43.107
Completed Steps:   826000 || Avg Steps:   12 || Avg Rew: 43.925
Completed Steps:   827000 || Avg Steps:   14 || Avg Rew: 44.763
Completed Steps:   828000 || Avg Steps:   12 || Avg Rew: 42.728
Completed Steps:   829000 || Avg Steps:   12 || Avg Rew: 42.581
Completed Steps:   830000 || Avg Steps:   13 || Avg Rew: 43.585
Completed Steps:   831000 || Avg Steps:   14 || Avg Rew: 44.136
Completed Steps:   832000 || Avg Steps:   13 || Avg Rew: 41.746
Completed Steps:   833000 || Avg Steps:   11 || Avg Rew: 43.183
Completed Steps:   834000 || Avg Steps:   12 || Avg Rew: 43.114
Completed Steps:   835000 || Avg Steps:   13 || Avg Rew: 45.002
Completed Steps:   836000 || Avg Steps:   12 || Avg Rew: 43.450
Completed Steps:   837000 || Avg Steps:   13 || Avg Rew: 42.520
Completed Steps:   838000 || Avg Steps:   14 || Avg Rew: 43.646
Completed Steps:   839000 || Avg Steps:   15 || Avg Rew: 46.683
Completed Steps:   840000 || Avg Steps:   14 || Avg Rew: 45.481
Completed Steps:   841000 || Avg Steps:   12 || Avg Rew: 41.709
Completed Steps:   842000 || Avg Steps:   11 || Avg Rew: 40.458
Completed Steps:   843000 || Avg Steps:   13 || Avg Rew: 43.168
Completed Steps:   844000 || Avg Steps:   12 || Avg Rew: 43.194
Completed Steps:   845000 || Avg Steps:   14 || Avg Rew: 43.629
Completed Steps:   846000 || Avg Steps:   13 || Avg Rew: 43.111
Completed Steps:   847000 || Avg Steps:   11 || Avg Rew: 41.160
Completed Steps:   848000 || Avg Steps:   12 || Avg Rew: 42.224
Completed Steps:   849000 || Avg Steps:   12 || Avg Rew: 43.345
Completed Steps:   850000 || Avg Steps:   12 || Avg Rew: 41.484
Completed Steps:   851000 || Avg Steps:   14 || Avg Rew: 45.224
Completed Steps:   852000 || Avg Steps:   11 || Avg Rew: 42.660
Completed Steps:   853000 || Avg Steps:   12 || Avg Rew: 44.066
Completed Steps:   854000 || Avg Steps:   12 || Avg Rew: 41.774
Completed Steps:   855000 || Avg Steps:   13 || Avg Rew: 42.819
Completed Steps:   856000 || Avg Steps:   13 || Avg Rew: 41.170
Completed Steps:   857000 || Avg Steps:   11 || Avg Rew: 41.646
Completed Steps:   858000 || Avg Steps:   13 || Avg Rew: 43.170
Completed Steps:   859000 || Avg Steps:   12 || Avg Rew: 41.673
Completed Steps:   860000 || Avg Steps:   12 || Avg Rew: 42.657
Completed Steps:   861000 || Avg Steps:   12 || Avg Rew: 43.162
Completed Steps:   862000 || Avg Steps:   12 || Avg Rew: 43.205
Completed Steps:   863000 || Avg Steps:   12 || Avg Rew: 44.877
Completed Steps:   864000 || Avg Steps:   12 || Avg Rew: 42.423
Completed Steps:   865000 || Avg Steps:   11 || Avg Rew: 43.477
Completed Steps:   866000 || Avg Steps:   14 || Avg Rew: 43.055
Completed Steps:   867000 || Avg Steps:   13 || Avg Rew: 43.398
Completed Steps:   868000 || Avg Steps:   12 || Avg Rew: 43.296
Completed Steps:   869000 || Avg Steps:   13 || Avg Rew: 44.508
Completed Steps:   870000 || Avg Steps:   12 || Avg Rew: 43.035
Completed Steps:   871000 || Avg Steps:   13 || Avg Rew: 43.439
Completed Steps:   872000 || Avg Steps:   13 || Avg Rew: 42.620
Completed Steps:   873000 || Avg Steps:   12 || Avg Rew: 42.743
Completed Steps:   874000 || Avg Steps:   12 || Avg Rew: 43.488
Completed Steps:   875000 || Avg Steps:   13 || Avg Rew: 43.314
Completed Steps:   876000 || Avg Steps:   14 || Avg Rew: 43.129
Completed Steps:   877000 || Avg Steps:   13 || Avg Rew: 43.635
Completed Steps:   878000 || Avg Steps:   11 || Avg Rew: 41.915
Completed Steps:   879000 || Avg Steps:   14 || Avg Rew: 43.295
Completed Steps:   880000 || Avg Steps:   13 || Avg Rew: 42.851
Completed Steps:   881000 || Avg Steps:   12 || Avg Rew: 42.507
Completed Steps:   882000 || Avg Steps:   14 || Avg Rew: 41.266
Completed Steps:   883000 || Avg Steps:   14 || Avg Rew: 45.011
Completed Steps:   884000 || Avg Steps:   12 || Avg Rew: 42.521
Completed Steps:   885000 || Avg Steps:   12 || Avg Rew: 43.591
Completed Steps:   886000 || Avg Steps:   13 || Avg Rew: 43.513
Completed Steps:   887000 || Avg Steps:   14 || Avg Rew: 45.783
Completed Steps:   888000 || Avg Steps:   16 || Avg Rew: 46.496
Completed Steps:   889000 || Avg Steps:   11 || Avg Rew: 44.512
Completed Steps:   890000 || Avg Steps:   12 || Avg Rew: 41.985
Completed Steps:   891000 || Avg Steps:   13 || Avg Rew: 43.481
Completed Steps:   892000 || Avg Steps:   13 || Avg Rew: 44.584
Completed Steps:   893000 || Avg Steps:   11 || Avg Rew: 42.762
Completed Steps:   894000 || Avg Steps:   13 || Avg Rew: 43.312
Completed Steps:   895000 || Avg Steps:   12 || Avg Rew: 43.028
Completed Steps:   896000 || Avg Steps:   12 || Avg Rew: 42.237
Completed Steps:   897000 || Avg Steps:   13 || Avg Rew: 43.319
Completed Steps:   898000 || Avg Steps:   13 || Avg Rew: 43.361
Completed Steps:   899000 || Avg Steps:   12 || Avg Rew: 43.238
Completed Steps:   900000 || Avg Steps:   11 || Avg Rew: 42.914
Completed Steps:   901000 || Avg Steps:   12 || Avg Rew: 42.911
Completed Steps:   902000 || Avg Steps:   11 || Avg Rew: 43.212
Completed Steps:   903000 || Avg Steps:   12 || Avg Rew: 44.456
Completed Steps:   904000 || Avg Steps:   13 || Avg Rew: 42.912
Completed Steps:   905000 || Avg Steps:   13 || Avg Rew: 41.796
Completed Steps:   906000 || Avg Steps:   12 || Avg Rew: 41.741
Completed Steps:   907000 || Avg Steps:   12 || Avg Rew: 42.402
Completed Steps:   908000 || Avg Steps:   14 || Avg Rew: 43.673
Completed Steps:   909000 || Avg Steps:   14 || Avg Rew: 44.899
Completed Steps:   910000 || Avg Steps:   13 || Avg Rew: 45.251
Completed Steps:   911000 || Avg Steps:   12 || Avg Rew: 41.593
Completed Steps:   912000 || Avg Steps:   13 || Avg Rew: 44.667
Completed Steps:   913000 || Avg Steps:   13 || Avg Rew: 43.103
Completed Steps:   914000 || Avg Steps:   12 || Avg Rew: 42.640
Completed Steps:   915000 || Avg Steps:   11 || Avg Rew: 43.522
Completed Steps:   916000 || Avg Steps:   13 || Avg Rew: 42.971
Completed Steps:   917000 || Avg Steps:   13 || Avg Rew: 44.824
Completed Steps:   918000 || Avg Steps:   12 || Avg Rew: 41.897
Completed Steps:   919000 || Avg Steps:   11 || Avg Rew: 43.328
Completed Steps:   920000 || Avg Steps:   13 || Avg Rew: 42.955
Completed Steps:   921000 || Avg Steps:   11 || Avg Rew: 41.238
Completed Steps:   922000 || Avg Steps:   12 || Avg Rew: 42.570
Completed Steps:   923000 || Avg Steps:   12 || Avg Rew: 42.873
Completed Steps:   924000 || Avg Steps:   11 || Avg Rew: 41.893
Completed Steps:   925000 || Avg Steps:   11 || Avg Rew: 41.728
Completed Steps:   926000 || Avg Steps:   13 || Avg Rew: 41.552
Completed Steps:   927000 || Avg Steps:   11 || Avg Rew: 42.591
Completed Steps:   928000 || Avg Steps:   11 || Avg Rew: 42.460
Completed Steps:   929000 || Avg Steps:   12 || Avg Rew: 43.243
Completed Steps:   930000 || Avg Steps:   13 || Avg Rew: 42.085
Completed Steps:   931000 || Avg Steps:   12 || Avg Rew: 41.534
Completed Steps:   932000 || Avg Steps:   12 || Avg Rew: 43.634
Completed Steps:   933000 || Avg Steps:   12 || Avg Rew: 43.956
Completed Steps:   934000 || Avg Steps:   12 || Avg Rew: 42.189
Completed Steps:   935000 || Avg Steps:   12 || Avg Rew: 42.211
Completed Steps:   936000 || Avg Steps:   12 || Avg Rew: 40.967
Completed Steps:   937000 || Avg Steps:   12 || Avg Rew: 42.439
Completed Steps:   938000 || Avg Steps:   12 || Avg Rew: 43.739
Completed Steps:   939000 || Avg Steps:   12 || Avg Rew: 44.164
Completed Steps:   940000 || Avg Steps:   13 || Avg Rew: 43.777
Completed Steps:   941000 || Avg Steps:   12 || Avg Rew: 44.177
Completed Steps:   942000 || Avg Steps:   12 || Avg Rew: 42.447
Completed Steps:   943000 || Avg Steps:   15 || Avg Rew: 44.127
Completed Steps:   944000 || Avg Steps:   21 || Avg Rew: 42.443
Completed Steps:   945000 || Avg Steps:   12 || Avg Rew: 43.105
Completed Steps:   946000 || Avg Steps:   12 || Avg Rew: 42.454
Completed Steps:   947000 || Avg Steps:   12 || Avg Rew: 42.550
Completed Steps:   948000 || Avg Steps:   11 || Avg Rew: 42.078
Completed Steps:   949000 || Avg Steps:   15 || Avg Rew: 43.871
Completed Steps:   950000 || Avg Steps:   12 || Avg Rew: 42.424
Completed Steps:   951000 || Avg Steps:   13 || Avg Rew: 43.503
Completed Steps:   952000 || Avg Steps:   12 || Avg Rew: 41.719
Completed Steps:   953000 || Avg Steps:   13 || Avg Rew: 43.705
Completed Steps:   954000 || Avg Steps:   13 || Avg Rew: 44.185
Completed Steps:   955000 || Avg Steps:   15 || Avg Rew: 44.106
Completed Steps:   956000 || Avg Steps:   16 || Avg Rew: 45.121
Completed Steps:   957000 || Avg Steps:   16 || Avg Rew: 44.870
Completed Steps:   958000 || Avg Steps:   14 || Avg Rew: 42.855
Completed Steps:   959000 || Avg Steps:   16 || Avg Rew: 45.000
Completed Steps:   960000 || Avg Steps:   14 || Avg Rew: 42.818
Completed Steps:   961000 || Avg Steps:   13 || Avg Rew: 41.989
Completed Steps:   962000 || Avg Steps:   15 || Avg Rew: 43.612
Completed Steps:   963000 || Avg Steps:   13 || Avg Rew: 43.235
Completed Steps:   964000 || Avg Steps:   13 || Avg Rew: 43.212
Completed Steps:   965000 || Avg Steps:   12 || Avg Rew: 42.129
Completed Steps:   966000 || Avg Steps:   12 || Avg Rew: 43.072
Completed Steps:   967000 || Avg Steps:   12 || Avg Rew: 42.727
Completed Steps:   968000 || Avg Steps:   12 || Avg Rew: 43.943
Completed Steps:   969000 || Avg Steps:   11 || Avg Rew: 42.268
Completed Steps:   970000 || Avg Steps:   11 || Avg Rew: 42.590
Completed Steps:   971000 || Avg Steps:   13 || Avg Rew: 43.186
Completed Steps:   972000 || Avg Steps:   13 || Avg Rew: 44.348
Completed Steps:   973000 || Avg Steps:   12 || Avg Rew: 43.082
Completed Steps:   974000 || Avg Steps:   13 || Avg Rew: 42.577
Completed Steps:   975000 || Avg Steps:   13 || Avg Rew: 44.392
Completed Steps:   976000 || Avg Steps:   12 || Avg Rew: 42.923
Completed Steps:   977000 || Avg Steps:   11 || Avg Rew: 42.372
Completed Steps:   978000 || Avg Steps:   12 || Avg Rew: 44.175
Completed Steps:   979000 || Avg Steps:   13 || Avg Rew: 42.196
Completed Steps:   980000 || Avg Steps:   13 || Avg Rew: 43.924
Completed Steps:   981000 || Avg Steps:   11 || Avg Rew: 42.157
Completed Steps:   982000 || Avg Steps:   13 || Avg Rew: 44.009
Completed Steps:   983000 || Avg Steps:   13 || Avg Rew: 44.670
Completed Steps:   984000 || Avg Steps:   13 || Avg Rew: 45.288
Completed Steps:   985000 || Avg Steps:   12 || Avg Rew: 45.608
Completed Steps:   986000 || Avg Steps:   13 || Avg Rew: 43.375
Completed Steps:   987000 || Avg Steps:   12 || Avg Rew: 42.879
Completed Steps:   988000 || Avg Steps:   13 || Avg Rew: 44.359
Completed Steps:   989000 || Avg Steps:   12 || Avg Rew: 43.360
Completed Steps:   990000 || Avg Steps:   12 || Avg Rew: 44.259
Completed Steps:   991000 || Avg Steps:   14 || Avg Rew: 43.891
Completed Steps:   992000 || Avg Steps:   12 || Avg Rew: 42.766
Completed Steps:   993000 || Avg Steps:   13 || Avg Rew: 43.421
Completed Steps:   994000 || Avg Steps:   12 || Avg Rew: 43.002
Completed Steps:   995000 || Avg Steps:   12 || Avg Rew: 43.133
Completed Steps:   996000 || Avg Steps:   12 || Avg Rew: 43.044
Completed Steps:   997000 || Avg Steps:   13 || Avg Rew: 44.522
Completed Steps:   998000 || Avg Steps:   11 || Avg Rew: 41.328
Completed Steps:   999000 || Avg Steps:   11 || Avg Rew: 43.364
Finished training at: 2024-08-20 21:26:30
Total elapsed time: 16766.489234685898
