/lustre/fs1/home/pnwaorgu/Local_Neuro_Symbolic
	[4mGPU0	GPU1	NIC0	CPU Affinity	NUMA Affinity	GPU NUMA ID[0m
GPU0	 X 	SYS	SYS	0,2,4,6,8,10	0		N/A
GPU1	SYS	 X 	SYS	1,3,5,7,9,11	1		N/A
NIC0	SYS	SYS	 X 				

Legend:

  X    = Self
  SYS  = Connection traversing PCIe as well as the SMP interconnect between NUMA nodes (e.g., QPI/UPI)
  NODE = Connection traversing PCIe as well as the interconnect between PCIe Host Bridges within a NUMA node
  PHB  = Connection traversing PCIe as well as a PCIe Host Bridge (typically the CPU)
  PXB  = Connection traversing multiple PCIe bridges (without traversing the PCIe Host Bridge)
  PIX  = Connection traversing at most a single PCIe bridge
  NV#  = Connection traversing a bonded set of # NVLinks

NIC Legend:

  NIC0: mlx5_0


entered training run...


============================================
Discrete Steps until Terminal State: 150
Continuous Steps until Terminal State: 150
3.7.2 | packaged by conda-forge | (default, Mar 20 2019, 01:46:52) 
[GCC 7.3.0]
Dungeon Quest LTLF: F(sword) & (!sword U key)
============================================


/lustre/fs1/home/pnwaorgu/Local_Neuro_Symbolic
imported all dependencies, checking for cuda

==============
Cuda detected!
==============

Done with DFA conversion
[<discrete.lib.automaton.mine_aps.MineInventoryAP object at 0x2b9032e03160>, <discrete.lib.automaton.mine_aps.MineInventoryAP object at 0x2b9032e03198>, <discrete.lib.automaton.mine_aps.MineInventoryAP object at 0x2b9032e031d0>, <discrete.lib.automaton.mine_aps.MineInfoAutAP object at 0x2b9032e03208>]
[<discrete.lib.automaton.mine_aps.MineInventoryAP object at 0x2b9032e03160>, <discrete.lib.automaton.mine_aps.MineInventoryAP object at 0x2b9032e03198>, <discrete.lib.automaton.mine_aps.MineInventoryAP object at 0x2b9032e031d0>, <discrete.lib.automaton.mine_aps.MineInfoAutAP object at 0x2b9032e03208>]


============================================
DDPG AGENT TRAINING
Steps Before Total Run Termination: 2000000
============================================


Starting training at: 2024-06-17 14:41:19
Env Config: EnvConfig(env_name='MineWorldEnv-v1', kwargs={'config': <discrete.lib.env.mineworldenv.MineWorldConfig object at 0x2b9032df8ac8>}, wrapper_cls=<class 'discrete.lib.env.rew_every_step.RewEveryStep'>, wrapper_kwargs={'rew_per_step': -0.1})

Env Name: MineWorldEnv-v1
Observation Space: Box(8, 2)
Automaton Num States: 8
Action Space: Box(1,)
input shape: (8, 2)

==============
Cuda detected!
==============

Agent Name: DDPG Agent
NOT Loading from checkpoint
input shape: (8, 2)

==============
Cuda detected!
==============

input shape: (8, 2)

==============
Cuda detected!
==============

Actor Learning Rate: 0.0001
Critic Learning Rate: 0.001
Completed Steps: 0
Completed Steps: 1000
Completed Steps: 2000
Completed Steps: 3000
Completed Steps: 4000
Completed Steps: 5000
Completed Steps: 6000
Completed Steps: 7000
Completed Steps: 8000
Completed Steps: 9000
Completed Steps: 10000
Completed Steps: 11000
Completed Steps: 12000
Completed Steps: 13000
Completed Steps: 14000
Completed Steps: 15000
Completed Steps: 16000
Completed Steps: 17000
Completed Steps: 18000
Completed Steps: 19000
Completed Steps: 20000
Completed Steps: 21000
Completed Steps: 22000
Completed Steps: 23000
Completed Steps: 24000
Completed Steps: 25000
Completed Steps: 26000
Completed Steps: 27000
Completed Steps: 28000
Completed Steps: 29000
Completed Steps: 30000
Completed Steps: 31000
Completed Steps: 32000
Completed Steps: 33000
Completed Steps: 34000
Completed Steps: 35000
Completed Steps: 36000
Completed Steps: 37000
Completed Steps: 38000
Completed Steps: 39000
Completed Steps: 40000
Completed Steps: 41000
Completed Steps: 42000
Completed Steps: 43000
Completed Steps: 44000
Completed Steps: 45000
Completed Steps: 46000
Completed Steps: 47000
Completed Steps: 48000
Completed Steps: 49000
Completed Steps: 50000
Completed Steps: 51000
Completed Steps: 52000
Completed Steps: 53000
Completed Steps: 54000
Completed Steps: 55000
Completed Steps: 56000
Completed Steps: 57000
Completed Steps: 58000
Completed Steps: 59000
Completed Steps: 60000
Completed Steps: 61000
Completed Steps: 62000
Completed Steps: 63000
Completed Steps: 64000
Completed Steps: 65000
Completed Steps: 66000
Completed Steps: 67000
Completed Steps: 68000
Completed Steps: 69000
Completed Steps: 70000
Completed Steps: 71000
Completed Steps: 72000
Completed Steps: 73000
Completed Steps: 74000
Completed Steps: 75000
Completed Steps: 76000
Completed Steps: 77000
Completed Steps: 78000
Completed Steps: 79000
Completed Steps: 80000
Completed Steps: 81000
Completed Steps: 82000
Completed Steps: 83000
Completed Steps: 84000
Completed Steps: 85000
Completed Steps: 86000
Completed Steps: 87000
Completed Steps: 88000
Completed Steps: 89000
Completed Steps: 90000
Completed Steps: 91000
Completed Steps: 92000
Completed Steps: 93000
Completed Steps: 94000
Completed Steps: 95000
Completed Steps: 96000
Completed Steps: 97000
Completed Steps: 98000
Completed Steps: 99000
Completed Steps: 100000
Completed Steps: 101000
Completed Steps: 102000
Completed Steps: 103000
Completed Steps: 104000
Completed Steps: 105000
Completed Steps: 106000
Completed Steps: 107000
Completed Steps: 108000
Completed Steps: 109000
Completed Steps: 110000
Completed Steps: 111000
Completed Steps: 112000
Completed Steps: 113000
Completed Steps: 114000
Completed Steps: 115000
Completed Steps: 116000
Completed Steps: 117000
Completed Steps: 118000
Completed Steps: 119000
Completed Steps: 120000
Completed Steps: 121000
Completed Steps: 122000
Completed Steps: 123000
Completed Steps: 124000
Completed Steps: 125000
Completed Steps: 126000
Completed Steps: 127000
Completed Steps: 128000
Completed Steps: 129000
Completed Steps: 130000
Completed Steps: 131000
Completed Steps: 132000
Completed Steps: 133000
Completed Steps: 134000
Completed Steps: 135000
Completed Steps: 136000
Completed Steps: 137000
Completed Steps: 138000
Completed Steps: 139000
Completed Steps: 140000
Completed Steps: 141000
Completed Steps: 142000
Completed Steps: 143000
Completed Steps: 144000
Completed Steps: 145000
Completed Steps: 146000
Completed Steps: 147000
Completed Steps: 148000
Completed Steps: 149000
Completed Steps: 150000
Completed Steps: 151000
Completed Steps: 152000
Completed Steps: 153000
Completed Steps: 154000
Completed Steps: 155000
Completed Steps: 156000
Completed Steps: 157000
Completed Steps: 158000
Completed Steps: 159000
Completed Steps: 160000
Completed Steps: 161000
Completed Steps: 162000
Completed Steps: 163000
Completed Steps: 164000
Completed Steps: 165000
Completed Steps: 166000
Completed Steps: 167000
Completed Steps: 168000
Completed Steps: 169000
Completed Steps: 170000
Completed Steps: 171000
Completed Steps: 172000
Completed Steps: 173000
Completed Steps: 174000
Completed Steps: 175000
Completed Steps: 176000
Completed Steps: 177000
Completed Steps: 178000
Completed Steps: 179000
Completed Steps: 180000
Completed Steps: 181000
Completed Steps: 182000
Completed Steps: 183000
Completed Steps: 184000
Completed Steps: 185000
Completed Steps: 186000
Completed Steps: 187000
Completed Steps: 188000
Completed Steps: 189000
Completed Steps: 190000
Completed Steps: 191000
Completed Steps: 192000
Completed Steps: 193000
Completed Steps: 194000
Completed Steps: 195000
Completed Steps: 196000
Completed Steps: 197000
Completed Steps: 198000
Completed Steps: 199000
Completed Steps: 200000
Completed Steps: 201000
Completed Steps: 202000
Completed Steps: 203000
Completed Steps: 204000
Completed Steps: 205000
Completed Steps: 206000
Completed Steps: 207000
Completed Steps: 208000
Completed Steps: 209000
Completed Steps: 210000
Completed Steps: 211000
Completed Steps: 212000
Completed Steps: 213000
Completed Steps: 214000
Completed Steps: 215000
Completed Steps: 216000
Completed Steps: 217000
Completed Steps: 218000
Completed Steps: 219000
Completed Steps: 220000
Completed Steps: 221000
Completed Steps: 222000
Completed Steps: 223000
Completed Steps: 224000
Completed Steps: 225000
Completed Steps: 226000
Completed Steps: 227000
Completed Steps: 228000
Completed Steps: 229000
Completed Steps: 230000
Completed Steps: 231000
Completed Steps: 232000
Completed Steps: 233000
Completed Steps: 234000
Completed Steps: 235000
Completed Steps: 236000
Completed Steps: 237000
Completed Steps: 238000
Completed Steps: 239000
Completed Steps: 240000
Completed Steps: 241000
Completed Steps: 242000
Completed Steps: 243000
Completed Steps: 244000
Completed Steps: 245000
Completed Steps: 246000
Completed Steps: 247000
Completed Steps: 248000
Completed Steps: 249000
Completed Steps: 250000
Completed Steps: 251000
Completed Steps: 252000
Completed Steps: 253000
Completed Steps: 254000
Completed Steps: 255000
Completed Steps: 256000
Completed Steps: 257000
Completed Steps: 258000
Completed Steps: 259000
Completed Steps: 260000
Completed Steps: 261000
Completed Steps: 262000
Completed Steps: 263000
Completed Steps: 264000
Completed Steps: 265000
Completed Steps: 266000
Completed Steps: 267000
Completed Steps: 268000
Completed Steps: 269000
Completed Steps: 270000
Completed Steps: 271000
Completed Steps: 272000
Completed Steps: 273000
Completed Steps: 274000
Completed Steps: 275000
Completed Steps: 276000
Completed Steps: 277000
Completed Steps: 278000
Completed Steps: 279000
Completed Steps: 280000
Completed Steps: 281000
Completed Steps: 282000
Completed Steps: 283000
Completed Steps: 284000
Completed Steps: 285000
Completed Steps: 286000
Completed Steps: 287000
Completed Steps: 288000
Completed Steps: 289000
Completed Steps: 290000
Completed Steps: 291000
Completed Steps: 292000
Completed Steps: 293000
Completed Steps: 294000
Completed Steps: 295000
Completed Steps: 296000
Completed Steps: 297000
Completed Steps: 298000
Completed Steps: 299000
Completed Steps: 300000
Completed Steps: 301000
Completed Steps: 302000
Completed Steps: 303000
Completed Steps: 304000
Completed Steps: 305000
Completed Steps: 306000
Completed Steps: 307000
Completed Steps: 308000
Completed Steps: 309000
Completed Steps: 310000
Completed Steps: 311000
Completed Steps: 312000
Completed Steps: 313000
Completed Steps: 314000
Completed Steps: 315000
Completed Steps: 316000
Completed Steps: 317000
Completed Steps: 318000
Completed Steps: 319000
Completed Steps: 320000
Completed Steps: 321000
Completed Steps: 322000
Completed Steps: 323000
Completed Steps: 324000
Completed Steps: 325000
Completed Steps: 326000
Completed Steps: 327000
Completed Steps: 328000
Completed Steps: 329000
Completed Steps: 330000
Completed Steps: 331000
Completed Steps: 332000
Completed Steps: 333000
Completed Steps: 334000
Completed Steps: 335000
Completed Steps: 336000
Completed Steps: 337000
Completed Steps: 338000
Completed Steps: 339000
Completed Steps: 340000
Completed Steps: 341000
Completed Steps: 342000
Completed Steps: 343000
Completed Steps: 344000
Completed Steps: 345000
Completed Steps: 346000
Completed Steps: 347000
Completed Steps: 348000
Completed Steps: 349000
Completed Steps: 350000
Completed Steps: 351000
Completed Steps: 352000
Completed Steps: 353000
Completed Steps: 354000
Completed Steps: 355000
Completed Steps: 356000
Completed Steps: 357000
Completed Steps: 358000
Completed Steps: 359000
Completed Steps: 360000
Completed Steps: 361000
Completed Steps: 362000
Completed Steps: 363000
Completed Steps: 364000
Completed Steps: 365000
Completed Steps: 366000
Completed Steps: 367000
Completed Steps: 368000
Completed Steps: 369000
Completed Steps: 370000
Completed Steps: 371000
Completed Steps: 372000
Completed Steps: 373000
Completed Steps: 374000
Completed Steps: 375000
Completed Steps: 376000
Completed Steps: 377000
Completed Steps: 378000
Completed Steps: 379000
Completed Steps: 380000
Completed Steps: 381000
Completed Steps: 382000
Completed Steps: 383000
Completed Steps: 384000
Completed Steps: 385000
Completed Steps: 386000
Completed Steps: 387000
Completed Steps: 388000
Completed Steps: 389000
Completed Steps: 390000
Completed Steps: 391000
Completed Steps: 392000
Completed Steps: 393000
Completed Steps: 394000
Completed Steps: 395000
Completed Steps: 396000
Completed Steps: 397000
Completed Steps: 398000
Completed Steps: 399000
Completed Steps: 400000
Completed Steps: 401000
Completed Steps: 402000
Completed Steps: 403000
Completed Steps: 404000
Completed Steps: 405000
Completed Steps: 406000
Completed Steps: 407000
Completed Steps: 408000
Completed Steps: 409000
Completed Steps: 410000
Completed Steps: 411000
Completed Steps: 412000
Completed Steps: 413000
Completed Steps: 414000
Completed Steps: 415000
Completed Steps: 416000
Completed Steps: 417000
Completed Steps: 418000
Completed Steps: 419000
Completed Steps: 420000
Completed Steps: 421000
Completed Steps: 422000
Completed Steps: 423000
Completed Steps: 424000
Completed Steps: 425000
Completed Steps: 426000
Completed Steps: 427000
Completed Steps: 428000
Completed Steps: 429000
Completed Steps: 430000
Completed Steps: 431000
Completed Steps: 432000
Completed Steps: 433000
Completed Steps: 434000
Completed Steps: 435000
Completed Steps: 436000
Completed Steps: 437000
Completed Steps: 438000
Completed Steps: 439000
Completed Steps: 440000
Completed Steps: 441000
Completed Steps: 442000
Completed Steps: 443000
Completed Steps: 444000
Completed Steps: 445000
Completed Steps: 446000
Completed Steps: 447000
Completed Steps: 448000
Completed Steps: 449000
Completed Steps: 450000
Completed Steps: 451000
Completed Steps: 452000
Completed Steps: 453000
Completed Steps: 454000
Completed Steps: 455000
Completed Steps: 456000
Completed Steps: 457000
Completed Steps: 458000
Completed Steps: 459000
Completed Steps: 460000
Completed Steps: 461000
Completed Steps: 462000
Completed Steps: 463000
Completed Steps: 464000
Completed Steps: 465000
Completed Steps: 466000
Completed Steps: 467000
Completed Steps: 468000
Completed Steps: 469000
Completed Steps: 470000
Completed Steps: 471000
Completed Steps: 472000
Completed Steps: 473000
Completed Steps: 474000
Completed Steps: 475000
Completed Steps: 476000
Completed Steps: 477000
Completed Steps: 478000
Completed Steps: 479000
Completed Steps: 480000
Completed Steps: 481000
Completed Steps: 482000
Completed Steps: 483000
Completed Steps: 484000
Completed Steps: 485000
Completed Steps: 486000
Completed Steps: 487000
Completed Steps: 488000
Completed Steps: 489000
Completed Steps: 490000
Completed Steps: 491000
Completed Steps: 492000
Completed Steps: 493000
Completed Steps: 494000
Completed Steps: 495000
Completed Steps: 496000
Completed Steps: 497000
Completed Steps: 498000
Completed Steps: 499000
Completed Steps: 500000
Completed Steps: 501000
Completed Steps: 502000
Completed Steps: 503000
Completed Steps: 504000
Completed Steps: 505000
Completed Steps: 506000
Completed Steps: 507000
Completed Steps: 508000
Completed Steps: 509000
Completed Steps: 510000
Completed Steps: 511000
Completed Steps: 512000
Completed Steps: 513000
Completed Steps: 514000
Completed Steps: 515000
Completed Steps: 516000
Completed Steps: 517000
Completed Steps: 518000
Completed Steps: 519000
Completed Steps: 520000
Completed Steps: 521000
Completed Steps: 522000
Completed Steps: 523000
Completed Steps: 524000
Completed Steps: 525000
Completed Steps: 526000
Completed Steps: 527000
Completed Steps: 528000
Completed Steps: 529000
Completed Steps: 530000
Completed Steps: 531000
Completed Steps: 532000
Completed Steps: 533000
Completed Steps: 534000
Completed Steps: 535000
Completed Steps: 536000
Completed Steps: 537000
Completed Steps: 538000
Completed Steps: 539000
Completed Steps: 540000
Completed Steps: 541000
Completed Steps: 542000
Completed Steps: 543000
Completed Steps: 544000
Completed Steps: 545000
Completed Steps: 546000
Completed Steps: 547000
Completed Steps: 548000
Completed Steps: 549000
Completed Steps: 550000
Completed Steps: 551000
Completed Steps: 552000
Completed Steps: 553000
Completed Steps: 554000
Completed Steps: 555000
Completed Steps: 556000
Completed Steps: 557000
Completed Steps: 558000
Completed Steps: 559000
Completed Steps: 560000
Completed Steps: 561000
Completed Steps: 562000
Completed Steps: 563000
Completed Steps: 564000
Completed Steps: 565000
Completed Steps: 566000
Completed Steps: 567000
Completed Steps: 568000
Completed Steps: 569000
Completed Steps: 570000
Completed Steps: 571000
Completed Steps: 572000
Completed Steps: 573000
Completed Steps: 574000
Completed Steps: 575000
Completed Steps: 576000
Completed Steps: 577000
Completed Steps: 578000
Completed Steps: 579000
Completed Steps: 580000
Completed Steps: 581000
Completed Steps: 582000
Completed Steps: 583000
Completed Steps: 584000
Completed Steps: 585000
Completed Steps: 586000
Completed Steps: 587000
Completed Steps: 588000
Completed Steps: 589000
Completed Steps: 590000
Completed Steps: 591000
Completed Steps: 592000
Completed Steps: 593000
Completed Steps: 594000
Completed Steps: 595000
Completed Steps: 596000
Completed Steps: 597000
Completed Steps: 598000
Completed Steps: 599000
Completed Steps: 600000
Completed Steps: 601000
Completed Steps: 602000
Completed Steps: 603000
Completed Steps: 604000
Completed Steps: 605000
Completed Steps: 606000
Completed Steps: 607000
Completed Steps: 608000
Completed Steps: 609000
Completed Steps: 610000
Completed Steps: 611000
Completed Steps: 612000
Completed Steps: 613000
Completed Steps: 614000
Completed Steps: 615000
Completed Steps: 616000
Completed Steps: 617000
Completed Steps: 618000
Completed Steps: 619000
Completed Steps: 620000
Completed Steps: 621000
Completed Steps: 622000
Completed Steps: 623000
Completed Steps: 624000
Completed Steps: 625000
Completed Steps: 626000
Completed Steps: 627000
Completed Steps: 628000
Completed Steps: 629000
Completed Steps: 630000
Completed Steps: 631000
Completed Steps: 632000
Completed Steps: 633000
Completed Steps: 634000
Completed Steps: 635000
Completed Steps: 636000
Completed Steps: 637000
Completed Steps: 638000
Completed Steps: 639000
Completed Steps: 640000
Completed Steps: 641000
Completed Steps: 642000
Completed Steps: 643000
Completed Steps: 644000
Completed Steps: 645000
Completed Steps: 646000
Completed Steps: 647000
Completed Steps: 648000
Completed Steps: 649000
Completed Steps: 650000
Completed Steps: 651000
Completed Steps: 652000
Completed Steps: 653000
Completed Steps: 654000
Completed Steps: 655000
Completed Steps: 656000
Completed Steps: 657000
Completed Steps: 658000
Completed Steps: 659000
Completed Steps: 660000
Completed Steps: 661000
Completed Steps: 662000
Completed Steps: 663000
Completed Steps: 664000
Completed Steps: 665000
Completed Steps: 666000
Completed Steps: 667000
Completed Steps: 668000
Completed Steps: 669000
Completed Steps: 670000
Completed Steps: 671000
Completed Steps: 672000
Completed Steps: 673000
Completed Steps: 674000
Completed Steps: 675000
Completed Steps: 676000
Completed Steps: 677000
Completed Steps: 678000
Completed Steps: 679000
Completed Steps: 680000
Completed Steps: 681000
Completed Steps: 682000
Completed Steps: 683000
Completed Steps: 684000
Completed Steps: 685000
Completed Steps: 686000
Completed Steps: 687000
Completed Steps: 688000
Completed Steps: 689000
Completed Steps: 690000
Completed Steps: 691000
Completed Steps: 692000
Completed Steps: 693000
Completed Steps: 694000
Completed Steps: 695000
Completed Steps: 696000
Completed Steps: 697000
Completed Steps: 698000
Completed Steps: 699000
Completed Steps: 700000
Completed Steps: 701000
Completed Steps: 702000
Completed Steps: 703000
Completed Steps: 704000
Completed Steps: 705000
Completed Steps: 706000
Completed Steps: 707000
Completed Steps: 708000
Completed Steps: 709000
Completed Steps: 710000
Completed Steps: 711000
Completed Steps: 712000
Completed Steps: 713000
Completed Steps: 714000
Completed Steps: 715000
Completed Steps: 716000
Completed Steps: 717000
Completed Steps: 718000
Completed Steps: 719000
Completed Steps: 720000
Completed Steps: 721000
Completed Steps: 722000
Completed Steps: 723000
Completed Steps: 724000
Completed Steps: 725000
Completed Steps: 726000
Completed Steps: 727000
Completed Steps: 728000
Completed Steps: 729000
Completed Steps: 730000
Completed Steps: 731000
Completed Steps: 732000
Completed Steps: 733000
Completed Steps: 734000
Completed Steps: 735000
Completed Steps: 736000
Completed Steps: 737000
Completed Steps: 738000
Completed Steps: 739000
Completed Steps: 740000
Completed Steps: 741000
Completed Steps: 742000
Completed Steps: 743000
Completed Steps: 744000
Completed Steps: 745000
Completed Steps: 746000
Completed Steps: 747000
Completed Steps: 748000
Completed Steps: 749000
Completed Steps: 750000
Completed Steps: 751000
Completed Steps: 752000
Completed Steps: 753000
Completed Steps: 754000
Completed Steps: 755000
Completed Steps: 756000
Completed Steps: 757000
Completed Steps: 758000
Completed Steps: 759000
Completed Steps: 760000
Completed Steps: 761000
Completed Steps: 762000
Completed Steps: 763000
Completed Steps: 764000
Completed Steps: 765000
Completed Steps: 766000
Completed Steps: 767000
Completed Steps: 768000
Completed Steps: 769000
Completed Steps: 770000
Completed Steps: 771000
Completed Steps: 772000
Completed Steps: 773000
Completed Steps: 774000
Completed Steps: 775000
Completed Steps: 776000
Completed Steps: 777000
Completed Steps: 778000
Completed Steps: 779000
Completed Steps: 780000
Completed Steps: 781000
Completed Steps: 782000
Completed Steps: 783000
Completed Steps: 784000
Completed Steps: 785000
Completed Steps: 786000
Completed Steps: 787000
Completed Steps: 788000
Completed Steps: 789000
Completed Steps: 790000
Completed Steps: 791000
Completed Steps: 792000
Completed Steps: 793000
Completed Steps: 794000
Completed Steps: 795000
Completed Steps: 796000
Completed Steps: 797000
Completed Steps: 798000
Completed Steps: 799000
Completed Steps: 800000
Completed Steps: 801000
Completed Steps: 802000
Completed Steps: 803000
Completed Steps: 804000
Completed Steps: 805000
Completed Steps: 806000
Completed Steps: 807000
Completed Steps: 808000
Completed Steps: 809000
Completed Steps: 810000
Completed Steps: 811000
Completed Steps: 812000
Completed Steps: 813000
Completed Steps: 814000
Completed Steps: 815000
Completed Steps: 816000
Completed Steps: 817000
Completed Steps: 818000
Completed Steps: 819000
Completed Steps: 820000
Completed Steps: 821000
Completed Steps: 822000
Completed Steps: 823000
Completed Steps: 824000
Completed Steps: 825000
Completed Steps: 826000
Completed Steps: 827000
Completed Steps: 828000
Completed Steps: 829000
Completed Steps: 830000
Completed Steps: 831000
Completed Steps: 832000
Completed Steps: 833000
Completed Steps: 834000
Completed Steps: 835000
Completed Steps: 836000
Completed Steps: 837000
Completed Steps: 838000
Completed Steps: 839000
Completed Steps: 840000
Completed Steps: 841000
Completed Steps: 842000
Completed Steps: 843000
Completed Steps: 844000
Completed Steps: 845000
Completed Steps: 846000
Completed Steps: 847000
Completed Steps: 848000
Completed Steps: 849000
Completed Steps: 850000
Completed Steps: 851000
Completed Steps: 852000
Completed Steps: 853000
Completed Steps: 854000
Completed Steps: 855000
Completed Steps: 856000
Completed Steps: 857000
Completed Steps: 858000
Completed Steps: 859000
Completed Steps: 860000
Completed Steps: 861000
Completed Steps: 862000
Completed Steps: 863000
Completed Steps: 864000
Completed Steps: 865000
Completed Steps: 866000
Completed Steps: 867000
Completed Steps: 868000
Completed Steps: 869000
Completed Steps: 870000
Completed Steps: 871000
Completed Steps: 872000
Completed Steps: 873000
Completed Steps: 874000
Completed Steps: 875000
Completed Steps: 876000
Completed Steps: 877000
Completed Steps: 878000
Completed Steps: 879000
Completed Steps: 880000
Completed Steps: 881000
Completed Steps: 882000
Completed Steps: 883000
Completed Steps: 884000
Completed Steps: 885000
Completed Steps: 886000
Completed Steps: 887000
Completed Steps: 888000
Completed Steps: 889000
Completed Steps: 890000
Completed Steps: 891000
Completed Steps: 892000
Completed Steps: 893000
Completed Steps: 894000
Completed Steps: 895000
Completed Steps: 896000
Completed Steps: 897000
Completed Steps: 898000
Completed Steps: 899000
Completed Steps: 900000
Completed Steps: 901000
Completed Steps: 902000
Completed Steps: 903000
Completed Steps: 904000
Completed Steps: 905000
Completed Steps: 906000
Completed Steps: 907000
Completed Steps: 908000
Completed Steps: 909000
Completed Steps: 910000
Completed Steps: 911000
Completed Steps: 912000
Completed Steps: 913000
Completed Steps: 914000
Completed Steps: 915000
Completed Steps: 916000
Completed Steps: 917000
Completed Steps: 918000
Completed Steps: 919000
Completed Steps: 920000
Completed Steps: 921000
Completed Steps: 922000
Completed Steps: 923000
Completed Steps: 924000
Completed Steps: 925000
Completed Steps: 926000
Completed Steps: 927000
Completed Steps: 928000
Completed Steps: 929000
Completed Steps: 930000
Completed Steps: 931000
Completed Steps: 932000
Completed Steps: 933000
Completed Steps: 934000
Completed Steps: 935000
Completed Steps: 936000
Completed Steps: 937000
Completed Steps: 938000
Completed Steps: 939000
Completed Steps: 940000
Completed Steps: 941000
Completed Steps: 942000
Completed Steps: 943000
Completed Steps: 944000
Completed Steps: 945000
Completed Steps: 946000
Completed Steps: 947000
Completed Steps: 948000
Completed Steps: 949000
Completed Steps: 950000
Completed Steps: 951000
Completed Steps: 952000
Completed Steps: 953000
Completed Steps: 954000
Completed Steps: 955000
Completed Steps: 956000
Completed Steps: 957000
Completed Steps: 958000
Completed Steps: 959000
Completed Steps: 960000
Completed Steps: 961000
Completed Steps: 962000
Completed Steps: 963000
Completed Steps: 964000
Completed Steps: 965000
Completed Steps: 966000
Completed Steps: 967000
Completed Steps: 968000
Completed Steps: 969000
Completed Steps: 970000
Completed Steps: 971000
Completed Steps: 972000
Completed Steps: 973000
Completed Steps: 974000
Completed Steps: 975000
Completed Steps: 976000
Completed Steps: 977000
Completed Steps: 978000
Completed Steps: 979000
Completed Steps: 980000
Completed Steps: 981000
Completed Steps: 982000
Completed Steps: 983000
Completed Steps: 984000
Completed Steps: 985000
Completed Steps: 986000
Completed Steps: 987000
Completed Steps: 988000
Completed Steps: 989000
Completed Steps: 990000
Completed Steps: 991000
Completed Steps: 992000
Completed Steps: 993000
Completed Steps: 994000
Completed Steps: 995000
Completed Steps: 996000
Completed Steps: 997000
Completed Steps: 998000
Completed Steps: 999000
Completed Steps: 1000000
Completed Steps: 1001000
Completed Steps: 1002000
Completed Steps: 1003000
Completed Steps: 1004000
Completed Steps: 1005000
Completed Steps: 1006000
Completed Steps: 1007000
Completed Steps: 1008000
Completed Steps: 1009000
Completed Steps: 1010000
Completed Steps: 1011000
Completed Steps: 1012000
Completed Steps: 1013000
Completed Steps: 1014000
Completed Steps: 1015000
Completed Steps: 1016000
Completed Steps: 1017000
Completed Steps: 1018000
Completed Steps: 1019000
Completed Steps: 1020000
Completed Steps: 1021000
Completed Steps: 1022000
Completed Steps: 1023000
Completed Steps: 1024000
Completed Steps: 1025000
Completed Steps: 1026000
Completed Steps: 1027000
Completed Steps: 1028000
Completed Steps: 1029000
Completed Steps: 1030000
Completed Steps: 1031000
Completed Steps: 1032000
Completed Steps: 1033000
Completed Steps: 1034000
Completed Steps: 1035000
Completed Steps: 1036000
Completed Steps: 1037000
Completed Steps: 1038000
Completed Steps: 1039000
Completed Steps: 1040000
Completed Steps: 1041000
Completed Steps: 1042000
Completed Steps: 1043000
Completed Steps: 1044000
Completed Steps: 1045000
Completed Steps: 1046000
Completed Steps: 1047000
Completed Steps: 1048000
Completed Steps: 1049000
Completed Steps: 1050000
Completed Steps: 1051000
Completed Steps: 1052000
Completed Steps: 1053000
Completed Steps: 1054000
Completed Steps: 1055000
Completed Steps: 1056000
Completed Steps: 1057000
Completed Steps: 1058000
Completed Steps: 1059000
Completed Steps: 1060000
Completed Steps: 1061000
Completed Steps: 1062000
Completed Steps: 1063000
Completed Steps: 1064000
Completed Steps: 1065000
Completed Steps: 1066000
Completed Steps: 1067000
Completed Steps: 1068000
Completed Steps: 1069000
Completed Steps: 1070000
Completed Steps: 1071000
Completed Steps: 1072000
Completed Steps: 1073000
Completed Steps: 1074000
Completed Steps: 1075000
Completed Steps: 1076000
Completed Steps: 1077000
Completed Steps: 1078000
Completed Steps: 1079000
Completed Steps: 1080000
Completed Steps: 1081000
Completed Steps: 1082000
Completed Steps: 1083000
Completed Steps: 1084000
Completed Steps: 1085000
Completed Steps: 1086000
Completed Steps: 1087000
Completed Steps: 1088000
Completed Steps: 1089000
Completed Steps: 1090000
Completed Steps: 1091000
Completed Steps: 1092000
Completed Steps: 1093000
Completed Steps: 1094000
Completed Steps: 1095000
Completed Steps: 1096000
Completed Steps: 1097000
Completed Steps: 1098000
Completed Steps: 1099000
Completed Steps: 1100000
Completed Steps: 1101000
Completed Steps: 1102000
Completed Steps: 1103000
Completed Steps: 1104000
Completed Steps: 1105000
Completed Steps: 1106000
Completed Steps: 1107000
Completed Steps: 1108000
Completed Steps: 1109000
Completed Steps: 1110000
Completed Steps: 1111000
Completed Steps: 1112000
Completed Steps: 1113000
Completed Steps: 1114000
Completed Steps: 1115000
Completed Steps: 1116000
Completed Steps: 1117000
Completed Steps: 1118000
Completed Steps: 1119000
Completed Steps: 1120000
Completed Steps: 1121000
Completed Steps: 1122000
Completed Steps: 1123000
Completed Steps: 1124000
Completed Steps: 1125000
Completed Steps: 1126000
Completed Steps: 1127000
Completed Steps: 1128000
Completed Steps: 1129000
Completed Steps: 1130000
Completed Steps: 1131000
Completed Steps: 1132000
Completed Steps: 1133000
Completed Steps: 1134000
Completed Steps: 1135000
Completed Steps: 1136000
Completed Steps: 1137000
Completed Steps: 1138000
Completed Steps: 1139000
Completed Steps: 1140000
Completed Steps: 1141000
Completed Steps: 1142000
Completed Steps: 1143000
Completed Steps: 1144000
Completed Steps: 1145000
Completed Steps: 1146000
Completed Steps: 1147000
Completed Steps: 1148000
Completed Steps: 1149000
Completed Steps: 1150000
Completed Steps: 1151000
Completed Steps: 1152000
Completed Steps: 1153000
Completed Steps: 1154000
Completed Steps: 1155000
Completed Steps: 1156000
Completed Steps: 1157000
Completed Steps: 1158000
Completed Steps: 1159000
Completed Steps: 1160000
Completed Steps: 1161000
Completed Steps: 1162000
Completed Steps: 1163000
Completed Steps: 1164000
Completed Steps: 1165000
Completed Steps: 1166000
Completed Steps: 1167000
Completed Steps: 1168000
Completed Steps: 1169000
Completed Steps: 1170000
Completed Steps: 1171000
Completed Steps: 1172000
Completed Steps: 1173000
Completed Steps: 1174000
Completed Steps: 1175000
Completed Steps: 1176000
Completed Steps: 1177000
Completed Steps: 1178000
Completed Steps: 1179000
Completed Steps: 1180000
Completed Steps: 1181000
Completed Steps: 1182000
Completed Steps: 1183000
Completed Steps: 1184000
Completed Steps: 1185000
Completed Steps: 1186000
Completed Steps: 1187000
Completed Steps: 1188000
Completed Steps: 1189000
Completed Steps: 1190000
Completed Steps: 1191000
Completed Steps: 1192000
Completed Steps: 1193000
Completed Steps: 1194000
Completed Steps: 1195000
Completed Steps: 1196000
Completed Steps: 1197000
Completed Steps: 1198000
Completed Steps: 1199000
Completed Steps: 1200000
Completed Steps: 1201000
Completed Steps: 1202000
Completed Steps: 1203000
Completed Steps: 1204000
Completed Steps: 1205000
Completed Steps: 1206000
Completed Steps: 1207000
Completed Steps: 1208000
Completed Steps: 1209000
Completed Steps: 1210000
Completed Steps: 1211000
Completed Steps: 1212000
Completed Steps: 1213000
Completed Steps: 1214000
Completed Steps: 1215000
Completed Steps: 1216000
Completed Steps: 1217000
Completed Steps: 1218000
Completed Steps: 1219000
Completed Steps: 1220000
Completed Steps: 1221000
Completed Steps: 1222000
Completed Steps: 1223000
Completed Steps: 1224000
Completed Steps: 1225000
Completed Steps: 1226000
Completed Steps: 1227000
Completed Steps: 1228000
Completed Steps: 1229000
Completed Steps: 1230000
Completed Steps: 1231000
Completed Steps: 1232000
Completed Steps: 1233000
Completed Steps: 1234000
Completed Steps: 1235000
Completed Steps: 1236000
Completed Steps: 1237000
Completed Steps: 1238000
Completed Steps: 1239000
Completed Steps: 1240000
Completed Steps: 1241000
Completed Steps: 1242000
Completed Steps: 1243000
Completed Steps: 1244000
Completed Steps: 1245000
Completed Steps: 1246000
Completed Steps: 1247000
Completed Steps: 1248000
Completed Steps: 1249000
Completed Steps: 1250000
Completed Steps: 1251000
Completed Steps: 1252000
Completed Steps: 1253000
Completed Steps: 1254000
Completed Steps: 1255000
Completed Steps: 1256000
Completed Steps: 1257000
Completed Steps: 1258000
Completed Steps: 1259000
Completed Steps: 1260000
Completed Steps: 1261000
Completed Steps: 1262000
Completed Steps: 1263000
Completed Steps: 1264000
Completed Steps: 1265000
Completed Steps: 1266000
Completed Steps: 1267000
Completed Steps: 1268000
Completed Steps: 1269000
Completed Steps: 1270000
Completed Steps: 1271000
Completed Steps: 1272000
Completed Steps: 1273000
Completed Steps: 1274000
Completed Steps: 1275000
Completed Steps: 1276000
Completed Steps: 1277000
Completed Steps: 1278000
Completed Steps: 1279000
Completed Steps: 1280000
Completed Steps: 1281000
Completed Steps: 1282000
Completed Steps: 1283000
Completed Steps: 1284000
Completed Steps: 1285000
Completed Steps: 1286000
Completed Steps: 1287000
Completed Steps: 1288000
Completed Steps: 1289000
Completed Steps: 1290000
Completed Steps: 1291000
Completed Steps: 1292000
Completed Steps: 1293000
Completed Steps: 1294000
Completed Steps: 1295000
Completed Steps: 1296000
Completed Steps: 1297000
Completed Steps: 1298000
Completed Steps: 1299000
Completed Steps: 1300000
Completed Steps: 1301000
Completed Steps: 1302000
Completed Steps: 1303000
Completed Steps: 1304000
Completed Steps: 1305000
Completed Steps: 1306000
Completed Steps: 1307000
Completed Steps: 1308000
Completed Steps: 1309000
Completed Steps: 1310000
Completed Steps: 1311000
Completed Steps: 1312000
Completed Steps: 1313000
Completed Steps: 1314000
Completed Steps: 1315000
Completed Steps: 1316000
Completed Steps: 1317000
Completed Steps: 1318000
Completed Steps: 1319000
Completed Steps: 1320000
Completed Steps: 1321000
Completed Steps: 1322000
Completed Steps: 1323000
Completed Steps: 1324000
Completed Steps: 1325000
Completed Steps: 1326000
Completed Steps: 1327000
Completed Steps: 1328000
Completed Steps: 1329000
Completed Steps: 1330000
Completed Steps: 1331000
Completed Steps: 1332000
Completed Steps: 1333000
Completed Steps: 1334000
Completed Steps: 1335000
Completed Steps: 1336000
Completed Steps: 1337000
Completed Steps: 1338000
Completed Steps: 1339000
Completed Steps: 1340000
Completed Steps: 1341000
Completed Steps: 1342000
Completed Steps: 1343000
Completed Steps: 1344000
Completed Steps: 1345000
Completed Steps: 1346000
Completed Steps: 1347000
Completed Steps: 1348000
Completed Steps: 1349000
Completed Steps: 1350000
Completed Steps: 1351000
Completed Steps: 1352000
Completed Steps: 1353000
Completed Steps: 1354000
Completed Steps: 1355000
Completed Steps: 1356000
Completed Steps: 1357000
Completed Steps: 1358000
Completed Steps: 1359000
Completed Steps: 1360000
Completed Steps: 1361000
Completed Steps: 1362000
Completed Steps: 1363000
Completed Steps: 1364000
Completed Steps: 1365000
Completed Steps: 1366000
Completed Steps: 1367000
Completed Steps: 1368000
Completed Steps: 1369000
Completed Steps: 1370000
Completed Steps: 1371000
Completed Steps: 1372000
Completed Steps: 1373000
Completed Steps: 1374000
Completed Steps: 1375000
Completed Steps: 1376000
Completed Steps: 1377000
Completed Steps: 1378000
Completed Steps: 1379000
Completed Steps: 1380000
Completed Steps: 1381000
Completed Steps: 1382000
Completed Steps: 1383000
Completed Steps: 1384000
Completed Steps: 1385000
Completed Steps: 1386000
Completed Steps: 1387000
Completed Steps: 1388000
Completed Steps: 1389000
Completed Steps: 1390000
Completed Steps: 1391000
Completed Steps: 1392000
Completed Steps: 1393000
Completed Steps: 1394000
Completed Steps: 1395000
Completed Steps: 1396000
Completed Steps: 1397000
Completed Steps: 1398000
Completed Steps: 1399000
Completed Steps: 1400000
Completed Steps: 1401000
Completed Steps: 1402000
Completed Steps: 1403000
Completed Steps: 1404000
Completed Steps: 1405000
Completed Steps: 1406000
Completed Steps: 1407000
Completed Steps: 1408000
Completed Steps: 1409000
Completed Steps: 1410000
Completed Steps: 1411000
Completed Steps: 1412000
Completed Steps: 1413000
Completed Steps: 1414000
Completed Steps: 1415000
Completed Steps: 1416000
Completed Steps: 1417000
Completed Steps: 1418000
Completed Steps: 1419000
Completed Steps: 1420000
Completed Steps: 1421000
Completed Steps: 1422000
Completed Steps: 1423000
Completed Steps: 1424000
Completed Steps: 1425000
Completed Steps: 1426000
Completed Steps: 1427000
Completed Steps: 1428000
Completed Steps: 1429000
Completed Steps: 1430000
Completed Steps: 1431000
Completed Steps: 1432000
Completed Steps: 1433000
Completed Steps: 1434000
Completed Steps: 1435000
Completed Steps: 1436000
Completed Steps: 1437000
Completed Steps: 1438000
Completed Steps: 1439000
Completed Steps: 1440000
Completed Steps: 1441000
Completed Steps: 1442000
Completed Steps: 1443000
Completed Steps: 1444000
Completed Steps: 1445000
Completed Steps: 1446000
Completed Steps: 1447000
Completed Steps: 1448000
Completed Steps: 1449000
Completed Steps: 1450000
Completed Steps: 1451000
Completed Steps: 1452000
Completed Steps: 1453000
Completed Steps: 1454000
Completed Steps: 1455000
Completed Steps: 1456000
Completed Steps: 1457000
Completed Steps: 1458000
Completed Steps: 1459000
Completed Steps: 1460000
Completed Steps: 1461000
Completed Steps: 1462000
Completed Steps: 1463000
Completed Steps: 1464000
Completed Steps: 1465000
Completed Steps: 1466000
Completed Steps: 1467000
Completed Steps: 1468000
Completed Steps: 1469000
Completed Steps: 1470000
Completed Steps: 1471000
Completed Steps: 1472000
Completed Steps: 1473000
Completed Steps: 1474000
Completed Steps: 1475000
Completed Steps: 1476000
Completed Steps: 1477000
Completed Steps: 1478000
Completed Steps: 1479000
Completed Steps: 1480000
Completed Steps: 1481000
Completed Steps: 1482000
Completed Steps: 1483000
Completed Steps: 1484000
Completed Steps: 1485000
Completed Steps: 1486000
Completed Steps: 1487000
Completed Steps: 1488000
Completed Steps: 1489000
Completed Steps: 1490000
Completed Steps: 1491000
Completed Steps: 1492000
Completed Steps: 1493000
Completed Steps: 1494000
Completed Steps: 1495000
Completed Steps: 1496000
Completed Steps: 1497000
Completed Steps: 1498000
Completed Steps: 1499000
Completed Steps: 1500000
Completed Steps: 1501000
Completed Steps: 1502000
Completed Steps: 1503000
Completed Steps: 1504000
Completed Steps: 1505000
Completed Steps: 1506000
Completed Steps: 1507000
Completed Steps: 1508000
Completed Steps: 1509000
Completed Steps: 1510000
Completed Steps: 1511000
Completed Steps: 1512000
Completed Steps: 1513000
Completed Steps: 1514000
Completed Steps: 1515000
Completed Steps: 1516000
Completed Steps: 1517000
Completed Steps: 1518000
Completed Steps: 1519000
Completed Steps: 1520000
Completed Steps: 1521000
Completed Steps: 1522000
Completed Steps: 1523000
Completed Steps: 1524000
Completed Steps: 1525000
Completed Steps: 1526000
Completed Steps: 1527000
Completed Steps: 1528000
Completed Steps: 1529000
Completed Steps: 1530000
Completed Steps: 1531000
Completed Steps: 1532000
Completed Steps: 1533000
Completed Steps: 1534000
Completed Steps: 1535000
Completed Steps: 1536000
Completed Steps: 1537000
Completed Steps: 1538000
Completed Steps: 1539000
Completed Steps: 1540000
Completed Steps: 1541000
Completed Steps: 1542000
Completed Steps: 1543000
Completed Steps: 1544000
Completed Steps: 1545000
Completed Steps: 1546000
Completed Steps: 1547000
Completed Steps: 1548000
Completed Steps: 1549000
Completed Steps: 1550000
Completed Steps: 1551000
Completed Steps: 1552000
Completed Steps: 1553000
Completed Steps: 1554000
Completed Steps: 1555000
Completed Steps: 1556000
Completed Steps: 1557000
Completed Steps: 1558000
Completed Steps: 1559000
Completed Steps: 1560000
Completed Steps: 1561000
Completed Steps: 1562000
Completed Steps: 1563000
Completed Steps: 1564000
Completed Steps: 1565000
Completed Steps: 1566000
Completed Steps: 1567000
Completed Steps: 1568000
Completed Steps: 1569000
Completed Steps: 1570000
Completed Steps: 1571000
Completed Steps: 1572000
Completed Steps: 1573000
Completed Steps: 1574000
Completed Steps: 1575000
Completed Steps: 1576000
Completed Steps: 1577000
Completed Steps: 1578000
Completed Steps: 1579000
Completed Steps: 1580000
Completed Steps: 1581000
Completed Steps: 1582000
Completed Steps: 1583000
Completed Steps: 1584000
Completed Steps: 1585000
Completed Steps: 1586000
Completed Steps: 1587000
Completed Steps: 1588000
Completed Steps: 1589000
Completed Steps: 1590000
Completed Steps: 1591000
Completed Steps: 1592000
Completed Steps: 1593000
Completed Steps: 1594000
Completed Steps: 1595000
Completed Steps: 1596000
Completed Steps: 1597000
Completed Steps: 1598000
Completed Steps: 1599000
Completed Steps: 1600000
Completed Steps: 1601000
Completed Steps: 1602000
Completed Steps: 1603000
Completed Steps: 1604000
Completed Steps: 1605000
Completed Steps: 1606000
Completed Steps: 1607000
Completed Steps: 1608000
Completed Steps: 1609000
Completed Steps: 1610000
Completed Steps: 1611000
Completed Steps: 1612000
Completed Steps: 1613000
Completed Steps: 1614000
Completed Steps: 1615000
Completed Steps: 1616000
Completed Steps: 1617000
Completed Steps: 1618000
Completed Steps: 1619000
Completed Steps: 1620000
Completed Steps: 1621000
Completed Steps: 1622000
Completed Steps: 1623000
Completed Steps: 1624000
Completed Steps: 1625000
Completed Steps: 1626000
Completed Steps: 1627000
Completed Steps: 1628000
Completed Steps: 1629000
Completed Steps: 1630000
Completed Steps: 1631000
Completed Steps: 1632000
Completed Steps: 1633000
Completed Steps: 1634000
Completed Steps: 1635000
Completed Steps: 1636000
Completed Steps: 1637000
Completed Steps: 1638000
Completed Steps: 1639000
Completed Steps: 1640000
Completed Steps: 1641000
Completed Steps: 1642000
Completed Steps: 1643000
Completed Steps: 1644000
Completed Steps: 1645000
Completed Steps: 1646000
Completed Steps: 1647000
Completed Steps: 1648000
Completed Steps: 1649000
Completed Steps: 1650000
Completed Steps: 1651000
Completed Steps: 1652000
Completed Steps: 1653000
Completed Steps: 1654000
Completed Steps: 1655000
Completed Steps: 1656000
Completed Steps: 1657000
Completed Steps: 1658000
Completed Steps: 1659000
Completed Steps: 1660000
Completed Steps: 1661000
Completed Steps: 1662000
Completed Steps: 1663000
Completed Steps: 1664000
Completed Steps: 1665000
Completed Steps: 1666000
Completed Steps: 1667000
Completed Steps: 1668000
Completed Steps: 1669000
Completed Steps: 1670000
Completed Steps: 1671000
Completed Steps: 1672000
Completed Steps: 1673000
Completed Steps: 1674000
Completed Steps: 1675000
Completed Steps: 1676000
Completed Steps: 1677000
Completed Steps: 1678000
Completed Steps: 1679000
Completed Steps: 1680000
Completed Steps: 1681000
Completed Steps: 1682000
Completed Steps: 1683000
Completed Steps: 1684000
Completed Steps: 1685000
Completed Steps: 1686000
Completed Steps: 1687000
Completed Steps: 1688000
Completed Steps: 1689000
Completed Steps: 1690000
Completed Steps: 1691000
Completed Steps: 1692000
Completed Steps: 1693000
Completed Steps: 1694000
Completed Steps: 1695000
Completed Steps: 1696000
Completed Steps: 1697000
Completed Steps: 1698000
Completed Steps: 1699000
Completed Steps: 1700000
Completed Steps: 1701000
Completed Steps: 1702000
Completed Steps: 1703000
Completed Steps: 1704000
Completed Steps: 1705000
Completed Steps: 1706000
Completed Steps: 1707000
Completed Steps: 1708000
Completed Steps: 1709000
Completed Steps: 1710000
Completed Steps: 1711000
Completed Steps: 1712000
Completed Steps: 1713000
Completed Steps: 1714000
Completed Steps: 1715000
Completed Steps: 1716000
Completed Steps: 1717000
Completed Steps: 1718000
Completed Steps: 1719000
Completed Steps: 1720000
Completed Steps: 1721000
Completed Steps: 1722000
Completed Steps: 1723000
Completed Steps: 1724000
Completed Steps: 1725000
Completed Steps: 1726000
Completed Steps: 1727000
Completed Steps: 1728000
Completed Steps: 1729000
Completed Steps: 1730000
Completed Steps: 1731000
Completed Steps: 1732000
Completed Steps: 1733000
Completed Steps: 1734000
Completed Steps: 1735000
Completed Steps: 1736000
Completed Steps: 1737000
Completed Steps: 1738000
Completed Steps: 1739000
Completed Steps: 1740000
Completed Steps: 1741000
Completed Steps: 1742000
Completed Steps: 1743000
Completed Steps: 1744000
Completed Steps: 1745000
Completed Steps: 1746000
Completed Steps: 1747000
Completed Steps: 1748000
Completed Steps: 1749000
Completed Steps: 1750000
Completed Steps: 1751000
Completed Steps: 1752000
Completed Steps: 1753000
Completed Steps: 1754000
Completed Steps: 1755000
Completed Steps: 1756000
Completed Steps: 1757000
Completed Steps: 1758000
Completed Steps: 1759000
Completed Steps: 1760000
Completed Steps: 1761000
Completed Steps: 1762000
Completed Steps: 1763000
Completed Steps: 1764000
Completed Steps: 1765000
Completed Steps: 1766000
Completed Steps: 1767000
Completed Steps: 1768000
Completed Steps: 1769000
Completed Steps: 1770000
Completed Steps: 1771000
Completed Steps: 1772000
Completed Steps: 1773000
Completed Steps: 1774000
Completed Steps: 1775000
Completed Steps: 1776000
Completed Steps: 1777000
Completed Steps: 1778000
Completed Steps: 1779000
Completed Steps: 1780000
Completed Steps: 1781000
Completed Steps: 1782000
Completed Steps: 1783000
Completed Steps: 1784000
Completed Steps: 1785000
Completed Steps: 1786000
Completed Steps: 1787000
Completed Steps: 1788000
Completed Steps: 1789000
Completed Steps: 1790000
Completed Steps: 1791000
Completed Steps: 1792000
Completed Steps: 1793000
Completed Steps: 1794000
Completed Steps: 1795000
Completed Steps: 1796000
Completed Steps: 1797000
Completed Steps: 1798000
Completed Steps: 1799000
Completed Steps: 1800000
Completed Steps: 1801000
Completed Steps: 1802000
Completed Steps: 1803000
Completed Steps: 1804000
Completed Steps: 1805000
Completed Steps: 1806000
Completed Steps: 1807000
Completed Steps: 1808000
Completed Steps: 1809000
Completed Steps: 1810000
Completed Steps: 1811000
Completed Steps: 1812000
Completed Steps: 1813000
Completed Steps: 1814000
Completed Steps: 1815000
Completed Steps: 1816000
Completed Steps: 1817000
Completed Steps: 1818000
Completed Steps: 1819000
Completed Steps: 1820000
Completed Steps: 1821000
Completed Steps: 1822000
Completed Steps: 1823000
Completed Steps: 1824000
Completed Steps: 1825000
Completed Steps: 1826000
Completed Steps: 1827000
Completed Steps: 1828000
Completed Steps: 1829000
Completed Steps: 1830000
Completed Steps: 1831000
Completed Steps: 1832000
Completed Steps: 1833000
Completed Steps: 1834000
Completed Steps: 1835000
Completed Steps: 1836000
Completed Steps: 1837000
Completed Steps: 1838000
Completed Steps: 1839000
Completed Steps: 1840000
Completed Steps: 1841000
Completed Steps: 1842000
Completed Steps: 1843000
Completed Steps: 1844000
Completed Steps: 1845000
Completed Steps: 1846000
Completed Steps: 1847000
Completed Steps: 1848000
Completed Steps: 1849000
Completed Steps: 1850000
Completed Steps: 1851000
Completed Steps: 1852000
Completed Steps: 1853000
Completed Steps: 1854000
Completed Steps: 1855000
Completed Steps: 1856000
Completed Steps: 1857000
Completed Steps: 1858000
Completed Steps: 1859000
Completed Steps: 1860000
Completed Steps: 1861000
Completed Steps: 1862000
Completed Steps: 1863000
Completed Steps: 1864000
Completed Steps: 1865000
Completed Steps: 1866000
Completed Steps: 1867000
Completed Steps: 1868000
Completed Steps: 1869000
Completed Steps: 1870000
Completed Steps: 1871000
Completed Steps: 1872000
Completed Steps: 1873000
Completed Steps: 1874000
Completed Steps: 1875000
Completed Steps: 1876000
Completed Steps: 1877000
Completed Steps: 1878000
Completed Steps: 1879000
Completed Steps: 1880000
Completed Steps: 1881000
Completed Steps: 1882000
Completed Steps: 1883000
Completed Steps: 1884000
Completed Steps: 1885000
Completed Steps: 1886000
Completed Steps: 1887000
Completed Steps: 1888000
Completed Steps: 1889000
Completed Steps: 1890000
Completed Steps: 1891000
Completed Steps: 1892000
Completed Steps: 1893000
Completed Steps: 1894000
Completed Steps: 1895000
Completed Steps: 1896000
Completed Steps: 1897000
Completed Steps: 1898000
Completed Steps: 1899000
Completed Steps: 1900000
Completed Steps: 1901000
Completed Steps: 1902000
Completed Steps: 1903000
Completed Steps: 1904000
Completed Steps: 1905000
Completed Steps: 1906000
Completed Steps: 1907000
Completed Steps: 1908000
Completed Steps: 1909000
Completed Steps: 1910000
Completed Steps: 1911000
Completed Steps: 1912000
Completed Steps: 1913000
Completed Steps: 1914000
Completed Steps: 1915000
Completed Steps: 1916000
Completed Steps: 1917000
Completed Steps: 1918000
Completed Steps: 1919000
Completed Steps: 1920000
Completed Steps: 1921000
Completed Steps: 1922000
Completed Steps: 1923000
Completed Steps: 1924000
Completed Steps: 1925000
Completed Steps: 1926000
Completed Steps: 1927000
Completed Steps: 1928000
Completed Steps: 1929000
Completed Steps: 1930000
Completed Steps: 1931000
Completed Steps: 1932000
Completed Steps: 1933000
Completed Steps: 1934000
Completed Steps: 1935000
Completed Steps: 1936000
Completed Steps: 1937000
Completed Steps: 1938000
Completed Steps: 1939000
Completed Steps: 1940000
Completed Steps: 1941000
Completed Steps: 1942000
Completed Steps: 1943000
Completed Steps: 1944000
Completed Steps: 1945000
Completed Steps: 1946000
Completed Steps: 1947000
Completed Steps: 1948000
Completed Steps: 1949000
Completed Steps: 1950000
Completed Steps: 1951000
Completed Steps: 1952000
Completed Steps: 1953000
Completed Steps: 1954000
Completed Steps: 1955000
Completed Steps: 1956000
Completed Steps: 1957000
Completed Steps: 1958000
Completed Steps: 1959000
Completed Steps: 1960000
Completed Steps: 1961000
Completed Steps: 1962000
Completed Steps: 1963000
Completed Steps: 1964000
Completed Steps: 1965000
Completed Steps: 1966000
Completed Steps: 1967000
Completed Steps: 1968000
Completed Steps: 1969000
Completed Steps: 1970000
Completed Steps: 1971000
Completed Steps: 1972000
Completed Steps: 1973000
Completed Steps: 1974000
Completed Steps: 1975000
Completed Steps: 1976000
Completed Steps: 1977000
Completed Steps: 1978000
Completed Steps: 1979000
Completed Steps: 1980000
Completed Steps: 1981000
Completed Steps: 1982000
Completed Steps: 1983000
Completed Steps: 1984000
Completed Steps: 1985000
Completed Steps: 1986000
Completed Steps: 1987000
Completed Steps: 1988000
Completed Steps: 1989000
Completed Steps: 1990000
Completed Steps: 1991000
Completed Steps: 1992000
Completed Steps: 1993000
Completed Steps: 1994000
Completed Steps: 1995000
Completed Steps: 1996000
Completed Steps: 1997000
Completed Steps: 1998000
Completed Steps: 1999000

Exited training loop, plotting results...

saved, now moving on...
Finished training at: 2024-06-17 23:08:40
Total elapsed time: 30441.076309919357

