Please run `conda env list` to see a list of all available environments. Use
`source activate <env>` to activate the environment '<env>'. 
Please run `conda env list` to see a list of all available environments. Use
`source activate <env>` to activate the environment '<env>'. 

Currently Loaded Modules:
  1) anaconda/anaconda3   2) cuda/cuda-11.4

 

Traceback (most recent call last):
  File "./discrete/run/teacher/dungeon_quest_teacher_ddpg.py", line 4, in <module>
    from discrete.lib.main import run_training
  File "/lustre/fs1/home/amckinney/Local_Neuro_Symbolic/discrete/lib/main.py", line 6, in <module>
    from discrete.lib.construct_q_automaton import construct_q_automaton
  File "/lustre/fs1/home/amckinney/Local_Neuro_Symbolic/discrete/lib/construct_q_automaton.py", line 9, in <module>
    from discrete.lib.create_training_state import create_training_state
  File "/lustre/fs1/home/amckinney/Local_Neuro_Symbolic/discrete/lib/create_training_state.py", line 11, in <module>
    from discrete.lib.env.util import make_env
  File "/lustre/fs1/home/amckinney/Local_Neuro_Symbolic/discrete/lib/env/util.py", line 2, in <module>
    from stable_baselines3.common.env_util import make_vec_env as sb3_make_vec_env
  File "/home/amckinney/.local/lib/python3.8/site-packages/stable_baselines3/__init__.py", line 3, in <module>
    from stable_baselines3.a2c import A2C
  File "/home/amckinney/.local/lib/python3.8/site-packages/stable_baselines3/a2c/__init__.py", line 1, in <module>
    from stable_baselines3.a2c.a2c import A2C
  File "/home/amckinney/.local/lib/python3.8/site-packages/stable_baselines3/a2c/a2c.py", line 7, in <module>
    from stable_baselines3.common.on_policy_algorithm import OnPolicyAlgorithm
  File "/home/amckinney/.local/lib/python3.8/site-packages/stable_baselines3/common/on_policy_algorithm.py", line 8, in <module>
    from stable_baselines3.common.base_class import BaseAlgorithm
  File "/home/amckinney/.local/lib/python3.8/site-packages/stable_baselines3/common/base_class.py", line 14, in <module>
    from stable_baselines3.common import utils
  File "/home/amckinney/.local/lib/python3.8/site-packages/stable_baselines3/common/utils.py", line 21, in <module>
    from stable_baselines3.common.logger import Logger, configure
  File "/home/amckinney/.local/lib/python3.8/site-packages/stable_baselines3/common/logger.py", line 11, in <module>
    import pandas
  File "/apps/anaconda/anaconda3/lib/python3.8/site-packages/pandas/__init__.py", line 52, in <module>
    from pandas.core.api import (
  File "/apps/anaconda/anaconda3/lib/python3.8/site-packages/pandas/core/api.py", line 29, in <module>
    from pandas.core.groupby import Grouper, NamedAgg
  File "/apps/anaconda/anaconda3/lib/python3.8/site-packages/pandas/core/groupby/__init__.py", line 1, in <module>
    from pandas.core.groupby.generic import DataFrameGroupBy, NamedAgg, SeriesGroupBy
  File "/apps/anaconda/anaconda3/lib/python3.8/site-packages/pandas/core/groupby/generic.py", line 57, in <module>
    from pandas.core.aggregation import (
  File "/apps/anaconda/anaconda3/lib/python3.8/site-packages/pandas/core/aggregation.py", line 27, in <module>
    from pandas.core.series import FrameOrSeriesUnion, Series
  File "/apps/anaconda/anaconda3/lib/python3.8/site-packages/pandas/core/series.py", line 4983, in <module>
    Series._add_series_or_dataframe_operations()
  File "/apps/anaconda/anaconda3/lib/python3.8/site-packages/pandas/core/generic.py", line 10511, in _add_series_or_dataframe_operations
    from pandas.core.window import (
  File "/apps/anaconda/anaconda3/lib/python3.8/site-packages/pandas/core/window/__init__.py", line 1, in <module>
    from pandas.core.window.ewm import ExponentialMovingWindow  # noqa:F401
  File "/apps/anaconda/anaconda3/lib/python3.8/site-packages/pandas/core/window/ewm.py", line 9, in <module>
    import pandas._libs.window.aggregations as window_aggregations
ImportError: /lib64/libstdc++.so.6: version `GLIBCXX_3.4.21' not found (required by /apps/anaconda/anaconda3/lib/python3.8/site-packages/pandas/_libs/window/aggregations.cpython-38-x86_64-linux-gnu.so)

real	0m3.093s
user	0m2.105s
sys	0m0.814s
